2025-08-29 07:44:06,688 [INFO] Activator:176 - 


2025-08-29 07:44:06,691 [INFO] Activator:177 - !SESSION log4j initialized
2025-08-29 07:44:11,011 [INFO] LogOutputStream:77 - [STDOUT_REDIRECT] 
2025-08-29 07:44:12,326 [INFO] ApplicationProperties:184 - Using Application install path: /opt/st/stm32cubeide_1.19.0/plugins/com.st.stm32cube.common.mx_6.15.0.202507011659
2025-08-29 07:44:12,349 [INFO] DbMcusXml:78 - Set database path to: /opt/st/stm32cubeide_1.19.0/plugins/com.st.stm32cube.common.mx_6.15.0.202507011659//db//mcu/
2025-08-29 07:44:12,350 [INFO] ApiDb:274 - Set plugin database path to: /opt/st/stm32cubeide_1.19.0/plugins/com.st.stm32cube.common.mx_6.15.0.202507011659//db//plugins/boardmanager/
2025-08-29 07:44:12,350 [WARN] ApiDb:259 - Overriding images path with different value:  => /opt/st/stm32cubeide_1.19.0/plugins/com.st.stm32cube.common.mx_6.15.0.202507011659//db//plugins/mcufinder/images/
2025-08-29 07:44:12,364 [INFO] ApiDb:250 - Set database path to: /home/truongthinh/.stmcufinder/plugins/mcufinder//mcu/
2025-08-29 07:44:12,367 [INFO] DbMcusAds:125 - Set database path to: /home/truongthinh/.stmcufinder/plugins/mcufinder//mcu/
2025-08-29 07:44:12,373 [INFO] CrossReferenceDbSqlite:203 - Set database path to: /home/truongthinh/.stmcufinder/plugins/mcufinder//mcu/cs/
2025-08-29 07:44:12,618 [INFO] RulesReader:64 - Compatibility file has been processed (317 Rules)
2025-08-29 07:44:12,700 [INFO] DbMcusXml:78 - Set database path to: /opt/st/stm32cubeide_1.19.0/plugins/com.st.stm32cube.common.mx_6.15.0.202507011659//db//mcu/
2025-08-29 07:44:12,700 [INFO] ApiDb:274 - Set plugin database path to: /opt/st/stm32cubeide_1.19.0/plugins/com.st.stm32cube.common.mx_6.15.0.202507011659//db//plugins/boardmanager/
2025-08-29 07:44:12,701 [INFO] ApiDb:261 - Set plugin images path to: /opt/st/stm32cubeide_1.19.0/plugins/com.st.stm32cube.common.mx_6.15.0.202507011659//db//plugins/mcufinder/images/
2025-08-29 07:44:12,701 [WARN] DbFile:41 - Overriding database path with different value: /home/truongthinh/.stmcufinder/plugins/mcufinder/ => /home/truongthinh/.stmcufinder/plugins/mcufinder
2025-08-29 07:44:12,701 [INFO] ApiDb:250 - Set database path to: /home/truongthinh/.stmcufinder/plugins/mcufinder//mcu/
2025-08-29 07:44:12,701 [WARN] DbFile:41 - Overriding database path with different value: /home/truongthinh/.stmcufinder/plugins/mcufinder/ => /home/truongthinh/.stmcufinder/plugins/mcufinder
2025-08-29 07:44:12,701 [INFO] DbMcusAds:125 - Set database path to: /home/truongthinh/.stmcufinder/plugins/mcufinder//mcu/
2025-08-29 07:44:12,701 [WARN] DbFile:41 - Overriding database path with different value: /home/truongthinh/.stmcufinder/plugins/mcufinder/ => /home/truongthinh/.stmcufinder/plugins/mcufinder
2025-08-29 07:44:12,702 [WARN] DbFile:41 - Overriding database path with different value: /home/truongthinh/.stmcufinder/plugins/mcufinder/ => /home/truongthinh/.stmcufinder/plugins/mcufinder
2025-08-29 07:44:12,702 [INFO] CrossReferenceDbSqlite:203 - Set database path to: /home/truongthinh/.stmcufinder/plugins/mcufinder//mcu/cs/
2025-08-29 07:44:12,795 [INFO] MainPanel:274 - HeapMemory: 268435456
2025-08-29 07:44:13,059 [INFO] DbMcusXml:78 - Set database path to: /opt/st/stm32cubeide_1.19.0/plugins/com.st.stm32cube.common.mx_6.15.0.202507011659//db//mcu/
2025-08-29 07:44:13,059 [INFO] ApiDb:274 - Set plugin database path to: /opt/st/stm32cubeide_1.19.0/plugins/com.st.stm32cube.common.mx_6.15.0.202507011659//db//plugins/boardmanager/
2025-08-29 07:44:13,059 [INFO] ApiDb:261 - Set plugin images path to: /opt/st/stm32cubeide_1.19.0/plugins/com.st.stm32cube.common.mx_6.15.0.202507011659//db//plugins/mcufinder/images/
2025-08-29 07:44:13,059 [WARN] DbFile:41 - Overriding database path with different value: /home/truongthinh/.stmcufinder/plugins/mcufinder/ => /home/truongthinh/.stmcufinder/plugins/mcufinder
2025-08-29 07:44:13,060 [INFO] ApiDb:250 - Set database path to: /home/truongthinh/.stmcufinder/plugins/mcufinder//mcu/
2025-08-29 07:44:13,060 [WARN] DbFile:41 - Overriding database path with different value: /home/truongthinh/.stmcufinder/plugins/mcufinder/ => /home/truongthinh/.stmcufinder/plugins/mcufinder
2025-08-29 07:44:13,060 [INFO] DbMcusAds:125 - Set database path to: /home/truongthinh/.stmcufinder/plugins/mcufinder//mcu/
2025-08-29 07:44:13,060 [WARN] DbFile:41 - Overriding database path with different value: /home/truongthinh/.stmcufinder/plugins/mcufinder/ => /home/truongthinh/.stmcufinder/plugins/mcufinder
2025-08-29 07:44:13,060 [WARN] DbFile:41 - Overriding database path with different value: /home/truongthinh/.stmcufinder/plugins/mcufinder/ => /home/truongthinh/.stmcufinder/plugins/mcufinder
2025-08-29 07:44:13,060 [INFO] CrossReferenceDbSqlite:203 - Set database path to: /home/truongthinh/.stmcufinder/plugins/mcufinder//mcu/cs/
2025-08-29 07:44:13,080 [INFO] ApplicationProperties:184 - Using Application install path: /opt/st/stm32cubeide_1.19.0/plugins/com.st.stm32cube.common.mx_6.15.0.202507011659
2025-08-29 07:44:13,082 [INFO] PluginManage:196 - Search for loadable plugins [exclusion list=, ]
2025-08-29 07:44:13,084 [INFO] PluginManage:310 - Check plugin analytics
2025-08-29 07:44:13,332 [INFO] AnalyticsPlugin:253 - Accepted Software Licenses: 
2025-08-29 07:44:13,332 [INFO] AnalyticsPlugin:255 - Accepted CMSIS Pack Licenses: 
2025-08-29 07:44:13,332 [INFO] AnalyticsPlugin:257 - Accepted Firmware Licenses: FW.F4.1.28.0
2025-08-29 07:44:13,334 [INFO] PluginManage:359 - Loaded plugin analytics (category:tool,tabindex:-1)
2025-08-29 07:44:13,335 [INFO] PluginManage:310 - Check plugin cadmodel
2025-08-29 07:44:13,340 [INFO] CADModel:105 - Init CAD model plugin
2025-08-29 07:44:13,340 [INFO] PluginManage:359 - Loaded plugin cadmodel (category:power,tabindex:5)
2025-08-29 07:44:13,340 [INFO] PluginManage:310 - Check plugin clock
2025-08-29 07:44:13,350 [INFO] PluginManage:359 - Loaded plugin clock (category:base,tabindex:2)
2025-08-29 07:44:13,350 [INFO] PluginManage:310 - Check plugin ddr
2025-08-29 07:44:13,352 [INFO] PluginManage:359 - Loaded plugin ddr (category:tool,tabindex:6)
2025-08-29 07:44:13,353 [INFO] PluginManage:310 - Check plugin filemanager
2025-08-29 07:44:13,509 [INFO] PluginManage:359 - Loaded plugin filemanager (category:base,tabindex:10)
2025-08-29 07:44:13,509 [INFO] PluginManage:310 - Check plugin ipmanager
2025-08-29 07:44:13,515 [INFO] PluginManage:359 - Loaded plugin ipmanager (category:base,tabindex:5)
2025-08-29 07:44:13,515 [INFO] PluginManage:310 - Check plugin lpbam
2025-08-29 07:44:13,528 [INFO] PluginManage:359 - Loaded plugin lpbam (category:base,tabindex:0)
2025-08-29 07:44:13,528 [INFO] PluginManage:310 - Check plugin memorymap
2025-08-29 07:44:13,541 [INFO] PluginManage:359 - Loaded plugin memorymap (category:base,tabindex:4)
2025-08-29 07:44:13,542 [INFO] PluginManage:310 - Check plugin pinoutandconfiguration
2025-08-29 07:44:13,553 [INFO] PluginManage:359 - Loaded plugin pinoutandconfiguration (category:base,tabindex:1)
2025-08-29 07:44:13,554 [INFO] PluginManage:310 - Check plugin pinoutconfig
2025-08-29 07:44:13,661 [WARN] SupportedApi:132 - Cannot load RTOS API schema: s4s-elt-must-match.1: The content of 'definitions' must match (annotation?, (simpleType | complexType)?, (unique | key | keyref)*)). A problem was found starting at: attribute.
2025-08-29 07:44:13,812 [INFO] PluginManage:359 - Loaded plugin pinoutconfig (category:base,tabindex:0)
2025-08-29 07:44:13,812 [INFO] PluginManage:310 - Check plugin power
2025-08-29 07:44:13,825 [INFO] PluginManage:359 - Loaded plugin power (category:power,tabindex:4)
2025-08-29 07:44:13,825 [INFO] PluginManage:310 - Check plugin projectmanager
2025-08-29 07:44:13,844 [INFO] PluginManage:359 - Loaded plugin projectmanager (category:projectmanager,tabindex:4)
2025-08-29 07:44:13,844 [INFO] PluginManage:310 - Check plugin rif
2025-08-29 07:44:13,856 [INFO] PluginManage:359 - Loaded plugin rif (category:base,tabindex:3)
2025-08-29 07:44:13,857 [INFO] PluginManage:310 - Check plugin thirdparty
2025-08-29 07:44:13,984 [WARN] IntegrityCheckThread:84 - waiting for thirdparty lock release [integrity check]
2025-08-29 07:44:13,984 [INFO] PluginManage:359 - Loaded plugin thirdparty (category:base,tabindex:-1)
2025-08-29 07:44:13,984 [INFO] IntegrityCheckThread:86 - entering critical section [integrity check]
2025-08-29 07:44:13,984 [INFO] PluginManage:310 - Check plugin tools
2025-08-29 07:44:13,984 [INFO] ThirdPartyUpdaterWithRetryManager:70 - Updater plugin not ready yet. [1/15]
2025-08-29 07:44:13,987 [INFO] PluginManage:359 - Loaded plugin tools (category:base,tabindex:7)
2025-08-29 07:44:13,987 [INFO] PluginManage:310 - Check plugin tutovideos
2025-08-29 07:44:14,225 [INFO] PluginManage:359 - Loaded plugin tutovideos (category:base,tabindex:-1)
2025-08-29 07:44:14,225 [INFO] PluginManage:310 - Check plugin updater
2025-08-29 07:44:14,253 [INFO] PluginManage:359 - Loaded plugin updater (category:base,tabindex:12)
2025-08-29 07:44:14,253 [INFO] PluginManage:310 - Check plugin userauth
2025-08-29 07:44:14,257 [INFO] UserAuth:118 - Init User Auth plugin
2025-08-29 07:44:14,258 [INFO] PluginManage:359 - Loaded plugin userauth (category:base,tabindex:14)
2025-08-29 07:44:14,259 [INFO] PluginManage:283 - PluginManage : Loaded plugins [18]
2025-08-29 07:44:14,520 [INFO] PinOutPanel:1589 - setPackage(No Configuration,No Configuration)
2025-08-29 07:44:14,606 [INFO] CADModel:165 - CPN selected for project level
2025-08-29 07:44:14,606 [INFO] CADModel:114 - Register for checkConnection events
2025-08-29 07:44:14,618 [INFO] IPUIPlugin:80 - create IPUIPlugin
2025-08-29 07:44:14,618 [INFO] PluginManager:220 - loadIPPluginJar : add tim
2025-08-29 07:44:14,625 [INFO] IPUIPlugin:80 - create IPUIPlugin
2025-08-29 07:44:14,626 [INFO] PluginManager:220 - loadIPPluginJar : add ipddr
2025-08-29 07:44:14,634 [INFO] IPUIPlugin:80 - create IPUIPlugin
2025-08-29 07:44:14,634 [INFO] PluginManager:220 - loadIPPluginJar : add adc
2025-08-29 07:44:14,636 [INFO] IPUIPlugin:80 - create IPUIPlugin
2025-08-29 07:44:14,636 [INFO] PluginManager:220 - loadIPPluginJar : add quadspi
2025-08-29 07:44:14,638 [INFO] IPUIPlugin:80 - create IPUIPlugin
2025-08-29 07:44:14,639 [INFO] PluginManager:220 - loadIPPluginJar : add i2s
2025-08-29 07:44:14,642 [INFO] IPUIPlugin:80 - create IPUIPlugin
2025-08-29 07:44:14,642 [INFO] PluginManager:220 - loadIPPluginJar : add gfxmmu
2025-08-29 07:44:14,643 [INFO] IPUIPlugin:80 - create IPUIPlugin
2025-08-29 07:44:14,644 [INFO] PluginManager:220 - loadIPPluginJar : add ltdc
2025-08-29 07:44:14,651 [INFO] IPUIPlugin:80 - create IPUIPlugin
2025-08-29 07:44:14,651 [INFO] PluginManager:220 - loadIPPluginJar : add gpio
2025-08-29 07:44:14,655 [INFO] IPUIPlugin:80 - create IPUIPlugin
2025-08-29 07:44:14,655 [INFO] PluginManager:220 - loadIPPluginJar : add cryp
2025-08-29 07:44:14,657 [INFO] IPUIPlugin:80 - create IPUIPlugin
2025-08-29 07:44:14,657 [INFO] PluginManager:220 - loadIPPluginJar : add fatfs
2025-08-29 07:44:14,660 [INFO] IPUIPlugin:80 - create IPUIPlugin
2025-08-29 07:44:14,660 [INFO] PluginManager:220 - loadIPPluginJar : add pdm2pcm
2025-08-29 07:44:14,662 [INFO] IPUIPlugin:80 - create IPUIPlugin
2025-08-29 07:44:14,662 [INFO] PluginManager:220 - loadIPPluginJar : add genericplugin
2025-08-29 07:44:14,667 [INFO] IPUIPlugin:80 - create IPUIPlugin
2025-08-29 07:44:14,668 [INFO] PluginManager:220 - loadIPPluginJar : add nvic
2025-08-29 07:44:14,671 [INFO] IPUIPlugin:80 - create IPUIPlugin
2025-08-29 07:44:14,671 [INFO] PluginManager:220 - loadIPPluginJar : add usbx
2025-08-29 07:44:14,675 [INFO] IPUIPlugin:80 - create IPUIPlugin
2025-08-29 07:44:14,675 [INFO] PluginManager:220 - loadIPPluginJar : add gtzc
2025-08-29 07:44:14,677 [INFO] IPUIPlugin:80 - create IPUIPlugin
2025-08-29 07:44:14,678 [INFO] PluginManager:220 - loadIPPluginJar : add radio
2025-08-29 07:44:14,680 [INFO] IPUIPlugin:80 - create IPUIPlugin
2025-08-29 07:44:14,680 [INFO] PluginManager:220 - loadIPPluginJar : add i2c
2025-08-29 07:44:14,682 [INFO] IPUIPlugin:80 - create IPUIPlugin
2025-08-29 07:44:14,682 [INFO] PluginManager:220 - loadIPPluginJar : add tsc
2025-08-29 07:44:14,689 [INFO] IPUIPlugin:80 - create IPUIPlugin
2025-08-29 07:44:14,689 [INFO] PluginManager:220 - loadIPPluginJar : add dma
2025-08-29 07:44:14,692 [INFO] IPUIPlugin:80 - create IPUIPlugin
2025-08-29 07:44:14,692 [INFO] PluginManager:220 - loadIPPluginJar : add tracer_emb
2025-08-29 07:44:14,700 [INFO] IPUIPlugin:80 - create IPUIPlugin
2025-08-29 07:44:14,700 [INFO] PluginManager:220 - loadIPPluginJar : add stm32_wpan
2025-08-29 07:44:14,704 [INFO] IPUIPlugin:80 - create IPUIPlugin
2025-08-29 07:44:14,704 [INFO] PluginManager:220 - loadIPPluginJar : add touchsensing
2025-08-29 07:44:14,708 [INFO] IPUIPlugin:80 - create IPUIPlugin
2025-08-29 07:44:14,709 [INFO] PluginManager:220 - loadIPPluginJar : add resmgrutility
2025-08-29 07:44:14,716 [INFO] IPUIPlugin:80 - create IPUIPlugin
2025-08-29 07:44:14,716 [INFO] PluginManager:220 - loadIPPluginJar : add gic
2025-08-29 07:44:14,718 [INFO] IPUIPlugin:80 - create IPUIPlugin
2025-08-29 07:44:14,719 [INFO] PluginManager:220 - loadIPPluginJar : add ucpd
2025-08-29 07:44:14,726 [INFO] IPUIPlugin:80 - create IPUIPlugin
2025-08-29 07:44:14,726 [INFO] PluginManager:220 - loadIPPluginJar : add mdma
2025-08-29 07:44:14,733 [INFO] IPUIPlugin:80 - create IPUIPlugin
2025-08-29 07:44:14,733 [INFO] PluginManager:220 - loadIPPluginJar : add freertos
2025-08-29 07:44:14,735 [INFO] IPUIPlugin:80 - create IPUIPlugin
2025-08-29 07:44:14,736 [INFO] PluginManager:220 - loadIPPluginJar : add dma3
2025-08-29 07:44:14,738 [INFO] IPUIPlugin:80 - create IPUIPlugin
2025-08-29 07:44:14,739 [INFO] PluginManager:220 - loadIPPluginJar : add ts
2025-08-29 07:44:14,745 [INFO] IPUIPlugin:80 - create IPUIPlugin
2025-08-29 07:44:14,745 [INFO] PluginManager:220 - loadIPPluginJar : add fmc
2025-08-29 07:44:14,748 [INFO] IPUIPlugin:80 - create IPUIPlugin
2025-08-29 07:44:14,748 [INFO] PluginManager:220 - loadIPPluginJar : add aes
2025-08-29 07:44:14,752 [INFO] IPUIPlugin:80 - create IPUIPlugin
2025-08-29 07:44:14,752 [INFO] PluginManager:220 - loadIPPluginJar : add opamp
2025-08-29 07:44:14,755 [INFO] IPUIPlugin:80 - create IPUIPlugin
2025-08-29 07:44:14,755 [INFO] PluginManager:220 - loadIPPluginJar : add extmemmanager
2025-08-29 07:44:14,759 [INFO] IPUIPlugin:80 - create IPUIPlugin
2025-08-29 07:44:14,759 [INFO] PluginManager:220 - loadIPPluginJar : add ddr_ctrl_phy
2025-08-29 07:44:14,762 [INFO] IPUIPlugin:80 - create IPUIPlugin
2025-08-29 07:44:14,762 [INFO] PluginManager:220 - loadIPPluginJar : add lorawan
2025-08-29 07:44:14,766 [INFO] IPUIPlugin:80 - create IPUIPlugin
2025-08-29 07:44:14,766 [INFO] PluginManager:220 - loadIPPluginJar : add usart
2025-08-29 07:44:14,775 [INFO] IPUIPlugin:80 - create IPUIPlugin
2025-08-29 07:44:14,778 [INFO] PluginManager:220 - loadIPPluginJar : add plateformsettings
2025-08-29 07:44:14,781 [INFO] IPUIPlugin:80 - create IPUIPlugin
2025-08-29 07:44:14,781 [INFO] PluginManager:220 - loadIPPluginJar : add dfsdm
2025-08-29 07:44:14,784 [INFO] IPUIPlugin:80 - create IPUIPlugin
2025-08-29 07:44:14,784 [INFO] PluginManager:220 - loadIPPluginJar : add openamp
2025-08-29 07:44:14,786 [INFO] IPUIPlugin:80 - create IPUIPlugin
2025-08-29 07:44:14,786 [INFO] PluginManager:220 - loadIPPluginJar : add comp
2025-08-29 07:44:14,794 [INFO] IPUIPlugin:80 - create IPUIPlugin
2025-08-29 07:44:14,795 [INFO] PluginManager:220 - loadIPPluginJar : add linkedlist
2025-08-29 07:44:14,797 [INFO] IPUIPlugin:80 - create IPUIPlugin
2025-08-29 07:44:14,797 [INFO] PluginManager:220 - loadIPPluginJar : add i3c
2025-08-29 07:44:14,800 [INFO] IPUIPlugin:80 - create IPUIPlugin
2025-08-29 07:44:14,800 [INFO] PluginManager:220 - loadIPPluginJar : add hash
2025-08-29 07:44:14,802 [INFO] IPUIPlugin:80 - create IPUIPlugin
2025-08-29 07:44:14,803 [INFO] PluginManager:220 - loadIPPluginJar : add can
2025-08-29 07:44:14,806 [INFO] IPUIPlugin:80 - create IPUIPlugin
2025-08-29 07:44:14,807 [INFO] PluginManager:220 - loadIPPluginJar : add sai
2025-08-29 07:44:14,810 [INFO] IPUIPlugin:80 - create IPUIPlugin
2025-08-29 07:44:14,810 [INFO] PluginManager:220 - loadIPPluginJar : add spi
2025-08-29 07:44:14,930 [FATAL] Updater:351 - Updater called before beeing initialized
2025-08-29 07:44:14,975 [INFO] RulesReader:64 - Compatibility file has been processed (317 Rules)
2025-08-29 07:44:14,994 [INFO] RulesReader:64 - Compatibility file has been processed (317 Rules)
2025-08-29 07:44:15,004 [INFO] CADModel:165 - CPN selected for project level
2025-08-29 07:44:15,004 [INFO] CADModel:114 - Register for checkConnection events
2025-08-29 07:44:15,004 [FATAL] Updater:351 - Updater called before beeing initialized
2025-08-29 07:44:15,004 [ERROR] CADModel:125 - Updater not yet initialized, retry later 
2025-08-29 07:44:15,153 [FATAL] Updater:351 - Updater called before beeing initialized
2025-08-29 07:44:15,156 [INFO] CADModel:165 - CPN selected for project level
2025-08-29 07:44:15,156 [INFO] CADModel:114 - Register for checkConnection events
2025-08-29 07:44:15,156 [FATAL] Updater:351 - Updater called before beeing initialized
2025-08-29 07:44:15,156 [ERROR] CADModel:125 - Updater not yet initialized, retry later 
2025-08-29 07:44:15,160 [FATAL] Updater:351 - Updater called before beeing initialized
2025-08-29 07:44:15,281 [FATAL] Updater:351 - Updater called before beeing initialized
2025-08-29 07:44:15,287 [INFO] DbMcusAds:53 - JSON generation date=Tue Jul 08 15:14:23 ICT 2025 (1751962463593)
2025-08-29 07:44:15,288 [FATAL] Updater:351 - Updater called before beeing initialized
2025-08-29 07:44:15,338 [WARN] DetailPanel:346 - Failed to get advertising image, set to default
2025-08-29 07:44:15,429 [FATAL] Updater:351 - Updater called before beeing initialized
2025-08-29 07:44:15,431 [FATAL] Updater:351 - Updater called before beeing initialized
2025-08-29 07:44:15,431 [FATAL] Updater:351 - Updater called before beeing initialized
2025-08-29 07:44:15,431 [WARN] DetailPanel:346 - Failed to get advertising image, set to default
2025-08-29 07:44:15,433 [FATAL] Updater:351 - Updater called before beeing initialized
2025-08-29 07:44:15,471 [ERROR] Updater:1198 - MainUpdater not yet initialized. External WinMGr cannot be set.
2025-08-29 07:44:15,473 [INFO] Updater:1134 - Updater Version found : 6.15.0
2025-08-29 07:44:15,495 [INFO] ApplicationProperties:184 - Using Application install path: /opt/st/stm32cubeide_1.19.0/plugins/com.st.stm32cube.common.mx_6.15.0.202507011659
2025-08-29 07:44:15,807 [INFO] MainUpdater:2872 - connection check result : 10
2025-08-29 07:44:15,807 [INFO] MainUpdater:289 - Updater Check For Update Now.
2025-08-29 07:44:15,808 [INFO] MicroXplorer:498 - Change Database Version : DB.6.0.150
2025-08-29 07:44:15,813 [INFO] McuFinderGlobals:63 - Set McuFinder mode to 2 (CubeIDE integrated)
2025-08-29 07:44:15,815 [INFO] UserAuth:487 - Internet connection configuration mode: 1
2025-08-29 07:44:15,839 [INFO] JxBrowserEngine:152 - Initiate JxBrowser Engine with user profile folder
2025-08-29 07:44:16,024 [INFO] CheckServerUpdateThread:120 - End of CheckServer Thread
2025-08-29 07:44:17,275 [WARN] PackLoader:240 - Cannot read IP mode file for STMicroelectronics.FP-SNS-MOTENVWB1.1.4.0
2025-08-29 07:44:17,286 [WARN] PackLoader:240 - Cannot read IP mode file for STMicroelectronics.FP-ATR-ASTRA1.2.0.2
2025-08-29 07:44:17,294 [WARN] PackLoader:240 - Cannot read IP mode file for STMicroelectronics.X-CUBE-SMBUS.2.1.0
2025-08-29 07:44:17,300 [WARN] PackLoader:240 - Cannot read IP mode file for STMicroelectronics.X-CUBE-ST60.1.0.0
2025-08-29 07:44:17,356 [WARN] PackLoader:240 - Cannot read IP mode file for STMicroelectronics.X-CUBE-AZRTOS-F7.1.1.0
2025-08-29 07:44:17,407 [WARN] PackLoader:240 - Cannot read IP mode file for Infineon.AIROC-Wi-Fi-Bluetooth-STM32.1.7.1
2025-08-29 07:44:17,462 [WARN] PackLoader:240 - Cannot read IP mode file for STMicroelectronics.X-CUBE-AZRTOS-H7.3.4.0
2025-08-29 07:44:17,474 [WARN] PackLoader:240 - Cannot read IP mode file for STMicroelectronics.X-CUBE-DISPLAY.3.0.0
2025-08-29 07:44:17,491 [WARN] PackLoader:240 - Cannot read IP mode file for STMicroelectronics.X-CUBE-NFC10.1.0.0
2025-08-29 07:44:17,498 [WARN] PackLoader:240 - Cannot read IP mode file for emotas.I-CUBE-CANOPEN.1.3.0
2025-08-29 07:44:17,507 [WARN] PackLoader:240 - Cannot read IP mode file for STMicroelectronics.FP-SNS-STBOX1.2.1.0
2025-08-29 07:44:17,514 [WARN] PackLoader:240 - Cannot read IP mode file for STMicroelectronics.FP-SNS-SMARTAG2.1.2.0
2025-08-29 07:44:17,519 [WARN] PackLoader:240 - Cannot read IP mode file for STMicroelectronics.FP-SNS-FLIGHT1.5.1.0
2025-08-29 07:44:17,531 [INFO] LogOutputStream:77 - [STDOUT_REDIRECT] 1 : Invalid condition id : UX_CORESTACK_Condition cause : null
2025-08-29 07:44:17,531 [INFO] LogOutputStream:77 - [STDOUT_REDIRECT] 1 : Invalid condition id : UX_CORESTACK_Condition cause : null
2025-08-29 07:44:17,532 [INFO] LogOutputStream:77 - [STDOUT_REDIRECT] 1 : Invalid condition id : UX_CORESTACK_Condition cause : null
2025-08-29 07:44:17,532 [INFO] LogOutputStream:77 - [STDOUT_REDIRECT] 1 : Invalid condition id : UX_CORESTACK_Condition cause : null
2025-08-29 07:44:17,532 [INFO] LogOutputStream:77 - [STDOUT_REDIRECT] 1 : Invalid condition id : UX_CORESTACK_Condition cause : null
2025-08-29 07:44:17,537 [WARN] PackLoader:240 - Cannot read IP mode file for STMicroelectronics.X-CUBE-AZRTOS-WL.2.0.0
2025-08-29 07:44:17,542 [WARN] PackLoader:240 - Cannot read IP mode file for STMicroelectronics.FP-SNS-MOTENV1.5.0.0
2025-08-29 07:44:17,551 [WARN] PackLoader:240 - Cannot read IP mode file for WES.I-CUBE-Cesium.1.3.0
2025-08-29 07:44:17,556 [WARN] PackLoader:240 - Cannot read IP mode file for STMicroelectronics.X-CUBE-BLE2.3.3.0
2025-08-29 07:44:17,561 [INFO] WebApp:169 - Instantiating new browser for Auth
2025-08-29 07:44:17,563 [WARN] PackLoader:240 - Cannot read IP mode file for STMicroelectronics.X-CUBE-NFC9.1.0.0
2025-08-29 07:44:17,570 [WARN] PackLoader:240 - Cannot read IP mode file for wolfSSL.I-CUBE-wolfSSL.5.8.2
2025-08-29 07:44:17,576 [WARN] PackLoader:240 - Cannot read IP mode file for STMicroelectronics.X-CUBE-BLE1.7.1.0
2025-08-29 07:44:17,582 [WARN] PackLoader:240 - Cannot read IP mode file for wolfSSL.I-CUBE-wolfMQTT.1.19.2
2025-08-29 07:44:17,589 [WARN] PackLoader:240 - Cannot read IP mode file for STMicroelectronics.X-CUBE-EEPRMA1.5.2.0
2025-08-29 07:44:17,596 [WARN] PackLoader:240 - Cannot read IP mode file for STMicroelectronics.X-CUBE-AI.10.1.0
2025-08-29 07:44:17,617 [WARN] PackLoader:240 - Cannot read IP mode file for STMicroelectronics.X-CUBE-AZRTOS-G0.1.1.0
2025-08-29 07:44:17,625 [WARN] PackLoader:240 - Cannot read IP mode file for STMicroelectronics.X-CUBE-SAFEA1.1.2.2
2025-08-29 07:44:17,632 [WARN] PackLoader:240 - Cannot read IP mode file for STMicroelectronics.X-CUBE-NFC4.3.0.0
2025-08-29 07:44:17,659 [WARN] PackLoader:240 - Cannot read IP mode file for EmbeddedOffice.I-CUBE-FS-RTOS.1.0.1
2025-08-29 07:44:17,672 [WARN] PackLoader:240 - Cannot read IP mode file for STMicroelectronics.X-CUBE-WB05N.2.0.0
2025-08-29 07:44:17,682 [WARN] PackLoader:240 - Cannot read IP mode file for wolfSSL.I-CUBE-wolfTPM.3.8.0
2025-08-29 07:44:17,691 [WARN] PackLoader:240 - Cannot read IP mode file for STMicroelectronics.X-CUBE-TCPP.4.2.0
2025-08-29 07:44:17,700 [WARN] PackLoader:240 - Cannot read IP mode file for RealThread.X-CUBE-RT-Thread_Nano.4.1.1
2025-08-29 07:44:17,705 [WARN] PackLoader:240 - Cannot read IP mode file for STMicroelectronics.FP-ATR-SIGFOX1.3.2.0
2025-08-29 07:44:17,713 [WARN] PackLoader:240 - Cannot read IP mode file for ITTIA_DB.I-CUBE-ITTIADB.8.9.0
2025-08-29 07:44:17,721 [WARN] PackLoader:240 - Cannot read IP mode file for STMicroelectronics.X-CUBE-ST67W61.1.0.0
2025-08-29 07:44:17,726 [WARN] PackLoader:240 - Cannot read IP mode file for STMicroelectronics.X-CUBE-AI.10.2.0
2025-08-29 07:44:17,770 [WARN] PackLoader:240 - Cannot read IP mode file for SEGGER.I-CUBE-embOS.1.3.1
2025-08-29 07:44:17,887 [WARN] PackLoader:240 - Cannot read IP mode file for STMicroelectronics.X-CUBE-ALGOBUILD.1.4.0
2025-08-29 07:44:17,949 [WARN] PackLoader:240 - Cannot read IP mode file for STMicroelectronics.X-CUBE-MEMS1.11.3.0
2025-08-29 07:44:18,159 [WARN] PackLoader:240 - Cannot read IP mode file for STMicroelectronics.X-CUBE-PM33A1.1.0.0
2025-08-29 07:44:18,180 [WARN] PackLoader:240 - Cannot read IP mode file for STMicroelectronics.X-CUBE-AZRTOS-F4.1.1.0
2025-08-29 07:44:18,186 [WARN] PackLoader:240 - Cannot read IP mode file for Avnet-IotConnect.X-CUBE-IoTC-DA16k-PMOD.1.0.0
2025-08-29 07:44:18,190 [WARN] PackLoader:240 - Cannot read IP mode file for STMicroelectronics.X-CUBE-ISPU.2.1.0
2025-08-29 07:44:18,197 [WARN] PackLoader:240 - Cannot read IP mode file for STMicroelectronics.X-CUBE-NFC12.1.0.0
2025-08-29 07:44:18,221 [WARN] PackLoader:240 - Cannot read IP mode file for STMicroelectronics.X-CUBE-AZRTOS-L5.2.0.0
2025-08-29 07:44:18,232 [WARN] PackLoader:240 - Cannot read IP mode file for STMicroelectronics.X-CUBE-NFC6.3.1.0
2025-08-29 07:44:18,240 [WARN] PackLoader:240 - Cannot read IP mode file for STMicroelectronics.X-CUBE-FREERTOS.1.3.1
2025-08-29 07:44:18,245 [WARN] PackLoader:240 - Cannot read IP mode file for STMicroelectronics.FP-SNS-STAIOTCFT.1.0.0
2025-08-29 07:44:18,250 [WARN] PackLoader:240 - Cannot read IP mode file for STMicroelectronics.X-CUBE-DPower.1.3.0
2025-08-29 07:44:18,274 [WARN] ConditionMgr:438 - getConditionDescription Invalid condition id : LAN8742 Phy interface Condition cause : null
2025-08-29 07:44:18,275 [WARN] PackLoader:240 - Cannot read IP mode file for STMicroelectronics.X-CUBE-AZRTOS-L4.2.0.0
2025-08-29 07:44:18,277 [WARN] ConditionMgr:1044 - genDependencies : Invalid condition id : LAN8742 Phy interface Condition cause : null
2025-08-29 07:44:18,277 [WARN] ConditionMgr:1044 - genDependencies : Invalid condition id : LAN8742 Phy interface Condition cause : null
2025-08-29 07:44:18,278 [WARN] ConditionMgr:1044 - genDependencies : Invalid condition id : LAN8742 Phy interface Condition cause : null
2025-08-29 07:44:18,287 [WARN] PackLoader:240 - Cannot read IP mode file for STMicroelectronics.X-CUBE-SFXS2LP1.4.0.0
2025-08-29 07:44:18,310 [WARN] PackLoader:240 - Cannot read IP mode file for STMicroelectronics.X-CUBE-BLEMGR.4.1.0
2025-08-29 07:44:18,329 [WARN] ConditionMgr:438 - getConditionDescription Invalid condition id : UX DEVICE CLASS RTOS Condition cause : null
2025-08-29 07:44:18,329 [WARN] ConditionMgr:438 - getConditionDescription Invalid condition id : UX DEVICE CLASS RTOS Condition cause : null
2025-08-29 07:44:18,332 [WARN] PackLoader:240 - Cannot read IP mode file for STMicroelectronics.X-CUBE-AZRTOS-WB.2.0.0
2025-08-29 07:44:18,333 [WARN] ConditionMgr:1044 - genDependencies : Invalid condition id : UX DEVICE CLASS RTOS Condition cause : null
2025-08-29 07:44:18,333 [WARN] ConditionMgr:1044 - genDependencies : Invalid condition id : UX DEVICE CLASS RTOS Condition cause : null
2025-08-29 07:44:18,334 [WARN] ConditionMgr:1044 - genDependencies : Invalid condition id : UX DEVICE CLASS RTOS Condition cause : null
2025-08-29 07:44:18,334 [WARN] ConditionMgr:1044 - genDependencies : Invalid condition id : UX DEVICE CLASS RTOS Condition cause : null
2025-08-29 07:44:18,334 [WARN] ConditionMgr:1044 - genDependencies : Invalid condition id : UX DEVICE CLASS RTOS Condition cause : null
2025-08-29 07:44:18,341 [WARN] PackLoader:240 - Cannot read IP mode file for STMicroelectronics.X-CUBE-GNSS1.7.0.1
2025-08-29 07:44:18,346 [WARN] PackLoader:240 - Cannot read IP mode file for STMicroelectronics.X-CUBE-TOUCHGFX.4.25.0
2025-08-29 07:44:18,349 [WARN] ConditionMgr:438 - getConditionDescription Invalid condition id : Cortex-A Device cause : null
2025-08-29 07:44:18,362 [WARN] ConditionMgr:1044 - genDependencies : Invalid condition id : Cortex-A Device cause : null
2025-08-29 07:44:18,362 [WARN] ConditionMgr:1044 - genDependencies : Invalid condition id : Cortex-A Device cause : null
2025-08-29 07:44:18,363 [WARN] ConditionMgr:1044 - genDependencies : Invalid condition id : Cortex-A Device cause : null
2025-08-29 07:44:18,374 [WARN] PackLoader:240 - Cannot read IP mode file for STMicroelectronics.X-CUBE-SUBG2.5.0.0
2025-08-29 07:44:18,403 [WARN] PackLoader:240 - Cannot read IP mode file for STMicroelectronics.X-CUBE-AZRTOS-H7RS.1.1.0
2025-08-29 07:44:18,409 [WARN] PackLoader:240 - Cannot read IP mode file for Cesanta.I-CUBE-Mongoose.7.13.0
2025-08-29 07:44:18,427 [WARN] PackLoader:240 - Cannot read IP mode file for STMicroelectronics.X-CUBE-AZRTOS-G4.2.0.0
2025-08-29 07:44:18,432 [WARN] PackLoader:240 - Cannot read IP mode file for wolfSSL.I-CUBE-wolfSSH.1.4.20
2025-08-29 07:44:18,436 [WARN] PackLoader:240 - Cannot read IP mode file for STMicroelectronics.X-CUBE-NFC7.2.0.0
2025-08-29 07:44:18,453 [WARN] PackLoader:240 - Cannot read IP mode file for STMicroelectronics.X-CUBE-IPS.3.1.0
2025-08-29 07:44:18,464 [WARN] PackLoader:240 - Cannot read IP mode file for STMicroelectronics.X-CUBE-ALS.1.0.2
2025-08-29 07:44:18,470 [WARN] PackLoader:240 - Cannot read IP mode file for portGmbH.I-Cube-SoM-uGOAL.1.1.0
2025-08-29 07:44:18,482 [WARN] PackLoader:240 - Cannot read IP mode file for STMicroelectronics.X-CUBE-TOF1.3.4.3
2025-08-29 07:44:18,497 [INFO] ThirdParty:978 - Integrity check success = true
2025-08-29 07:44:18,497 [INFO] IntegrityCheckThread:100 - exiting critical section [integrity check]
2025-08-29 07:44:18,497 [INFO] IntegrityCheckThread:103 - End integrity checks thread
2025-08-29 07:44:18,681 [INFO] WebApp:463 - Apply proxy settings
2025-08-29 07:44:18,681 [INFO] WebApp:548 - Chromium requires no authentication
2025-08-29 07:44:18,689 [INFO] WebApp:491 - Direct internet connection detected
2025-08-29 07:44:18,709 [INFO] WebApp:900 - Register for checkConnection events
2025-08-29 07:44:18,709 [INFO] WebApp:463 - Apply proxy settings
2025-08-29 07:44:18,709 [INFO] WebApp:548 - Chromium requires no authentication
2025-08-29 07:44:18,710 [INFO] WebApp:491 - Direct internet connection detected
2025-08-29 07:44:18,850 [INFO] WebApp:225 - Starting web application
2025-08-29 07:44:18,850 [INFO] WebApp:593 - Web application path used /opt/st/stm32cubeide_1.19.0/plugins/com.st.stm32cube.common.mx_6.15.0.202507011659/db/plugins/mcufinder/reactClient1/index.html
2025-08-29 07:44:18,964 [INFO] UserAuth:487 - Internet connection configuration mode: 1
2025-08-29 07:44:19,042 [INFO] WebApp:191 - Connection restablished
2025-08-29 09:42:55,956 [INFO] WebApp:194 - Connection lost
2025-08-29 10:44:54,668 [INFO] WebApp:191 - Connection restablished
2025-08-29 10:44:57,649 [INFO] WebApp:194 - Connection lost
2025-08-29 10:44:57,920 [INFO] WebApp:191 - Connection restablished
2025-08-29 13:36:35,402 [INFO] Activator:176 - 


2025-08-29 13:36:35,404 [INFO] Activator:177 - !SESSION log4j initialized
2025-08-29 13:36:39,514 [INFO] LogOutputStream:77 - [STDOUT_REDIRECT] 
2025-08-29 13:36:40,333 [INFO] ApplicationProperties:184 - Using Application install path: /opt/st/stm32cubeide_1.19.0/plugins/com.st.stm32cube.common.mx_6.15.0.202507011659
2025-08-29 13:36:40,356 [INFO] DbMcusXml:78 - Set database path to: /opt/st/stm32cubeide_1.19.0/plugins/com.st.stm32cube.common.mx_6.15.0.202507011659//db//mcu/
2025-08-29 13:36:40,357 [INFO] ApiDb:274 - Set plugin database path to: /opt/st/stm32cubeide_1.19.0/plugins/com.st.stm32cube.common.mx_6.15.0.202507011659//db//plugins/boardmanager/
2025-08-29 13:36:40,358 [WARN] ApiDb:259 - Overriding images path with different value:  => /opt/st/stm32cubeide_1.19.0/plugins/com.st.stm32cube.common.mx_6.15.0.202507011659//db//plugins/mcufinder/images/
2025-08-29 13:36:40,369 [INFO] ApiDb:250 - Set database path to: /home/truongthinh/.stmcufinder/plugins/mcufinder//mcu/
2025-08-29 13:36:40,370 [INFO] DbMcusAds:125 - Set database path to: /home/truongthinh/.stmcufinder/plugins/mcufinder//mcu/
2025-08-29 13:36:40,374 [INFO] CrossReferenceDbSqlite:203 - Set database path to: /home/truongthinh/.stmcufinder/plugins/mcufinder//mcu/cs/
2025-08-29 13:36:40,495 [INFO] RulesReader:64 - Compatibility file has been processed (317 Rules)
2025-08-29 13:36:40,547 [INFO] DbMcusXml:78 - Set database path to: /opt/st/stm32cubeide_1.19.0/plugins/com.st.stm32cube.common.mx_6.15.0.202507011659//db//mcu/
2025-08-29 13:36:40,547 [INFO] ApiDb:274 - Set plugin database path to: /opt/st/stm32cubeide_1.19.0/plugins/com.st.stm32cube.common.mx_6.15.0.202507011659//db//plugins/boardmanager/
2025-08-29 13:36:40,547 [INFO] ApiDb:261 - Set plugin images path to: /opt/st/stm32cubeide_1.19.0/plugins/com.st.stm32cube.common.mx_6.15.0.202507011659//db//plugins/mcufinder/images/
2025-08-29 13:36:40,547 [WARN] DbFile:41 - Overriding database path with different value: /home/truongthinh/.stmcufinder/plugins/mcufinder/ => /home/truongthinh/.stmcufinder/plugins/mcufinder
2025-08-29 13:36:40,547 [INFO] ApiDb:250 - Set database path to: /home/truongthinh/.stmcufinder/plugins/mcufinder//mcu/
2025-08-29 13:36:40,547 [WARN] DbFile:41 - Overriding database path with different value: /home/truongthinh/.stmcufinder/plugins/mcufinder/ => /home/truongthinh/.stmcufinder/plugins/mcufinder
2025-08-29 13:36:40,547 [INFO] DbMcusAds:125 - Set database path to: /home/truongthinh/.stmcufinder/plugins/mcufinder//mcu/
2025-08-29 13:36:40,547 [WARN] DbFile:41 - Overriding database path with different value: /home/truongthinh/.stmcufinder/plugins/mcufinder/ => /home/truongthinh/.stmcufinder/plugins/mcufinder
2025-08-29 13:36:40,547 [WARN] DbFile:41 - Overriding database path with different value: /home/truongthinh/.stmcufinder/plugins/mcufinder/ => /home/truongthinh/.stmcufinder/plugins/mcufinder
2025-08-29 13:36:40,548 [INFO] CrossReferenceDbSqlite:203 - Set database path to: /home/truongthinh/.stmcufinder/plugins/mcufinder//mcu/cs/
2025-08-29 13:36:40,608 [INFO] MainPanel:274 - HeapMemory: 268435456
2025-08-29 13:36:40,749 [INFO] DbMcusXml:78 - Set database path to: /opt/st/stm32cubeide_1.19.0/plugins/com.st.stm32cube.common.mx_6.15.0.202507011659//db//mcu/
2025-08-29 13:36:40,749 [INFO] ApiDb:274 - Set plugin database path to: /opt/st/stm32cubeide_1.19.0/plugins/com.st.stm32cube.common.mx_6.15.0.202507011659//db//plugins/boardmanager/
2025-08-29 13:36:40,749 [INFO] ApiDb:261 - Set plugin images path to: /opt/st/stm32cubeide_1.19.0/plugins/com.st.stm32cube.common.mx_6.15.0.202507011659//db//plugins/mcufinder/images/
2025-08-29 13:36:40,750 [WARN] DbFile:41 - Overriding database path with different value: /home/truongthinh/.stmcufinder/plugins/mcufinder/ => /home/truongthinh/.stmcufinder/plugins/mcufinder
2025-08-29 13:36:40,750 [INFO] ApiDb:250 - Set database path to: /home/truongthinh/.stmcufinder/plugins/mcufinder//mcu/
2025-08-29 13:36:40,750 [WARN] DbFile:41 - Overriding database path with different value: /home/truongthinh/.stmcufinder/plugins/mcufinder/ => /home/truongthinh/.stmcufinder/plugins/mcufinder
2025-08-29 13:36:40,750 [INFO] DbMcusAds:125 - Set database path to: /home/truongthinh/.stmcufinder/plugins/mcufinder//mcu/
2025-08-29 13:36:40,750 [WARN] DbFile:41 - Overriding database path with different value: /home/truongthinh/.stmcufinder/plugins/mcufinder/ => /home/truongthinh/.stmcufinder/plugins/mcufinder
2025-08-29 13:36:40,750 [WARN] DbFile:41 - Overriding database path with different value: /home/truongthinh/.stmcufinder/plugins/mcufinder/ => /home/truongthinh/.stmcufinder/plugins/mcufinder
2025-08-29 13:36:40,750 [INFO] CrossReferenceDbSqlite:203 - Set database path to: /home/truongthinh/.stmcufinder/plugins/mcufinder//mcu/cs/
2025-08-29 13:36:40,762 [INFO] ApplicationProperties:184 - Using Application install path: /opt/st/stm32cubeide_1.19.0/plugins/com.st.stm32cube.common.mx_6.15.0.202507011659
2025-08-29 13:36:40,763 [INFO] PluginManage:196 - Search for loadable plugins [exclusion list=, ]
2025-08-29 13:36:40,764 [INFO] PluginManage:310 - Check plugin analytics
2025-08-29 13:36:40,886 [INFO] AnalyticsPlugin:253 - Accepted Software Licenses: 
2025-08-29 13:36:40,886 [INFO] AnalyticsPlugin:255 - Accepted CMSIS Pack Licenses: 
2025-08-29 13:36:40,886 [INFO] AnalyticsPlugin:257 - Accepted Firmware Licenses: FW.F4.1.28.0
2025-08-29 13:36:40,888 [INFO] PluginManage:359 - Loaded plugin analytics (category:tool,tabindex:-1)
2025-08-29 13:36:40,889 [INFO] PluginManage:310 - Check plugin cadmodel
2025-08-29 13:36:40,893 [INFO] CADModel:105 - Init CAD model plugin
2025-08-29 13:36:40,894 [INFO] PluginManage:359 - Loaded plugin cadmodel (category:power,tabindex:5)
2025-08-29 13:36:40,894 [INFO] PluginManage:310 - Check plugin clock
2025-08-29 13:36:40,902 [INFO] PluginManage:359 - Loaded plugin clock (category:base,tabindex:2)
2025-08-29 13:36:40,902 [INFO] PluginManage:310 - Check plugin ddr
2025-08-29 13:36:40,904 [INFO] PluginManage:359 - Loaded plugin ddr (category:tool,tabindex:6)
2025-08-29 13:36:40,904 [INFO] PluginManage:310 - Check plugin filemanager
2025-08-29 13:36:41,035 [INFO] PluginManage:359 - Loaded plugin filemanager (category:base,tabindex:10)
2025-08-29 13:36:41,035 [INFO] PluginManage:310 - Check plugin ipmanager
2025-08-29 13:36:41,039 [INFO] PluginManage:359 - Loaded plugin ipmanager (category:base,tabindex:5)
2025-08-29 13:36:41,039 [INFO] PluginManage:310 - Check plugin lpbam
2025-08-29 13:36:41,048 [INFO] PluginManage:359 - Loaded plugin lpbam (category:base,tabindex:0)
2025-08-29 13:36:41,048 [INFO] PluginManage:310 - Check plugin memorymap
2025-08-29 13:36:41,059 [INFO] PluginManage:359 - Loaded plugin memorymap (category:base,tabindex:4)
2025-08-29 13:36:41,059 [INFO] PluginManage:310 - Check plugin pinoutandconfiguration
2025-08-29 13:36:41,067 [INFO] PluginManage:359 - Loaded plugin pinoutandconfiguration (category:base,tabindex:1)
2025-08-29 13:36:41,067 [INFO] PluginManage:310 - Check plugin pinoutconfig
2025-08-29 13:36:41,131 [WARN] SupportedApi:132 - Cannot load RTOS API schema: s4s-elt-must-match.1: The content of 'definitions' must match (annotation?, (simpleType | complexType)?, (unique | key | keyref)*)). A problem was found starting at: attribute.
2025-08-29 13:36:41,247 [INFO] PluginManage:359 - Loaded plugin pinoutconfig (category:base,tabindex:0)
2025-08-29 13:36:41,247 [INFO] PluginManage:310 - Check plugin power
2025-08-29 13:36:41,255 [INFO] PluginManage:359 - Loaded plugin power (category:power,tabindex:4)
2025-08-29 13:36:41,255 [INFO] PluginManage:310 - Check plugin projectmanager
2025-08-29 13:36:41,265 [INFO] PluginManage:359 - Loaded plugin projectmanager (category:projectmanager,tabindex:4)
2025-08-29 13:36:41,265 [INFO] PluginManage:310 - Check plugin rif
2025-08-29 13:36:41,274 [INFO] PluginManage:359 - Loaded plugin rif (category:base,tabindex:3)
2025-08-29 13:36:41,274 [INFO] PluginManage:310 - Check plugin thirdparty
2025-08-29 13:36:41,383 [INFO] PluginManage:359 - Loaded plugin thirdparty (category:base,tabindex:-1)
2025-08-29 13:36:41,383 [WARN] IntegrityCheckThread:84 - waiting for thirdparty lock release [integrity check]
2025-08-29 13:36:41,384 [INFO] IntegrityCheckThread:86 - entering critical section [integrity check]
2025-08-29 13:36:41,384 [INFO] PluginManage:310 - Check plugin tools
2025-08-29 13:36:41,384 [INFO] ThirdPartyUpdaterWithRetryManager:70 - Updater plugin not ready yet. [1/15]
2025-08-29 13:36:41,386 [INFO] PluginManage:359 - Loaded plugin tools (category:base,tabindex:7)
2025-08-29 13:36:41,386 [INFO] PluginManage:310 - Check plugin tutovideos
2025-08-29 13:36:41,559 [INFO] PluginManage:359 - Loaded plugin tutovideos (category:base,tabindex:-1)
2025-08-29 13:36:41,559 [INFO] PluginManage:310 - Check plugin updater
2025-08-29 13:36:41,577 [INFO] PluginManage:359 - Loaded plugin updater (category:base,tabindex:12)
2025-08-29 13:36:41,578 [INFO] PluginManage:310 - Check plugin userauth
2025-08-29 13:36:41,582 [INFO] UserAuth:118 - Init User Auth plugin
2025-08-29 13:36:41,582 [INFO] PluginManage:359 - Loaded plugin userauth (category:base,tabindex:14)
2025-08-29 13:36:41,583 [INFO] PluginManage:283 - PluginManage : Loaded plugins [18]
2025-08-29 13:36:41,772 [INFO] PinOutPanel:1589 - setPackage(No Configuration,No Configuration)
2025-08-29 13:36:41,832 [INFO] CADModel:165 - CPN selected for project level
2025-08-29 13:36:41,832 [INFO] CADModel:114 - Register for checkConnection events
2025-08-29 13:36:41,841 [INFO] IPUIPlugin:80 - create IPUIPlugin
2025-08-29 13:36:41,842 [INFO] PluginManager:220 - loadIPPluginJar : add tim
2025-08-29 13:36:41,847 [INFO] IPUIPlugin:80 - create IPUIPlugin
2025-08-29 13:36:41,847 [INFO] PluginManager:220 - loadIPPluginJar : add ipddr
2025-08-29 13:36:41,854 [INFO] IPUIPlugin:80 - create IPUIPlugin
2025-08-29 13:36:41,854 [INFO] PluginManager:220 - loadIPPluginJar : add adc
2025-08-29 13:36:41,855 [INFO] IPUIPlugin:80 - create IPUIPlugin
2025-08-29 13:36:41,855 [INFO] PluginManager:220 - loadIPPluginJar : add quadspi
2025-08-29 13:36:41,857 [INFO] IPUIPlugin:80 - create IPUIPlugin
2025-08-29 13:36:41,857 [INFO] PluginManager:220 - loadIPPluginJar : add i2s
2025-08-29 13:36:41,859 [INFO] IPUIPlugin:80 - create IPUIPlugin
2025-08-29 13:36:41,859 [INFO] PluginManager:220 - loadIPPluginJar : add gfxmmu
2025-08-29 13:36:41,861 [INFO] IPUIPlugin:80 - create IPUIPlugin
2025-08-29 13:36:41,861 [INFO] PluginManager:220 - loadIPPluginJar : add ltdc
2025-08-29 13:36:41,866 [INFO] IPUIPlugin:80 - create IPUIPlugin
2025-08-29 13:36:41,866 [INFO] PluginManager:220 - loadIPPluginJar : add gpio
2025-08-29 13:36:41,867 [INFO] IPUIPlugin:80 - create IPUIPlugin
2025-08-29 13:36:41,867 [INFO] PluginManager:220 - loadIPPluginJar : add cryp
2025-08-29 13:36:41,868 [INFO] IPUIPlugin:80 - create IPUIPlugin
2025-08-29 13:36:41,868 [INFO] PluginManager:220 - loadIPPluginJar : add fatfs
2025-08-29 13:36:41,871 [INFO] IPUIPlugin:80 - create IPUIPlugin
2025-08-29 13:36:41,871 [INFO] PluginManager:220 - loadIPPluginJar : add pdm2pcm
2025-08-29 13:36:41,872 [INFO] IPUIPlugin:80 - create IPUIPlugin
2025-08-29 13:36:41,872 [INFO] PluginManager:220 - loadIPPluginJar : add genericplugin
2025-08-29 13:36:41,876 [INFO] IPUIPlugin:80 - create IPUIPlugin
2025-08-29 13:36:41,876 [INFO] PluginManager:220 - loadIPPluginJar : add nvic
2025-08-29 13:36:41,878 [INFO] IPUIPlugin:80 - create IPUIPlugin
2025-08-29 13:36:41,879 [INFO] PluginManager:220 - loadIPPluginJar : add usbx
2025-08-29 13:36:41,882 [INFO] IPUIPlugin:80 - create IPUIPlugin
2025-08-29 13:36:41,882 [INFO] PluginManager:220 - loadIPPluginJar : add gtzc
2025-08-29 13:36:41,884 [INFO] IPUIPlugin:80 - create IPUIPlugin
2025-08-29 13:36:41,884 [INFO] PluginManager:220 - loadIPPluginJar : add radio
2025-08-29 13:36:41,886 [INFO] IPUIPlugin:80 - create IPUIPlugin
2025-08-29 13:36:41,886 [INFO] PluginManager:220 - loadIPPluginJar : add i2c
2025-08-29 13:36:41,887 [INFO] IPUIPlugin:80 - create IPUIPlugin
2025-08-29 13:36:41,887 [INFO] PluginManager:220 - loadIPPluginJar : add tsc
2025-08-29 13:36:41,892 [INFO] IPUIPlugin:80 - create IPUIPlugin
2025-08-29 13:36:41,892 [INFO] PluginManager:220 - loadIPPluginJar : add dma
2025-08-29 13:36:41,894 [INFO] IPUIPlugin:80 - create IPUIPlugin
2025-08-29 13:36:41,894 [INFO] PluginManager:220 - loadIPPluginJar : add tracer_emb
2025-08-29 13:36:41,899 [INFO] IPUIPlugin:80 - create IPUIPlugin
2025-08-29 13:36:41,900 [INFO] PluginManager:220 - loadIPPluginJar : add stm32_wpan
2025-08-29 13:36:41,902 [INFO] IPUIPlugin:80 - create IPUIPlugin
2025-08-29 13:36:41,902 [INFO] PluginManager:220 - loadIPPluginJar : add touchsensing
2025-08-29 13:36:41,906 [INFO] IPUIPlugin:80 - create IPUIPlugin
2025-08-29 13:36:41,906 [INFO] PluginManager:220 - loadIPPluginJar : add resmgrutility
2025-08-29 13:36:41,910 [INFO] IPUIPlugin:80 - create IPUIPlugin
2025-08-29 13:36:41,911 [INFO] PluginManager:220 - loadIPPluginJar : add gic
2025-08-29 13:36:41,912 [INFO] IPUIPlugin:80 - create IPUIPlugin
2025-08-29 13:36:41,912 [INFO] PluginManager:220 - loadIPPluginJar : add ucpd
2025-08-29 13:36:41,917 [INFO] IPUIPlugin:80 - create IPUIPlugin
2025-08-29 13:36:41,917 [INFO] PluginManager:220 - loadIPPluginJar : add mdma
2025-08-29 13:36:41,923 [INFO] IPUIPlugin:80 - create IPUIPlugin
2025-08-29 13:36:41,923 [INFO] PluginManager:220 - loadIPPluginJar : add freertos
2025-08-29 13:36:41,925 [INFO] IPUIPlugin:80 - create IPUIPlugin
2025-08-29 13:36:41,925 [INFO] PluginManager:220 - loadIPPluginJar : add dma3
2025-08-29 13:36:41,926 [INFO] IPUIPlugin:80 - create IPUIPlugin
2025-08-29 13:36:41,926 [INFO] PluginManager:220 - loadIPPluginJar : add ts
2025-08-29 13:36:41,930 [INFO] IPUIPlugin:80 - create IPUIPlugin
2025-08-29 13:36:41,930 [INFO] PluginManager:220 - loadIPPluginJar : add fmc
2025-08-29 13:36:41,932 [INFO] IPUIPlugin:80 - create IPUIPlugin
2025-08-29 13:36:41,932 [INFO] PluginManager:220 - loadIPPluginJar : add aes
2025-08-29 13:36:41,934 [INFO] IPUIPlugin:80 - create IPUIPlugin
2025-08-29 13:36:41,934 [INFO] PluginManager:220 - loadIPPluginJar : add opamp
2025-08-29 13:36:41,936 [INFO] IPUIPlugin:80 - create IPUIPlugin
2025-08-29 13:36:41,936 [INFO] PluginManager:220 - loadIPPluginJar : add extmemmanager
2025-08-29 13:36:41,940 [INFO] IPUIPlugin:80 - create IPUIPlugin
2025-08-29 13:36:41,940 [INFO] PluginManager:220 - loadIPPluginJar : add ddr_ctrl_phy
2025-08-29 13:36:41,945 [INFO] IPUIPlugin:80 - create IPUIPlugin
2025-08-29 13:36:41,945 [INFO] PluginManager:220 - loadIPPluginJar : add lorawan
2025-08-29 13:36:41,951 [INFO] IPUIPlugin:80 - create IPUIPlugin
2025-08-29 13:36:41,951 [INFO] PluginManager:220 - loadIPPluginJar : add usart
2025-08-29 13:36:41,965 [INFO] IPUIPlugin:80 - create IPUIPlugin
2025-08-29 13:36:41,969 [INFO] PluginManager:220 - loadIPPluginJar : add plateformsettings
2025-08-29 13:36:41,973 [INFO] IPUIPlugin:80 - create IPUIPlugin
2025-08-29 13:36:41,973 [INFO] PluginManager:220 - loadIPPluginJar : add dfsdm
2025-08-29 13:36:41,977 [INFO] IPUIPlugin:80 - create IPUIPlugin
2025-08-29 13:36:41,977 [INFO] PluginManager:220 - loadIPPluginJar : add openamp
2025-08-29 13:36:41,979 [INFO] IPUIPlugin:80 - create IPUIPlugin
2025-08-29 13:36:41,979 [INFO] PluginManager:220 - loadIPPluginJar : add comp
2025-08-29 13:36:41,985 [INFO] IPUIPlugin:80 - create IPUIPlugin
2025-08-29 13:36:41,985 [INFO] PluginManager:220 - loadIPPluginJar : add linkedlist
2025-08-29 13:36:41,987 [INFO] IPUIPlugin:80 - create IPUIPlugin
2025-08-29 13:36:41,987 [INFO] PluginManager:220 - loadIPPluginJar : add i3c
2025-08-29 13:36:41,989 [INFO] IPUIPlugin:80 - create IPUIPlugin
2025-08-29 13:36:41,989 [INFO] PluginManager:220 - loadIPPluginJar : add hash
2025-08-29 13:36:41,991 [INFO] IPUIPlugin:80 - create IPUIPlugin
2025-08-29 13:36:41,991 [INFO] PluginManager:220 - loadIPPluginJar : add can
2025-08-29 13:36:41,994 [INFO] IPUIPlugin:80 - create IPUIPlugin
2025-08-29 13:36:41,994 [INFO] PluginManager:220 - loadIPPluginJar : add sai
2025-08-29 13:36:41,996 [INFO] IPUIPlugin:80 - create IPUIPlugin
2025-08-29 13:36:41,996 [INFO] PluginManager:220 - loadIPPluginJar : add spi
2025-08-29 13:36:42,093 [FATAL] Updater:351 - Updater called before beeing initialized
2025-08-29 13:36:42,114 [INFO] RulesReader:64 - Compatibility file has been processed (317 Rules)
2025-08-29 13:36:42,123 [INFO] RulesReader:64 - Compatibility file has been processed (317 Rules)
2025-08-29 13:36:42,128 [INFO] CADModel:165 - CPN selected for project level
2025-08-29 13:36:42,129 [INFO] CADModel:114 - Register for checkConnection events
2025-08-29 13:36:42,129 [FATAL] Updater:351 - Updater called before beeing initialized
2025-08-29 13:36:42,129 [ERROR] CADModel:125 - Updater not yet initialized, retry later 
2025-08-29 13:36:42,258 [FATAL] Updater:351 - Updater called before beeing initialized
2025-08-29 13:36:42,260 [INFO] CADModel:165 - CPN selected for project level
2025-08-29 13:36:42,261 [INFO] CADModel:114 - Register for checkConnection events
2025-08-29 13:36:42,261 [FATAL] Updater:351 - Updater called before beeing initialized
2025-08-29 13:36:42,261 [ERROR] CADModel:125 - Updater not yet initialized, retry later 
2025-08-29 13:36:42,264 [FATAL] Updater:351 - Updater called before beeing initialized
2025-08-29 13:36:42,338 [FATAL] Updater:351 - Updater called before beeing initialized
2025-08-29 13:36:42,341 [INFO] DbMcusAds:53 - JSON generation date=Tue Jul 08 15:14:23 ICT 2025 (1751962463593)
2025-08-29 13:36:42,341 [FATAL] Updater:351 - Updater called before beeing initialized
2025-08-29 13:36:42,373 [WARN] DetailPanel:346 - Failed to get advertising image, set to default
2025-08-29 13:36:42,449 [FATAL] Updater:351 - Updater called before beeing initialized
2025-08-29 13:36:42,453 [FATAL] Updater:351 - Updater called before beeing initialized
2025-08-29 13:36:42,454 [FATAL] Updater:351 - Updater called before beeing initialized
2025-08-29 13:36:42,454 [WARN] DetailPanel:346 - Failed to get advertising image, set to default
2025-08-29 13:36:42,456 [FATAL] Updater:351 - Updater called before beeing initialized
2025-08-29 13:36:42,511 [ERROR] Updater:1198 - MainUpdater not yet initialized. External WinMGr cannot be set.
2025-08-29 13:36:42,512 [INFO] Updater:1134 - Updater Version found : 6.15.0
2025-08-29 13:36:42,530 [INFO] ApplicationProperties:184 - Using Application install path: /opt/st/stm32cubeide_1.19.0/plugins/com.st.stm32cube.common.mx_6.15.0.202507011659
2025-08-29 13:36:42,844 [INFO] MainUpdater:2872 - connection check result : 10
2025-08-29 13:36:42,844 [INFO] MainUpdater:289 - Updater Check For Update Now.
2025-08-29 13:36:42,844 [INFO] MicroXplorer:498 - Change Database Version : DB.6.0.150
2025-08-29 13:36:42,848 [INFO] McuFinderGlobals:63 - Set McuFinder mode to 2 (CubeIDE integrated)
2025-08-29 13:36:42,850 [INFO] UserAuth:487 - Internet connection configuration mode: 1
2025-08-29 13:36:42,872 [INFO] JxBrowserEngine:152 - Initiate JxBrowser Engine with user profile folder
2025-08-29 13:36:43,032 [INFO] CheckServerUpdateThread:120 - End of CheckServer Thread
2025-08-29 13:36:44,296 [INFO] WebApp:169 - Instantiating new browser for Auth
2025-08-29 13:36:44,592 [WARN] PackLoader:240 - Cannot read IP mode file for STMicroelectronics.FP-SNS-MOTENVWB1.1.4.0
2025-08-29 13:36:44,599 [WARN] PackLoader:240 - Cannot read IP mode file for STMicroelectronics.FP-ATR-ASTRA1.2.0.2
2025-08-29 13:36:44,606 [WARN] PackLoader:240 - Cannot read IP mode file for STMicroelectronics.X-CUBE-SMBUS.2.1.0
2025-08-29 13:36:44,615 [WARN] PackLoader:240 - Cannot read IP mode file for STMicroelectronics.X-CUBE-ST60.1.0.0
2025-08-29 13:36:44,646 [WARN] PackLoader:240 - Cannot read IP mode file for STMicroelectronics.X-CUBE-AZRTOS-F7.1.1.0
2025-08-29 13:36:44,677 [WARN] PackLoader:240 - Cannot read IP mode file for Infineon.AIROC-Wi-Fi-Bluetooth-STM32.1.7.1
2025-08-29 13:36:44,733 [WARN] PackLoader:240 - Cannot read IP mode file for STMicroelectronics.X-CUBE-AZRTOS-H7.3.4.0
2025-08-29 13:36:44,753 [WARN] PackLoader:240 - Cannot read IP mode file for STMicroelectronics.X-CUBE-DISPLAY.3.0.0
2025-08-29 13:36:44,764 [WARN] PackLoader:240 - Cannot read IP mode file for STMicroelectronics.X-CUBE-NFC10.1.0.0
2025-08-29 13:36:44,770 [WARN] PackLoader:240 - Cannot read IP mode file for emotas.I-CUBE-CANOPEN.1.3.0
2025-08-29 13:36:44,777 [WARN] PackLoader:240 - Cannot read IP mode file for STMicroelectronics.FP-SNS-STBOX1.2.1.0
2025-08-29 13:36:44,782 [WARN] PackLoader:240 - Cannot read IP mode file for STMicroelectronics.FP-SNS-SMARTAG2.1.2.0
2025-08-29 13:36:44,785 [WARN] PackLoader:240 - Cannot read IP mode file for STMicroelectronics.FP-SNS-FLIGHT1.5.1.0
2025-08-29 13:36:44,792 [INFO] LogOutputStream:77 - [STDOUT_REDIRECT] 1 : Invalid condition id : UX_CORESTACK_Condition cause : null
2025-08-29 13:36:44,792 [INFO] LogOutputStream:77 - [STDOUT_REDIRECT] 1 : Invalid condition id : UX_CORESTACK_Condition cause : null
2025-08-29 13:36:44,793 [INFO] LogOutputStream:77 - [STDOUT_REDIRECT] 1 : Invalid condition id : UX_CORESTACK_Condition cause : null
2025-08-29 13:36:44,793 [INFO] LogOutputStream:77 - [STDOUT_REDIRECT] 1 : Invalid condition id : UX_CORESTACK_Condition cause : null
2025-08-29 13:36:44,793 [INFO] LogOutputStream:77 - [STDOUT_REDIRECT] 1 : Invalid condition id : UX_CORESTACK_Condition cause : null
2025-08-29 13:36:44,797 [WARN] PackLoader:240 - Cannot read IP mode file for STMicroelectronics.X-CUBE-AZRTOS-WL.2.0.0
2025-08-29 13:36:44,801 [WARN] PackLoader:240 - Cannot read IP mode file for STMicroelectronics.FP-SNS-MOTENV1.5.0.0
2025-08-29 13:36:44,806 [WARN] PackLoader:240 - Cannot read IP mode file for WES.I-CUBE-Cesium.1.3.0
2025-08-29 13:36:44,810 [WARN] PackLoader:240 - Cannot read IP mode file for STMicroelectronics.X-CUBE-BLE2.3.3.0
2025-08-29 13:36:44,817 [WARN] PackLoader:240 - Cannot read IP mode file for STMicroelectronics.X-CUBE-NFC9.1.0.0
2025-08-29 13:36:44,822 [WARN] PackLoader:240 - Cannot read IP mode file for wolfSSL.I-CUBE-wolfSSL.5.8.2
2025-08-29 13:36:44,826 [WARN] PackLoader:240 - Cannot read IP mode file for STMicroelectronics.X-CUBE-BLE1.7.1.0
2025-08-29 13:36:44,830 [WARN] PackLoader:240 - Cannot read IP mode file for wolfSSL.I-CUBE-wolfMQTT.1.19.2
2025-08-29 13:36:44,835 [WARN] PackLoader:240 - Cannot read IP mode file for STMicroelectronics.X-CUBE-EEPRMA1.5.2.0
2025-08-29 13:36:44,840 [WARN] PackLoader:240 - Cannot read IP mode file for STMicroelectronics.X-CUBE-AI.10.1.0
2025-08-29 13:36:44,856 [WARN] PackLoader:240 - Cannot read IP mode file for STMicroelectronics.X-CUBE-AZRTOS-G0.1.1.0
2025-08-29 13:36:44,863 [WARN] PackLoader:240 - Cannot read IP mode file for STMicroelectronics.X-CUBE-SAFEA1.1.2.2
2025-08-29 13:36:44,869 [WARN] PackLoader:240 - Cannot read IP mode file for STMicroelectronics.X-CUBE-NFC4.3.0.0
2025-08-29 13:36:44,882 [WARN] PackLoader:240 - Cannot read IP mode file for EmbeddedOffice.I-CUBE-FS-RTOS.1.0.1
2025-08-29 13:36:44,886 [WARN] PackLoader:240 - Cannot read IP mode file for STMicroelectronics.X-CUBE-WB05N.2.0.0
2025-08-29 13:36:44,890 [WARN] PackLoader:240 - Cannot read IP mode file for wolfSSL.I-CUBE-wolfTPM.3.8.0
2025-08-29 13:36:44,895 [WARN] PackLoader:240 - Cannot read IP mode file for STMicroelectronics.X-CUBE-TCPP.4.2.0
2025-08-29 13:36:44,900 [WARN] PackLoader:240 - Cannot read IP mode file for RealThread.X-CUBE-RT-Thread_Nano.4.1.1
2025-08-29 13:36:44,903 [WARN] PackLoader:240 - Cannot read IP mode file for STMicroelectronics.FP-ATR-SIGFOX1.3.2.0
2025-08-29 13:36:44,908 [WARN] PackLoader:240 - Cannot read IP mode file for ITTIA_DB.I-CUBE-ITTIADB.8.9.0
2025-08-29 13:36:44,913 [WARN] PackLoader:240 - Cannot read IP mode file for STMicroelectronics.X-CUBE-ST67W61.1.0.0
2025-08-29 13:36:44,917 [WARN] PackLoader:240 - Cannot read IP mode file for STMicroelectronics.X-CUBE-AI.10.2.0
2025-08-29 13:36:44,941 [WARN] PackLoader:240 - Cannot read IP mode file for SEGGER.I-CUBE-embOS.1.3.1
2025-08-29 13:36:44,989 [WARN] PackLoader:240 - Cannot read IP mode file for STMicroelectronics.X-CUBE-ALGOBUILD.1.4.0
2025-08-29 13:36:45,027 [WARN] PackLoader:240 - Cannot read IP mode file for STMicroelectronics.X-CUBE-MEMS1.11.3.0
2025-08-29 13:36:45,198 [WARN] PackLoader:240 - Cannot read IP mode file for STMicroelectronics.X-CUBE-PM33A1.1.0.0
2025-08-29 13:36:45,221 [WARN] PackLoader:240 - Cannot read IP mode file for STMicroelectronics.X-CUBE-AZRTOS-F4.1.1.0
2025-08-29 13:36:45,228 [WARN] PackLoader:240 - Cannot read IP mode file for Avnet-IotConnect.X-CUBE-IoTC-DA16k-PMOD.1.0.0
2025-08-29 13:36:45,236 [WARN] PackLoader:240 - Cannot read IP mode file for STMicroelectronics.X-CUBE-ISPU.2.1.0
2025-08-29 13:36:45,245 [WARN] PackLoader:240 - Cannot read IP mode file for STMicroelectronics.X-CUBE-NFC12.1.0.0
2025-08-29 13:36:45,265 [WARN] PackLoader:240 - Cannot read IP mode file for STMicroelectronics.X-CUBE-AZRTOS-L5.2.0.0
2025-08-29 13:36:45,274 [WARN] PackLoader:240 - Cannot read IP mode file for STMicroelectronics.X-CUBE-NFC6.3.1.0
2025-08-29 13:36:45,285 [WARN] PackLoader:240 - Cannot read IP mode file for STMicroelectronics.X-CUBE-FREERTOS.1.3.1
2025-08-29 13:36:45,288 [WARN] PackLoader:240 - Cannot read IP mode file for STMicroelectronics.FP-SNS-STAIOTCFT.1.0.0
2025-08-29 13:36:45,291 [WARN] PackLoader:240 - Cannot read IP mode file for STMicroelectronics.X-CUBE-DPower.1.3.0
2025-08-29 13:36:45,303 [WARN] ConditionMgr:438 - getConditionDescription Invalid condition id : LAN8742 Phy interface Condition cause : null
2025-08-29 13:36:45,304 [WARN] PackLoader:240 - Cannot read IP mode file for STMicroelectronics.X-CUBE-AZRTOS-L4.2.0.0
2025-08-29 13:36:45,305 [WARN] ConditionMgr:1044 - genDependencies : Invalid condition id : LAN8742 Phy interface Condition cause : null
2025-08-29 13:36:45,306 [WARN] ConditionMgr:1044 - genDependencies : Invalid condition id : LAN8742 Phy interface Condition cause : null
2025-08-29 13:36:45,307 [WARN] ConditionMgr:1044 - genDependencies : Invalid condition id : LAN8742 Phy interface Condition cause : null
2025-08-29 13:36:45,312 [INFO] WebApp:463 - Apply proxy settings
2025-08-29 13:36:45,312 [INFO] WebApp:548 - Chromium requires no authentication
2025-08-29 13:36:45,313 [WARN] PackLoader:240 - Cannot read IP mode file for STMicroelectronics.X-CUBE-SFXS2LP1.4.0.0
2025-08-29 13:36:45,319 [WARN] PackLoader:240 - Cannot read IP mode file for STMicroelectronics.X-CUBE-BLEMGR.4.1.0
2025-08-29 13:36:45,321 [INFO] WebApp:491 - Direct internet connection detected
2025-08-29 13:36:45,329 [WARN] ConditionMgr:438 - getConditionDescription Invalid condition id : UX DEVICE CLASS RTOS Condition cause : null
2025-08-29 13:36:45,329 [WARN] ConditionMgr:438 - getConditionDescription Invalid condition id : UX DEVICE CLASS RTOS Condition cause : null
2025-08-29 13:36:45,330 [WARN] PackLoader:240 - Cannot read IP mode file for STMicroelectronics.X-CUBE-AZRTOS-WB.2.0.0
2025-08-29 13:36:45,330 [WARN] ConditionMgr:1044 - genDependencies : Invalid condition id : UX DEVICE CLASS RTOS Condition cause : null
2025-08-29 13:36:45,331 [WARN] ConditionMgr:1044 - genDependencies : Invalid condition id : UX DEVICE CLASS RTOS Condition cause : null
2025-08-29 13:36:45,331 [WARN] ConditionMgr:1044 - genDependencies : Invalid condition id : UX DEVICE CLASS RTOS Condition cause : null
2025-08-29 13:36:45,331 [WARN] ConditionMgr:1044 - genDependencies : Invalid condition id : UX DEVICE CLASS RTOS Condition cause : null
2025-08-29 13:36:45,331 [WARN] ConditionMgr:1044 - genDependencies : Invalid condition id : UX DEVICE CLASS RTOS Condition cause : null
2025-08-29 13:36:45,335 [WARN] PackLoader:240 - Cannot read IP mode file for STMicroelectronics.X-CUBE-GNSS1.7.0.1
2025-08-29 13:36:45,340 [WARN] PackLoader:240 - Cannot read IP mode file for STMicroelectronics.X-CUBE-TOUCHGFX.4.25.0
2025-08-29 13:36:45,343 [WARN] ConditionMgr:438 - getConditionDescription Invalid condition id : Cortex-A Device cause : null
2025-08-29 13:36:45,344 [INFO] WebApp:900 - Register for checkConnection events
2025-08-29 13:36:45,345 [INFO] WebApp:463 - Apply proxy settings
2025-08-29 13:36:45,345 [INFO] WebApp:548 - Chromium requires no authentication
2025-08-29 13:36:45,346 [INFO] WebApp:491 - Direct internet connection detected
2025-08-29 13:36:45,353 [WARN] ConditionMgr:1044 - genDependencies : Invalid condition id : Cortex-A Device cause : null
2025-08-29 13:36:45,354 [WARN] ConditionMgr:1044 - genDependencies : Invalid condition id : Cortex-A Device cause : null
2025-08-29 13:36:45,354 [WARN] ConditionMgr:1044 - genDependencies : Invalid condition id : Cortex-A Device cause : null
2025-08-29 13:36:45,362 [WARN] PackLoader:240 - Cannot read IP mode file for STMicroelectronics.X-CUBE-SUBG2.5.0.0
2025-08-29 13:36:45,381 [WARN] PackLoader:240 - Cannot read IP mode file for STMicroelectronics.X-CUBE-AZRTOS-H7RS.1.1.0
2025-08-29 13:36:45,386 [WARN] PackLoader:240 - Cannot read IP mode file for Cesanta.I-CUBE-Mongoose.7.13.0
2025-08-29 13:36:45,398 [WARN] PackLoader:240 - Cannot read IP mode file for STMicroelectronics.X-CUBE-AZRTOS-G4.2.0.0
2025-08-29 13:36:45,402 [WARN] PackLoader:240 - Cannot read IP mode file for wolfSSL.I-CUBE-wolfSSH.1.4.20
2025-08-29 13:36:45,405 [WARN] PackLoader:240 - Cannot read IP mode file for STMicroelectronics.X-CUBE-NFC7.2.0.0
2025-08-29 13:36:45,417 [WARN] PackLoader:240 - Cannot read IP mode file for STMicroelectronics.X-CUBE-IPS.3.1.0
2025-08-29 13:36:45,425 [WARN] PackLoader:240 - Cannot read IP mode file for STMicroelectronics.X-CUBE-ALS.1.0.2
2025-08-29 13:36:45,429 [WARN] PackLoader:240 - Cannot read IP mode file for portGmbH.I-Cube-SoM-uGOAL.1.1.0
2025-08-29 13:36:45,438 [WARN] PackLoader:240 - Cannot read IP mode file for STMicroelectronics.X-CUBE-TOF1.3.4.3
2025-08-29 13:36:45,449 [INFO] ThirdParty:978 - Integrity check success = true
2025-08-29 13:36:45,450 [INFO] IntegrityCheckThread:100 - exiting critical section [integrity check]
2025-08-29 13:36:45,450 [INFO] IntegrityCheckThread:103 - End integrity checks thread
2025-08-29 13:36:45,511 [INFO] WebApp:225 - Starting web application
2025-08-29 13:36:45,511 [INFO] WebApp:593 - Web application path used /opt/st/stm32cubeide_1.19.0/plugins/com.st.stm32cube.common.mx_6.15.0.202507011659/db/plugins/mcufinder/reactClient1/index.html
2025-08-29 13:36:45,621 [INFO] UserAuth:487 - Internet connection configuration mode: 1
2025-08-29 13:36:45,638 [INFO] WebApp:191 - Connection restablished
2025-08-29 14:23:32,550 [INFO] WebApp:194 - Connection lost
2025-08-29 14:23:38,404 [INFO] WebApp:191 - Connection restablished
2025-08-29 14:23:54,375 [INFO] WebApp:194 - Connection lost
2025-08-29 14:23:54,670 [INFO] WebApp:191 - Connection restablished
2025-08-29 15:13:47,298 [INFO] WebApp:194 - Connection lost
2025-08-29 15:39:34,610 [INFO] WebApp:191 - Connection restablished
2025-08-29 15:40:38,400 [ERROR] LogOutputStream:75 - [STDERR_REDIRECT] 
