2025-08-02 00:04:34,914 [INFO] McuFinderGlobals:63 - Set McuFinder mode to 2 (CubeIDE integrated)
2025-08-02 00:04:34,916 [INFO] UserAuth:171 - activating auth plugin
2025-08-02 00:04:34,921 [INFO] UserAuth:487 - Internet connection configuration mode: 1
2025-08-02 00:06:08,037 [INFO] McuFinderGlobals:63 - Set McuFinder mode to 2 (CubeIDE integrated)
2025-08-02 00:06:08,037 [INFO] UserAuth:171 - activating auth plugin
2025-08-02 00:06:08,041 [INFO] UserAuth:487 - Internet connection configuration mode: 1
2025-08-02 00:08:22,132 [INFO] McuFinderGlobals:63 - Set McuFinder mode to 2 (CubeIDE integrated)
2025-08-02 00:08:22,132 [INFO] UserAuth:171 - activating auth plugin
2025-08-02 00:08:22,135 [INFO] UserAuth:487 - Internet connection configuration mode: 1
2025-08-02 00:08:34,830 [INFO] WebApp:650 - userauth.ini created with success
2025-08-02 00:09:07,300 [INFO] CADModel:198 - CPN selected (Project mode): STM32F407VET6
2025-08-02 00:09:07,301 [INFO] CADModel:200 - Internet connection configuration mode: 1
2025-08-02 00:09:07,301 [INFO] CADModel:203 - rpn retrievedSTM32F407VE
2025-08-02 00:09:07,305 [INFO] WebAppUi:336 - Instantiating new browser for Project
2025-08-02 00:09:07,438 [INFO] WebAppUi:1235 - Register for checkConnection events
2025-08-02 00:09:07,438 [INFO] WebAppUi:1270 - Apply proxy settings
2025-08-02 00:09:07,438 [INFO] WebAppUi:1308 - Chromium requires no authentication
2025-08-02 00:09:07,438 [INFO] WebAppUi:1294 - Direct internet connection detected
2025-08-02 00:09:07,441 [INFO] WebAppUi:1166 - Web application path used /opt/st/stm32cubeide_1.19.0/plugins/com.st.stm32cube.common.mx_6.15.0.202507011659/db/plugins/mcufinder/reactClient/index.html
2025-08-02 00:09:07,450 [INFO] WebAppUi:938 - Path where api_config.json is located /home/truongthinh/.stmcufinder/plugins/mcufinder//mcu/api_config.json
2025-08-02 00:09:07,450 [INFO] WebAppUi:939 - Setting api config in window object
2025-08-02 00:09:07,471 [WARN] WebAppUi:976 - Cannot access cad_preferences.json
2025-08-02 00:09:07,471 [WARN] WebAppUi:979 - Fallback to default consent
2025-08-02 00:09:07,471 [INFO] WebAppUi:947 - Path where cad_preferences.json is located /home/truongthinh/.stm32cubeide/
2025-08-02 00:09:07,471 [INFO] WebAppUi:948 - Setting consent info in window object
2025-08-02 00:09:08,078 [INFO] WebAppUi:843 - Allow Downloads
2025-08-02 00:09:08,079 [INFO] WebAppUi:336 - Instantiating new browser for Finder
2025-08-02 00:09:08,229 [INFO] WebAppUi:1235 - Register for checkConnection events
2025-08-02 00:09:08,229 [INFO] WebAppUi:1270 - Apply proxy settings
2025-08-02 00:09:08,229 [INFO] WebAppUi:1308 - Chromium requires no authentication
2025-08-02 00:09:08,229 [INFO] WebAppUi:1294 - Direct internet connection detected
2025-08-02 00:09:08,231 [INFO] WebAppUi:1166 - Web application path used /opt/st/stm32cubeide_1.19.0/plugins/com.st.stm32cube.common.mx_6.15.0.202507011659/db/plugins/mcufinder/reactClient/index.html
2025-08-02 00:09:08,240 [INFO] WebAppUi:938 - Path where api_config.json is located /home/truongthinh/.stmcufinder/plugins/mcufinder//mcu/api_config.json
2025-08-02 00:09:08,240 [INFO] WebAppUi:939 - Setting api config in window object
2025-08-02 00:09:08,252 [INFO] WebAppUi:947 - Path where cad_preferences.json is located /home/truongthinh/.stm32cubeide/
2025-08-02 00:09:08,252 [INFO] WebAppUi:948 - Setting consent info in window object
2025-08-02 00:09:08,670 [INFO] WebAppUi:843 - Allow Downloads
2025-08-02 00:09:08,671 [INFO] WebAppUi:664 - RPN selected STM32F407VE
2025-08-02 00:09:08,671 [INFO] WebAppUi:665 - RefName selected STM32F407VETx
2025-08-02 00:09:08,671 [INFO] WebAppUi:666 - CPN selected STM32F407VET6
2025-08-02 00:09:08,676 [INFO] WebAppUi:829 - Which Bigleton in use 2 and which CPN is about STM32F407VET6
2025-08-02 00:09:08,677 [INFO] WebAppUi:703 - Have injected Javascript into web application
2025-08-02 00:09:08,677 [INFO] WebAppUiContainer:153 - Web application run mode: Project CPN: STM32F407VET6
2025-08-02 00:09:08,820 [INFO] WebAppUi:1100 - Web application message: [UlApiManager component] Connecting to SSO
2025-08-02 00:09:09,237 [INFO] WebAppUi:1100 - Web application message: [UlApiManager component] Connected to Ultra Librarian SSO
2025-08-02 00:09:09,238 [INFO] WebAppUi:1100 - Web application message: [UlApiManager component] Connected to Ultra Librarian API
2025-08-02 00:09:09,709 [INFO] WebAppUi:1100 - Web application message: [UlApiManager component] Connected to Ultra Librarian SSO
2025-08-02 00:09:09,710 [INFO] WebAppUi:1100 - Web application message: [UlApiManager component] Connected to Ultra Librarian API
2025-08-02 00:09:10,178 [INFO] WebAppUi:1100 - Web application message: CAD resources feature launch attempt
2025-08-02 00:09:13,326 [INFO] WebAppUi:938 - Path where api_config.json is located /home/truongthinh/.stmcufinder/plugins/mcufinder//mcu/api_config.json
2025-08-02 00:09:13,327 [INFO] WebAppUi:939 - Setting api config in window object
2025-08-02 00:09:13,348 [INFO] WebAppUi:947 - Path where cad_preferences.json is located /home/truongthinh/.stm32cubeide/
2025-08-02 00:09:13,348 [INFO] WebAppUi:948 - Setting consent info in window object
2025-08-02 00:09:16,356 [INFO] WebAppUi:305 - Path where cad_preferences.json is located /home/truongthinh/.stm32cubeide/
2025-08-02 00:09:16,356 [INFO] WebAppUi:306 - Updating consent from JSON file
2025-08-02 00:09:16,357 [INFO] WebAppUi:305 - Path where cad_preferences.json is located /home/truongthinh/.stm32cubeide/
2025-08-02 00:09:16,357 [INFO] WebAppUi:306 - Updating consent from JSON file
2025-08-02 00:09:16,847 [INFO] WebAppUi:305 - Path where cad_preferences.json is located /home/truongthinh/.stm32cubeide/
2025-08-02 00:09:16,848 [INFO] WebAppUi:306 - Updating consent from JSON file
2025-08-02 00:37:28,980 [INFO] WebAppUi:305 - Path where cad_preferences.json is located /home/truongthinh/.stm32cubeide/
2025-08-02 00:37:28,980 [INFO] WebAppUi:306 - Updating consent from JSON file
2025-08-02 00:37:29,172 [INFO] WebApp:403 - JxBrowser engine has been closed 
2025-08-02 00:37:29,173 [INFO] WebAppUi:504 - JxBrowser engine has been closed 
2025-08-02 00:37:29,173 [INFO] WebAppUi:541 - Close the Jxbrowser engine manually
