2025-08-18 00:18:19,291 [ERROR] ConfigurationRetriever:142 - IOException on connection: Remote host terminated the handshake
2025-08-18 00:18:19,298 [ERROR] ConfigurationRetriever:142 - IOException on connection: Remote host terminated the handshake
2025-08-18 00:18:19,303 [ERROR] ConfigurationRetriever:142 - IOException on connection: Remote host terminated the handshake
2025-08-18 07:40:46,009 [INFO] Activator:176 - 


2025-08-18 07:40:46,011 [INFO] Activator:177 - !SESSION log4j initialized
2025-08-18 07:40:50,470 [INFO] LogOutputStream:77 - [STDOUT_REDIRECT] 
2025-08-18 07:40:51,443 [INFO] ApplicationProperties:184 - Using Application install path: /opt/st/stm32cubeide_1.19.0/plugins/com.st.stm32cube.common.mx_6.15.0.202507011659
2025-08-18 07:40:51,458 [INFO] DbMcusXml:78 - Set database path to: /opt/st/stm32cubeide_1.19.0/plugins/com.st.stm32cube.common.mx_6.15.0.202507011659//db//mcu/
2025-08-18 07:40:51,458 [INFO] ApiDb:274 - Set plugin database path to: /opt/st/stm32cubeide_1.19.0/plugins/com.st.stm32cube.common.mx_6.15.0.202507011659//db//plugins/boardmanager/
2025-08-18 07:40:51,458 [WARN] ApiDb:259 - Overriding images path with different value:  => /opt/st/stm32cubeide_1.19.0/plugins/com.st.stm32cube.common.mx_6.15.0.202507011659//db//plugins/mcufinder/images/
2025-08-18 07:40:51,466 [INFO] ApiDb:250 - Set database path to: /home/truongthinh/.stmcufinder/plugins/mcufinder//mcu/
2025-08-18 07:40:51,467 [INFO] DbMcusAds:125 - Set database path to: /home/truongthinh/.stmcufinder/plugins/mcufinder//mcu/
2025-08-18 07:40:51,469 [INFO] CrossReferenceDbSqlite:203 - Set database path to: /home/truongthinh/.stmcufinder/plugins/mcufinder//mcu/cs/
2025-08-18 07:40:51,568 [INFO] RulesReader:64 - Compatibility file has been processed (317 Rules)
2025-08-18 07:40:51,620 [INFO] DbMcusXml:78 - Set database path to: /opt/st/stm32cubeide_1.19.0/plugins/com.st.stm32cube.common.mx_6.15.0.202507011659//db//mcu/
2025-08-18 07:40:51,620 [INFO] ApiDb:274 - Set plugin database path to: /opt/st/stm32cubeide_1.19.0/plugins/com.st.stm32cube.common.mx_6.15.0.202507011659//db//plugins/boardmanager/
2025-08-18 07:40:51,620 [INFO] ApiDb:261 - Set plugin images path to: /opt/st/stm32cubeide_1.19.0/plugins/com.st.stm32cube.common.mx_6.15.0.202507011659//db//plugins/mcufinder/images/
2025-08-18 07:40:51,620 [WARN] DbFile:41 - Overriding database path with different value: /home/truongthinh/.stmcufinder/plugins/mcufinder/ => /home/truongthinh/.stmcufinder/plugins/mcufinder
2025-08-18 07:40:51,620 [INFO] ApiDb:250 - Set database path to: /home/truongthinh/.stmcufinder/plugins/mcufinder//mcu/
2025-08-18 07:40:51,620 [WARN] DbFile:41 - Overriding database path with different value: /home/truongthinh/.stmcufinder/plugins/mcufinder/ => /home/truongthinh/.stmcufinder/plugins/mcufinder
2025-08-18 07:40:51,620 [INFO] DbMcusAds:125 - Set database path to: /home/truongthinh/.stmcufinder/plugins/mcufinder//mcu/
2025-08-18 07:40:51,620 [WARN] DbFile:41 - Overriding database path with different value: /home/truongthinh/.stmcufinder/plugins/mcufinder/ => /home/truongthinh/.stmcufinder/plugins/mcufinder
2025-08-18 07:40:51,620 [WARN] DbFile:41 - Overriding database path with different value: /home/truongthinh/.stmcufinder/plugins/mcufinder/ => /home/truongthinh/.stmcufinder/plugins/mcufinder
2025-08-18 07:40:51,620 [INFO] CrossReferenceDbSqlite:203 - Set database path to: /home/truongthinh/.stmcufinder/plugins/mcufinder//mcu/cs/
2025-08-18 07:40:51,681 [INFO] MainPanel:274 - HeapMemory: 268435456
2025-08-18 07:40:51,807 [INFO] DbMcusXml:78 - Set database path to: /opt/st/stm32cubeide_1.19.0/plugins/com.st.stm32cube.common.mx_6.15.0.202507011659//db//mcu/
2025-08-18 07:40:51,807 [INFO] ApiDb:274 - Set plugin database path to: /opt/st/stm32cubeide_1.19.0/plugins/com.st.stm32cube.common.mx_6.15.0.202507011659//db//plugins/boardmanager/
2025-08-18 07:40:51,807 [INFO] ApiDb:261 - Set plugin images path to: /opt/st/stm32cubeide_1.19.0/plugins/com.st.stm32cube.common.mx_6.15.0.202507011659//db//plugins/mcufinder/images/
2025-08-18 07:40:51,807 [WARN] DbFile:41 - Overriding database path with different value: /home/truongthinh/.stmcufinder/plugins/mcufinder/ => /home/truongthinh/.stmcufinder/plugins/mcufinder
2025-08-18 07:40:51,807 [INFO] ApiDb:250 - Set database path to: /home/truongthinh/.stmcufinder/plugins/mcufinder//mcu/
2025-08-18 07:40:51,807 [WARN] DbFile:41 - Overriding database path with different value: /home/truongthinh/.stmcufinder/plugins/mcufinder/ => /home/truongthinh/.stmcufinder/plugins/mcufinder
2025-08-18 07:40:51,807 [INFO] DbMcusAds:125 - Set database path to: /home/truongthinh/.stmcufinder/plugins/mcufinder//mcu/
2025-08-18 07:40:51,807 [WARN] DbFile:41 - Overriding database path with different value: /home/truongthinh/.stmcufinder/plugins/mcufinder/ => /home/truongthinh/.stmcufinder/plugins/mcufinder
2025-08-18 07:40:51,807 [WARN] DbFile:41 - Overriding database path with different value: /home/truongthinh/.stmcufinder/plugins/mcufinder/ => /home/truongthinh/.stmcufinder/plugins/mcufinder
2025-08-18 07:40:51,808 [INFO] CrossReferenceDbSqlite:203 - Set database path to: /home/truongthinh/.stmcufinder/plugins/mcufinder//mcu/cs/
2025-08-18 07:40:51,819 [INFO] ApplicationProperties:184 - Using Application install path: /opt/st/stm32cubeide_1.19.0/plugins/com.st.stm32cube.common.mx_6.15.0.202507011659
2025-08-18 07:40:51,820 [INFO] PluginManage:196 - Search for loadable plugins [exclusion list=, ]
2025-08-18 07:40:51,821 [INFO] PluginManage:310 - Check plugin analytics
2025-08-18 07:40:51,960 [INFO] AnalyticsPlugin:253 - Accepted Software Licenses: 
2025-08-18 07:40:51,961 [INFO] AnalyticsPlugin:255 - Accepted CMSIS Pack Licenses: 
2025-08-18 07:40:51,961 [INFO] AnalyticsPlugin:257 - Accepted Firmware Licenses: FW.F4.1.28.0
2025-08-18 07:40:51,963 [INFO] PluginManage:359 - Loaded plugin analytics (category:tool,tabindex:-1)
2025-08-18 07:40:51,963 [INFO] PluginManage:310 - Check plugin cadmodel
2025-08-18 07:40:51,968 [INFO] CADModel:105 - Init CAD model plugin
2025-08-18 07:40:51,969 [INFO] PluginManage:359 - Loaded plugin cadmodel (category:power,tabindex:5)
2025-08-18 07:40:51,969 [INFO] PluginManage:310 - Check plugin clock
2025-08-18 07:40:51,979 [INFO] PluginManage:359 - Loaded plugin clock (category:base,tabindex:2)
2025-08-18 07:40:51,980 [INFO] PluginManage:310 - Check plugin ddr
2025-08-18 07:40:51,983 [INFO] PluginManage:359 - Loaded plugin ddr (category:tool,tabindex:6)
2025-08-18 07:40:51,983 [INFO] PluginManage:310 - Check plugin filemanager
2025-08-18 07:40:52,104 [INFO] PluginManage:359 - Loaded plugin filemanager (category:base,tabindex:10)
2025-08-18 07:40:52,104 [INFO] PluginManage:310 - Check plugin ipmanager
2025-08-18 07:40:52,109 [INFO] PluginManage:359 - Loaded plugin ipmanager (category:base,tabindex:5)
2025-08-18 07:40:52,109 [INFO] PluginManage:310 - Check plugin lpbam
2025-08-18 07:40:52,117 [INFO] PluginManage:359 - Loaded plugin lpbam (category:base,tabindex:0)
2025-08-18 07:40:52,117 [INFO] PluginManage:310 - Check plugin memorymap
2025-08-18 07:40:52,128 [INFO] PluginManage:359 - Loaded plugin memorymap (category:base,tabindex:4)
2025-08-18 07:40:52,128 [INFO] PluginManage:310 - Check plugin pinoutandconfiguration
2025-08-18 07:40:52,136 [INFO] PluginManage:359 - Loaded plugin pinoutandconfiguration (category:base,tabindex:1)
2025-08-18 07:40:52,137 [INFO] PluginManage:310 - Check plugin pinoutconfig
2025-08-18 07:40:52,207 [WARN] SupportedApi:132 - Cannot load RTOS API schema: s4s-elt-must-match.1: The content of 'definitions' must match (annotation?, (simpleType | complexType)?, (unique | key | keyref)*)). A problem was found starting at: attribute.
2025-08-18 07:40:52,307 [INFO] PluginManage:359 - Loaded plugin pinoutconfig (category:base,tabindex:0)
2025-08-18 07:40:52,307 [INFO] PluginManage:310 - Check plugin power
2025-08-18 07:40:52,316 [INFO] PluginManage:359 - Loaded plugin power (category:power,tabindex:4)
2025-08-18 07:40:52,317 [INFO] PluginManage:310 - Check plugin projectmanager
2025-08-18 07:40:52,339 [INFO] PluginManage:359 - Loaded plugin projectmanager (category:projectmanager,tabindex:4)
2025-08-18 07:40:52,340 [INFO] PluginManage:310 - Check plugin rif
2025-08-18 07:40:52,349 [INFO] PluginManage:359 - Loaded plugin rif (category:base,tabindex:3)
2025-08-18 07:40:52,349 [INFO] PluginManage:310 - Check plugin thirdparty
2025-08-18 07:40:52,451 [WARN] IntegrityCheckThread:84 - waiting for thirdparty lock release [integrity check]
2025-08-18 07:40:52,452 [INFO] IntegrityCheckThread:86 - entering critical section [integrity check]
2025-08-18 07:40:52,452 [INFO] PluginManage:359 - Loaded plugin thirdparty (category:base,tabindex:-1)
2025-08-18 07:40:52,452 [INFO] ThirdPartyUpdaterWithRetryManager:70 - Updater plugin not ready yet. [1/15]
2025-08-18 07:40:52,452 [INFO] PluginManage:310 - Check plugin tools
2025-08-18 07:40:52,454 [INFO] PluginManage:359 - Loaded plugin tools (category:base,tabindex:7)
2025-08-18 07:40:52,454 [INFO] PluginManage:310 - Check plugin tutovideos
2025-08-18 07:40:52,609 [INFO] PluginManage:359 - Loaded plugin tutovideos (category:base,tabindex:-1)
2025-08-18 07:40:52,609 [INFO] PluginManage:310 - Check plugin updater
2025-08-18 07:40:52,626 [INFO] PluginManage:359 - Loaded plugin updater (category:base,tabindex:12)
2025-08-18 07:40:52,626 [INFO] PluginManage:310 - Check plugin userauth
2025-08-18 07:40:52,630 [INFO] UserAuth:118 - Init User Auth plugin
2025-08-18 07:40:52,631 [INFO] PluginManage:359 - Loaded plugin userauth (category:base,tabindex:14)
2025-08-18 07:40:52,631 [INFO] PluginManage:283 - PluginManage : Loaded plugins [18]
2025-08-18 07:40:52,789 [INFO] PinOutPanel:1589 - setPackage(No Configuration,No Configuration)
2025-08-18 07:40:52,869 [INFO] CADModel:165 - CPN selected for project level
2025-08-18 07:40:52,869 [INFO] CADModel:114 - Register for checkConnection events
2025-08-18 07:40:52,886 [INFO] IPUIPlugin:80 - create IPUIPlugin
2025-08-18 07:40:52,887 [INFO] PluginManager:220 - loadIPPluginJar : add tim
2025-08-18 07:40:52,895 [INFO] IPUIPlugin:80 - create IPUIPlugin
2025-08-18 07:40:52,895 [INFO] PluginManager:220 - loadIPPluginJar : add ipddr
2025-08-18 07:40:52,902 [INFO] IPUIPlugin:80 - create IPUIPlugin
2025-08-18 07:40:52,902 [INFO] PluginManager:220 - loadIPPluginJar : add adc
2025-08-18 07:40:52,904 [INFO] IPUIPlugin:80 - create IPUIPlugin
2025-08-18 07:40:52,904 [INFO] PluginManager:220 - loadIPPluginJar : add quadspi
2025-08-18 07:40:52,906 [INFO] IPUIPlugin:80 - create IPUIPlugin
2025-08-18 07:40:52,906 [INFO] PluginManager:220 - loadIPPluginJar : add i2s
2025-08-18 07:40:52,908 [INFO] IPUIPlugin:80 - create IPUIPlugin
2025-08-18 07:40:52,908 [INFO] PluginManager:220 - loadIPPluginJar : add gfxmmu
2025-08-18 07:40:52,910 [INFO] IPUIPlugin:80 - create IPUIPlugin
2025-08-18 07:40:52,910 [INFO] PluginManager:220 - loadIPPluginJar : add ltdc
2025-08-18 07:40:52,917 [INFO] IPUIPlugin:80 - create IPUIPlugin
2025-08-18 07:40:52,917 [INFO] PluginManager:220 - loadIPPluginJar : add gpio
2025-08-18 07:40:52,920 [INFO] IPUIPlugin:80 - create IPUIPlugin
2025-08-18 07:40:52,920 [INFO] PluginManager:220 - loadIPPluginJar : add cryp
2025-08-18 07:40:52,922 [INFO] IPUIPlugin:80 - create IPUIPlugin
2025-08-18 07:40:52,922 [INFO] PluginManager:220 - loadIPPluginJar : add fatfs
2025-08-18 07:40:52,926 [INFO] IPUIPlugin:80 - create IPUIPlugin
2025-08-18 07:40:52,926 [INFO] PluginManager:220 - loadIPPluginJar : add pdm2pcm
2025-08-18 07:40:52,927 [INFO] IPUIPlugin:80 - create IPUIPlugin
2025-08-18 07:40:52,927 [INFO] PluginManager:220 - loadIPPluginJar : add genericplugin
2025-08-18 07:40:52,933 [INFO] IPUIPlugin:80 - create IPUIPlugin
2025-08-18 07:40:52,933 [INFO] PluginManager:220 - loadIPPluginJar : add nvic
2025-08-18 07:40:52,937 [INFO] IPUIPlugin:80 - create IPUIPlugin
2025-08-18 07:40:52,937 [INFO] PluginManager:220 - loadIPPluginJar : add usbx
2025-08-18 07:40:52,940 [INFO] IPUIPlugin:80 - create IPUIPlugin
2025-08-18 07:40:52,940 [INFO] PluginManager:220 - loadIPPluginJar : add gtzc
2025-08-18 07:40:52,943 [INFO] IPUIPlugin:80 - create IPUIPlugin
2025-08-18 07:40:52,944 [INFO] PluginManager:220 - loadIPPluginJar : add radio
2025-08-18 07:40:52,947 [INFO] IPUIPlugin:80 - create IPUIPlugin
2025-08-18 07:40:52,948 [INFO] PluginManager:220 - loadIPPluginJar : add i2c
2025-08-18 07:40:52,950 [INFO] IPUIPlugin:80 - create IPUIPlugin
2025-08-18 07:40:52,950 [INFO] PluginManager:220 - loadIPPluginJar : add tsc
2025-08-18 07:40:52,955 [INFO] IPUIPlugin:80 - create IPUIPlugin
2025-08-18 07:40:52,956 [INFO] PluginManager:220 - loadIPPluginJar : add dma
2025-08-18 07:40:52,958 [INFO] IPUIPlugin:80 - create IPUIPlugin
2025-08-18 07:40:52,958 [INFO] PluginManager:220 - loadIPPluginJar : add tracer_emb
2025-08-18 07:40:52,966 [INFO] IPUIPlugin:80 - create IPUIPlugin
2025-08-18 07:40:52,966 [INFO] PluginManager:220 - loadIPPluginJar : add stm32_wpan
2025-08-18 07:40:52,969 [INFO] IPUIPlugin:80 - create IPUIPlugin
2025-08-18 07:40:52,969 [INFO] PluginManager:220 - loadIPPluginJar : add touchsensing
2025-08-18 07:40:52,973 [INFO] IPUIPlugin:80 - create IPUIPlugin
2025-08-18 07:40:52,973 [INFO] PluginManager:220 - loadIPPluginJar : add resmgrutility
2025-08-18 07:40:52,979 [INFO] IPUIPlugin:80 - create IPUIPlugin
2025-08-18 07:40:52,979 [INFO] PluginManager:220 - loadIPPluginJar : add gic
2025-08-18 07:40:52,981 [INFO] IPUIPlugin:80 - create IPUIPlugin
2025-08-18 07:40:52,981 [INFO] PluginManager:220 - loadIPPluginJar : add ucpd
2025-08-18 07:40:52,987 [INFO] IPUIPlugin:80 - create IPUIPlugin
2025-08-18 07:40:52,987 [INFO] PluginManager:220 - loadIPPluginJar : add mdma
2025-08-18 07:40:52,993 [INFO] IPUIPlugin:80 - create IPUIPlugin
2025-08-18 07:40:52,993 [INFO] PluginManager:220 - loadIPPluginJar : add freertos
2025-08-18 07:40:52,995 [INFO] IPUIPlugin:80 - create IPUIPlugin
2025-08-18 07:40:52,995 [INFO] PluginManager:220 - loadIPPluginJar : add dma3
2025-08-18 07:40:52,997 [INFO] IPUIPlugin:80 - create IPUIPlugin
2025-08-18 07:40:52,997 [INFO] PluginManager:220 - loadIPPluginJar : add ts
2025-08-18 07:40:53,001 [INFO] IPUIPlugin:80 - create IPUIPlugin
2025-08-18 07:40:53,001 [INFO] PluginManager:220 - loadIPPluginJar : add fmc
2025-08-18 07:40:53,003 [INFO] IPUIPlugin:80 - create IPUIPlugin
2025-08-18 07:40:53,003 [INFO] PluginManager:220 - loadIPPluginJar : add aes
2025-08-18 07:40:53,005 [INFO] IPUIPlugin:80 - create IPUIPlugin
2025-08-18 07:40:53,005 [INFO] PluginManager:220 - loadIPPluginJar : add opamp
2025-08-18 07:40:53,008 [INFO] IPUIPlugin:80 - create IPUIPlugin
2025-08-18 07:40:53,008 [INFO] PluginManager:220 - loadIPPluginJar : add extmemmanager
2025-08-18 07:40:53,011 [INFO] IPUIPlugin:80 - create IPUIPlugin
2025-08-18 07:40:53,011 [INFO] PluginManager:220 - loadIPPluginJar : add ddr_ctrl_phy
2025-08-18 07:40:53,013 [INFO] IPUIPlugin:80 - create IPUIPlugin
2025-08-18 07:40:53,013 [INFO] PluginManager:220 - loadIPPluginJar : add lorawan
2025-08-18 07:40:53,016 [INFO] IPUIPlugin:80 - create IPUIPlugin
2025-08-18 07:40:53,016 [INFO] PluginManager:220 - loadIPPluginJar : add usart
2025-08-18 07:40:53,023 [INFO] IPUIPlugin:80 - create IPUIPlugin
2025-08-18 07:40:53,025 [INFO] PluginManager:220 - loadIPPluginJar : add plateformsettings
2025-08-18 07:40:53,027 [INFO] IPUIPlugin:80 - create IPUIPlugin
2025-08-18 07:40:53,028 [INFO] PluginManager:220 - loadIPPluginJar : add dfsdm
2025-08-18 07:40:53,030 [INFO] IPUIPlugin:80 - create IPUIPlugin
2025-08-18 07:40:53,030 [INFO] PluginManager:220 - loadIPPluginJar : add openamp
2025-08-18 07:40:53,031 [INFO] IPUIPlugin:80 - create IPUIPlugin
2025-08-18 07:40:53,031 [INFO] PluginManager:220 - loadIPPluginJar : add comp
2025-08-18 07:40:53,037 [INFO] IPUIPlugin:80 - create IPUIPlugin
2025-08-18 07:40:53,037 [INFO] PluginManager:220 - loadIPPluginJar : add linkedlist
2025-08-18 07:40:53,039 [INFO] IPUIPlugin:80 - create IPUIPlugin
2025-08-18 07:40:53,039 [INFO] PluginManager:220 - loadIPPluginJar : add i3c
2025-08-18 07:40:53,042 [INFO] IPUIPlugin:80 - create IPUIPlugin
2025-08-18 07:40:53,042 [INFO] PluginManager:220 - loadIPPluginJar : add hash
2025-08-18 07:40:53,045 [INFO] IPUIPlugin:80 - create IPUIPlugin
2025-08-18 07:40:53,045 [INFO] PluginManager:220 - loadIPPluginJar : add can
2025-08-18 07:40:53,049 [INFO] IPUIPlugin:80 - create IPUIPlugin
2025-08-18 07:40:53,049 [INFO] PluginManager:220 - loadIPPluginJar : add sai
2025-08-18 07:40:53,052 [INFO] IPUIPlugin:80 - create IPUIPlugin
2025-08-18 07:40:53,052 [INFO] PluginManager:220 - loadIPPluginJar : add spi
2025-08-18 07:40:53,155 [FATAL] Updater:351 - Updater called before beeing initialized
2025-08-18 07:40:53,187 [INFO] RulesReader:64 - Compatibility file has been processed (317 Rules)
2025-08-18 07:40:53,199 [INFO] RulesReader:64 - Compatibility file has been processed (317 Rules)
2025-08-18 07:40:53,206 [INFO] CADModel:165 - CPN selected for project level
2025-08-18 07:40:53,207 [INFO] CADModel:114 - Register for checkConnection events
2025-08-18 07:40:53,207 [FATAL] Updater:351 - Updater called before beeing initialized
2025-08-18 07:40:53,207 [ERROR] CADModel:125 - Updater not yet initialized, retry later 
2025-08-18 07:40:53,358 [FATAL] Updater:351 - Updater called before beeing initialized
2025-08-18 07:40:53,361 [INFO] CADModel:165 - CPN selected for project level
2025-08-18 07:40:53,361 [INFO] CADModel:114 - Register for checkConnection events
2025-08-18 07:40:53,361 [FATAL] Updater:351 - Updater called before beeing initialized
2025-08-18 07:40:53,361 [ERROR] CADModel:125 - Updater not yet initialized, retry later 
2025-08-18 07:40:53,364 [FATAL] Updater:351 - Updater called before beeing initialized
2025-08-18 07:40:53,469 [FATAL] Updater:351 - Updater called before beeing initialized
2025-08-18 07:40:53,473 [INFO] DbMcusAds:53 - JSON generation date=Tue Jul 08 15:14:23 ICT 2025 (1751962463582)
2025-08-18 07:40:53,473 [FATAL] Updater:351 - Updater called before beeing initialized
2025-08-18 07:40:53,517 [WARN] DetailPanel:346 - Failed to get advertising image, set to default
2025-08-18 07:40:53,576 [FATAL] Updater:351 - Updater called before beeing initialized
2025-08-18 07:40:53,579 [FATAL] Updater:351 - Updater called before beeing initialized
2025-08-18 07:40:53,579 [FATAL] Updater:351 - Updater called before beeing initialized
2025-08-18 07:40:53,579 [WARN] DetailPanel:346 - Failed to get advertising image, set to default
2025-08-18 07:40:53,580 [FATAL] Updater:351 - Updater called before beeing initialized
2025-08-18 07:40:53,620 [ERROR] Updater:1198 - MainUpdater not yet initialized. External WinMGr cannot be set.
2025-08-18 07:40:53,623 [INFO] Updater:1134 - Updater Version found : 6.15.0
2025-08-18 07:40:53,649 [INFO] ApplicationProperties:184 - Using Application install path: /opt/st/stm32cubeide_1.19.0/plugins/com.st.stm32cube.common.mx_6.15.0.202507011659
2025-08-18 07:40:53,939 [INFO] MainUpdater:2872 - connection check result : 10
2025-08-18 07:40:53,940 [INFO] MainUpdater:289 - Updater Check For Update Now.
2025-08-18 07:40:53,940 [INFO] MicroXplorer:498 - Change Database Version : DB.6.0.150
2025-08-18 07:40:53,948 [INFO] McuFinderGlobals:63 - Set McuFinder mode to 2 (CubeIDE integrated)
2025-08-18 07:40:53,951 [INFO] UserAuth:487 - Internet connection configuration mode: 1
2025-08-18 07:40:53,996 [INFO] JxBrowserEngine:152 - Initiate JxBrowser Engine with user profile folder
2025-08-18 07:40:54,194 [INFO] CheckServerUpdateThread:120 - End of CheckServer Thread
2025-08-18 07:40:55,549 [INFO] WebApp:169 - Instantiating new browser for Auth
2025-08-18 07:40:55,733 [WARN] PackLoader:240 - Cannot read IP mode file for STMicroelectronics.FP-SNS-MOTENVWB1.1.4.0
2025-08-18 07:40:55,741 [WARN] PackLoader:240 - Cannot read IP mode file for STMicroelectronics.FP-ATR-ASTRA1.2.0.2
2025-08-18 07:40:55,747 [WARN] PackLoader:240 - Cannot read IP mode file for STMicroelectronics.X-CUBE-SMBUS.2.1.0
2025-08-18 07:40:55,751 [WARN] PackLoader:240 - Cannot read IP mode file for STMicroelectronics.X-CUBE-ST60.1.0.0
2025-08-18 07:40:55,785 [WARN] PackLoader:240 - Cannot read IP mode file for STMicroelectronics.X-CUBE-AZRTOS-F7.1.1.0
2025-08-18 07:40:55,817 [WARN] PackLoader:240 - Cannot read IP mode file for Infineon.AIROC-Wi-Fi-Bluetooth-STM32.1.7.1
2025-08-18 07:40:55,875 [WARN] PackLoader:240 - Cannot read IP mode file for STMicroelectronics.X-CUBE-AZRTOS-H7.3.4.0
2025-08-18 07:40:55,903 [WARN] PackLoader:240 - Cannot read IP mode file for STMicroelectronics.X-CUBE-DISPLAY.3.0.0
2025-08-18 07:40:55,927 [WARN] PackLoader:240 - Cannot read IP mode file for STMicroelectronics.X-CUBE-NFC10.1.0.0
2025-08-18 07:40:55,934 [WARN] PackLoader:240 - Cannot read IP mode file for emotas.I-CUBE-CANOPEN.1.3.0
2025-08-18 07:40:55,946 [WARN] PackLoader:240 - Cannot read IP mode file for STMicroelectronics.FP-SNS-STBOX1.2.1.0
2025-08-18 07:40:55,952 [WARN] PackLoader:240 - Cannot read IP mode file for STMicroelectronics.FP-SNS-SMARTAG2.1.2.0
2025-08-18 07:40:55,965 [WARN] PackLoader:240 - Cannot read IP mode file for STMicroelectronics.FP-SNS-FLIGHT1.5.1.0
2025-08-18 07:40:55,998 [INFO] LogOutputStream:77 - [STDOUT_REDIRECT] 1 : Invalid condition id : UX_CORESTACK_Condition cause : null
2025-08-18 07:40:56,000 [INFO] LogOutputStream:77 - [STDOUT_REDIRECT] 1 : Invalid condition id : UX_CORESTACK_Condition cause : null
2025-08-18 07:40:56,000 [INFO] LogOutputStream:77 - [STDOUT_REDIRECT] 1 : Invalid condition id : UX_CORESTACK_Condition cause : null
2025-08-18 07:40:56,002 [INFO] LogOutputStream:77 - [STDOUT_REDIRECT] 1 : Invalid condition id : UX_CORESTACK_Condition cause : null
2025-08-18 07:40:56,002 [INFO] LogOutputStream:77 - [STDOUT_REDIRECT] 1 : Invalid condition id : UX_CORESTACK_Condition cause : null
2025-08-18 07:40:56,017 [WARN] PackLoader:240 - Cannot read IP mode file for STMicroelectronics.X-CUBE-AZRTOS-WL.2.0.0
2025-08-18 07:40:56,028 [WARN] PackLoader:240 - Cannot read IP mode file for STMicroelectronics.FP-SNS-MOTENV1.5.0.0
2025-08-18 07:40:56,044 [WARN] PackLoader:240 - Cannot read IP mode file for WES.I-CUBE-Cesium.1.3.0
2025-08-18 07:40:56,057 [WARN] PackLoader:240 - Cannot read IP mode file for STMicroelectronics.X-CUBE-BLE2.3.3.0
2025-08-18 07:40:56,062 [WARN] PackLoader:240 - Cannot read IP mode file for STMicroelectronics.X-CUBE-NFC9.1.0.0
2025-08-18 07:40:56,068 [WARN] PackLoader:240 - Cannot read IP mode file for wolfSSL.I-CUBE-wolfSSL.5.8.2
2025-08-18 07:40:56,071 [WARN] PackLoader:240 - Cannot read IP mode file for STMicroelectronics.X-CUBE-BLE1.7.1.0
2025-08-18 07:40:56,076 [WARN] PackLoader:240 - Cannot read IP mode file for wolfSSL.I-CUBE-wolfMQTT.1.19.2
2025-08-18 07:40:56,081 [WARN] PackLoader:240 - Cannot read IP mode file for STMicroelectronics.X-CUBE-EEPRMA1.5.2.0
2025-08-18 07:40:56,086 [WARN] PackLoader:240 - Cannot read IP mode file for STMicroelectronics.X-CUBE-AI.10.1.0
2025-08-18 07:40:56,104 [WARN] PackLoader:240 - Cannot read IP mode file for STMicroelectronics.X-CUBE-AZRTOS-G0.1.1.0
2025-08-18 07:40:56,110 [WARN] PackLoader:240 - Cannot read IP mode file for STMicroelectronics.X-CUBE-SAFEA1.1.2.2
2025-08-18 07:40:56,115 [WARN] PackLoader:240 - Cannot read IP mode file for STMicroelectronics.X-CUBE-NFC4.3.0.0
2025-08-18 07:40:56,121 [WARN] PackLoader:240 - Cannot read IP mode file for EmbeddedOffice.I-CUBE-FS-RTOS.1.0.1
2025-08-18 07:40:56,125 [WARN] PackLoader:240 - Cannot read IP mode file for STMicroelectronics.X-CUBE-WB05N.2.0.0
2025-08-18 07:40:56,128 [WARN] PackLoader:240 - Cannot read IP mode file for wolfSSL.I-CUBE-wolfTPM.3.8.0
2025-08-18 07:40:56,132 [WARN] PackLoader:240 - Cannot read IP mode file for STMicroelectronics.X-CUBE-TCPP.4.2.0
2025-08-18 07:40:56,138 [WARN] PackLoader:240 - Cannot read IP mode file for RealThread.X-CUBE-RT-Thread_Nano.4.1.1
2025-08-18 07:40:56,140 [WARN] PackLoader:240 - Cannot read IP mode file for STMicroelectronics.FP-ATR-SIGFOX1.3.2.0
2025-08-18 07:40:56,144 [WARN] PackLoader:240 - Cannot read IP mode file for ITTIA_DB.I-CUBE-ITTIADB.8.9.0
2025-08-18 07:40:56,148 [WARN] PackLoader:240 - Cannot read IP mode file for STMicroelectronics.X-CUBE-ST67W61.1.0.0
2025-08-18 07:40:56,152 [WARN] PackLoader:240 - Cannot read IP mode file for STMicroelectronics.X-CUBE-AI.10.2.0
2025-08-18 07:40:56,186 [WARN] PackLoader:240 - Cannot read IP mode file for SEGGER.I-CUBE-embOS.1.3.1
2025-08-18 07:40:56,237 [WARN] PackLoader:240 - Cannot read IP mode file for STMicroelectronics.X-CUBE-ALGOBUILD.1.4.0
2025-08-18 07:40:56,285 [WARN] PackLoader:240 - Cannot read IP mode file for STMicroelectronics.X-CUBE-MEMS1.11.3.0
2025-08-18 07:40:56,452 [WARN] PackLoader:240 - Cannot read IP mode file for STMicroelectronics.X-CUBE-PM33A1.1.0.0
2025-08-18 07:40:56,468 [WARN] PackLoader:240 - Cannot read IP mode file for STMicroelectronics.X-CUBE-AZRTOS-F4.1.1.0
2025-08-18 07:40:56,472 [WARN] PackLoader:240 - Cannot read IP mode file for Avnet-IotConnect.X-CUBE-IoTC-DA16k-PMOD.1.0.0
2025-08-18 07:40:56,475 [WARN] PackLoader:240 - Cannot read IP mode file for STMicroelectronics.X-CUBE-ISPU.2.1.0
2025-08-18 07:40:56,481 [WARN] PackLoader:240 - Cannot read IP mode file for STMicroelectronics.X-CUBE-NFC12.1.0.0
2025-08-18 07:40:56,496 [WARN] PackLoader:240 - Cannot read IP mode file for STMicroelectronics.X-CUBE-AZRTOS-L5.2.0.0
2025-08-18 07:40:56,506 [WARN] PackLoader:240 - Cannot read IP mode file for STMicroelectronics.X-CUBE-NFC6.3.1.0
2025-08-18 07:40:56,512 [WARN] PackLoader:240 - Cannot read IP mode file for STMicroelectronics.X-CUBE-FREERTOS.1.3.1
2025-08-18 07:40:56,517 [WARN] PackLoader:240 - Cannot read IP mode file for STMicroelectronics.FP-SNS-STAIOTCFT.1.0.0
2025-08-18 07:40:56,521 [WARN] PackLoader:240 - Cannot read IP mode file for STMicroelectronics.X-CUBE-DPower.1.3.0
2025-08-18 07:40:56,542 [WARN] ConditionMgr:438 - getConditionDescription Invalid condition id : LAN8742 Phy interface Condition cause : null
2025-08-18 07:40:56,543 [WARN] PackLoader:240 - Cannot read IP mode file for STMicroelectronics.X-CUBE-AZRTOS-L4.2.0.0
2025-08-18 07:40:56,544 [WARN] ConditionMgr:1044 - genDependencies : Invalid condition id : LAN8742 Phy interface Condition cause : null
2025-08-18 07:40:56,545 [WARN] ConditionMgr:1044 - genDependencies : Invalid condition id : LAN8742 Phy interface Condition cause : null
2025-08-18 07:40:56,545 [WARN] ConditionMgr:1044 - genDependencies : Invalid condition id : LAN8742 Phy interface Condition cause : null
2025-08-18 07:40:56,552 [WARN] PackLoader:240 - Cannot read IP mode file for STMicroelectronics.X-CUBE-SFXS2LP1.4.0.0
2025-08-18 07:40:56,565 [WARN] PackLoader:240 - Cannot read IP mode file for STMicroelectronics.X-CUBE-BLEMGR.4.1.0
2025-08-18 07:40:56,598 [WARN] ConditionMgr:438 - getConditionDescription Invalid condition id : UX DEVICE CLASS RTOS Condition cause : null
2025-08-18 07:40:56,600 [WARN] ConditionMgr:438 - getConditionDescription Invalid condition id : UX DEVICE CLASS RTOS Condition cause : null
2025-08-18 07:40:56,603 [WARN] PackLoader:240 - Cannot read IP mode file for STMicroelectronics.X-CUBE-AZRTOS-WB.2.0.0
2025-08-18 07:40:56,603 [WARN] ConditionMgr:1044 - genDependencies : Invalid condition id : UX DEVICE CLASS RTOS Condition cause : null
2025-08-18 07:40:56,604 [WARN] ConditionMgr:1044 - genDependencies : Invalid condition id : UX DEVICE CLASS RTOS Condition cause : null
2025-08-18 07:40:56,604 [WARN] ConditionMgr:1044 - genDependencies : Invalid condition id : UX DEVICE CLASS RTOS Condition cause : null
2025-08-18 07:40:56,605 [WARN] ConditionMgr:1044 - genDependencies : Invalid condition id : UX DEVICE CLASS RTOS Condition cause : null
2025-08-18 07:40:56,605 [WARN] ConditionMgr:1044 - genDependencies : Invalid condition id : UX DEVICE CLASS RTOS Condition cause : null
2025-08-18 07:40:56,614 [WARN] PackLoader:240 - Cannot read IP mode file for STMicroelectronics.X-CUBE-GNSS1.7.0.1
2025-08-18 07:40:56,620 [WARN] PackLoader:240 - Cannot read IP mode file for STMicroelectronics.X-CUBE-TOUCHGFX.4.25.0
2025-08-18 07:40:56,629 [WARN] ConditionMgr:438 - getConditionDescription Invalid condition id : Cortex-A Device cause : null
2025-08-18 07:40:56,657 [WARN] ConditionMgr:1044 - genDependencies : Invalid condition id : Cortex-A Device cause : null
2025-08-18 07:40:56,657 [WARN] ConditionMgr:1044 - genDependencies : Invalid condition id : Cortex-A Device cause : null
2025-08-18 07:40:56,657 [WARN] ConditionMgr:1044 - genDependencies : Invalid condition id : Cortex-A Device cause : null
2025-08-18 07:40:56,673 [WARN] PackLoader:240 - Cannot read IP mode file for STMicroelectronics.X-CUBE-SUBG2.5.0.0
2025-08-18 07:40:56,711 [WARN] PackLoader:240 - Cannot read IP mode file for STMicroelectronics.X-CUBE-AZRTOS-H7RS.1.1.0
2025-08-18 07:40:56,717 [WARN] PackLoader:240 - Cannot read IP mode file for Cesanta.I-CUBE-Mongoose.7.13.0
2025-08-18 07:40:56,748 [WARN] PackLoader:240 - Cannot read IP mode file for STMicroelectronics.X-CUBE-AZRTOS-G4.2.0.0
2025-08-18 07:40:56,757 [WARN] PackLoader:240 - Cannot read IP mode file for wolfSSL.I-CUBE-wolfSSH.1.4.20
2025-08-18 07:40:56,780 [WARN] PackLoader:240 - Cannot read IP mode file for STMicroelectronics.X-CUBE-NFC7.2.0.0
2025-08-18 07:40:56,829 [WARN] PackLoader:240 - Cannot read IP mode file for STMicroelectronics.X-CUBE-IPS.3.1.0
2025-08-18 07:40:56,830 [INFO] WebApp:463 - Apply proxy settings
2025-08-18 07:40:56,830 [INFO] WebApp:548 - Chromium requires no authentication
2025-08-18 07:40:56,845 [WARN] PackLoader:240 - Cannot read IP mode file for STMicroelectronics.X-CUBE-ALS.1.0.2
2025-08-18 07:40:56,853 [WARN] PackLoader:240 - Cannot read IP mode file for portGmbH.I-Cube-SoM-uGOAL.1.1.0
2025-08-18 07:40:56,856 [INFO] WebApp:491 - Direct internet connection detected
2025-08-18 07:40:56,872 [WARN] PackLoader:240 - Cannot read IP mode file for STMicroelectronics.X-CUBE-TOF1.3.4.3
2025-08-18 07:40:56,885 [INFO] WebApp:900 - Register for checkConnection events
2025-08-18 07:40:56,885 [INFO] WebApp:463 - Apply proxy settings
2025-08-18 07:40:56,885 [INFO] WebApp:548 - Chromium requires no authentication
2025-08-18 07:40:56,886 [INFO] ThirdParty:978 - Integrity check success = true
2025-08-18 07:40:56,886 [INFO] IntegrityCheckThread:100 - exiting critical section [integrity check]
2025-08-18 07:40:56,886 [INFO] IntegrityCheckThread:103 - End integrity checks thread
2025-08-18 07:40:56,886 [INFO] WebApp:491 - Direct internet connection detected
2025-08-18 07:40:57,023 [INFO] WebApp:225 - Starting web application
2025-08-18 07:40:57,023 [INFO] WebApp:593 - Web application path used /opt/st/stm32cubeide_1.19.0/plugins/com.st.stm32cube.common.mx_6.15.0.202507011659/db/plugins/mcufinder/reactClient1/index.html
2025-08-18 07:40:57,112 [INFO] UserAuth:487 - Internet connection configuration mode: 1
2025-08-18 07:40:57,304 [INFO] WebApp:191 - Connection restablished
2025-08-18 07:48:13,047 [ERROR] LogOutputStream:75 - [STDERR_REDIRECT] SWT SessionManagerDBus: Failed to UnregisterClient: GDBus.Error:org.freedesktop.DBus.Error.NoReply: Message recipient disconnected from message bus without replying
2025-08-18 07:52:05,516 [INFO] Activator:176 - 


2025-08-18 07:52:05,518 [INFO] Activator:177 - !SESSION log4j initialized
2025-08-18 07:52:09,866 [INFO] LogOutputStream:77 - [STDOUT_REDIRECT] 
2025-08-18 07:52:10,584 [INFO] ApplicationProperties:184 - Using Application install path: /opt/st/stm32cubeide_1.19.0/plugins/com.st.stm32cube.common.mx_6.15.0.202507011659
2025-08-18 07:52:10,599 [INFO] DbMcusXml:78 - Set database path to: /opt/st/stm32cubeide_1.19.0/plugins/com.st.stm32cube.common.mx_6.15.0.202507011659//db//mcu/
2025-08-18 07:52:10,600 [INFO] ApiDb:274 - Set plugin database path to: /opt/st/stm32cubeide_1.19.0/plugins/com.st.stm32cube.common.mx_6.15.0.202507011659//db//plugins/boardmanager/
2025-08-18 07:52:10,600 [WARN] ApiDb:259 - Overriding images path with different value:  => /opt/st/stm32cubeide_1.19.0/plugins/com.st.stm32cube.common.mx_6.15.0.202507011659//db//plugins/mcufinder/images/
2025-08-18 07:52:10,608 [INFO] ApiDb:250 - Set database path to: /home/truongthinh/.stmcufinder/plugins/mcufinder//mcu/
2025-08-18 07:52:10,610 [INFO] DbMcusAds:125 - Set database path to: /home/truongthinh/.stmcufinder/plugins/mcufinder//mcu/
2025-08-18 07:52:10,612 [INFO] CrossReferenceDbSqlite:203 - Set database path to: /home/truongthinh/.stmcufinder/plugins/mcufinder//mcu/cs/
2025-08-18 07:52:10,710 [INFO] RulesReader:64 - Compatibility file has been processed (317 Rules)
2025-08-18 07:52:10,764 [INFO] DbMcusXml:78 - Set database path to: /opt/st/stm32cubeide_1.19.0/plugins/com.st.stm32cube.common.mx_6.15.0.202507011659//db//mcu/
2025-08-18 07:52:10,764 [INFO] ApiDb:274 - Set plugin database path to: /opt/st/stm32cubeide_1.19.0/plugins/com.st.stm32cube.common.mx_6.15.0.202507011659//db//plugins/boardmanager/
2025-08-18 07:52:10,764 [INFO] ApiDb:261 - Set plugin images path to: /opt/st/stm32cubeide_1.19.0/plugins/com.st.stm32cube.common.mx_6.15.0.202507011659//db//plugins/mcufinder/images/
2025-08-18 07:52:10,764 [WARN] DbFile:41 - Overriding database path with different value: /home/truongthinh/.stmcufinder/plugins/mcufinder/ => /home/truongthinh/.stmcufinder/plugins/mcufinder
2025-08-18 07:52:10,764 [INFO] ApiDb:250 - Set database path to: /home/truongthinh/.stmcufinder/plugins/mcufinder//mcu/
2025-08-18 07:52:10,764 [WARN] DbFile:41 - Overriding database path with different value: /home/truongthinh/.stmcufinder/plugins/mcufinder/ => /home/truongthinh/.stmcufinder/plugins/mcufinder
2025-08-18 07:52:10,764 [INFO] DbMcusAds:125 - Set database path to: /home/truongthinh/.stmcufinder/plugins/mcufinder//mcu/
2025-08-18 07:52:10,764 [WARN] DbFile:41 - Overriding database path with different value: /home/truongthinh/.stmcufinder/plugins/mcufinder/ => /home/truongthinh/.stmcufinder/plugins/mcufinder
2025-08-18 07:52:10,764 [WARN] DbFile:41 - Overriding database path with different value: /home/truongthinh/.stmcufinder/plugins/mcufinder/ => /home/truongthinh/.stmcufinder/plugins/mcufinder
2025-08-18 07:52:10,765 [INFO] CrossReferenceDbSqlite:203 - Set database path to: /home/truongthinh/.stmcufinder/plugins/mcufinder//mcu/cs/
2025-08-18 07:52:10,823 [INFO] MainPanel:274 - HeapMemory: 268435456
2025-08-18 07:52:10,948 [INFO] DbMcusXml:78 - Set database path to: /opt/st/stm32cubeide_1.19.0/plugins/com.st.stm32cube.common.mx_6.15.0.202507011659//db//mcu/
2025-08-18 07:52:10,948 [INFO] ApiDb:274 - Set plugin database path to: /opt/st/stm32cubeide_1.19.0/plugins/com.st.stm32cube.common.mx_6.15.0.202507011659//db//plugins/boardmanager/
2025-08-18 07:52:10,948 [INFO] ApiDb:261 - Set plugin images path to: /opt/st/stm32cubeide_1.19.0/plugins/com.st.stm32cube.common.mx_6.15.0.202507011659//db//plugins/mcufinder/images/
2025-08-18 07:52:10,949 [WARN] DbFile:41 - Overriding database path with different value: /home/truongthinh/.stmcufinder/plugins/mcufinder/ => /home/truongthinh/.stmcufinder/plugins/mcufinder
2025-08-18 07:52:10,949 [INFO] ApiDb:250 - Set database path to: /home/truongthinh/.stmcufinder/plugins/mcufinder//mcu/
2025-08-18 07:52:10,949 [WARN] DbFile:41 - Overriding database path with different value: /home/truongthinh/.stmcufinder/plugins/mcufinder/ => /home/truongthinh/.stmcufinder/plugins/mcufinder
2025-08-18 07:52:10,949 [INFO] DbMcusAds:125 - Set database path to: /home/truongthinh/.stmcufinder/plugins/mcufinder//mcu/
2025-08-18 07:52:10,949 [WARN] DbFile:41 - Overriding database path with different value: /home/truongthinh/.stmcufinder/plugins/mcufinder/ => /home/truongthinh/.stmcufinder/plugins/mcufinder
2025-08-18 07:52:10,949 [WARN] DbFile:41 - Overriding database path with different value: /home/truongthinh/.stmcufinder/plugins/mcufinder/ => /home/truongthinh/.stmcufinder/plugins/mcufinder
2025-08-18 07:52:10,949 [INFO] CrossReferenceDbSqlite:203 - Set database path to: /home/truongthinh/.stmcufinder/plugins/mcufinder//mcu/cs/
2025-08-18 07:52:10,961 [INFO] ApplicationProperties:184 - Using Application install path: /opt/st/stm32cubeide_1.19.0/plugins/com.st.stm32cube.common.mx_6.15.0.202507011659
2025-08-18 07:52:10,963 [INFO] PluginManage:196 - Search for loadable plugins [exclusion list=, ]
2025-08-18 07:52:10,963 [INFO] PluginManage:310 - Check plugin analytics
2025-08-18 07:52:11,088 [INFO] AnalyticsPlugin:253 - Accepted Software Licenses: 
2025-08-18 07:52:11,088 [INFO] AnalyticsPlugin:255 - Accepted CMSIS Pack Licenses: 
2025-08-18 07:52:11,088 [INFO] AnalyticsPlugin:257 - Accepted Firmware Licenses: FW.F4.1.28.0
2025-08-18 07:52:11,090 [INFO] PluginManage:359 - Loaded plugin analytics (category:tool,tabindex:-1)
2025-08-18 07:52:11,090 [INFO] PluginManage:310 - Check plugin cadmodel
2025-08-18 07:52:11,095 [INFO] CADModel:105 - Init CAD model plugin
2025-08-18 07:52:11,095 [INFO] PluginManage:359 - Loaded plugin cadmodel (category:power,tabindex:5)
2025-08-18 07:52:11,095 [INFO] PluginManage:310 - Check plugin clock
2025-08-18 07:52:11,103 [INFO] PluginManage:359 - Loaded plugin clock (category:base,tabindex:2)
2025-08-18 07:52:11,103 [INFO] PluginManage:310 - Check plugin ddr
2025-08-18 07:52:11,105 [INFO] PluginManage:359 - Loaded plugin ddr (category:tool,tabindex:6)
2025-08-18 07:52:11,106 [INFO] PluginManage:310 - Check plugin filemanager
2025-08-18 07:52:11,222 [INFO] PluginManage:359 - Loaded plugin filemanager (category:base,tabindex:10)
2025-08-18 07:52:11,222 [INFO] PluginManage:310 - Check plugin ipmanager
2025-08-18 07:52:11,227 [INFO] PluginManage:359 - Loaded plugin ipmanager (category:base,tabindex:5)
2025-08-18 07:52:11,227 [INFO] PluginManage:310 - Check plugin lpbam
2025-08-18 07:52:11,236 [INFO] PluginManage:359 - Loaded plugin lpbam (category:base,tabindex:0)
2025-08-18 07:52:11,236 [INFO] PluginManage:310 - Check plugin memorymap
2025-08-18 07:52:11,247 [INFO] PluginManage:359 - Loaded plugin memorymap (category:base,tabindex:4)
2025-08-18 07:52:11,248 [INFO] PluginManage:310 - Check plugin pinoutandconfiguration
2025-08-18 07:52:11,257 [INFO] PluginManage:359 - Loaded plugin pinoutandconfiguration (category:base,tabindex:1)
2025-08-18 07:52:11,257 [INFO] PluginManage:310 - Check plugin pinoutconfig
2025-08-18 07:52:11,336 [WARN] SupportedApi:132 - Cannot load RTOS API schema: s4s-elt-must-match.1: The content of 'definitions' must match (annotation?, (simpleType | complexType)?, (unique | key | keyref)*)). A problem was found starting at: attribute.
2025-08-18 07:52:11,451 [INFO] PluginManage:359 - Loaded plugin pinoutconfig (category:base,tabindex:0)
2025-08-18 07:52:11,451 [INFO] PluginManage:310 - Check plugin power
2025-08-18 07:52:11,462 [INFO] PluginManage:359 - Loaded plugin power (category:power,tabindex:4)
2025-08-18 07:52:11,462 [INFO] PluginManage:310 - Check plugin projectmanager
2025-08-18 07:52:11,477 [INFO] PluginManage:359 - Loaded plugin projectmanager (category:projectmanager,tabindex:4)
2025-08-18 07:52:11,478 [INFO] PluginManage:310 - Check plugin rif
2025-08-18 07:52:11,486 [INFO] PluginManage:359 - Loaded plugin rif (category:base,tabindex:3)
2025-08-18 07:52:11,486 [INFO] PluginManage:310 - Check plugin thirdparty
2025-08-18 07:52:11,593 [INFO] PluginManage:359 - Loaded plugin thirdparty (category:base,tabindex:-1)
2025-08-18 07:52:11,593 [WARN] IntegrityCheckThread:84 - waiting for thirdparty lock release [integrity check]
2025-08-18 07:52:11,593 [INFO] PluginManage:310 - Check plugin tools
2025-08-18 07:52:11,593 [INFO] IntegrityCheckThread:86 - entering critical section [integrity check]
2025-08-18 07:52:11,593 [INFO] ThirdPartyUpdaterWithRetryManager:70 - Updater plugin not ready yet. [1/15]
2025-08-18 07:52:11,595 [INFO] PluginManage:359 - Loaded plugin tools (category:base,tabindex:7)
2025-08-18 07:52:11,595 [INFO] PluginManage:310 - Check plugin tutovideos
2025-08-18 07:52:11,763 [INFO] PluginManage:359 - Loaded plugin tutovideos (category:base,tabindex:-1)
2025-08-18 07:52:11,763 [INFO] PluginManage:310 - Check plugin updater
2025-08-18 07:52:11,785 [INFO] PluginManage:359 - Loaded plugin updater (category:base,tabindex:12)
2025-08-18 07:52:11,785 [INFO] PluginManage:310 - Check plugin userauth
2025-08-18 07:52:11,789 [INFO] UserAuth:118 - Init User Auth plugin
2025-08-18 07:52:11,790 [INFO] PluginManage:359 - Loaded plugin userauth (category:base,tabindex:14)
2025-08-18 07:52:11,790 [INFO] PluginManage:283 - PluginManage : Loaded plugins [18]
2025-08-18 07:52:11,933 [INFO] PinOutPanel:1589 - setPackage(No Configuration,No Configuration)
2025-08-18 07:52:11,991 [INFO] CADModel:165 - CPN selected for project level
2025-08-18 07:52:11,991 [INFO] CADModel:114 - Register for checkConnection events
2025-08-18 07:52:12,001 [INFO] IPUIPlugin:80 - create IPUIPlugin
2025-08-18 07:52:12,001 [INFO] PluginManager:220 - loadIPPluginJar : add tim
2025-08-18 07:52:12,007 [INFO] IPUIPlugin:80 - create IPUIPlugin
2025-08-18 07:52:12,007 [INFO] PluginManager:220 - loadIPPluginJar : add ipddr
2025-08-18 07:52:12,014 [INFO] IPUIPlugin:80 - create IPUIPlugin
2025-08-18 07:52:12,014 [INFO] PluginManager:220 - loadIPPluginJar : add adc
2025-08-18 07:52:12,016 [INFO] IPUIPlugin:80 - create IPUIPlugin
2025-08-18 07:52:12,016 [INFO] PluginManager:220 - loadIPPluginJar : add quadspi
2025-08-18 07:52:12,018 [INFO] IPUIPlugin:80 - create IPUIPlugin
2025-08-18 07:52:12,018 [INFO] PluginManager:220 - loadIPPluginJar : add i2s
2025-08-18 07:52:12,021 [INFO] IPUIPlugin:80 - create IPUIPlugin
2025-08-18 07:52:12,021 [INFO] PluginManager:220 - loadIPPluginJar : add gfxmmu
2025-08-18 07:52:12,022 [INFO] IPUIPlugin:80 - create IPUIPlugin
2025-08-18 07:52:12,022 [INFO] PluginManager:220 - loadIPPluginJar : add ltdc
2025-08-18 07:52:12,027 [INFO] IPUIPlugin:80 - create IPUIPlugin
2025-08-18 07:52:12,028 [INFO] PluginManager:220 - loadIPPluginJar : add gpio
2025-08-18 07:52:12,030 [INFO] IPUIPlugin:80 - create IPUIPlugin
2025-08-18 07:52:12,030 [INFO] PluginManager:220 - loadIPPluginJar : add cryp
2025-08-18 07:52:12,031 [INFO] IPUIPlugin:80 - create IPUIPlugin
2025-08-18 07:52:12,031 [INFO] PluginManager:220 - loadIPPluginJar : add fatfs
2025-08-18 07:52:12,034 [INFO] IPUIPlugin:80 - create IPUIPlugin
2025-08-18 07:52:12,034 [INFO] PluginManager:220 - loadIPPluginJar : add pdm2pcm
2025-08-18 07:52:12,035 [INFO] IPUIPlugin:80 - create IPUIPlugin
2025-08-18 07:52:12,036 [INFO] PluginManager:220 - loadIPPluginJar : add genericplugin
2025-08-18 07:52:12,040 [INFO] IPUIPlugin:80 - create IPUIPlugin
2025-08-18 07:52:12,040 [INFO] PluginManager:220 - loadIPPluginJar : add nvic
2025-08-18 07:52:12,043 [INFO] IPUIPlugin:80 - create IPUIPlugin
2025-08-18 07:52:12,043 [INFO] PluginManager:220 - loadIPPluginJar : add usbx
2025-08-18 07:52:12,046 [INFO] IPUIPlugin:80 - create IPUIPlugin
2025-08-18 07:52:12,046 [INFO] PluginManager:220 - loadIPPluginJar : add gtzc
2025-08-18 07:52:12,048 [INFO] IPUIPlugin:80 - create IPUIPlugin
2025-08-18 07:52:12,049 [INFO] PluginManager:220 - loadIPPluginJar : add radio
2025-08-18 07:52:12,051 [INFO] IPUIPlugin:80 - create IPUIPlugin
2025-08-18 07:52:12,051 [INFO] PluginManager:220 - loadIPPluginJar : add i2c
2025-08-18 07:52:12,052 [INFO] IPUIPlugin:80 - create IPUIPlugin
2025-08-18 07:52:12,052 [INFO] PluginManager:220 - loadIPPluginJar : add tsc
2025-08-18 07:52:12,058 [INFO] IPUIPlugin:80 - create IPUIPlugin
2025-08-18 07:52:12,058 [INFO] PluginManager:220 - loadIPPluginJar : add dma
2025-08-18 07:52:12,060 [INFO] IPUIPlugin:80 - create IPUIPlugin
2025-08-18 07:52:12,061 [INFO] PluginManager:220 - loadIPPluginJar : add tracer_emb
2025-08-18 07:52:12,067 [INFO] IPUIPlugin:80 - create IPUIPlugin
2025-08-18 07:52:12,067 [INFO] PluginManager:220 - loadIPPluginJar : add stm32_wpan
2025-08-18 07:52:12,070 [INFO] IPUIPlugin:80 - create IPUIPlugin
2025-08-18 07:52:12,071 [INFO] PluginManager:220 - loadIPPluginJar : add touchsensing
2025-08-18 07:52:12,074 [INFO] IPUIPlugin:80 - create IPUIPlugin
2025-08-18 07:52:12,075 [INFO] PluginManager:220 - loadIPPluginJar : add resmgrutility
2025-08-18 07:52:12,080 [INFO] IPUIPlugin:80 - create IPUIPlugin
2025-08-18 07:52:12,080 [INFO] PluginManager:220 - loadIPPluginJar : add gic
2025-08-18 07:52:12,082 [INFO] IPUIPlugin:80 - create IPUIPlugin
2025-08-18 07:52:12,082 [INFO] PluginManager:220 - loadIPPluginJar : add ucpd
2025-08-18 07:52:12,088 [INFO] IPUIPlugin:80 - create IPUIPlugin
2025-08-18 07:52:12,089 [INFO] PluginManager:220 - loadIPPluginJar : add mdma
2025-08-18 07:52:12,095 [INFO] IPUIPlugin:80 - create IPUIPlugin
2025-08-18 07:52:12,095 [INFO] PluginManager:220 - loadIPPluginJar : add freertos
2025-08-18 07:52:12,097 [INFO] IPUIPlugin:80 - create IPUIPlugin
2025-08-18 07:52:12,097 [INFO] PluginManager:220 - loadIPPluginJar : add dma3
2025-08-18 07:52:12,099 [INFO] IPUIPlugin:80 - create IPUIPlugin
2025-08-18 07:52:12,099 [INFO] PluginManager:220 - loadIPPluginJar : add ts
2025-08-18 07:52:12,103 [INFO] IPUIPlugin:80 - create IPUIPlugin
2025-08-18 07:52:12,103 [INFO] PluginManager:220 - loadIPPluginJar : add fmc
2025-08-18 07:52:12,106 [INFO] IPUIPlugin:80 - create IPUIPlugin
2025-08-18 07:52:12,106 [INFO] PluginManager:220 - loadIPPluginJar : add aes
2025-08-18 07:52:12,109 [INFO] IPUIPlugin:80 - create IPUIPlugin
2025-08-18 07:52:12,109 [INFO] PluginManager:220 - loadIPPluginJar : add opamp
2025-08-18 07:52:12,111 [INFO] IPUIPlugin:80 - create IPUIPlugin
2025-08-18 07:52:12,111 [INFO] PluginManager:220 - loadIPPluginJar : add extmemmanager
2025-08-18 07:52:12,114 [INFO] IPUIPlugin:80 - create IPUIPlugin
2025-08-18 07:52:12,114 [INFO] PluginManager:220 - loadIPPluginJar : add ddr_ctrl_phy
2025-08-18 07:52:12,116 [INFO] IPUIPlugin:80 - create IPUIPlugin
2025-08-18 07:52:12,117 [INFO] PluginManager:220 - loadIPPluginJar : add lorawan
2025-08-18 07:52:12,118 [INFO] IPUIPlugin:80 - create IPUIPlugin
2025-08-18 07:52:12,118 [INFO] PluginManager:220 - loadIPPluginJar : add usart
2025-08-18 07:52:12,124 [INFO] IPUIPlugin:80 - create IPUIPlugin
2025-08-18 07:52:12,126 [INFO] PluginManager:220 - loadIPPluginJar : add plateformsettings
2025-08-18 07:52:12,128 [INFO] IPUIPlugin:80 - create IPUIPlugin
2025-08-18 07:52:12,128 [INFO] PluginManager:220 - loadIPPluginJar : add dfsdm
2025-08-18 07:52:12,130 [INFO] IPUIPlugin:80 - create IPUIPlugin
2025-08-18 07:52:12,130 [INFO] PluginManager:220 - loadIPPluginJar : add openamp
2025-08-18 07:52:12,131 [INFO] IPUIPlugin:80 - create IPUIPlugin
2025-08-18 07:52:12,131 [INFO] PluginManager:220 - loadIPPluginJar : add comp
2025-08-18 07:52:12,136 [INFO] IPUIPlugin:80 - create IPUIPlugin
2025-08-18 07:52:12,136 [INFO] PluginManager:220 - loadIPPluginJar : add linkedlist
2025-08-18 07:52:12,138 [INFO] IPUIPlugin:80 - create IPUIPlugin
2025-08-18 07:52:12,138 [INFO] PluginManager:220 - loadIPPluginJar : add i3c
2025-08-18 07:52:12,139 [INFO] IPUIPlugin:80 - create IPUIPlugin
2025-08-18 07:52:12,140 [INFO] PluginManager:220 - loadIPPluginJar : add hash
2025-08-18 07:52:12,141 [INFO] IPUIPlugin:80 - create IPUIPlugin
2025-08-18 07:52:12,141 [INFO] PluginManager:220 - loadIPPluginJar : add can
2025-08-18 07:52:12,143 [INFO] IPUIPlugin:80 - create IPUIPlugin
2025-08-18 07:52:12,144 [INFO] PluginManager:220 - loadIPPluginJar : add sai
2025-08-18 07:52:12,145 [INFO] IPUIPlugin:80 - create IPUIPlugin
2025-08-18 07:52:12,145 [INFO] PluginManager:220 - loadIPPluginJar : add spi
2025-08-18 07:52:12,237 [FATAL] Updater:351 - Updater called before beeing initialized
2025-08-18 07:52:12,262 [INFO] RulesReader:64 - Compatibility file has been processed (317 Rules)
2025-08-18 07:52:12,273 [INFO] RulesReader:64 - Compatibility file has been processed (317 Rules)
2025-08-18 07:52:12,281 [INFO] CADModel:165 - CPN selected for project level
2025-08-18 07:52:12,281 [INFO] CADModel:114 - Register for checkConnection events
2025-08-18 07:52:12,281 [FATAL] Updater:351 - Updater called before beeing initialized
2025-08-18 07:52:12,281 [ERROR] CADModel:125 - Updater not yet initialized, retry later 
2025-08-18 07:52:12,398 [FATAL] Updater:351 - Updater called before beeing initialized
2025-08-18 07:52:12,400 [INFO] CADModel:165 - CPN selected for project level
2025-08-18 07:52:12,401 [INFO] CADModel:114 - Register for checkConnection events
2025-08-18 07:52:12,401 [FATAL] Updater:351 - Updater called before beeing initialized
2025-08-18 07:52:12,401 [ERROR] CADModel:125 - Updater not yet initialized, retry later 
2025-08-18 07:52:12,404 [FATAL] Updater:351 - Updater called before beeing initialized
2025-08-18 07:52:12,504 [FATAL] Updater:351 - Updater called before beeing initialized
2025-08-18 07:52:12,509 [INFO] DbMcusAds:53 - JSON generation date=Tue Jul 08 15:14:23 ICT 2025 (1751962463582)
2025-08-18 07:52:12,510 [FATAL] Updater:351 - Updater called before beeing initialized
2025-08-18 07:52:12,551 [WARN] DetailPanel:346 - Failed to get advertising image, set to default
2025-08-18 07:52:12,629 [FATAL] Updater:351 - Updater called before beeing initialized
2025-08-18 07:52:12,631 [FATAL] Updater:351 - Updater called before beeing initialized
2025-08-18 07:52:12,632 [FATAL] Updater:351 - Updater called before beeing initialized
2025-08-18 07:52:12,632 [WARN] DetailPanel:346 - Failed to get advertising image, set to default
2025-08-18 07:52:12,633 [FATAL] Updater:351 - Updater called before beeing initialized
2025-08-18 07:52:12,666 [ERROR] Updater:1198 - MainUpdater not yet initialized. External WinMGr cannot be set.
2025-08-18 07:52:12,668 [INFO] Updater:1134 - Updater Version found : 6.15.0
2025-08-18 07:52:12,693 [INFO] ApplicationProperties:184 - Using Application install path: /opt/st/stm32cubeide_1.19.0/plugins/com.st.stm32cube.common.mx_6.15.0.202507011659
2025-08-18 07:52:12,967 [INFO] MainUpdater:2872 - connection check result : 10
2025-08-18 07:52:12,969 [INFO] MainUpdater:289 - Updater Check For Update Now.
2025-08-18 07:52:12,970 [INFO] MicroXplorer:498 - Change Database Version : DB.6.0.150
2025-08-18 07:52:12,980 [INFO] McuFinderGlobals:63 - Set McuFinder mode to 2 (CubeIDE integrated)
2025-08-18 07:52:12,981 [INFO] UserAuth:487 - Internet connection configuration mode: 1
2025-08-18 07:52:13,022 [INFO] JxBrowserEngine:152 - Initiate JxBrowser Engine with user profile folder
2025-08-18 07:52:13,184 [INFO] CheckServerUpdateThread:120 - End of CheckServer Thread
2025-08-18 07:52:14,422 [INFO] WebApp:169 - Instantiating new browser for Auth
2025-08-18 07:52:14,818 [WARN] PackLoader:240 - Cannot read IP mode file for STMicroelectronics.FP-SNS-MOTENVWB1.1.4.0
2025-08-18 07:52:14,826 [WARN] PackLoader:240 - Cannot read IP mode file for STMicroelectronics.FP-ATR-ASTRA1.2.0.2
2025-08-18 07:52:14,832 [WARN] PackLoader:240 - Cannot read IP mode file for STMicroelectronics.X-CUBE-SMBUS.2.1.0
2025-08-18 07:52:14,836 [WARN] PackLoader:240 - Cannot read IP mode file for STMicroelectronics.X-CUBE-ST60.1.0.0
2025-08-18 07:52:14,872 [WARN] PackLoader:240 - Cannot read IP mode file for STMicroelectronics.X-CUBE-AZRTOS-F7.1.1.0
2025-08-18 07:52:14,939 [WARN] PackLoader:240 - Cannot read IP mode file for Infineon.AIROC-Wi-Fi-Bluetooth-STM32.1.7.1
2025-08-18 07:52:15,030 [WARN] PackLoader:240 - Cannot read IP mode file for STMicroelectronics.X-CUBE-AZRTOS-H7.3.4.0
2025-08-18 07:52:15,063 [WARN] PackLoader:240 - Cannot read IP mode file for STMicroelectronics.X-CUBE-DISPLAY.3.0.0
2025-08-18 07:52:15,082 [WARN] PackLoader:240 - Cannot read IP mode file for STMicroelectronics.X-CUBE-NFC10.1.0.0
2025-08-18 07:52:15,088 [WARN] PackLoader:240 - Cannot read IP mode file for emotas.I-CUBE-CANOPEN.1.3.0
2025-08-18 07:52:15,096 [WARN] PackLoader:240 - Cannot read IP mode file for STMicroelectronics.FP-SNS-STBOX1.2.1.0
2025-08-18 07:52:15,104 [WARN] PackLoader:240 - Cannot read IP mode file for STMicroelectronics.FP-SNS-SMARTAG2.1.2.0
2025-08-18 07:52:15,110 [WARN] PackLoader:240 - Cannot read IP mode file for STMicroelectronics.FP-SNS-FLIGHT1.5.1.0
2025-08-18 07:52:15,119 [INFO] LogOutputStream:77 - [STDOUT_REDIRECT] 1 : Invalid condition id : UX_CORESTACK_Condition cause : null
2025-08-18 07:52:15,121 [INFO] LogOutputStream:77 - [STDOUT_REDIRECT] 1 : Invalid condition id : UX_CORESTACK_Condition cause : null
2025-08-18 07:52:15,121 [INFO] LogOutputStream:77 - [STDOUT_REDIRECT] 1 : Invalid condition id : UX_CORESTACK_Condition cause : null
2025-08-18 07:52:15,122 [INFO] LogOutputStream:77 - [STDOUT_REDIRECT] 1 : Invalid condition id : UX_CORESTACK_Condition cause : null
2025-08-18 07:52:15,122 [INFO] LogOutputStream:77 - [STDOUT_REDIRECT] 1 : Invalid condition id : UX_CORESTACK_Condition cause : null
2025-08-18 07:52:15,126 [WARN] PackLoader:240 - Cannot read IP mode file for STMicroelectronics.X-CUBE-AZRTOS-WL.2.0.0
2025-08-18 07:52:15,131 [WARN] PackLoader:240 - Cannot read IP mode file for STMicroelectronics.FP-SNS-MOTENV1.5.0.0
2025-08-18 07:52:15,138 [WARN] PackLoader:240 - Cannot read IP mode file for WES.I-CUBE-Cesium.1.3.0
2025-08-18 07:52:15,144 [WARN] PackLoader:240 - Cannot read IP mode file for STMicroelectronics.X-CUBE-BLE2.3.3.0
2025-08-18 07:52:15,151 [WARN] PackLoader:240 - Cannot read IP mode file for STMicroelectronics.X-CUBE-NFC9.1.0.0
2025-08-18 07:52:15,158 [WARN] PackLoader:240 - Cannot read IP mode file for wolfSSL.I-CUBE-wolfSSL.5.8.2
2025-08-18 07:52:15,163 [WARN] PackLoader:240 - Cannot read IP mode file for STMicroelectronics.X-CUBE-BLE1.7.1.0
2025-08-18 07:52:15,167 [WARN] PackLoader:240 - Cannot read IP mode file for wolfSSL.I-CUBE-wolfMQTT.1.19.2
2025-08-18 07:52:15,175 [WARN] PackLoader:240 - Cannot read IP mode file for STMicroelectronics.X-CUBE-EEPRMA1.5.2.0
2025-08-18 07:52:15,185 [WARN] PackLoader:240 - Cannot read IP mode file for STMicroelectronics.X-CUBE-AI.10.1.0
2025-08-18 07:52:15,204 [WARN] PackLoader:240 - Cannot read IP mode file for STMicroelectronics.X-CUBE-AZRTOS-G0.1.1.0
2025-08-18 07:52:15,220 [WARN] PackLoader:240 - Cannot read IP mode file for STMicroelectronics.X-CUBE-SAFEA1.1.2.2
2025-08-18 07:52:15,227 [WARN] PackLoader:240 - Cannot read IP mode file for STMicroelectronics.X-CUBE-NFC4.3.0.0
2025-08-18 07:52:15,246 [WARN] PackLoader:240 - Cannot read IP mode file for EmbeddedOffice.I-CUBE-FS-RTOS.1.0.1
2025-08-18 07:52:15,252 [WARN] PackLoader:240 - Cannot read IP mode file for STMicroelectronics.X-CUBE-WB05N.2.0.0
2025-08-18 07:52:15,256 [WARN] PackLoader:240 - Cannot read IP mode file for wolfSSL.I-CUBE-wolfTPM.3.8.0
2025-08-18 07:52:15,261 [WARN] PackLoader:240 - Cannot read IP mode file for STMicroelectronics.X-CUBE-TCPP.4.2.0
2025-08-18 07:52:15,266 [WARN] PackLoader:240 - Cannot read IP mode file for RealThread.X-CUBE-RT-Thread_Nano.4.1.1
2025-08-18 07:52:15,270 [WARN] PackLoader:240 - Cannot read IP mode file for STMicroelectronics.FP-ATR-SIGFOX1.3.2.0
2025-08-18 07:52:15,275 [WARN] PackLoader:240 - Cannot read IP mode file for ITTIA_DB.I-CUBE-ITTIADB.8.9.0
2025-08-18 07:52:15,279 [WARN] PackLoader:240 - Cannot read IP mode file for STMicroelectronics.X-CUBE-ST67W61.1.0.0
2025-08-18 07:52:15,284 [WARN] PackLoader:240 - Cannot read IP mode file for STMicroelectronics.X-CUBE-AI.10.2.0
2025-08-18 07:52:15,311 [WARN] PackLoader:240 - Cannot read IP mode file for SEGGER.I-CUBE-embOS.1.3.1
2025-08-18 07:52:15,352 [WARN] PackLoader:240 - Cannot read IP mode file for STMicroelectronics.X-CUBE-ALGOBUILD.1.4.0
2025-08-18 07:52:15,397 [WARN] PackLoader:240 - Cannot read IP mode file for STMicroelectronics.X-CUBE-MEMS1.11.3.0
2025-08-18 07:52:15,561 [WARN] PackLoader:240 - Cannot read IP mode file for STMicroelectronics.X-CUBE-PM33A1.1.0.0
2025-08-18 07:52:15,579 [WARN] PackLoader:240 - Cannot read IP mode file for STMicroelectronics.X-CUBE-AZRTOS-F4.1.1.0
2025-08-18 07:52:15,583 [WARN] PackLoader:240 - Cannot read IP mode file for Avnet-IotConnect.X-CUBE-IoTC-DA16k-PMOD.1.0.0
2025-08-18 07:52:15,588 [WARN] PackLoader:240 - Cannot read IP mode file for STMicroelectronics.X-CUBE-ISPU.2.1.0
2025-08-18 07:52:15,599 [WARN] PackLoader:240 - Cannot read IP mode file for STMicroelectronics.X-CUBE-NFC12.1.0.0
2025-08-18 07:52:15,619 [WARN] PackLoader:240 - Cannot read IP mode file for STMicroelectronics.X-CUBE-AZRTOS-L5.2.0.0
2025-08-18 07:52:15,635 [WARN] PackLoader:240 - Cannot read IP mode file for STMicroelectronics.X-CUBE-NFC6.3.1.0
2025-08-18 07:52:15,644 [WARN] PackLoader:240 - Cannot read IP mode file for STMicroelectronics.X-CUBE-FREERTOS.1.3.1
2025-08-18 07:52:15,649 [WARN] PackLoader:240 - Cannot read IP mode file for STMicroelectronics.FP-SNS-STAIOTCFT.1.0.0
2025-08-18 07:52:15,655 [WARN] PackLoader:240 - Cannot read IP mode file for STMicroelectronics.X-CUBE-DPower.1.3.0
2025-08-18 07:52:15,684 [WARN] ConditionMgr:438 - getConditionDescription Invalid condition id : LAN8742 Phy interface Condition cause : null
2025-08-18 07:52:15,686 [WARN] PackLoader:240 - Cannot read IP mode file for STMicroelectronics.X-CUBE-AZRTOS-L4.2.0.0
2025-08-18 07:52:15,689 [WARN] ConditionMgr:1044 - genDependencies : Invalid condition id : LAN8742 Phy interface Condition cause : null
2025-08-18 07:52:15,690 [WARN] ConditionMgr:1044 - genDependencies : Invalid condition id : LAN8742 Phy interface Condition cause : null
2025-08-18 07:52:15,690 [WARN] ConditionMgr:1044 - genDependencies : Invalid condition id : LAN8742 Phy interface Condition cause : null
2025-08-18 07:52:15,704 [WARN] PackLoader:240 - Cannot read IP mode file for STMicroelectronics.X-CUBE-SFXS2LP1.4.0.0
2025-08-18 07:52:15,727 [WARN] PackLoader:240 - Cannot read IP mode file for STMicroelectronics.X-CUBE-BLEMGR.4.1.0
2025-08-18 07:52:15,750 [WARN] ConditionMgr:438 - getConditionDescription Invalid condition id : UX DEVICE CLASS RTOS Condition cause : null
2025-08-18 07:52:15,751 [WARN] ConditionMgr:438 - getConditionDescription Invalid condition id : UX DEVICE CLASS RTOS Condition cause : null
2025-08-18 07:52:15,753 [WARN] PackLoader:240 - Cannot read IP mode file for STMicroelectronics.X-CUBE-AZRTOS-WB.2.0.0
2025-08-18 07:52:15,754 [WARN] ConditionMgr:1044 - genDependencies : Invalid condition id : UX DEVICE CLASS RTOS Condition cause : null
2025-08-18 07:52:15,754 [WARN] ConditionMgr:1044 - genDependencies : Invalid condition id : UX DEVICE CLASS RTOS Condition cause : null
2025-08-18 07:52:15,754 [WARN] ConditionMgr:1044 - genDependencies : Invalid condition id : UX DEVICE CLASS RTOS Condition cause : null
2025-08-18 07:52:15,755 [WARN] ConditionMgr:1044 - genDependencies : Invalid condition id : UX DEVICE CLASS RTOS Condition cause : null
2025-08-18 07:52:15,755 [WARN] ConditionMgr:1044 - genDependencies : Invalid condition id : UX DEVICE CLASS RTOS Condition cause : null
2025-08-18 07:52:15,765 [WARN] PackLoader:240 - Cannot read IP mode file for STMicroelectronics.X-CUBE-GNSS1.7.0.1
2025-08-18 07:52:15,774 [WARN] PackLoader:240 - Cannot read IP mode file for STMicroelectronics.X-CUBE-TOUCHGFX.4.25.0
2025-08-18 07:52:15,779 [WARN] ConditionMgr:438 - getConditionDescription Invalid condition id : Cortex-A Device cause : null
2025-08-18 07:52:15,812 [WARN] ConditionMgr:1044 - genDependencies : Invalid condition id : Cortex-A Device cause : null
2025-08-18 07:52:15,815 [WARN] ConditionMgr:1044 - genDependencies : Invalid condition id : Cortex-A Device cause : null
2025-08-18 07:52:15,815 [WARN] ConditionMgr:1044 - genDependencies : Invalid condition id : Cortex-A Device cause : null
2025-08-18 07:52:15,829 [INFO] WebApp:463 - Apply proxy settings
2025-08-18 07:52:15,829 [INFO] WebApp:548 - Chromium requires no authentication
2025-08-18 07:52:15,836 [WARN] PackLoader:240 - Cannot read IP mode file for STMicroelectronics.X-CUBE-SUBG2.5.0.0
2025-08-18 07:52:15,844 [INFO] WebApp:491 - Direct internet connection detected
2025-08-18 07:52:15,874 [WARN] PackLoader:240 - Cannot read IP mode file for STMicroelectronics.X-CUBE-AZRTOS-H7RS.1.1.0
2025-08-18 07:52:15,880 [WARN] PackLoader:240 - Cannot read IP mode file for Cesanta.I-CUBE-Mongoose.7.13.0
2025-08-18 07:52:15,882 [INFO] WebApp:900 - Register for checkConnection events
2025-08-18 07:52:15,883 [INFO] WebApp:463 - Apply proxy settings
2025-08-18 07:52:15,883 [INFO] WebApp:548 - Chromium requires no authentication
2025-08-18 07:52:15,885 [INFO] WebApp:491 - Direct internet connection detected
2025-08-18 07:52:15,893 [WARN] PackLoader:240 - Cannot read IP mode file for STMicroelectronics.X-CUBE-AZRTOS-G4.2.0.0
2025-08-18 07:52:15,898 [WARN] PackLoader:240 - Cannot read IP mode file for wolfSSL.I-CUBE-wolfSSH.1.4.20
2025-08-18 07:52:15,903 [WARN] PackLoader:240 - Cannot read IP mode file for STMicroelectronics.X-CUBE-NFC7.2.0.0
2025-08-18 07:52:15,914 [WARN] PackLoader:240 - Cannot read IP mode file for STMicroelectronics.X-CUBE-IPS.3.1.0
2025-08-18 07:52:15,921 [WARN] PackLoader:240 - Cannot read IP mode file for STMicroelectronics.X-CUBE-ALS.1.0.2
2025-08-18 07:52:15,924 [WARN] PackLoader:240 - Cannot read IP mode file for portGmbH.I-Cube-SoM-uGOAL.1.1.0
2025-08-18 07:52:15,931 [WARN] PackLoader:240 - Cannot read IP mode file for STMicroelectronics.X-CUBE-TOF1.3.4.3
2025-08-18 07:52:15,938 [INFO] ThirdParty:978 - Integrity check success = true
2025-08-18 07:52:15,938 [INFO] IntegrityCheckThread:100 - exiting critical section [integrity check]
2025-08-18 07:52:15,938 [INFO] IntegrityCheckThread:103 - End integrity checks thread
2025-08-18 07:52:16,021 [INFO] WebApp:225 - Starting web application
2025-08-18 07:52:16,021 [INFO] WebApp:593 - Web application path used /opt/st/stm32cubeide_1.19.0/plugins/com.st.stm32cube.common.mx_6.15.0.202507011659/db/plugins/mcufinder/reactClient1/index.html
2025-08-18 07:52:16,127 [INFO] UserAuth:487 - Internet connection configuration mode: 1
2025-08-18 07:52:16,194 [INFO] WebApp:191 - Connection restablished
2025-08-18 10:11:47,322 [INFO] WebApp:194 - Connection lost
2025-08-18 10:18:59,645 [INFO] WebApp:191 - Connection restablished
2025-08-18 10:19:01,983 [INFO] WebApp:194 - Connection lost
2025-08-18 10:19:02,311 [INFO] WebApp:191 - Connection restablished
2025-08-18 10:24:03,882 [INFO] WebApp:194 - Connection lost
2025-08-18 10:24:04,213 [INFO] WebApp:191 - Connection restablished
2025-08-18 12:20:04,035 [ERROR] LogOutputStream:75 - [STDERR_REDIRECT] 
