2025-08-28 07:38:03,927 [INFO] Activator:176 - 


2025-08-28 07:38:03,932 [INFO] Activator:177 - !SESSION log4j initialized
2025-08-28 07:38:08,543 [INFO] LogOutputStream:77 - [STDOUT_REDIRECT] 
2025-08-28 07:38:09,693 [INFO] ApplicationProperties:184 - Using Application install path: /opt/st/stm32cubeide_1.19.0/plugins/com.st.stm32cube.common.mx_6.15.0.202507011659
2025-08-28 07:38:09,710 [INFO] DbMcusXml:78 - Set database path to: /opt/st/stm32cubeide_1.19.0/plugins/com.st.stm32cube.common.mx_6.15.0.202507011659//db//mcu/
2025-08-28 07:38:09,710 [INFO] ApiDb:274 - Set plugin database path to: /opt/st/stm32cubeide_1.19.0/plugins/com.st.stm32cube.common.mx_6.15.0.202507011659//db//plugins/boardmanager/
2025-08-28 07:38:09,710 [WARN] ApiDb:259 - Overriding images path with different value:  => /opt/st/stm32cubeide_1.19.0/plugins/com.st.stm32cube.common.mx_6.15.0.202507011659//db//plugins/mcufinder/images/
2025-08-28 07:38:09,719 [INFO] ApiDb:250 - Set database path to: /home/truongthinh/.stmcufinder/plugins/mcufinder//mcu/
2025-08-28 07:38:09,721 [INFO] DbMcusAds:125 - Set database path to: /home/truongthinh/.stmcufinder/plugins/mcufinder//mcu/
2025-08-28 07:38:09,723 [INFO] CrossReferenceDbSqlite:203 - Set database path to: /home/truongthinh/.stmcufinder/plugins/mcufinder//mcu/cs/
2025-08-28 07:38:09,835 [INFO] RulesReader:64 - Compatibility file has been processed (317 Rules)
2025-08-28 07:38:09,887 [INFO] DbMcusXml:78 - Set database path to: /opt/st/stm32cubeide_1.19.0/plugins/com.st.stm32cube.common.mx_6.15.0.202507011659//db//mcu/
2025-08-28 07:38:09,887 [INFO] ApiDb:274 - Set plugin database path to: /opt/st/stm32cubeide_1.19.0/plugins/com.st.stm32cube.common.mx_6.15.0.202507011659//db//plugins/boardmanager/
2025-08-28 07:38:09,887 [INFO] ApiDb:261 - Set plugin images path to: /opt/st/stm32cubeide_1.19.0/plugins/com.st.stm32cube.common.mx_6.15.0.202507011659//db//plugins/mcufinder/images/
2025-08-28 07:38:09,887 [WARN] DbFile:41 - Overriding database path with different value: /home/truongthinh/.stmcufinder/plugins/mcufinder/ => /home/truongthinh/.stmcufinder/plugins/mcufinder
2025-08-28 07:38:09,887 [INFO] ApiDb:250 - Set database path to: /home/truongthinh/.stmcufinder/plugins/mcufinder//mcu/
2025-08-28 07:38:09,887 [WARN] DbFile:41 - Overriding database path with different value: /home/truongthinh/.stmcufinder/plugins/mcufinder/ => /home/truongthinh/.stmcufinder/plugins/mcufinder
2025-08-28 07:38:09,887 [INFO] DbMcusAds:125 - Set database path to: /home/truongthinh/.stmcufinder/plugins/mcufinder//mcu/
2025-08-28 07:38:09,887 [WARN] DbFile:41 - Overriding database path with different value: /home/truongthinh/.stmcufinder/plugins/mcufinder/ => /home/truongthinh/.stmcufinder/plugins/mcufinder
2025-08-28 07:38:09,887 [WARN] DbFile:41 - Overriding database path with different value: /home/truongthinh/.stmcufinder/plugins/mcufinder/ => /home/truongthinh/.stmcufinder/plugins/mcufinder
2025-08-28 07:38:09,888 [INFO] CrossReferenceDbSqlite:203 - Set database path to: /home/truongthinh/.stmcufinder/plugins/mcufinder//mcu/cs/
2025-08-28 07:38:09,965 [INFO] MainPanel:274 - HeapMemory: 268435456
2025-08-28 07:38:10,181 [INFO] DbMcusXml:78 - Set database path to: /opt/st/stm32cubeide_1.19.0/plugins/com.st.stm32cube.common.mx_6.15.0.202507011659//db//mcu/
2025-08-28 07:38:10,181 [INFO] ApiDb:274 - Set plugin database path to: /opt/st/stm32cubeide_1.19.0/plugins/com.st.stm32cube.common.mx_6.15.0.202507011659//db//plugins/boardmanager/
2025-08-28 07:38:10,181 [INFO] ApiDb:261 - Set plugin images path to: /opt/st/stm32cubeide_1.19.0/plugins/com.st.stm32cube.common.mx_6.15.0.202507011659//db//plugins/mcufinder/images/
2025-08-28 07:38:10,182 [WARN] DbFile:41 - Overriding database path with different value: /home/truongthinh/.stmcufinder/plugins/mcufinder/ => /home/truongthinh/.stmcufinder/plugins/mcufinder
2025-08-28 07:38:10,182 [INFO] ApiDb:250 - Set database path to: /home/truongthinh/.stmcufinder/plugins/mcufinder//mcu/
2025-08-28 07:38:10,182 [WARN] DbFile:41 - Overriding database path with different value: /home/truongthinh/.stmcufinder/plugins/mcufinder/ => /home/truongthinh/.stmcufinder/plugins/mcufinder
2025-08-28 07:38:10,182 [INFO] DbMcusAds:125 - Set database path to: /home/truongthinh/.stmcufinder/plugins/mcufinder//mcu/
2025-08-28 07:38:10,182 [WARN] DbFile:41 - Overriding database path with different value: /home/truongthinh/.stmcufinder/plugins/mcufinder/ => /home/truongthinh/.stmcufinder/plugins/mcufinder
2025-08-28 07:38:10,182 [WARN] DbFile:41 - Overriding database path with different value: /home/truongthinh/.stmcufinder/plugins/mcufinder/ => /home/truongthinh/.stmcufinder/plugins/mcufinder
2025-08-28 07:38:10,182 [INFO] CrossReferenceDbSqlite:203 - Set database path to: /home/truongthinh/.stmcufinder/plugins/mcufinder//mcu/cs/
2025-08-28 07:38:10,198 [INFO] ApplicationProperties:184 - Using Application install path: /opt/st/stm32cubeide_1.19.0/plugins/com.st.stm32cube.common.mx_6.15.0.202507011659
2025-08-28 07:38:10,199 [INFO] PluginManage:196 - Search for loadable plugins [exclusion list=, ]
2025-08-28 07:38:10,200 [INFO] PluginManage:310 - Check plugin analytics
2025-08-28 07:38:10,392 [INFO] AnalyticsPlugin:253 - Accepted Software Licenses: 
2025-08-28 07:38:10,393 [INFO] AnalyticsPlugin:255 - Accepted CMSIS Pack Licenses: 
2025-08-28 07:38:10,393 [INFO] AnalyticsPlugin:257 - Accepted Firmware Licenses: FW.F4.1.28.0
2025-08-28 07:38:10,395 [INFO] PluginManage:359 - Loaded plugin analytics (category:tool,tabindex:-1)
2025-08-28 07:38:10,396 [INFO] PluginManage:310 - Check plugin cadmodel
2025-08-28 07:38:10,404 [INFO] CADModel:105 - Init CAD model plugin
2025-08-28 07:38:10,404 [INFO] PluginManage:359 - Loaded plugin cadmodel (category:power,tabindex:5)
2025-08-28 07:38:10,405 [INFO] PluginManage:310 - Check plugin clock
2025-08-28 07:38:10,417 [INFO] PluginManage:359 - Loaded plugin clock (category:base,tabindex:2)
2025-08-28 07:38:10,417 [INFO] PluginManage:310 - Check plugin ddr
2025-08-28 07:38:10,421 [INFO] PluginManage:359 - Loaded plugin ddr (category:tool,tabindex:6)
2025-08-28 07:38:10,427 [INFO] PluginManage:310 - Check plugin filemanager
2025-08-28 07:38:10,697 [INFO] PluginManage:359 - Loaded plugin filemanager (category:base,tabindex:10)
2025-08-28 07:38:10,697 [INFO] PluginManage:310 - Check plugin ipmanager
2025-08-28 07:38:10,709 [INFO] PluginManage:359 - Loaded plugin ipmanager (category:base,tabindex:5)
2025-08-28 07:38:10,709 [INFO] PluginManage:310 - Check plugin lpbam
2025-08-28 07:38:10,737 [INFO] PluginManage:359 - Loaded plugin lpbam (category:base,tabindex:0)
2025-08-28 07:38:10,737 [INFO] PluginManage:310 - Check plugin memorymap
2025-08-28 07:38:10,760 [INFO] PluginManage:359 - Loaded plugin memorymap (category:base,tabindex:4)
2025-08-28 07:38:10,760 [INFO] PluginManage:310 - Check plugin pinoutandconfiguration
2025-08-28 07:38:10,778 [INFO] PluginManage:359 - Loaded plugin pinoutandconfiguration (category:base,tabindex:1)
2025-08-28 07:38:10,780 [INFO] PluginManage:310 - Check plugin pinoutconfig
2025-08-28 07:38:10,930 [WARN] SupportedApi:132 - Cannot load RTOS API schema: s4s-elt-must-match.1: The content of 'definitions' must match (annotation?, (simpleType | complexType)?, (unique | key | keyref)*)). A problem was found starting at: attribute.
2025-08-28 07:38:11,142 [INFO] PluginManage:359 - Loaded plugin pinoutconfig (category:base,tabindex:0)
2025-08-28 07:38:11,142 [INFO] PluginManage:310 - Check plugin power
2025-08-28 07:38:11,158 [INFO] PluginManage:359 - Loaded plugin power (category:power,tabindex:4)
2025-08-28 07:38:11,159 [INFO] PluginManage:310 - Check plugin projectmanager
2025-08-28 07:38:11,212 [INFO] PluginManage:359 - Loaded plugin projectmanager (category:projectmanager,tabindex:4)
2025-08-28 07:38:11,213 [INFO] PluginManage:310 - Check plugin rif
2025-08-28 07:38:11,240 [INFO] PluginManage:359 - Loaded plugin rif (category:base,tabindex:3)
2025-08-28 07:38:11,241 [INFO] PluginManage:310 - Check plugin thirdparty
2025-08-28 07:38:11,468 [WARN] IntegrityCheckThread:84 - waiting for thirdparty lock release [integrity check]
2025-08-28 07:38:11,469 [INFO] PluginManage:359 - Loaded plugin thirdparty (category:base,tabindex:-1)
2025-08-28 07:38:11,469 [INFO] IntegrityCheckThread:86 - entering critical section [integrity check]
2025-08-28 07:38:11,469 [INFO] ThirdPartyUpdaterWithRetryManager:70 - Updater plugin not ready yet. [1/15]
2025-08-28 07:38:11,469 [INFO] PluginManage:310 - Check plugin tools
2025-08-28 07:38:11,474 [INFO] PluginManage:359 - Loaded plugin tools (category:base,tabindex:7)
2025-08-28 07:38:11,474 [INFO] PluginManage:310 - Check plugin tutovideos
2025-08-28 07:38:11,750 [INFO] PluginManage:359 - Loaded plugin tutovideos (category:base,tabindex:-1)
2025-08-28 07:38:11,751 [INFO] PluginManage:310 - Check plugin updater
2025-08-28 07:38:11,775 [INFO] PluginManage:359 - Loaded plugin updater (category:base,tabindex:12)
2025-08-28 07:38:11,776 [INFO] PluginManage:310 - Check plugin userauth
2025-08-28 07:38:11,781 [INFO] UserAuth:118 - Init User Auth plugin
2025-08-28 07:38:11,782 [INFO] PluginManage:359 - Loaded plugin userauth (category:base,tabindex:14)
2025-08-28 07:38:11,782 [INFO] PluginManage:283 - PluginManage : Loaded plugins [18]
2025-08-28 07:38:12,040 [INFO] PinOutPanel:1589 - setPackage(No Configuration,No Configuration)
2025-08-28 07:38:12,125 [INFO] CADModel:165 - CPN selected for project level
2025-08-28 07:38:12,125 [INFO] CADModel:114 - Register for checkConnection events
2025-08-28 07:38:12,138 [INFO] IPUIPlugin:80 - create IPUIPlugin
2025-08-28 07:38:12,138 [INFO] PluginManager:220 - loadIPPluginJar : add tim
2025-08-28 07:38:12,148 [INFO] IPUIPlugin:80 - create IPUIPlugin
2025-08-28 07:38:12,148 [INFO] PluginManager:220 - loadIPPluginJar : add ipddr
2025-08-28 07:38:12,157 [INFO] IPUIPlugin:80 - create IPUIPlugin
2025-08-28 07:38:12,157 [INFO] PluginManager:220 - loadIPPluginJar : add adc
2025-08-28 07:38:12,159 [INFO] IPUIPlugin:80 - create IPUIPlugin
2025-08-28 07:38:12,159 [INFO] PluginManager:220 - loadIPPluginJar : add quadspi
2025-08-28 07:38:12,163 [INFO] IPUIPlugin:80 - create IPUIPlugin
2025-08-28 07:38:12,164 [INFO] PluginManager:220 - loadIPPluginJar : add i2s
2025-08-28 07:38:12,166 [INFO] IPUIPlugin:80 - create IPUIPlugin
2025-08-28 07:38:12,167 [INFO] PluginManager:220 - loadIPPluginJar : add gfxmmu
2025-08-28 07:38:12,168 [INFO] IPUIPlugin:80 - create IPUIPlugin
2025-08-28 07:38:12,168 [INFO] PluginManager:220 - loadIPPluginJar : add ltdc
2025-08-28 07:38:12,178 [INFO] IPUIPlugin:80 - create IPUIPlugin
2025-08-28 07:38:12,178 [INFO] PluginManager:220 - loadIPPluginJar : add gpio
2025-08-28 07:38:12,180 [INFO] IPUIPlugin:80 - create IPUIPlugin
2025-08-28 07:38:12,180 [INFO] PluginManager:220 - loadIPPluginJar : add cryp
2025-08-28 07:38:12,181 [INFO] IPUIPlugin:80 - create IPUIPlugin
2025-08-28 07:38:12,182 [INFO] PluginManager:220 - loadIPPluginJar : add fatfs
2025-08-28 07:38:12,186 [INFO] IPUIPlugin:80 - create IPUIPlugin
2025-08-28 07:38:12,186 [INFO] PluginManager:220 - loadIPPluginJar : add pdm2pcm
2025-08-28 07:38:12,187 [INFO] IPUIPlugin:80 - create IPUIPlugin
2025-08-28 07:38:12,187 [INFO] PluginManager:220 - loadIPPluginJar : add genericplugin
2025-08-28 07:38:12,192 [INFO] IPUIPlugin:80 - create IPUIPlugin
2025-08-28 07:38:12,192 [INFO] PluginManager:220 - loadIPPluginJar : add nvic
2025-08-28 07:38:12,197 [INFO] IPUIPlugin:80 - create IPUIPlugin
2025-08-28 07:38:12,197 [INFO] PluginManager:220 - loadIPPluginJar : add usbx
2025-08-28 07:38:12,201 [INFO] IPUIPlugin:80 - create IPUIPlugin
2025-08-28 07:38:12,201 [INFO] PluginManager:220 - loadIPPluginJar : add gtzc
2025-08-28 07:38:12,203 [INFO] IPUIPlugin:80 - create IPUIPlugin
2025-08-28 07:38:12,205 [INFO] PluginManager:220 - loadIPPluginJar : add radio
2025-08-28 07:38:12,207 [INFO] IPUIPlugin:80 - create IPUIPlugin
2025-08-28 07:38:12,207 [INFO] PluginManager:220 - loadIPPluginJar : add i2c
2025-08-28 07:38:12,209 [INFO] IPUIPlugin:80 - create IPUIPlugin
2025-08-28 07:38:12,209 [INFO] PluginManager:220 - loadIPPluginJar : add tsc
2025-08-28 07:38:12,216 [INFO] IPUIPlugin:80 - create IPUIPlugin
2025-08-28 07:38:12,216 [INFO] PluginManager:220 - loadIPPluginJar : add dma
2025-08-28 07:38:12,219 [INFO] IPUIPlugin:80 - create IPUIPlugin
2025-08-28 07:38:12,220 [INFO] PluginManager:220 - loadIPPluginJar : add tracer_emb
2025-08-28 07:38:12,227 [INFO] IPUIPlugin:80 - create IPUIPlugin
2025-08-28 07:38:12,228 [INFO] PluginManager:220 - loadIPPluginJar : add stm32_wpan
2025-08-28 07:38:12,231 [INFO] IPUIPlugin:80 - create IPUIPlugin
2025-08-28 07:38:12,232 [INFO] PluginManager:220 - loadIPPluginJar : add touchsensing
2025-08-28 07:38:12,239 [INFO] IPUIPlugin:80 - create IPUIPlugin
2025-08-28 07:38:12,240 [INFO] PluginManager:220 - loadIPPluginJar : add resmgrutility
2025-08-28 07:38:12,248 [INFO] IPUIPlugin:80 - create IPUIPlugin
2025-08-28 07:38:12,251 [INFO] PluginManager:220 - loadIPPluginJar : add gic
2025-08-28 07:38:12,256 [INFO] IPUIPlugin:80 - create IPUIPlugin
2025-08-28 07:38:12,257 [INFO] PluginManager:220 - loadIPPluginJar : add ucpd
2025-08-28 07:38:12,270 [INFO] IPUIPlugin:80 - create IPUIPlugin
2025-08-28 07:38:12,270 [INFO] PluginManager:220 - loadIPPluginJar : add mdma
2025-08-28 07:38:12,282 [INFO] IPUIPlugin:80 - create IPUIPlugin
2025-08-28 07:38:12,282 [INFO] PluginManager:220 - loadIPPluginJar : add freertos
2025-08-28 07:38:12,285 [INFO] IPUIPlugin:80 - create IPUIPlugin
2025-08-28 07:38:12,285 [INFO] PluginManager:220 - loadIPPluginJar : add dma3
2025-08-28 07:38:12,288 [INFO] IPUIPlugin:80 - create IPUIPlugin
2025-08-28 07:38:12,288 [INFO] PluginManager:220 - loadIPPluginJar : add ts
2025-08-28 07:38:12,294 [INFO] IPUIPlugin:80 - create IPUIPlugin
2025-08-28 07:38:12,294 [INFO] PluginManager:220 - loadIPPluginJar : add fmc
2025-08-28 07:38:12,298 [INFO] IPUIPlugin:80 - create IPUIPlugin
2025-08-28 07:38:12,298 [INFO] PluginManager:220 - loadIPPluginJar : add aes
2025-08-28 07:38:12,302 [INFO] IPUIPlugin:80 - create IPUIPlugin
2025-08-28 07:38:12,302 [INFO] PluginManager:220 - loadIPPluginJar : add opamp
2025-08-28 07:38:12,306 [INFO] IPUIPlugin:80 - create IPUIPlugin
2025-08-28 07:38:12,306 [INFO] PluginManager:220 - loadIPPluginJar : add extmemmanager
2025-08-28 07:38:12,310 [INFO] IPUIPlugin:80 - create IPUIPlugin
2025-08-28 07:38:12,310 [INFO] PluginManager:220 - loadIPPluginJar : add ddr_ctrl_phy
2025-08-28 07:38:12,313 [INFO] IPUIPlugin:80 - create IPUIPlugin
2025-08-28 07:38:12,313 [INFO] PluginManager:220 - loadIPPluginJar : add lorawan
2025-08-28 07:38:12,317 [INFO] IPUIPlugin:80 - create IPUIPlugin
2025-08-28 07:38:12,317 [INFO] PluginManager:220 - loadIPPluginJar : add usart
2025-08-28 07:38:12,327 [INFO] IPUIPlugin:80 - create IPUIPlugin
2025-08-28 07:38:12,333 [INFO] PluginManager:220 - loadIPPluginJar : add plateformsettings
2025-08-28 07:38:12,336 [INFO] IPUIPlugin:80 - create IPUIPlugin
2025-08-28 07:38:12,336 [INFO] PluginManager:220 - loadIPPluginJar : add dfsdm
2025-08-28 07:38:12,340 [INFO] IPUIPlugin:80 - create IPUIPlugin
2025-08-28 07:38:12,340 [INFO] PluginManager:220 - loadIPPluginJar : add openamp
2025-08-28 07:38:12,342 [INFO] IPUIPlugin:80 - create IPUIPlugin
2025-08-28 07:38:12,343 [INFO] PluginManager:220 - loadIPPluginJar : add comp
2025-08-28 07:38:12,350 [INFO] IPUIPlugin:80 - create IPUIPlugin
2025-08-28 07:38:12,351 [INFO] PluginManager:220 - loadIPPluginJar : add linkedlist
2025-08-28 07:38:12,354 [INFO] IPUIPlugin:80 - create IPUIPlugin
2025-08-28 07:38:12,354 [INFO] PluginManager:220 - loadIPPluginJar : add i3c
2025-08-28 07:38:12,357 [INFO] IPUIPlugin:80 - create IPUIPlugin
2025-08-28 07:38:12,358 [INFO] PluginManager:220 - loadIPPluginJar : add hash
2025-08-28 07:38:12,360 [INFO] IPUIPlugin:80 - create IPUIPlugin
2025-08-28 07:38:12,360 [INFO] PluginManager:220 - loadIPPluginJar : add can
2025-08-28 07:38:12,365 [INFO] IPUIPlugin:80 - create IPUIPlugin
2025-08-28 07:38:12,365 [INFO] PluginManager:220 - loadIPPluginJar : add sai
2025-08-28 07:38:12,369 [INFO] IPUIPlugin:80 - create IPUIPlugin
2025-08-28 07:38:12,369 [INFO] PluginManager:220 - loadIPPluginJar : add spi
2025-08-28 07:38:12,481 [FATAL] Updater:351 - Updater called before beeing initialized
2025-08-28 07:38:12,521 [INFO] RulesReader:64 - Compatibility file has been processed (317 Rules)
2025-08-28 07:38:12,537 [INFO] RulesReader:64 - Compatibility file has been processed (317 Rules)
2025-08-28 07:38:12,547 [INFO] CADModel:165 - CPN selected for project level
2025-08-28 07:38:12,547 [INFO] CADModel:114 - Register for checkConnection events
2025-08-28 07:38:12,548 [FATAL] Updater:351 - Updater called before beeing initialized
2025-08-28 07:38:12,548 [ERROR] CADModel:125 - Updater not yet initialized, retry later 
2025-08-28 07:38:12,716 [FATAL] Updater:351 - Updater called before beeing initialized
2025-08-28 07:38:12,719 [INFO] CADModel:165 - CPN selected for project level
2025-08-28 07:38:12,719 [INFO] CADModel:114 - Register for checkConnection events
2025-08-28 07:38:12,719 [FATAL] Updater:351 - Updater called before beeing initialized
2025-08-28 07:38:12,720 [ERROR] CADModel:125 - Updater not yet initialized, retry later 
2025-08-28 07:38:12,724 [FATAL] Updater:351 - Updater called before beeing initialized
2025-08-28 07:38:12,845 [FATAL] Updater:351 - Updater called before beeing initialized
2025-08-28 07:38:12,849 [INFO] DbMcusAds:53 - JSON generation date=Tue Jul 08 15:14:23 ICT 2025 (1751962463593)
2025-08-28 07:38:12,850 [FATAL] Updater:351 - Updater called before beeing initialized
2025-08-28 07:38:12,893 [WARN] DetailPanel:346 - Failed to get advertising image, set to default
2025-08-28 07:38:12,982 [FATAL] Updater:351 - Updater called before beeing initialized
2025-08-28 07:38:12,986 [FATAL] Updater:351 - Updater called before beeing initialized
2025-08-28 07:38:12,986 [FATAL] Updater:351 - Updater called before beeing initialized
2025-08-28 07:38:12,986 [WARN] DetailPanel:346 - Failed to get advertising image, set to default
2025-08-28 07:38:12,987 [FATAL] Updater:351 - Updater called before beeing initialized
2025-08-28 07:38:13,066 [ERROR] Updater:1198 - MainUpdater not yet initialized. External WinMGr cannot be set.
2025-08-28 07:38:13,072 [INFO] Updater:1134 - Updater Version found : 6.15.0
2025-08-28 07:38:13,119 [INFO] ApplicationProperties:184 - Using Application install path: /opt/st/stm32cubeide_1.19.0/plugins/com.st.stm32cube.common.mx_6.15.0.202507011659
2025-08-28 07:38:13,447 [INFO] MainUpdater:2872 - connection check result : 10
2025-08-28 07:38:13,448 [INFO] MainUpdater:289 - Updater Check For Update Now.
2025-08-28 07:38:13,449 [INFO] MicroXplorer:498 - Change Database Version : DB.6.0.150
2025-08-28 07:38:13,456 [INFO] McuFinderGlobals:63 - Set McuFinder mode to 2 (CubeIDE integrated)
2025-08-28 07:38:13,458 [INFO] UserAuth:487 - Internet connection configuration mode: 1
2025-08-28 07:38:13,505 [INFO] JxBrowserEngine:152 - Initiate JxBrowser Engine with user profile folder
2025-08-28 07:38:13,647 [INFO] CheckServerUpdateThread:120 - End of CheckServer Thread
2025-08-28 07:38:14,824 [WARN] PackLoader:240 - Cannot read IP mode file for STMicroelectronics.FP-SNS-MOTENVWB1.1.4.0
2025-08-28 07:38:14,834 [WARN] PackLoader:240 - Cannot read IP mode file for STMicroelectronics.FP-ATR-ASTRA1.2.0.2
2025-08-28 07:38:14,842 [WARN] PackLoader:240 - Cannot read IP mode file for STMicroelectronics.X-CUBE-SMBUS.2.1.0
2025-08-28 07:38:14,846 [WARN] PackLoader:240 - Cannot read IP mode file for STMicroelectronics.X-CUBE-ST60.1.0.0
2025-08-28 07:38:14,876 [WARN] PackLoader:240 - Cannot read IP mode file for STMicroelectronics.X-CUBE-AZRTOS-F7.1.1.0
2025-08-28 07:38:14,900 [WARN] PackLoader:240 - Cannot read IP mode file for Infineon.AIROC-Wi-Fi-Bluetooth-STM32.1.7.1
2025-08-28 07:38:14,928 [WARN] PackLoader:240 - Cannot read IP mode file for STMicroelectronics.X-CUBE-AZRTOS-H7.3.4.0
2025-08-28 07:38:14,942 [WARN] PackLoader:240 - Cannot read IP mode file for STMicroelectronics.X-CUBE-DISPLAY.3.0.0
2025-08-28 07:38:14,961 [WARN] PackLoader:240 - Cannot read IP mode file for STMicroelectronics.X-CUBE-NFC10.1.0.0
2025-08-28 07:38:14,968 [WARN] PackLoader:240 - Cannot read IP mode file for emotas.I-CUBE-CANOPEN.1.3.0
2025-08-28 07:38:14,977 [WARN] PackLoader:240 - Cannot read IP mode file for STMicroelectronics.FP-SNS-STBOX1.2.1.0
2025-08-28 07:38:14,987 [WARN] PackLoader:240 - Cannot read IP mode file for STMicroelectronics.FP-SNS-SMARTAG2.1.2.0
2025-08-28 07:38:14,990 [WARN] PackLoader:240 - Cannot read IP mode file for STMicroelectronics.FP-SNS-FLIGHT1.5.1.0
2025-08-28 07:38:15,000 [INFO] LogOutputStream:77 - [STDOUT_REDIRECT] 1 : Invalid condition id : UX_CORESTACK_Condition cause : null
2025-08-28 07:38:15,000 [INFO] LogOutputStream:77 - [STDOUT_REDIRECT] 1 : Invalid condition id : UX_CORESTACK_Condition cause : null
2025-08-28 07:38:15,001 [INFO] LogOutputStream:77 - [STDOUT_REDIRECT] 1 : Invalid condition id : UX_CORESTACK_Condition cause : null
2025-08-28 07:38:15,001 [INFO] LogOutputStream:77 - [STDOUT_REDIRECT] 1 : Invalid condition id : UX_CORESTACK_Condition cause : null
2025-08-28 07:38:15,001 [INFO] LogOutputStream:77 - [STDOUT_REDIRECT] 1 : Invalid condition id : UX_CORESTACK_Condition cause : null
2025-08-28 07:38:15,005 [WARN] PackLoader:240 - Cannot read IP mode file for STMicroelectronics.X-CUBE-AZRTOS-WL.2.0.0
2025-08-28 07:38:15,010 [WARN] PackLoader:240 - Cannot read IP mode file for STMicroelectronics.FP-SNS-MOTENV1.5.0.0
2025-08-28 07:38:15,010 [INFO] WebApp:169 - Instantiating new browser for Auth
2025-08-28 07:38:15,017 [WARN] PackLoader:240 - Cannot read IP mode file for WES.I-CUBE-Cesium.1.3.0
2025-08-28 07:38:15,023 [WARN] PackLoader:240 - Cannot read IP mode file for STMicroelectronics.X-CUBE-BLE2.3.3.0
2025-08-28 07:38:15,036 [WARN] PackLoader:240 - Cannot read IP mode file for STMicroelectronics.X-CUBE-NFC9.1.0.0
2025-08-28 07:38:15,044 [WARN] PackLoader:240 - Cannot read IP mode file for wolfSSL.I-CUBE-wolfSSL.5.8.2
2025-08-28 07:38:15,053 [WARN] PackLoader:240 - Cannot read IP mode file for STMicroelectronics.X-CUBE-BLE1.7.1.0
2025-08-28 07:38:15,058 [WARN] PackLoader:240 - Cannot read IP mode file for wolfSSL.I-CUBE-wolfMQTT.1.19.2
2025-08-28 07:38:15,068 [WARN] PackLoader:240 - Cannot read IP mode file for STMicroelectronics.X-CUBE-EEPRMA1.5.2.0
2025-08-28 07:38:15,077 [WARN] PackLoader:240 - Cannot read IP mode file for STMicroelectronics.X-CUBE-AI.10.1.0
2025-08-28 07:38:15,096 [WARN] PackLoader:240 - Cannot read IP mode file for STMicroelectronics.X-CUBE-AZRTOS-G0.1.1.0
2025-08-28 07:38:15,105 [WARN] PackLoader:240 - Cannot read IP mode file for STMicroelectronics.X-CUBE-SAFEA1.1.2.2
2025-08-28 07:38:15,115 [WARN] PackLoader:240 - Cannot read IP mode file for STMicroelectronics.X-CUBE-NFC4.3.0.0
2025-08-28 07:38:15,129 [WARN] PackLoader:240 - Cannot read IP mode file for EmbeddedOffice.I-CUBE-FS-RTOS.1.0.1
2025-08-28 07:38:15,135 [WARN] PackLoader:240 - Cannot read IP mode file for STMicroelectronics.X-CUBE-WB05N.2.0.0
2025-08-28 07:38:15,139 [WARN] PackLoader:240 - Cannot read IP mode file for wolfSSL.I-CUBE-wolfTPM.3.8.0
2025-08-28 07:38:15,145 [WARN] PackLoader:240 - Cannot read IP mode file for STMicroelectronics.X-CUBE-TCPP.4.2.0
2025-08-28 07:38:15,150 [WARN] PackLoader:240 - Cannot read IP mode file for RealThread.X-CUBE-RT-Thread_Nano.4.1.1
2025-08-28 07:38:15,154 [WARN] PackLoader:240 - Cannot read IP mode file for STMicroelectronics.FP-ATR-SIGFOX1.3.2.0
2025-08-28 07:38:15,160 [WARN] PackLoader:240 - Cannot read IP mode file for ITTIA_DB.I-CUBE-ITTIADB.8.9.0
2025-08-28 07:38:15,165 [WARN] PackLoader:240 - Cannot read IP mode file for STMicroelectronics.X-CUBE-ST67W61.1.0.0
2025-08-28 07:38:15,169 [WARN] PackLoader:240 - Cannot read IP mode file for STMicroelectronics.X-CUBE-AI.10.2.0
2025-08-28 07:38:15,194 [WARN] PackLoader:240 - Cannot read IP mode file for SEGGER.I-CUBE-embOS.1.3.1
2025-08-28 07:38:15,242 [WARN] PackLoader:240 - Cannot read IP mode file for STMicroelectronics.X-CUBE-ALGOBUILD.1.4.0
2025-08-28 07:38:15,276 [WARN] PackLoader:240 - Cannot read IP mode file for STMicroelectronics.X-CUBE-MEMS1.11.3.0
2025-08-28 07:38:15,390 [WARN] PackLoader:240 - Cannot read IP mode file for STMicroelectronics.X-CUBE-PM33A1.1.0.0
2025-08-28 07:38:15,408 [WARN] PackLoader:240 - Cannot read IP mode file for STMicroelectronics.X-CUBE-AZRTOS-F4.1.1.0
2025-08-28 07:38:15,413 [WARN] PackLoader:240 - Cannot read IP mode file for Avnet-IotConnect.X-CUBE-IoTC-DA16k-PMOD.1.0.0
2025-08-28 07:38:15,416 [WARN] PackLoader:240 - Cannot read IP mode file for STMicroelectronics.X-CUBE-ISPU.2.1.0
2025-08-28 07:38:15,422 [WARN] PackLoader:240 - Cannot read IP mode file for STMicroelectronics.X-CUBE-NFC12.1.0.0
2025-08-28 07:38:15,441 [WARN] PackLoader:240 - Cannot read IP mode file for STMicroelectronics.X-CUBE-AZRTOS-L5.2.0.0
2025-08-28 07:38:15,452 [WARN] PackLoader:240 - Cannot read IP mode file for STMicroelectronics.X-CUBE-NFC6.3.1.0
2025-08-28 07:38:15,459 [WARN] PackLoader:240 - Cannot read IP mode file for STMicroelectronics.X-CUBE-FREERTOS.1.3.1
2025-08-28 07:38:15,463 [WARN] PackLoader:240 - Cannot read IP mode file for STMicroelectronics.FP-SNS-STAIOTCFT.1.0.0
2025-08-28 07:38:15,480 [WARN] PackLoader:240 - Cannot read IP mode file for STMicroelectronics.X-CUBE-DPower.1.3.0
2025-08-28 07:38:15,498 [WARN] ConditionMgr:438 - getConditionDescription Invalid condition id : LAN8742 Phy interface Condition cause : null
2025-08-28 07:38:15,499 [WARN] PackLoader:240 - Cannot read IP mode file for STMicroelectronics.X-CUBE-AZRTOS-L4.2.0.0
2025-08-28 07:38:15,500 [WARN] ConditionMgr:1044 - genDependencies : Invalid condition id : LAN8742 Phy interface Condition cause : null
2025-08-28 07:38:15,501 [WARN] ConditionMgr:1044 - genDependencies : Invalid condition id : LAN8742 Phy interface Condition cause : null
2025-08-28 07:38:15,501 [WARN] ConditionMgr:1044 - genDependencies : Invalid condition id : LAN8742 Phy interface Condition cause : null
2025-08-28 07:38:15,508 [WARN] PackLoader:240 - Cannot read IP mode file for STMicroelectronics.X-CUBE-SFXS2LP1.4.0.0
2025-08-28 07:38:15,518 [WARN] PackLoader:240 - Cannot read IP mode file for STMicroelectronics.X-CUBE-BLEMGR.4.1.0
2025-08-28 07:38:15,530 [WARN] ConditionMgr:438 - getConditionDescription Invalid condition id : UX DEVICE CLASS RTOS Condition cause : null
2025-08-28 07:38:15,530 [WARN] ConditionMgr:438 - getConditionDescription Invalid condition id : UX DEVICE CLASS RTOS Condition cause : null
2025-08-28 07:38:15,533 [WARN] PackLoader:240 - Cannot read IP mode file for STMicroelectronics.X-CUBE-AZRTOS-WB.2.0.0
2025-08-28 07:38:15,534 [WARN] ConditionMgr:1044 - genDependencies : Invalid condition id : UX DEVICE CLASS RTOS Condition cause : null
2025-08-28 07:38:15,534 [WARN] ConditionMgr:1044 - genDependencies : Invalid condition id : UX DEVICE CLASS RTOS Condition cause : null
2025-08-28 07:38:15,534 [WARN] ConditionMgr:1044 - genDependencies : Invalid condition id : UX DEVICE CLASS RTOS Condition cause : null
2025-08-28 07:38:15,535 [WARN] ConditionMgr:1044 - genDependencies : Invalid condition id : UX DEVICE CLASS RTOS Condition cause : null
2025-08-28 07:38:15,535 [WARN] ConditionMgr:1044 - genDependencies : Invalid condition id : UX DEVICE CLASS RTOS Condition cause : null
2025-08-28 07:38:15,548 [WARN] PackLoader:240 - Cannot read IP mode file for STMicroelectronics.X-CUBE-GNSS1.7.0.1
2025-08-28 07:38:15,553 [WARN] PackLoader:240 - Cannot read IP mode file for STMicroelectronics.X-CUBE-TOUCHGFX.4.25.0
2025-08-28 07:38:15,555 [WARN] ConditionMgr:438 - getConditionDescription Invalid condition id : Cortex-A Device cause : null
2025-08-28 07:38:15,563 [WARN] ConditionMgr:1044 - genDependencies : Invalid condition id : Cortex-A Device cause : null
2025-08-28 07:38:15,563 [WARN] ConditionMgr:1044 - genDependencies : Invalid condition id : Cortex-A Device cause : null
2025-08-28 07:38:15,563 [WARN] ConditionMgr:1044 - genDependencies : Invalid condition id : Cortex-A Device cause : null
2025-08-28 07:38:15,570 [WARN] PackLoader:240 - Cannot read IP mode file for STMicroelectronics.X-CUBE-SUBG2.5.0.0
2025-08-28 07:38:15,587 [WARN] PackLoader:240 - Cannot read IP mode file for STMicroelectronics.X-CUBE-AZRTOS-H7RS.1.1.0
2025-08-28 07:38:15,591 [WARN] PackLoader:240 - Cannot read IP mode file for Cesanta.I-CUBE-Mongoose.7.13.0
2025-08-28 07:38:15,599 [WARN] PackLoader:240 - Cannot read IP mode file for STMicroelectronics.X-CUBE-AZRTOS-G4.2.0.0
2025-08-28 07:38:15,602 [WARN] PackLoader:240 - Cannot read IP mode file for wolfSSL.I-CUBE-wolfSSH.1.4.20
2025-08-28 07:38:15,605 [WARN] PackLoader:240 - Cannot read IP mode file for STMicroelectronics.X-CUBE-NFC7.2.0.0
2025-08-28 07:38:15,620 [WARN] PackLoader:240 - Cannot read IP mode file for STMicroelectronics.X-CUBE-IPS.3.1.0
2025-08-28 07:38:15,630 [WARN] PackLoader:240 - Cannot read IP mode file for STMicroelectronics.X-CUBE-ALS.1.0.2
2025-08-28 07:38:15,634 [WARN] PackLoader:240 - Cannot read IP mode file for portGmbH.I-Cube-SoM-uGOAL.1.1.0
2025-08-28 07:38:15,646 [WARN] PackLoader:240 - Cannot read IP mode file for STMicroelectronics.X-CUBE-TOF1.3.4.3
2025-08-28 07:38:15,659 [INFO] ThirdParty:978 - Integrity check success = true
2025-08-28 07:38:15,659 [INFO] IntegrityCheckThread:100 - exiting critical section [integrity check]
2025-08-28 07:38:15,659 [INFO] IntegrityCheckThread:103 - End integrity checks thread
2025-08-28 07:38:16,095 [INFO] WebApp:463 - Apply proxy settings
2025-08-28 07:38:16,095 [INFO] WebApp:548 - Chromium requires no authentication
2025-08-28 07:38:16,103 [INFO] WebApp:491 - Direct internet connection detected
2025-08-28 07:38:16,122 [INFO] WebApp:900 - Register for checkConnection events
2025-08-28 07:38:16,122 [INFO] WebApp:463 - Apply proxy settings
2025-08-28 07:38:16,122 [INFO] WebApp:548 - Chromium requires no authentication
2025-08-28 07:38:16,122 [INFO] WebApp:491 - Direct internet connection detected
2025-08-28 07:38:16,232 [INFO] WebApp:225 - Starting web application
2025-08-28 07:38:16,232 [INFO] WebApp:593 - Web application path used /opt/st/stm32cubeide_1.19.0/plugins/com.st.stm32cube.common.mx_6.15.0.202507011659/db/plugins/mcufinder/reactClient1/index.html
2025-08-28 07:38:16,319 [INFO] UserAuth:487 - Internet connection configuration mode: 1
2025-08-28 07:38:16,462 [INFO] WebApp:191 - Connection restablished
2025-08-28 09:21:11,197 [INFO] WebApp:194 - Connection lost
2025-08-28 11:11:08,040 [INFO] WebApp:191 - Connection restablished
2025-08-28 11:11:36,831 [ERROR] LogOutputStream:75 - [STDERR_REDIRECT] 
2025-08-28 11:14:29,364 [INFO] Activator:176 - 


2025-08-28 11:14:29,365 [INFO] Activator:177 - !SESSION log4j initialized
2025-08-28 11:14:31,020 [INFO] LogOutputStream:77 - [STDOUT_REDIRECT] 
2025-08-28 11:14:33,910 [INFO] ApplicationProperties:184 - Using Application install path: /opt/st/stm32cubeide_1.19.0/plugins/com.st.stm32cube.common.mx_6.15.0.202507011659
2025-08-28 11:14:33,926 [INFO] DbMcusXml:78 - Set database path to: /opt/st/stm32cubeide_1.19.0/plugins/com.st.stm32cube.common.mx_6.15.0.202507011659//db//mcu/
2025-08-28 11:14:33,926 [INFO] ApiDb:274 - Set plugin database path to: /opt/st/stm32cubeide_1.19.0/plugins/com.st.stm32cube.common.mx_6.15.0.202507011659//db//plugins/boardmanager/
2025-08-28 11:14:33,926 [WARN] ApiDb:259 - Overriding images path with different value:  => /opt/st/stm32cubeide_1.19.0/plugins/com.st.stm32cube.common.mx_6.15.0.202507011659//db//plugins/mcufinder/images/
2025-08-28 11:14:33,935 [INFO] ApiDb:250 - Set database path to: /home/truongthinh/.stmcufinder/plugins/mcufinder//mcu/
2025-08-28 11:14:33,936 [INFO] DbMcusAds:125 - Set database path to: /home/truongthinh/.stmcufinder/plugins/mcufinder//mcu/
2025-08-28 11:14:33,938 [INFO] CrossReferenceDbSqlite:203 - Set database path to: /home/truongthinh/.stmcufinder/plugins/mcufinder//mcu/cs/
2025-08-28 11:14:34,025 [INFO] RulesReader:64 - Compatibility file has been processed (317 Rules)
2025-08-28 11:14:34,077 [INFO] DbMcusXml:78 - Set database path to: /opt/st/stm32cubeide_1.19.0/plugins/com.st.stm32cube.common.mx_6.15.0.202507011659//db//mcu/
2025-08-28 11:14:34,077 [INFO] ApiDb:274 - Set plugin database path to: /opt/st/stm32cubeide_1.19.0/plugins/com.st.stm32cube.common.mx_6.15.0.202507011659//db//plugins/boardmanager/
2025-08-28 11:14:34,077 [INFO] ApiDb:261 - Set plugin images path to: /opt/st/stm32cubeide_1.19.0/plugins/com.st.stm32cube.common.mx_6.15.0.202507011659//db//plugins/mcufinder/images/
2025-08-28 11:14:34,077 [WARN] DbFile:41 - Overriding database path with different value: /home/truongthinh/.stmcufinder/plugins/mcufinder/ => /home/truongthinh/.stmcufinder/plugins/mcufinder
2025-08-28 11:14:34,077 [INFO] ApiDb:250 - Set database path to: /home/truongthinh/.stmcufinder/plugins/mcufinder//mcu/
2025-08-28 11:14:34,078 [WARN] DbFile:41 - Overriding database path with different value: /home/truongthinh/.stmcufinder/plugins/mcufinder/ => /home/truongthinh/.stmcufinder/plugins/mcufinder
2025-08-28 11:14:34,078 [INFO] DbMcusAds:125 - Set database path to: /home/truongthinh/.stmcufinder/plugins/mcufinder//mcu/
2025-08-28 11:14:34,078 [WARN] DbFile:41 - Overriding database path with different value: /home/truongthinh/.stmcufinder/plugins/mcufinder/ => /home/truongthinh/.stmcufinder/plugins/mcufinder
2025-08-28 11:14:34,078 [WARN] DbFile:41 - Overriding database path with different value: /home/truongthinh/.stmcufinder/plugins/mcufinder/ => /home/truongthinh/.stmcufinder/plugins/mcufinder
2025-08-28 11:14:34,078 [INFO] CrossReferenceDbSqlite:203 - Set database path to: /home/truongthinh/.stmcufinder/plugins/mcufinder//mcu/cs/
2025-08-28 11:14:34,135 [INFO] MainPanel:274 - HeapMemory: 268435456
2025-08-28 11:14:34,255 [INFO] DbMcusXml:78 - Set database path to: /opt/st/stm32cubeide_1.19.0/plugins/com.st.stm32cube.common.mx_6.15.0.202507011659//db//mcu/
2025-08-28 11:14:34,255 [INFO] ApiDb:274 - Set plugin database path to: /opt/st/stm32cubeide_1.19.0/plugins/com.st.stm32cube.common.mx_6.15.0.202507011659//db//plugins/boardmanager/
2025-08-28 11:14:34,255 [INFO] ApiDb:261 - Set plugin images path to: /opt/st/stm32cubeide_1.19.0/plugins/com.st.stm32cube.common.mx_6.15.0.202507011659//db//plugins/mcufinder/images/
2025-08-28 11:14:34,256 [WARN] DbFile:41 - Overriding database path with different value: /home/truongthinh/.stmcufinder/plugins/mcufinder/ => /home/truongthinh/.stmcufinder/plugins/mcufinder
2025-08-28 11:14:34,256 [INFO] ApiDb:250 - Set database path to: /home/truongthinh/.stmcufinder/plugins/mcufinder//mcu/
2025-08-28 11:14:34,256 [WARN] DbFile:41 - Overriding database path with different value: /home/truongthinh/.stmcufinder/plugins/mcufinder/ => /home/truongthinh/.stmcufinder/plugins/mcufinder
2025-08-28 11:14:34,256 [INFO] DbMcusAds:125 - Set database path to: /home/truongthinh/.stmcufinder/plugins/mcufinder//mcu/
2025-08-28 11:14:34,256 [WARN] DbFile:41 - Overriding database path with different value: /home/truongthinh/.stmcufinder/plugins/mcufinder/ => /home/truongthinh/.stmcufinder/plugins/mcufinder
2025-08-28 11:14:34,256 [WARN] DbFile:41 - Overriding database path with different value: /home/truongthinh/.stmcufinder/plugins/mcufinder/ => /home/truongthinh/.stmcufinder/plugins/mcufinder
2025-08-28 11:14:34,256 [INFO] CrossReferenceDbSqlite:203 - Set database path to: /home/truongthinh/.stmcufinder/plugins/mcufinder//mcu/cs/
2025-08-28 11:14:34,278 [INFO] ApplicationProperties:184 - Using Application install path: /opt/st/stm32cubeide_1.19.0/plugins/com.st.stm32cube.common.mx_6.15.0.202507011659
2025-08-28 11:14:34,279 [INFO] PluginManage:196 - Search for loadable plugins [exclusion list=, ]
2025-08-28 11:14:34,281 [INFO] PluginManage:310 - Check plugin analytics
2025-08-28 11:14:34,437 [INFO] AnalyticsPlugin:253 - Accepted Software Licenses: 
2025-08-28 11:14:34,437 [INFO] AnalyticsPlugin:255 - Accepted CMSIS Pack Licenses: 
2025-08-28 11:14:34,437 [INFO] AnalyticsPlugin:257 - Accepted Firmware Licenses: FW.F4.1.28.0
2025-08-28 11:14:34,439 [INFO] PluginManage:359 - Loaded plugin analytics (category:tool,tabindex:-1)
2025-08-28 11:14:34,439 [INFO] PluginManage:310 - Check plugin cadmodel
2025-08-28 11:14:34,444 [INFO] CADModel:105 - Init CAD model plugin
2025-08-28 11:14:34,444 [INFO] PluginManage:359 - Loaded plugin cadmodel (category:power,tabindex:5)
2025-08-28 11:14:34,444 [INFO] PluginManage:310 - Check plugin clock
2025-08-28 11:14:34,452 [INFO] PluginManage:359 - Loaded plugin clock (category:base,tabindex:2)
2025-08-28 11:14:34,452 [INFO] PluginManage:310 - Check plugin ddr
2025-08-28 11:14:34,454 [INFO] PluginManage:359 - Loaded plugin ddr (category:tool,tabindex:6)
2025-08-28 11:14:34,454 [INFO] PluginManage:310 - Check plugin filemanager
2025-08-28 11:14:34,555 [INFO] PluginManage:359 - Loaded plugin filemanager (category:base,tabindex:10)
2025-08-28 11:14:34,555 [INFO] PluginManage:310 - Check plugin ipmanager
2025-08-28 11:14:34,559 [INFO] PluginManage:359 - Loaded plugin ipmanager (category:base,tabindex:5)
2025-08-28 11:14:34,559 [INFO] PluginManage:310 - Check plugin lpbam
2025-08-28 11:14:34,567 [INFO] PluginManage:359 - Loaded plugin lpbam (category:base,tabindex:0)
2025-08-28 11:14:34,567 [INFO] PluginManage:310 - Check plugin memorymap
2025-08-28 11:14:34,577 [INFO] PluginManage:359 - Loaded plugin memorymap (category:base,tabindex:4)
2025-08-28 11:14:34,578 [INFO] PluginManage:310 - Check plugin pinoutandconfiguration
2025-08-28 11:14:34,585 [INFO] PluginManage:359 - Loaded plugin pinoutandconfiguration (category:base,tabindex:1)
2025-08-28 11:14:34,585 [INFO] PluginManage:310 - Check plugin pinoutconfig
2025-08-28 11:14:34,650 [WARN] SupportedApi:132 - Cannot load RTOS API schema: s4s-elt-must-match.1: The content of 'definitions' must match (annotation?, (simpleType | complexType)?, (unique | key | keyref)*)). A problem was found starting at: attribute.
2025-08-28 11:14:34,739 [INFO] PluginManage:359 - Loaded plugin pinoutconfig (category:base,tabindex:0)
2025-08-28 11:14:34,740 [INFO] PluginManage:310 - Check plugin power
2025-08-28 11:14:34,749 [INFO] PluginManage:359 - Loaded plugin power (category:power,tabindex:4)
2025-08-28 11:14:34,749 [INFO] PluginManage:310 - Check plugin projectmanager
2025-08-28 11:14:34,762 [INFO] PluginManage:359 - Loaded plugin projectmanager (category:projectmanager,tabindex:4)
2025-08-28 11:14:34,762 [INFO] PluginManage:310 - Check plugin rif
2025-08-28 11:14:34,769 [INFO] PluginManage:359 - Loaded plugin rif (category:base,tabindex:3)
2025-08-28 11:14:34,770 [INFO] PluginManage:310 - Check plugin thirdparty
2025-08-28 11:14:34,867 [WARN] IntegrityCheckThread:84 - waiting for thirdparty lock release [integrity check]
2025-08-28 11:14:34,867 [INFO] PluginManage:359 - Loaded plugin thirdparty (category:base,tabindex:-1)
2025-08-28 11:14:34,867 [INFO] IntegrityCheckThread:86 - entering critical section [integrity check]
2025-08-28 11:14:34,867 [INFO] PluginManage:310 - Check plugin tools
2025-08-28 11:14:34,867 [INFO] ThirdPartyUpdaterWithRetryManager:70 - Updater plugin not ready yet. [1/15]
2025-08-28 11:14:34,869 [INFO] PluginManage:359 - Loaded plugin tools (category:base,tabindex:7)
2025-08-28 11:14:34,870 [INFO] PluginManage:310 - Check plugin tutovideos
2025-08-28 11:14:35,005 [INFO] PluginManage:359 - Loaded plugin tutovideos (category:base,tabindex:-1)
2025-08-28 11:14:35,005 [INFO] PluginManage:310 - Check plugin updater
2025-08-28 11:14:35,024 [INFO] PluginManage:359 - Loaded plugin updater (category:base,tabindex:12)
2025-08-28 11:14:35,024 [INFO] PluginManage:310 - Check plugin userauth
2025-08-28 11:14:35,027 [INFO] UserAuth:118 - Init User Auth plugin
2025-08-28 11:14:35,028 [INFO] PluginManage:359 - Loaded plugin userauth (category:base,tabindex:14)
2025-08-28 11:14:35,028 [INFO] PluginManage:283 - PluginManage : Loaded plugins [18]
2025-08-28 11:14:35,155 [INFO] PinOutPanel:1589 - setPackage(No Configuration,No Configuration)
2025-08-28 11:14:35,208 [INFO] CADModel:165 - CPN selected for project level
2025-08-28 11:14:35,208 [INFO] CADModel:114 - Register for checkConnection events
2025-08-28 11:14:35,216 [INFO] IPUIPlugin:80 - create IPUIPlugin
2025-08-28 11:14:35,217 [INFO] PluginManager:220 - loadIPPluginJar : add tim
2025-08-28 11:14:35,221 [INFO] IPUIPlugin:80 - create IPUIPlugin
2025-08-28 11:14:35,221 [INFO] PluginManager:220 - loadIPPluginJar : add ipddr
2025-08-28 11:14:35,227 [INFO] IPUIPlugin:80 - create IPUIPlugin
2025-08-28 11:14:35,227 [INFO] PluginManager:220 - loadIPPluginJar : add adc
2025-08-28 11:14:35,228 [INFO] IPUIPlugin:80 - create IPUIPlugin
2025-08-28 11:14:35,228 [INFO] PluginManager:220 - loadIPPluginJar : add quadspi
2025-08-28 11:14:35,230 [INFO] IPUIPlugin:80 - create IPUIPlugin
2025-08-28 11:14:35,230 [INFO] PluginManager:220 - loadIPPluginJar : add i2s
2025-08-28 11:14:35,232 [INFO] IPUIPlugin:80 - create IPUIPlugin
2025-08-28 11:14:35,233 [INFO] PluginManager:220 - loadIPPluginJar : add gfxmmu
2025-08-28 11:14:35,234 [INFO] IPUIPlugin:80 - create IPUIPlugin
2025-08-28 11:14:35,234 [INFO] PluginManager:220 - loadIPPluginJar : add ltdc
2025-08-28 11:14:35,238 [INFO] IPUIPlugin:80 - create IPUIPlugin
2025-08-28 11:14:35,239 [INFO] PluginManager:220 - loadIPPluginJar : add gpio
2025-08-28 11:14:35,241 [INFO] IPUIPlugin:80 - create IPUIPlugin
2025-08-28 11:14:35,241 [INFO] PluginManager:220 - loadIPPluginJar : add cryp
2025-08-28 11:14:35,242 [INFO] IPUIPlugin:80 - create IPUIPlugin
2025-08-28 11:14:35,242 [INFO] PluginManager:220 - loadIPPluginJar : add fatfs
2025-08-28 11:14:35,244 [INFO] IPUIPlugin:80 - create IPUIPlugin
2025-08-28 11:14:35,244 [INFO] PluginManager:220 - loadIPPluginJar : add pdm2pcm
2025-08-28 11:14:35,245 [INFO] IPUIPlugin:80 - create IPUIPlugin
2025-08-28 11:14:35,246 [INFO] PluginManager:220 - loadIPPluginJar : add genericplugin
2025-08-28 11:14:35,250 [INFO] IPUIPlugin:80 - create IPUIPlugin
2025-08-28 11:14:35,250 [INFO] PluginManager:220 - loadIPPluginJar : add nvic
2025-08-28 11:14:35,252 [INFO] IPUIPlugin:80 - create IPUIPlugin
2025-08-28 11:14:35,252 [INFO] PluginManager:220 - loadIPPluginJar : add usbx
2025-08-28 11:14:35,255 [INFO] IPUIPlugin:80 - create IPUIPlugin
2025-08-28 11:14:35,255 [INFO] PluginManager:220 - loadIPPluginJar : add gtzc
2025-08-28 11:14:35,257 [INFO] IPUIPlugin:80 - create IPUIPlugin
2025-08-28 11:14:35,257 [INFO] PluginManager:220 - loadIPPluginJar : add radio
2025-08-28 11:14:35,259 [INFO] IPUIPlugin:80 - create IPUIPlugin
2025-08-28 11:14:35,259 [INFO] PluginManager:220 - loadIPPluginJar : add i2c
2025-08-28 11:14:35,261 [INFO] IPUIPlugin:80 - create IPUIPlugin
2025-08-28 11:14:35,261 [INFO] PluginManager:220 - loadIPPluginJar : add tsc
2025-08-28 11:14:35,265 [INFO] IPUIPlugin:80 - create IPUIPlugin
2025-08-28 11:14:35,265 [INFO] PluginManager:220 - loadIPPluginJar : add dma
2025-08-28 11:14:35,267 [INFO] IPUIPlugin:80 - create IPUIPlugin
2025-08-28 11:14:35,267 [INFO] PluginManager:220 - loadIPPluginJar : add tracer_emb
2025-08-28 11:14:35,272 [INFO] IPUIPlugin:80 - create IPUIPlugin
2025-08-28 11:14:35,272 [INFO] PluginManager:220 - loadIPPluginJar : add stm32_wpan
2025-08-28 11:14:35,275 [INFO] IPUIPlugin:80 - create IPUIPlugin
2025-08-28 11:14:35,275 [INFO] PluginManager:220 - loadIPPluginJar : add touchsensing
2025-08-28 11:14:35,279 [INFO] IPUIPlugin:80 - create IPUIPlugin
2025-08-28 11:14:35,279 [INFO] PluginManager:220 - loadIPPluginJar : add resmgrutility
2025-08-28 11:14:35,284 [INFO] IPUIPlugin:80 - create IPUIPlugin
2025-08-28 11:14:35,284 [INFO] PluginManager:220 - loadIPPluginJar : add gic
2025-08-28 11:14:35,285 [INFO] IPUIPlugin:80 - create IPUIPlugin
2025-08-28 11:14:35,286 [INFO] PluginManager:220 - loadIPPluginJar : add ucpd
2025-08-28 11:14:35,291 [INFO] IPUIPlugin:80 - create IPUIPlugin
2025-08-28 11:14:35,291 [INFO] PluginManager:220 - loadIPPluginJar : add mdma
2025-08-28 11:14:35,296 [INFO] IPUIPlugin:80 - create IPUIPlugin
2025-08-28 11:14:35,296 [INFO] PluginManager:220 - loadIPPluginJar : add freertos
2025-08-28 11:14:35,298 [INFO] IPUIPlugin:80 - create IPUIPlugin
2025-08-28 11:14:35,298 [INFO] PluginManager:220 - loadIPPluginJar : add dma3
2025-08-28 11:14:35,300 [INFO] IPUIPlugin:80 - create IPUIPlugin
2025-08-28 11:14:35,300 [INFO] PluginManager:220 - loadIPPluginJar : add ts
2025-08-28 11:14:35,303 [INFO] IPUIPlugin:80 - create IPUIPlugin
2025-08-28 11:14:35,303 [INFO] PluginManager:220 - loadIPPluginJar : add fmc
2025-08-28 11:14:35,305 [INFO] IPUIPlugin:80 - create IPUIPlugin
2025-08-28 11:14:35,305 [INFO] PluginManager:220 - loadIPPluginJar : add aes
2025-08-28 11:14:35,307 [INFO] IPUIPlugin:80 - create IPUIPlugin
2025-08-28 11:14:35,308 [INFO] PluginManager:220 - loadIPPluginJar : add opamp
2025-08-28 11:14:35,310 [INFO] IPUIPlugin:80 - create IPUIPlugin
2025-08-28 11:14:35,310 [INFO] PluginManager:220 - loadIPPluginJar : add extmemmanager
2025-08-28 11:14:35,313 [INFO] IPUIPlugin:80 - create IPUIPlugin
2025-08-28 11:14:35,313 [INFO] PluginManager:220 - loadIPPluginJar : add ddr_ctrl_phy
2025-08-28 11:14:35,315 [INFO] IPUIPlugin:80 - create IPUIPlugin
2025-08-28 11:14:35,315 [INFO] PluginManager:220 - loadIPPluginJar : add lorawan
2025-08-28 11:14:35,317 [INFO] IPUIPlugin:80 - create IPUIPlugin
2025-08-28 11:14:35,317 [INFO] PluginManager:220 - loadIPPluginJar : add usart
2025-08-28 11:14:35,323 [INFO] IPUIPlugin:80 - create IPUIPlugin
2025-08-28 11:14:35,325 [INFO] PluginManager:220 - loadIPPluginJar : add plateformsettings
2025-08-28 11:14:35,326 [INFO] IPUIPlugin:80 - create IPUIPlugin
2025-08-28 11:14:35,327 [INFO] PluginManager:220 - loadIPPluginJar : add dfsdm
2025-08-28 11:14:35,329 [INFO] IPUIPlugin:80 - create IPUIPlugin
2025-08-28 11:14:35,329 [INFO] PluginManager:220 - loadIPPluginJar : add openamp
2025-08-28 11:14:35,330 [INFO] IPUIPlugin:80 - create IPUIPlugin
2025-08-28 11:14:35,330 [INFO] PluginManager:220 - loadIPPluginJar : add comp
2025-08-28 11:14:35,335 [INFO] IPUIPlugin:80 - create IPUIPlugin
2025-08-28 11:14:35,335 [INFO] PluginManager:220 - loadIPPluginJar : add linkedlist
2025-08-28 11:14:35,337 [INFO] IPUIPlugin:80 - create IPUIPlugin
2025-08-28 11:14:35,337 [INFO] PluginManager:220 - loadIPPluginJar : add i3c
2025-08-28 11:14:35,339 [INFO] IPUIPlugin:80 - create IPUIPlugin
2025-08-28 11:14:35,339 [INFO] PluginManager:220 - loadIPPluginJar : add hash
2025-08-28 11:14:35,341 [INFO] IPUIPlugin:80 - create IPUIPlugin
2025-08-28 11:14:35,341 [INFO] PluginManager:220 - loadIPPluginJar : add can
2025-08-28 11:14:35,344 [INFO] IPUIPlugin:80 - create IPUIPlugin
2025-08-28 11:14:35,344 [INFO] PluginManager:220 - loadIPPluginJar : add sai
2025-08-28 11:14:35,345 [INFO] IPUIPlugin:80 - create IPUIPlugin
2025-08-28 11:14:35,346 [INFO] PluginManager:220 - loadIPPluginJar : add spi
2025-08-28 11:14:35,440 [FATAL] Updater:351 - Updater called before beeing initialized
2025-08-28 11:14:35,461 [INFO] RulesReader:64 - Compatibility file has been processed (317 Rules)
2025-08-28 11:14:35,470 [INFO] RulesReader:64 - Compatibility file has been processed (317 Rules)
2025-08-28 11:14:35,475 [INFO] CADModel:165 - CPN selected for project level
2025-08-28 11:14:35,475 [INFO] CADModel:114 - Register for checkConnection events
2025-08-28 11:14:35,475 [FATAL] Updater:351 - Updater called before beeing initialized
2025-08-28 11:14:35,475 [ERROR] CADModel:125 - Updater not yet initialized, retry later 
2025-08-28 11:14:35,568 [FATAL] Updater:351 - Updater called before beeing initialized
2025-08-28 11:14:35,569 [INFO] CADModel:165 - CPN selected for project level
2025-08-28 11:14:35,569 [INFO] CADModel:114 - Register for checkConnection events
2025-08-28 11:14:35,569 [FATAL] Updater:351 - Updater called before beeing initialized
2025-08-28 11:14:35,569 [ERROR] CADModel:125 - Updater not yet initialized, retry later 
2025-08-28 11:14:35,571 [FATAL] Updater:351 - Updater called before beeing initialized
2025-08-28 11:14:35,629 [FATAL] Updater:351 - Updater called before beeing initialized
2025-08-28 11:14:35,631 [INFO] DbMcusAds:53 - JSON generation date=Tue Jul 08 15:14:23 ICT 2025 (1751962463593)
2025-08-28 11:14:35,631 [FATAL] Updater:351 - Updater called before beeing initialized
2025-08-28 11:14:35,660 [WARN] DetailPanel:346 - Failed to get advertising image, set to default
2025-08-28 11:14:35,713 [FATAL] Updater:351 - Updater called before beeing initialized
2025-08-28 11:14:35,714 [FATAL] Updater:351 - Updater called before beeing initialized
2025-08-28 11:14:35,714 [FATAL] Updater:351 - Updater called before beeing initialized
2025-08-28 11:14:35,714 [WARN] DetailPanel:346 - Failed to get advertising image, set to default
2025-08-28 11:14:35,715 [FATAL] Updater:351 - Updater called before beeing initialized
2025-08-28 11:14:35,742 [ERROR] Updater:1198 - MainUpdater not yet initialized. External WinMGr cannot be set.
2025-08-28 11:14:35,743 [INFO] Updater:1134 - Updater Version found : 6.15.0
2025-08-28 11:14:35,755 [INFO] ApplicationProperties:184 - Using Application install path: /opt/st/stm32cubeide_1.19.0/plugins/com.st.stm32cube.common.mx_6.15.0.202507011659
2025-08-28 11:14:36,069 [INFO] MainUpdater:2872 - connection check result : 10
2025-08-28 11:14:36,069 [INFO] MainUpdater:289 - Updater Check For Update Now.
2025-08-28 11:14:36,069 [INFO] MicroXplorer:498 - Change Database Version : DB.6.0.150
2025-08-28 11:14:36,073 [INFO] McuFinderGlobals:63 - Set McuFinder mode to 2 (CubeIDE integrated)
2025-08-28 11:14:36,074 [INFO] UserAuth:487 - Internet connection configuration mode: 1
2025-08-28 11:14:36,099 [INFO] JxBrowserEngine:152 - Initiate JxBrowser Engine with user profile folder
2025-08-28 11:14:36,266 [INFO] CheckServerUpdateThread:120 - End of CheckServer Thread
2025-08-28 11:14:37,507 [INFO] WebApp:169 - Instantiating new browser for Auth
2025-08-28 11:14:38,066 [WARN] PackLoader:240 - Cannot read IP mode file for STMicroelectronics.FP-SNS-MOTENVWB1.1.4.0
2025-08-28 11:14:38,073 [WARN] PackLoader:240 - Cannot read IP mode file for STMicroelectronics.FP-ATR-ASTRA1.2.0.2
2025-08-28 11:14:38,079 [WARN] PackLoader:240 - Cannot read IP mode file for STMicroelectronics.X-CUBE-SMBUS.2.1.0
2025-08-28 11:14:38,083 [WARN] PackLoader:240 - Cannot read IP mode file for STMicroelectronics.X-CUBE-ST60.1.0.0
2025-08-28 11:14:38,111 [WARN] PackLoader:240 - Cannot read IP mode file for STMicroelectronics.X-CUBE-AZRTOS-F7.1.1.0
2025-08-28 11:14:38,141 [WARN] PackLoader:240 - Cannot read IP mode file for Infineon.AIROC-Wi-Fi-Bluetooth-STM32.1.7.1
2025-08-28 11:14:38,184 [WARN] PackLoader:240 - Cannot read IP mode file for STMicroelectronics.X-CUBE-AZRTOS-H7.3.4.0
2025-08-28 11:14:38,196 [WARN] PackLoader:240 - Cannot read IP mode file for STMicroelectronics.X-CUBE-DISPLAY.3.0.0
2025-08-28 11:14:38,210 [WARN] PackLoader:240 - Cannot read IP mode file for STMicroelectronics.X-CUBE-NFC10.1.0.0
2025-08-28 11:14:38,217 [WARN] PackLoader:240 - Cannot read IP mode file for emotas.I-CUBE-CANOPEN.1.3.0
2025-08-28 11:14:38,225 [WARN] PackLoader:240 - Cannot read IP mode file for STMicroelectronics.FP-SNS-STBOX1.2.1.0
2025-08-28 11:14:38,230 [WARN] PackLoader:240 - Cannot read IP mode file for STMicroelectronics.FP-SNS-SMARTAG2.1.2.0
2025-08-28 11:14:38,234 [WARN] PackLoader:240 - Cannot read IP mode file for STMicroelectronics.FP-SNS-FLIGHT1.5.1.0
2025-08-28 11:14:38,243 [INFO] LogOutputStream:77 - [STDOUT_REDIRECT] 1 : Invalid condition id : UX_CORESTACK_Condition cause : null
2025-08-28 11:14:38,244 [INFO] LogOutputStream:77 - [STDOUT_REDIRECT] 1 : Invalid condition id : UX_CORESTACK_Condition cause : null
2025-08-28 11:14:38,245 [INFO] LogOutputStream:77 - [STDOUT_REDIRECT] 1 : Invalid condition id : UX_CORESTACK_Condition cause : null
2025-08-28 11:14:38,245 [INFO] LogOutputStream:77 - [STDOUT_REDIRECT] 1 : Invalid condition id : UX_CORESTACK_Condition cause : null
2025-08-28 11:14:38,245 [INFO] LogOutputStream:77 - [STDOUT_REDIRECT] 1 : Invalid condition id : UX_CORESTACK_Condition cause : null
2025-08-28 11:14:38,249 [WARN] PackLoader:240 - Cannot read IP mode file for STMicroelectronics.X-CUBE-AZRTOS-WL.2.0.0
2025-08-28 11:14:38,256 [WARN] PackLoader:240 - Cannot read IP mode file for STMicroelectronics.FP-SNS-MOTENV1.5.0.0
2025-08-28 11:14:38,264 [WARN] PackLoader:240 - Cannot read IP mode file for WES.I-CUBE-Cesium.1.3.0
2025-08-28 11:14:38,269 [WARN] PackLoader:240 - Cannot read IP mode file for STMicroelectronics.X-CUBE-BLE2.3.3.0
2025-08-28 11:14:38,275 [WARN] PackLoader:240 - Cannot read IP mode file for STMicroelectronics.X-CUBE-NFC9.1.0.0
2025-08-28 11:14:38,281 [WARN] PackLoader:240 - Cannot read IP mode file for wolfSSL.I-CUBE-wolfSSL.5.8.2
2025-08-28 11:14:38,285 [WARN] PackLoader:240 - Cannot read IP mode file for STMicroelectronics.X-CUBE-BLE1.7.1.0
2025-08-28 11:14:38,288 [WARN] PackLoader:240 - Cannot read IP mode file for wolfSSL.I-CUBE-wolfMQTT.1.19.2
2025-08-28 11:14:38,293 [WARN] PackLoader:240 - Cannot read IP mode file for STMicroelectronics.X-CUBE-EEPRMA1.5.2.0
2025-08-28 11:14:38,297 [WARN] PackLoader:240 - Cannot read IP mode file for STMicroelectronics.X-CUBE-AI.10.1.0
2025-08-28 11:14:38,313 [WARN] PackLoader:240 - Cannot read IP mode file for STMicroelectronics.X-CUBE-AZRTOS-G0.1.1.0
2025-08-28 11:14:38,321 [WARN] PackLoader:240 - Cannot read IP mode file for STMicroelectronics.X-CUBE-SAFEA1.1.2.2
2025-08-28 11:14:38,323 [INFO] WebApp:463 - Apply proxy settings
2025-08-28 11:14:38,323 [INFO] WebApp:548 - Chromium requires no authentication
2025-08-28 11:14:38,327 [WARN] PackLoader:240 - Cannot read IP mode file for STMicroelectronics.X-CUBE-NFC4.3.0.0
2025-08-28 11:14:38,331 [INFO] WebApp:491 - Direct internet connection detected
2025-08-28 11:14:38,339 [WARN] PackLoader:240 - Cannot read IP mode file for EmbeddedOffice.I-CUBE-FS-RTOS.1.0.1
2025-08-28 11:14:38,344 [WARN] PackLoader:240 - Cannot read IP mode file for STMicroelectronics.X-CUBE-WB05N.2.0.0
2025-08-28 11:14:38,350 [WARN] PackLoader:240 - Cannot read IP mode file for wolfSSL.I-CUBE-wolfTPM.3.8.0
2025-08-28 11:14:38,355 [INFO] WebApp:900 - Register for checkConnection events
2025-08-28 11:14:38,355 [INFO] WebApp:463 - Apply proxy settings
2025-08-28 11:14:38,355 [WARN] PackLoader:240 - Cannot read IP mode file for STMicroelectronics.X-CUBE-TCPP.4.2.0
2025-08-28 11:14:38,355 [INFO] WebApp:548 - Chromium requires no authentication
2025-08-28 11:14:38,356 [INFO] WebApp:491 - Direct internet connection detected
2025-08-28 11:14:38,360 [WARN] PackLoader:240 - Cannot read IP mode file for RealThread.X-CUBE-RT-Thread_Nano.4.1.1
2025-08-28 11:14:38,364 [WARN] PackLoader:240 - Cannot read IP mode file for STMicroelectronics.FP-ATR-SIGFOX1.3.2.0
2025-08-28 11:14:38,370 [WARN] PackLoader:240 - Cannot read IP mode file for ITTIA_DB.I-CUBE-ITTIADB.8.9.0
2025-08-28 11:14:38,375 [WARN] PackLoader:240 - Cannot read IP mode file for STMicroelectronics.X-CUBE-ST67W61.1.0.0
2025-08-28 11:14:38,380 [WARN] PackLoader:240 - Cannot read IP mode file for STMicroelectronics.X-CUBE-AI.10.2.0
2025-08-28 11:14:38,406 [WARN] PackLoader:240 - Cannot read IP mode file for SEGGER.I-CUBE-embOS.1.3.1
2025-08-28 11:14:38,466 [WARN] PackLoader:240 - Cannot read IP mode file for STMicroelectronics.X-CUBE-ALGOBUILD.1.4.0
2025-08-28 11:14:38,535 [WARN] PackLoader:240 - Cannot read IP mode file for STMicroelectronics.X-CUBE-MEMS1.11.3.0
2025-08-28 11:14:38,538 [INFO] WebApp:225 - Starting web application
2025-08-28 11:14:38,540 [INFO] WebApp:593 - Web application path used /opt/st/stm32cubeide_1.19.0/plugins/com.st.stm32cube.common.mx_6.15.0.202507011659/db/plugins/mcufinder/reactClient1/index.html
2025-08-28 11:14:38,661 [INFO] UserAuth:487 - Internet connection configuration mode: 1
2025-08-28 11:14:38,692 [WARN] PackLoader:240 - Cannot read IP mode file for STMicroelectronics.X-CUBE-PM33A1.1.0.0
2025-08-28 11:14:38,714 [WARN] PackLoader:240 - Cannot read IP mode file for STMicroelectronics.X-CUBE-AZRTOS-F4.1.1.0
2025-08-28 11:14:38,722 [WARN] PackLoader:240 - Cannot read IP mode file for Avnet-IotConnect.X-CUBE-IoTC-DA16k-PMOD.1.0.0
2025-08-28 11:14:38,726 [WARN] PackLoader:240 - Cannot read IP mode file for STMicroelectronics.X-CUBE-ISPU.2.1.0
2025-08-28 11:14:38,733 [WARN] PackLoader:240 - Cannot read IP mode file for STMicroelectronics.X-CUBE-NFC12.1.0.0
2025-08-28 11:14:38,746 [WARN] PackLoader:240 - Cannot read IP mode file for STMicroelectronics.X-CUBE-AZRTOS-L5.2.0.0
2025-08-28 11:14:38,754 [WARN] PackLoader:240 - Cannot read IP mode file for STMicroelectronics.X-CUBE-NFC6.3.1.0
2025-08-28 11:14:38,759 [INFO] WebApp:191 - Connection restablished
2025-08-28 11:14:38,760 [WARN] PackLoader:240 - Cannot read IP mode file for STMicroelectronics.X-CUBE-FREERTOS.1.3.1
2025-08-28 11:14:38,764 [WARN] PackLoader:240 - Cannot read IP mode file for STMicroelectronics.FP-SNS-STAIOTCFT.1.0.0
2025-08-28 11:14:38,768 [WARN] PackLoader:240 - Cannot read IP mode file for STMicroelectronics.X-CUBE-DPower.1.3.0
2025-08-28 11:14:38,782 [WARN] ConditionMgr:438 - getConditionDescription Invalid condition id : LAN8742 Phy interface Condition cause : null
2025-08-28 11:14:38,783 [WARN] PackLoader:240 - Cannot read IP mode file for STMicroelectronics.X-CUBE-AZRTOS-L4.2.0.0
2025-08-28 11:14:38,783 [WARN] ConditionMgr:1044 - genDependencies : Invalid condition id : LAN8742 Phy interface Condition cause : null
2025-08-28 11:14:38,784 [WARN] ConditionMgr:1044 - genDependencies : Invalid condition id : LAN8742 Phy interface Condition cause : null
2025-08-28 11:14:38,784 [WARN] ConditionMgr:1044 - genDependencies : Invalid condition id : LAN8742 Phy interface Condition cause : null
2025-08-28 11:14:38,790 [WARN] PackLoader:240 - Cannot read IP mode file for STMicroelectronics.X-CUBE-SFXS2LP1.4.0.0
2025-08-28 11:14:38,798 [WARN] PackLoader:240 - Cannot read IP mode file for STMicroelectronics.X-CUBE-BLEMGR.4.1.0
2025-08-28 11:14:38,811 [WARN] ConditionMgr:438 - getConditionDescription Invalid condition id : UX DEVICE CLASS RTOS Condition cause : null
2025-08-28 11:14:38,811 [WARN] ConditionMgr:438 - getConditionDescription Invalid condition id : UX DEVICE CLASS RTOS Condition cause : null
2025-08-28 11:14:38,813 [WARN] PackLoader:240 - Cannot read IP mode file for STMicroelectronics.X-CUBE-AZRTOS-WB.2.0.0
2025-08-28 11:14:38,813 [WARN] ConditionMgr:1044 - genDependencies : Invalid condition id : UX DEVICE CLASS RTOS Condition cause : null
2025-08-28 11:14:38,814 [WARN] ConditionMgr:1044 - genDependencies : Invalid condition id : UX DEVICE CLASS RTOS Condition cause : null
2025-08-28 11:14:38,814 [WARN] ConditionMgr:1044 - genDependencies : Invalid condition id : UX DEVICE CLASS RTOS Condition cause : null
2025-08-28 11:14:38,814 [WARN] ConditionMgr:1044 - genDependencies : Invalid condition id : UX DEVICE CLASS RTOS Condition cause : null
2025-08-28 11:14:38,814 [WARN] ConditionMgr:1044 - genDependencies : Invalid condition id : UX DEVICE CLASS RTOS Condition cause : null
2025-08-28 11:14:38,821 [WARN] PackLoader:240 - Cannot read IP mode file for STMicroelectronics.X-CUBE-GNSS1.7.0.1
2025-08-28 11:14:38,825 [WARN] PackLoader:240 - Cannot read IP mode file for STMicroelectronics.X-CUBE-TOUCHGFX.4.25.0
2025-08-28 11:14:38,828 [WARN] ConditionMgr:438 - getConditionDescription Invalid condition id : Cortex-A Device cause : null
2025-08-28 11:14:38,840 [WARN] ConditionMgr:1044 - genDependencies : Invalid condition id : Cortex-A Device cause : null
2025-08-28 11:14:38,840 [WARN] ConditionMgr:1044 - genDependencies : Invalid condition id : Cortex-A Device cause : null
2025-08-28 11:14:38,840 [WARN] ConditionMgr:1044 - genDependencies : Invalid condition id : Cortex-A Device cause : null
2025-08-28 11:14:38,850 [WARN] PackLoader:240 - Cannot read IP mode file for STMicroelectronics.X-CUBE-SUBG2.5.0.0
2025-08-28 11:14:38,868 [WARN] PackLoader:240 - Cannot read IP mode file for STMicroelectronics.X-CUBE-AZRTOS-H7RS.1.1.0
2025-08-28 11:14:38,880 [WARN] PackLoader:240 - Cannot read IP mode file for Cesanta.I-CUBE-Mongoose.7.13.0
2025-08-28 11:14:38,890 [WARN] PackLoader:240 - Cannot read IP mode file for STMicroelectronics.X-CUBE-AZRTOS-G4.2.0.0
2025-08-28 11:14:38,893 [WARN] PackLoader:240 - Cannot read IP mode file for wolfSSL.I-CUBE-wolfSSH.1.4.20
2025-08-28 11:14:38,897 [WARN] PackLoader:240 - Cannot read IP mode file for STMicroelectronics.X-CUBE-NFC7.2.0.0
2025-08-28 11:14:38,910 [WARN] PackLoader:240 - Cannot read IP mode file for STMicroelectronics.X-CUBE-IPS.3.1.0
2025-08-28 11:14:38,919 [WARN] PackLoader:240 - Cannot read IP mode file for STMicroelectronics.X-CUBE-ALS.1.0.2
2025-08-28 11:14:38,923 [WARN] PackLoader:240 - Cannot read IP mode file for portGmbH.I-Cube-SoM-uGOAL.1.1.0
2025-08-28 11:14:38,933 [WARN] PackLoader:240 - Cannot read IP mode file for STMicroelectronics.X-CUBE-TOF1.3.4.3
2025-08-28 11:14:38,944 [INFO] ThirdParty:978 - Integrity check success = true
2025-08-28 11:14:38,944 [INFO] IntegrityCheckThread:100 - exiting critical section [integrity check]
2025-08-28 11:14:38,945 [INFO] IntegrityCheckThread:103 - End integrity checks thread
2025-08-28 11:15:13,935 [ERROR] LogOutputStream:75 - [STDERR_REDIRECT] 
2025-08-28 11:17:54,513 [INFO] Activator:176 - 


2025-08-28 11:17:54,515 [INFO] Activator:177 - !SESSION log4j initialized
2025-08-28 11:17:56,753 [INFO] LogOutputStream:77 - [STDOUT_REDIRECT] 
2025-08-28 11:17:58,336 [INFO] ApplicationProperties:184 - Using Application install path: /opt/st/stm32cubeide_1.19.0/plugins/com.st.stm32cube.common.mx_6.15.0.202507011659
2025-08-28 11:17:58,360 [INFO] DbMcusXml:78 - Set database path to: /opt/st/stm32cubeide_1.19.0/plugins/com.st.stm32cube.common.mx_6.15.0.202507011659//db//mcu/
2025-08-28 11:17:58,360 [INFO] ApiDb:274 - Set plugin database path to: /opt/st/stm32cubeide_1.19.0/plugins/com.st.stm32cube.common.mx_6.15.0.202507011659//db//plugins/boardmanager/
2025-08-28 11:17:58,360 [WARN] ApiDb:259 - Overriding images path with different value:  => /opt/st/stm32cubeide_1.19.0/plugins/com.st.stm32cube.common.mx_6.15.0.202507011659//db//plugins/mcufinder/images/
2025-08-28 11:17:58,372 [INFO] ApiDb:250 - Set database path to: /home/truongthinh/.stmcufinder/plugins/mcufinder//mcu/
2025-08-28 11:17:58,374 [INFO] DbMcusAds:125 - Set database path to: /home/truongthinh/.stmcufinder/plugins/mcufinder//mcu/
2025-08-28 11:17:58,377 [INFO] CrossReferenceDbSqlite:203 - Set database path to: /home/truongthinh/.stmcufinder/plugins/mcufinder//mcu/cs/
2025-08-28 11:17:58,518 [INFO] RulesReader:64 - Compatibility file has been processed (317 Rules)
2025-08-28 11:17:58,578 [INFO] DbMcusXml:78 - Set database path to: /opt/st/stm32cubeide_1.19.0/plugins/com.st.stm32cube.common.mx_6.15.0.202507011659//db//mcu/
2025-08-28 11:17:58,578 [INFO] ApiDb:274 - Set plugin database path to: /opt/st/stm32cubeide_1.19.0/plugins/com.st.stm32cube.common.mx_6.15.0.202507011659//db//plugins/boardmanager/
2025-08-28 11:17:58,578 [INFO] ApiDb:261 - Set plugin images path to: /opt/st/stm32cubeide_1.19.0/plugins/com.st.stm32cube.common.mx_6.15.0.202507011659//db//plugins/mcufinder/images/
2025-08-28 11:17:58,579 [WARN] DbFile:41 - Overriding database path with different value: /home/truongthinh/.stmcufinder/plugins/mcufinder/ => /home/truongthinh/.stmcufinder/plugins/mcufinder
2025-08-28 11:17:58,579 [INFO] ApiDb:250 - Set database path to: /home/truongthinh/.stmcufinder/plugins/mcufinder//mcu/
2025-08-28 11:17:58,579 [WARN] DbFile:41 - Overriding database path with different value: /home/truongthinh/.stmcufinder/plugins/mcufinder/ => /home/truongthinh/.stmcufinder/plugins/mcufinder
2025-08-28 11:17:58,579 [INFO] DbMcusAds:125 - Set database path to: /home/truongthinh/.stmcufinder/plugins/mcufinder//mcu/
2025-08-28 11:17:58,579 [WARN] DbFile:41 - Overriding database path with different value: /home/truongthinh/.stmcufinder/plugins/mcufinder/ => /home/truongthinh/.stmcufinder/plugins/mcufinder
2025-08-28 11:17:58,579 [WARN] DbFile:41 - Overriding database path with different value: /home/truongthinh/.stmcufinder/plugins/mcufinder/ => /home/truongthinh/.stmcufinder/plugins/mcufinder
2025-08-28 11:17:58,579 [INFO] CrossReferenceDbSqlite:203 - Set database path to: /home/truongthinh/.stmcufinder/plugins/mcufinder//mcu/cs/
2025-08-28 11:17:58,665 [INFO] MainPanel:274 - HeapMemory: 268435456
2025-08-28 11:17:58,915 [INFO] DbMcusXml:78 - Set database path to: /opt/st/stm32cubeide_1.19.0/plugins/com.st.stm32cube.common.mx_6.15.0.202507011659//db//mcu/
2025-08-28 11:17:58,915 [INFO] ApiDb:274 - Set plugin database path to: /opt/st/stm32cubeide_1.19.0/plugins/com.st.stm32cube.common.mx_6.15.0.202507011659//db//plugins/boardmanager/
2025-08-28 11:17:58,915 [INFO] ApiDb:261 - Set plugin images path to: /opt/st/stm32cubeide_1.19.0/plugins/com.st.stm32cube.common.mx_6.15.0.202507011659//db//plugins/mcufinder/images/
2025-08-28 11:17:58,916 [WARN] DbFile:41 - Overriding database path with different value: /home/truongthinh/.stmcufinder/plugins/mcufinder/ => /home/truongthinh/.stmcufinder/plugins/mcufinder
2025-08-28 11:17:58,916 [INFO] ApiDb:250 - Set database path to: /home/truongthinh/.stmcufinder/plugins/mcufinder//mcu/
2025-08-28 11:17:58,916 [WARN] DbFile:41 - Overriding database path with different value: /home/truongthinh/.stmcufinder/plugins/mcufinder/ => /home/truongthinh/.stmcufinder/plugins/mcufinder
2025-08-28 11:17:58,916 [INFO] DbMcusAds:125 - Set database path to: /home/truongthinh/.stmcufinder/plugins/mcufinder//mcu/
2025-08-28 11:17:58,916 [WARN] DbFile:41 - Overriding database path with different value: /home/truongthinh/.stmcufinder/plugins/mcufinder/ => /home/truongthinh/.stmcufinder/plugins/mcufinder
2025-08-28 11:17:58,916 [WARN] DbFile:41 - Overriding database path with different value: /home/truongthinh/.stmcufinder/plugins/mcufinder/ => /home/truongthinh/.stmcufinder/plugins/mcufinder
2025-08-28 11:17:58,917 [INFO] CrossReferenceDbSqlite:203 - Set database path to: /home/truongthinh/.stmcufinder/plugins/mcufinder//mcu/cs/
2025-08-28 11:17:58,941 [INFO] ApplicationProperties:184 - Using Application install path: /opt/st/stm32cubeide_1.19.0/plugins/com.st.stm32cube.common.mx_6.15.0.202507011659
2025-08-28 11:17:58,943 [INFO] PluginManage:196 - Search for loadable plugins [exclusion list=, ]
2025-08-28 11:17:58,945 [INFO] PluginManage:310 - Check plugin analytics
2025-08-28 11:17:59,196 [INFO] AnalyticsPlugin:253 - Accepted Software Licenses: 
2025-08-28 11:17:59,196 [INFO] AnalyticsPlugin:255 - Accepted CMSIS Pack Licenses: 
2025-08-28 11:17:59,197 [INFO] AnalyticsPlugin:257 - Accepted Firmware Licenses: FW.F4.1.28.0
2025-08-28 11:17:59,199 [INFO] PluginManage:359 - Loaded plugin analytics (category:tool,tabindex:-1)
2025-08-28 11:17:59,199 [INFO] PluginManage:310 - Check plugin cadmodel
2025-08-28 11:17:59,205 [INFO] CADModel:105 - Init CAD model plugin
2025-08-28 11:17:59,205 [INFO] PluginManage:359 - Loaded plugin cadmodel (category:power,tabindex:5)
2025-08-28 11:17:59,205 [INFO] PluginManage:310 - Check plugin clock
2025-08-28 11:17:59,217 [INFO] PluginManage:359 - Loaded plugin clock (category:base,tabindex:2)
2025-08-28 11:17:59,217 [INFO] PluginManage:310 - Check plugin ddr
2025-08-28 11:17:59,221 [INFO] PluginManage:359 - Loaded plugin ddr (category:tool,tabindex:6)
2025-08-28 11:17:59,221 [INFO] PluginManage:310 - Check plugin filemanager
2025-08-28 11:17:59,355 [INFO] PluginManage:359 - Loaded plugin filemanager (category:base,tabindex:10)
2025-08-28 11:17:59,355 [INFO] PluginManage:310 - Check plugin ipmanager
2025-08-28 11:17:59,360 [INFO] PluginManage:359 - Loaded plugin ipmanager (category:base,tabindex:5)
2025-08-28 11:17:59,360 [INFO] PluginManage:310 - Check plugin lpbam
2025-08-28 11:17:59,369 [INFO] PluginManage:359 - Loaded plugin lpbam (category:base,tabindex:0)
2025-08-28 11:17:59,369 [INFO] PluginManage:310 - Check plugin memorymap
2025-08-28 11:17:59,380 [INFO] PluginManage:359 - Loaded plugin memorymap (category:base,tabindex:4)
2025-08-28 11:17:59,381 [INFO] PluginManage:310 - Check plugin pinoutandconfiguration
2025-08-28 11:17:59,388 [INFO] PluginManage:359 - Loaded plugin pinoutandconfiguration (category:base,tabindex:1)
2025-08-28 11:17:59,388 [INFO] PluginManage:310 - Check plugin pinoutconfig
2025-08-28 11:17:59,454 [WARN] SupportedApi:132 - Cannot load RTOS API schema: s4s-elt-must-match.1: The content of 'definitions' must match (annotation?, (simpleType | complexType)?, (unique | key | keyref)*)). A problem was found starting at: attribute.
2025-08-28 11:17:59,551 [INFO] PluginManage:359 - Loaded plugin pinoutconfig (category:base,tabindex:0)
2025-08-28 11:17:59,551 [INFO] PluginManage:310 - Check plugin power
2025-08-28 11:17:59,560 [INFO] PluginManage:359 - Loaded plugin power (category:power,tabindex:4)
2025-08-28 11:17:59,560 [INFO] PluginManage:310 - Check plugin projectmanager
2025-08-28 11:17:59,572 [INFO] PluginManage:359 - Loaded plugin projectmanager (category:projectmanager,tabindex:4)
2025-08-28 11:17:59,572 [INFO] PluginManage:310 - Check plugin rif
2025-08-28 11:17:59,581 [INFO] PluginManage:359 - Loaded plugin rif (category:base,tabindex:3)
2025-08-28 11:17:59,581 [INFO] PluginManage:310 - Check plugin thirdparty
2025-08-28 11:17:59,675 [INFO] PluginManage:359 - Loaded plugin thirdparty (category:base,tabindex:-1)
2025-08-28 11:17:59,675 [WARN] IntegrityCheckThread:84 - waiting for thirdparty lock release [integrity check]
2025-08-28 11:17:59,675 [INFO] IntegrityCheckThread:86 - entering critical section [integrity check]
2025-08-28 11:17:59,675 [INFO] PluginManage:310 - Check plugin tools
2025-08-28 11:17:59,676 [INFO] ThirdPartyUpdaterWithRetryManager:70 - Updater plugin not ready yet. [1/15]
2025-08-28 11:17:59,677 [INFO] PluginManage:359 - Loaded plugin tools (category:base,tabindex:7)
2025-08-28 11:17:59,678 [INFO] PluginManage:310 - Check plugin tutovideos
2025-08-28 11:17:59,823 [INFO] PluginManage:359 - Loaded plugin tutovideos (category:base,tabindex:-1)
2025-08-28 11:17:59,823 [INFO] PluginManage:310 - Check plugin updater
2025-08-28 11:17:59,840 [INFO] PluginManage:359 - Loaded plugin updater (category:base,tabindex:12)
2025-08-28 11:17:59,840 [INFO] PluginManage:310 - Check plugin userauth
2025-08-28 11:17:59,844 [INFO] UserAuth:118 - Init User Auth plugin
2025-08-28 11:17:59,845 [INFO] PluginManage:359 - Loaded plugin userauth (category:base,tabindex:14)
2025-08-28 11:17:59,845 [INFO] PluginManage:283 - PluginManage : Loaded plugins [18]
2025-08-28 11:17:59,991 [INFO] PinOutPanel:1589 - setPackage(No Configuration,No Configuration)
2025-08-28 11:18:00,051 [INFO] CADModel:165 - CPN selected for project level
2025-08-28 11:18:00,052 [INFO] CADModel:114 - Register for checkConnection events
2025-08-28 11:18:00,061 [INFO] IPUIPlugin:80 - create IPUIPlugin
2025-08-28 11:18:00,061 [INFO] PluginManager:220 - loadIPPluginJar : add tim
2025-08-28 11:18:00,066 [INFO] IPUIPlugin:80 - create IPUIPlugin
2025-08-28 11:18:00,066 [INFO] PluginManager:220 - loadIPPluginJar : add ipddr
2025-08-28 11:18:00,071 [INFO] IPUIPlugin:80 - create IPUIPlugin
2025-08-28 11:18:00,072 [INFO] PluginManager:220 - loadIPPluginJar : add adc
2025-08-28 11:18:00,073 [INFO] IPUIPlugin:80 - create IPUIPlugin
2025-08-28 11:18:00,073 [INFO] PluginManager:220 - loadIPPluginJar : add quadspi
2025-08-28 11:18:00,075 [INFO] IPUIPlugin:80 - create IPUIPlugin
2025-08-28 11:18:00,075 [INFO] PluginManager:220 - loadIPPluginJar : add i2s
2025-08-28 11:18:00,077 [INFO] IPUIPlugin:80 - create IPUIPlugin
2025-08-28 11:18:00,077 [INFO] PluginManager:220 - loadIPPluginJar : add gfxmmu
2025-08-28 11:18:00,078 [INFO] IPUIPlugin:80 - create IPUIPlugin
2025-08-28 11:18:00,078 [INFO] PluginManager:220 - loadIPPluginJar : add ltdc
2025-08-28 11:18:00,083 [INFO] IPUIPlugin:80 - create IPUIPlugin
2025-08-28 11:18:00,083 [INFO] PluginManager:220 - loadIPPluginJar : add gpio
2025-08-28 11:18:00,085 [INFO] IPUIPlugin:80 - create IPUIPlugin
2025-08-28 11:18:00,085 [INFO] PluginManager:220 - loadIPPluginJar : add cryp
2025-08-28 11:18:00,087 [INFO] IPUIPlugin:80 - create IPUIPlugin
2025-08-28 11:18:00,087 [INFO] PluginManager:220 - loadIPPluginJar : add fatfs
2025-08-28 11:18:00,089 [INFO] IPUIPlugin:80 - create IPUIPlugin
2025-08-28 11:18:00,089 [INFO] PluginManager:220 - loadIPPluginJar : add pdm2pcm
2025-08-28 11:18:00,090 [INFO] IPUIPlugin:80 - create IPUIPlugin
2025-08-28 11:18:00,090 [INFO] PluginManager:220 - loadIPPluginJar : add genericplugin
2025-08-28 11:18:00,094 [INFO] IPUIPlugin:80 - create IPUIPlugin
2025-08-28 11:18:00,094 [INFO] PluginManager:220 - loadIPPluginJar : add nvic
2025-08-28 11:18:00,097 [INFO] IPUIPlugin:80 - create IPUIPlugin
2025-08-28 11:18:00,097 [INFO] PluginManager:220 - loadIPPluginJar : add usbx
2025-08-28 11:18:00,100 [INFO] IPUIPlugin:80 - create IPUIPlugin
2025-08-28 11:18:00,100 [INFO] PluginManager:220 - loadIPPluginJar : add gtzc
2025-08-28 11:18:00,101 [INFO] IPUIPlugin:80 - create IPUIPlugin
2025-08-28 11:18:00,102 [INFO] PluginManager:220 - loadIPPluginJar : add radio
2025-08-28 11:18:00,104 [INFO] IPUIPlugin:80 - create IPUIPlugin
2025-08-28 11:18:00,104 [INFO] PluginManager:220 - loadIPPluginJar : add i2c
2025-08-28 11:18:00,105 [INFO] IPUIPlugin:80 - create IPUIPlugin
2025-08-28 11:18:00,105 [INFO] PluginManager:220 - loadIPPluginJar : add tsc
2025-08-28 11:18:00,110 [INFO] IPUIPlugin:80 - create IPUIPlugin
2025-08-28 11:18:00,110 [INFO] PluginManager:220 - loadIPPluginJar : add dma
2025-08-28 11:18:00,111 [INFO] IPUIPlugin:80 - create IPUIPlugin
2025-08-28 11:18:00,111 [INFO] PluginManager:220 - loadIPPluginJar : add tracer_emb
2025-08-28 11:18:00,117 [INFO] IPUIPlugin:80 - create IPUIPlugin
2025-08-28 11:18:00,117 [INFO] PluginManager:220 - loadIPPluginJar : add stm32_wpan
2025-08-28 11:18:00,119 [INFO] IPUIPlugin:80 - create IPUIPlugin
2025-08-28 11:18:00,119 [INFO] PluginManager:220 - loadIPPluginJar : add touchsensing
2025-08-28 11:18:00,123 [INFO] IPUIPlugin:80 - create IPUIPlugin
2025-08-28 11:18:00,123 [INFO] PluginManager:220 - loadIPPluginJar : add resmgrutility
2025-08-28 11:18:00,128 [INFO] IPUIPlugin:80 - create IPUIPlugin
2025-08-28 11:18:00,128 [INFO] PluginManager:220 - loadIPPluginJar : add gic
2025-08-28 11:18:00,130 [INFO] IPUIPlugin:80 - create IPUIPlugin
2025-08-28 11:18:00,130 [INFO] PluginManager:220 - loadIPPluginJar : add ucpd
2025-08-28 11:18:00,135 [INFO] IPUIPlugin:80 - create IPUIPlugin
2025-08-28 11:18:00,135 [INFO] PluginManager:220 - loadIPPluginJar : add mdma
2025-08-28 11:18:00,140 [INFO] IPUIPlugin:80 - create IPUIPlugin
2025-08-28 11:18:00,141 [INFO] PluginManager:220 - loadIPPluginJar : add freertos
2025-08-28 11:18:00,142 [INFO] IPUIPlugin:80 - create IPUIPlugin
2025-08-28 11:18:00,143 [INFO] PluginManager:220 - loadIPPluginJar : add dma3
2025-08-28 11:18:00,144 [INFO] IPUIPlugin:80 - create IPUIPlugin
2025-08-28 11:18:00,144 [INFO] PluginManager:220 - loadIPPluginJar : add ts
2025-08-28 11:18:00,147 [INFO] IPUIPlugin:80 - create IPUIPlugin
2025-08-28 11:18:00,147 [INFO] PluginManager:220 - loadIPPluginJar : add fmc
2025-08-28 11:18:00,149 [INFO] IPUIPlugin:80 - create IPUIPlugin
2025-08-28 11:18:00,149 [INFO] PluginManager:220 - loadIPPluginJar : add aes
2025-08-28 11:18:00,151 [INFO] IPUIPlugin:80 - create IPUIPlugin
2025-08-28 11:18:00,151 [INFO] PluginManager:220 - loadIPPluginJar : add opamp
2025-08-28 11:18:00,153 [INFO] IPUIPlugin:80 - create IPUIPlugin
2025-08-28 11:18:00,153 [INFO] PluginManager:220 - loadIPPluginJar : add extmemmanager
2025-08-28 11:18:00,156 [INFO] IPUIPlugin:80 - create IPUIPlugin
2025-08-28 11:18:00,156 [INFO] PluginManager:220 - loadIPPluginJar : add ddr_ctrl_phy
2025-08-28 11:18:00,158 [INFO] IPUIPlugin:80 - create IPUIPlugin
2025-08-28 11:18:00,158 [INFO] PluginManager:220 - loadIPPluginJar : add lorawan
2025-08-28 11:18:00,161 [INFO] IPUIPlugin:80 - create IPUIPlugin
2025-08-28 11:18:00,161 [INFO] PluginManager:220 - loadIPPluginJar : add usart
2025-08-28 11:18:00,167 [INFO] IPUIPlugin:80 - create IPUIPlugin
2025-08-28 11:18:00,169 [INFO] PluginManager:220 - loadIPPluginJar : add plateformsettings
2025-08-28 11:18:00,171 [INFO] IPUIPlugin:80 - create IPUIPlugin
2025-08-28 11:18:00,171 [INFO] PluginManager:220 - loadIPPluginJar : add dfsdm
2025-08-28 11:18:00,173 [INFO] IPUIPlugin:80 - create IPUIPlugin
2025-08-28 11:18:00,173 [INFO] PluginManager:220 - loadIPPluginJar : add openamp
2025-08-28 11:18:00,175 [INFO] IPUIPlugin:80 - create IPUIPlugin
2025-08-28 11:18:00,175 [INFO] PluginManager:220 - loadIPPluginJar : add comp
2025-08-28 11:18:00,180 [INFO] IPUIPlugin:80 - create IPUIPlugin
2025-08-28 11:18:00,180 [INFO] PluginManager:220 - loadIPPluginJar : add linkedlist
2025-08-28 11:18:00,183 [INFO] IPUIPlugin:80 - create IPUIPlugin
2025-08-28 11:18:00,183 [INFO] PluginManager:220 - loadIPPluginJar : add i3c
2025-08-28 11:18:00,184 [INFO] IPUIPlugin:80 - create IPUIPlugin
2025-08-28 11:18:00,184 [INFO] PluginManager:220 - loadIPPluginJar : add hash
2025-08-28 11:18:00,187 [INFO] IPUIPlugin:80 - create IPUIPlugin
2025-08-28 11:18:00,187 [INFO] PluginManager:220 - loadIPPluginJar : add can
2025-08-28 11:18:00,190 [INFO] IPUIPlugin:80 - create IPUIPlugin
2025-08-28 11:18:00,190 [INFO] PluginManager:220 - loadIPPluginJar : add sai
2025-08-28 11:18:00,191 [INFO] IPUIPlugin:80 - create IPUIPlugin
2025-08-28 11:18:00,192 [INFO] PluginManager:220 - loadIPPluginJar : add spi
2025-08-28 11:18:00,289 [FATAL] Updater:351 - Updater called before beeing initialized
2025-08-28 11:18:00,362 [INFO] RulesReader:64 - Compatibility file has been processed (317 Rules)
2025-08-28 11:18:00,396 [INFO] RulesReader:64 - Compatibility file has been processed (317 Rules)
2025-08-28 11:18:00,409 [INFO] CADModel:165 - CPN selected for project level
2025-08-28 11:18:00,409 [INFO] CADModel:114 - Register for checkConnection events
2025-08-28 11:18:00,409 [FATAL] Updater:351 - Updater called before beeing initialized
2025-08-28 11:18:00,409 [ERROR] CADModel:125 - Updater not yet initialized, retry later 
2025-08-28 11:18:00,516 [FATAL] Updater:351 - Updater called before beeing initialized
2025-08-28 11:18:00,518 [INFO] CADModel:165 - CPN selected for project level
2025-08-28 11:18:00,518 [INFO] CADModel:114 - Register for checkConnection events
2025-08-28 11:18:00,518 [FATAL] Updater:351 - Updater called before beeing initialized
2025-08-28 11:18:00,518 [ERROR] CADModel:125 - Updater not yet initialized, retry later 
2025-08-28 11:18:00,520 [FATAL] Updater:351 - Updater called before beeing initialized
2025-08-28 11:18:00,585 [FATAL] Updater:351 - Updater called before beeing initialized
2025-08-28 11:18:00,588 [INFO] DbMcusAds:53 - JSON generation date=Tue Jul 08 15:14:23 ICT 2025 (1751962463593)
2025-08-28 11:18:00,589 [FATAL] Updater:351 - Updater called before beeing initialized
2025-08-28 11:18:00,619 [WARN] DetailPanel:346 - Failed to get advertising image, set to default
2025-08-28 11:18:00,671 [FATAL] Updater:351 - Updater called before beeing initialized
2025-08-28 11:18:00,673 [FATAL] Updater:351 - Updater called before beeing initialized
2025-08-28 11:18:00,673 [FATAL] Updater:351 - Updater called before beeing initialized
2025-08-28 11:18:00,673 [WARN] DetailPanel:346 - Failed to get advertising image, set to default
2025-08-28 11:18:00,674 [FATAL] Updater:351 - Updater called before beeing initialized
2025-08-28 11:18:00,703 [ERROR] Updater:1198 - MainUpdater not yet initialized. External WinMGr cannot be set.
2025-08-28 11:18:00,704 [INFO] Updater:1134 - Updater Version found : 6.15.0
2025-08-28 11:18:00,721 [INFO] ApplicationProperties:184 - Using Application install path: /opt/st/stm32cubeide_1.19.0/plugins/com.st.stm32cube.common.mx_6.15.0.202507011659
2025-08-28 11:18:01,041 [INFO] MainUpdater:2872 - connection check result : 10
2025-08-28 11:18:01,042 [INFO] MainUpdater:289 - Updater Check For Update Now.
2025-08-28 11:18:01,042 [INFO] MicroXplorer:498 - Change Database Version : DB.6.0.150
2025-08-28 11:18:01,047 [INFO] McuFinderGlobals:63 - Set McuFinder mode to 2 (CubeIDE integrated)
2025-08-28 11:18:01,049 [INFO] UserAuth:487 - Internet connection configuration mode: 1
2025-08-28 11:18:01,075 [INFO] JxBrowserEngine:152 - Initiate JxBrowser Engine with user profile folder
2025-08-28 11:18:01,249 [INFO] CheckServerUpdateThread:120 - End of CheckServer Thread
2025-08-28 11:18:02,477 [INFO] WebApp:169 - Instantiating new browser for Auth
2025-08-28 11:18:02,813 [WARN] PackLoader:240 - Cannot read IP mode file for STMicroelectronics.FP-SNS-MOTENVWB1.1.4.0
2025-08-28 11:18:02,820 [WARN] PackLoader:240 - Cannot read IP mode file for STMicroelectronics.FP-ATR-ASTRA1.2.0.2
2025-08-28 11:18:02,827 [WARN] PackLoader:240 - Cannot read IP mode file for STMicroelectronics.X-CUBE-SMBUS.2.1.0
2025-08-28 11:18:02,831 [WARN] PackLoader:240 - Cannot read IP mode file for STMicroelectronics.X-CUBE-ST60.1.0.0
2025-08-28 11:18:02,859 [WARN] PackLoader:240 - Cannot read IP mode file for STMicroelectronics.X-CUBE-AZRTOS-F7.1.1.0
2025-08-28 11:18:02,894 [WARN] PackLoader:240 - Cannot read IP mode file for Infineon.AIROC-Wi-Fi-Bluetooth-STM32.1.7.1
2025-08-28 11:18:02,924 [WARN] PackLoader:240 - Cannot read IP mode file for STMicroelectronics.X-CUBE-AZRTOS-H7.3.4.0
2025-08-28 11:18:02,935 [WARN] PackLoader:240 - Cannot read IP mode file for STMicroelectronics.X-CUBE-DISPLAY.3.0.0
2025-08-28 11:18:02,946 [WARN] PackLoader:240 - Cannot read IP mode file for STMicroelectronics.X-CUBE-NFC10.1.0.0
2025-08-28 11:18:02,952 [WARN] PackLoader:240 - Cannot read IP mode file for emotas.I-CUBE-CANOPEN.1.3.0
2025-08-28 11:18:02,958 [WARN] PackLoader:240 - Cannot read IP mode file for STMicroelectronics.FP-SNS-STBOX1.2.1.0
2025-08-28 11:18:02,964 [WARN] PackLoader:240 - Cannot read IP mode file for STMicroelectronics.FP-SNS-SMARTAG2.1.2.0
2025-08-28 11:18:02,966 [WARN] PackLoader:240 - Cannot read IP mode file for STMicroelectronics.FP-SNS-FLIGHT1.5.1.0
2025-08-28 11:18:02,974 [INFO] LogOutputStream:77 - [STDOUT_REDIRECT] 1 : Invalid condition id : UX_CORESTACK_Condition cause : null
2025-08-28 11:18:02,975 [INFO] LogOutputStream:77 - [STDOUT_REDIRECT] 1 : Invalid condition id : UX_CORESTACK_Condition cause : null
2025-08-28 11:18:02,975 [INFO] LogOutputStream:77 - [STDOUT_REDIRECT] 1 : Invalid condition id : UX_CORESTACK_Condition cause : null
2025-08-28 11:18:02,976 [INFO] LogOutputStream:77 - [STDOUT_REDIRECT] 1 : Invalid condition id : UX_CORESTACK_Condition cause : null
2025-08-28 11:18:02,976 [INFO] LogOutputStream:77 - [STDOUT_REDIRECT] 1 : Invalid condition id : UX_CORESTACK_Condition cause : null
2025-08-28 11:18:02,978 [WARN] PackLoader:240 - Cannot read IP mode file for STMicroelectronics.X-CUBE-AZRTOS-WL.2.0.0
2025-08-28 11:18:02,981 [WARN] PackLoader:240 - Cannot read IP mode file for STMicroelectronics.FP-SNS-MOTENV1.5.0.0
2025-08-28 11:18:02,987 [WARN] PackLoader:240 - Cannot read IP mode file for WES.I-CUBE-Cesium.1.3.0
2025-08-28 11:18:02,990 [WARN] PackLoader:240 - Cannot read IP mode file for STMicroelectronics.X-CUBE-BLE2.3.3.0
2025-08-28 11:18:02,996 [WARN] PackLoader:240 - Cannot read IP mode file for STMicroelectronics.X-CUBE-NFC9.1.0.0
2025-08-28 11:18:03,000 [WARN] PackLoader:240 - Cannot read IP mode file for wolfSSL.I-CUBE-wolfSSL.5.8.2
2025-08-28 11:18:03,004 [WARN] PackLoader:240 - Cannot read IP mode file for STMicroelectronics.X-CUBE-BLE1.7.1.0
2025-08-28 11:18:03,006 [WARN] PackLoader:240 - Cannot read IP mode file for wolfSSL.I-CUBE-wolfMQTT.1.19.2
2025-08-28 11:18:03,011 [WARN] PackLoader:240 - Cannot read IP mode file for STMicroelectronics.X-CUBE-EEPRMA1.5.2.0
2025-08-28 11:18:03,016 [WARN] PackLoader:240 - Cannot read IP mode file for STMicroelectronics.X-CUBE-AI.10.1.0
2025-08-28 11:18:03,027 [WARN] PackLoader:240 - Cannot read IP mode file for STMicroelectronics.X-CUBE-AZRTOS-G0.1.1.0
2025-08-28 11:18:03,032 [WARN] PackLoader:240 - Cannot read IP mode file for STMicroelectronics.X-CUBE-SAFEA1.1.2.2
2025-08-28 11:18:03,038 [WARN] PackLoader:240 - Cannot read IP mode file for STMicroelectronics.X-CUBE-NFC4.3.0.0
2025-08-28 11:18:03,043 [WARN] PackLoader:240 - Cannot read IP mode file for EmbeddedOffice.I-CUBE-FS-RTOS.1.0.1
2025-08-28 11:18:03,047 [WARN] PackLoader:240 - Cannot read IP mode file for STMicroelectronics.X-CUBE-WB05N.2.0.0
2025-08-28 11:18:03,050 [WARN] PackLoader:240 - Cannot read IP mode file for wolfSSL.I-CUBE-wolfTPM.3.8.0
2025-08-28 11:18:03,054 [WARN] PackLoader:240 - Cannot read IP mode file for STMicroelectronics.X-CUBE-TCPP.4.2.0
2025-08-28 11:18:03,057 [WARN] PackLoader:240 - Cannot read IP mode file for RealThread.X-CUBE-RT-Thread_Nano.4.1.1
2025-08-28 11:18:03,060 [WARN] PackLoader:240 - Cannot read IP mode file for STMicroelectronics.FP-ATR-SIGFOX1.3.2.0
2025-08-28 11:18:03,064 [WARN] PackLoader:240 - Cannot read IP mode file for ITTIA_DB.I-CUBE-ITTIADB.8.9.0
2025-08-28 11:18:03,068 [WARN] PackLoader:240 - Cannot read IP mode file for STMicroelectronics.X-CUBE-ST67W61.1.0.0
2025-08-28 11:18:03,071 [WARN] PackLoader:240 - Cannot read IP mode file for STMicroelectronics.X-CUBE-AI.10.2.0
2025-08-28 11:18:03,093 [WARN] PackLoader:240 - Cannot read IP mode file for SEGGER.I-CUBE-embOS.1.3.1
2025-08-28 11:18:03,138 [WARN] PackLoader:240 - Cannot read IP mode file for STMicroelectronics.X-CUBE-ALGOBUILD.1.4.0
2025-08-28 11:18:03,189 [WARN] PackLoader:240 - Cannot read IP mode file for STMicroelectronics.X-CUBE-MEMS1.11.3.0
2025-08-28 11:18:03,324 [WARN] PackLoader:240 - Cannot read IP mode file for STMicroelectronics.X-CUBE-PM33A1.1.0.0
2025-08-28 11:18:03,336 [WARN] PackLoader:240 - Cannot read IP mode file for STMicroelectronics.X-CUBE-AZRTOS-F4.1.1.0
2025-08-28 11:18:03,341 [WARN] PackLoader:240 - Cannot read IP mode file for Avnet-IotConnect.X-CUBE-IoTC-DA16k-PMOD.1.0.0
2025-08-28 11:18:03,344 [WARN] PackLoader:240 - Cannot read IP mode file for STMicroelectronics.X-CUBE-ISPU.2.1.0
2025-08-28 11:18:03,350 [WARN] PackLoader:240 - Cannot read IP mode file for STMicroelectronics.X-CUBE-NFC12.1.0.0
2025-08-28 11:18:03,365 [WARN] PackLoader:240 - Cannot read IP mode file for STMicroelectronics.X-CUBE-AZRTOS-L5.2.0.0
2025-08-28 11:18:03,371 [WARN] PackLoader:240 - Cannot read IP mode file for STMicroelectronics.X-CUBE-NFC6.3.1.0
2025-08-28 11:18:03,376 [WARN] PackLoader:240 - Cannot read IP mode file for STMicroelectronics.X-CUBE-FREERTOS.1.3.1
2025-08-28 11:18:03,379 [WARN] PackLoader:240 - Cannot read IP mode file for STMicroelectronics.FP-SNS-STAIOTCFT.1.0.0
2025-08-28 11:18:03,382 [WARN] PackLoader:240 - Cannot read IP mode file for STMicroelectronics.X-CUBE-DPower.1.3.0
2025-08-28 11:18:03,397 [WARN] ConditionMgr:438 - getConditionDescription Invalid condition id : LAN8742 Phy interface Condition cause : null
2025-08-28 11:18:03,397 [WARN] PackLoader:240 - Cannot read IP mode file for STMicroelectronics.X-CUBE-AZRTOS-L4.2.0.0
2025-08-28 11:18:03,398 [WARN] ConditionMgr:1044 - genDependencies : Invalid condition id : LAN8742 Phy interface Condition cause : null
2025-08-28 11:18:03,398 [WARN] ConditionMgr:1044 - genDependencies : Invalid condition id : LAN8742 Phy interface Condition cause : null
2025-08-28 11:18:03,399 [WARN] ConditionMgr:1044 - genDependencies : Invalid condition id : LAN8742 Phy interface Condition cause : null
2025-08-28 11:18:03,403 [WARN] PackLoader:240 - Cannot read IP mode file for STMicroelectronics.X-CUBE-SFXS2LP1.4.0.0
2025-08-28 11:18:03,411 [INFO] WebApp:463 - Apply proxy settings
2025-08-28 11:18:03,412 [INFO] WebApp:548 - Chromium requires no authentication
2025-08-28 11:18:03,412 [WARN] PackLoader:240 - Cannot read IP mode file for STMicroelectronics.X-CUBE-BLEMGR.4.1.0
2025-08-28 11:18:03,422 [INFO] WebApp:491 - Direct internet connection detected
2025-08-28 11:18:03,428 [WARN] ConditionMgr:438 - getConditionDescription Invalid condition id : UX DEVICE CLASS RTOS Condition cause : null
2025-08-28 11:18:03,429 [WARN] ConditionMgr:438 - getConditionDescription Invalid condition id : UX DEVICE CLASS RTOS Condition cause : null
2025-08-28 11:18:03,431 [WARN] PackLoader:240 - Cannot read IP mode file for STMicroelectronics.X-CUBE-AZRTOS-WB.2.0.0
2025-08-28 11:18:03,431 [WARN] ConditionMgr:1044 - genDependencies : Invalid condition id : UX DEVICE CLASS RTOS Condition cause : null
2025-08-28 11:18:03,431 [WARN] ConditionMgr:1044 - genDependencies : Invalid condition id : UX DEVICE CLASS RTOS Condition cause : null
2025-08-28 11:18:03,431 [WARN] ConditionMgr:1044 - genDependencies : Invalid condition id : UX DEVICE CLASS RTOS Condition cause : null
2025-08-28 11:18:03,432 [WARN] ConditionMgr:1044 - genDependencies : Invalid condition id : UX DEVICE CLASS RTOS Condition cause : null
2025-08-28 11:18:03,432 [WARN] ConditionMgr:1044 - genDependencies : Invalid condition id : UX DEVICE CLASS RTOS Condition cause : null
2025-08-28 11:18:03,436 [WARN] PackLoader:240 - Cannot read IP mode file for STMicroelectronics.X-CUBE-GNSS1.7.0.1
2025-08-28 11:18:03,441 [WARN] PackLoader:240 - Cannot read IP mode file for STMicroelectronics.X-CUBE-TOUCHGFX.4.25.0
2025-08-28 11:18:03,444 [INFO] WebApp:900 - Register for checkConnection events
2025-08-28 11:18:03,444 [WARN] ConditionMgr:438 - getConditionDescription Invalid condition id : Cortex-A Device cause : null
2025-08-28 11:18:03,444 [INFO] WebApp:463 - Apply proxy settings
2025-08-28 11:18:03,444 [INFO] WebApp:548 - Chromium requires no authentication
2025-08-28 11:18:03,445 [INFO] WebApp:491 - Direct internet connection detected
2025-08-28 11:18:03,454 [WARN] ConditionMgr:1044 - genDependencies : Invalid condition id : Cortex-A Device cause : null
2025-08-28 11:18:03,454 [WARN] ConditionMgr:1044 - genDependencies : Invalid condition id : Cortex-A Device cause : null
2025-08-28 11:18:03,454 [WARN] ConditionMgr:1044 - genDependencies : Invalid condition id : Cortex-A Device cause : null
2025-08-28 11:18:03,462 [WARN] PackLoader:240 - Cannot read IP mode file for STMicroelectronics.X-CUBE-SUBG2.5.0.0
2025-08-28 11:18:03,483 [WARN] PackLoader:240 - Cannot read IP mode file for STMicroelectronics.X-CUBE-AZRTOS-H7RS.1.1.0
2025-08-28 11:18:03,487 [WARN] PackLoader:240 - Cannot read IP mode file for Cesanta.I-CUBE-Mongoose.7.13.0
2025-08-28 11:18:03,495 [WARN] PackLoader:240 - Cannot read IP mode file for STMicroelectronics.X-CUBE-AZRTOS-G4.2.0.0
2025-08-28 11:18:03,498 [WARN] PackLoader:240 - Cannot read IP mode file for wolfSSL.I-CUBE-wolfSSH.1.4.20
2025-08-28 11:18:03,500 [WARN] PackLoader:240 - Cannot read IP mode file for STMicroelectronics.X-CUBE-NFC7.2.0.0
2025-08-28 11:18:03,509 [WARN] PackLoader:240 - Cannot read IP mode file for STMicroelectronics.X-CUBE-IPS.3.1.0
2025-08-28 11:18:03,524 [WARN] PackLoader:240 - Cannot read IP mode file for STMicroelectronics.X-CUBE-ALS.1.0.2
2025-08-28 11:18:03,529 [WARN] PackLoader:240 - Cannot read IP mode file for portGmbH.I-Cube-SoM-uGOAL.1.1.0
2025-08-28 11:18:03,537 [WARN] PackLoader:240 - Cannot read IP mode file for STMicroelectronics.X-CUBE-TOF1.3.4.3
2025-08-28 11:18:03,544 [INFO] ThirdParty:978 - Integrity check success = true
2025-08-28 11:18:03,544 [INFO] IntegrityCheckThread:100 - exiting critical section [integrity check]
2025-08-28 11:18:03,544 [INFO] IntegrityCheckThread:103 - End integrity checks thread
2025-08-28 11:18:03,590 [INFO] WebApp:225 - Starting web application
2025-08-28 11:18:03,590 [INFO] WebApp:593 - Web application path used /opt/st/stm32cubeide_1.19.0/plugins/com.st.stm32cube.common.mx_6.15.0.202507011659/db/plugins/mcufinder/reactClient1/index.html
2025-08-28 11:18:03,682 [INFO] UserAuth:487 - Internet connection configuration mode: 1
2025-08-28 11:18:03,747 [INFO] WebApp:191 - Connection restablished
2025-08-28 12:03:19,681 [INFO] WebApp:194 - Connection lost
2025-08-28 12:32:09,921 [INFO] WebApp:191 - Connection restablished
2025-08-28 14:52:21,164 [INFO] WebApp:194 - Connection lost
2025-08-28 14:52:21,537 [INFO] WebApp:191 - Connection restablished
2025-08-28 14:52:56,044 [INFO] WebApp:194 - Connection lost
2025-08-28 14:52:56,312 [INFO] WebApp:191 - Connection restablished
2025-08-28 14:53:37,101 [INFO] WebApp:194 - Connection lost
2025-08-28 16:12:38,126 [INFO] WebApp:191 - Connection restablished
2025-08-28 16:12:40,913 [INFO] WebApp:194 - Connection lost
2025-08-28 16:12:41,109 [INFO] WebApp:191 - Connection restablished
2025-08-28 16:28:20,122 [ERROR] LogOutputStream:75 - [STDERR_REDIRECT] 
