2025-08-21 00:46:29,772 [ERROR] ConfigurationRetriever:142 - IOException on connection: Remote host terminated the handshake
2025-08-21 00:46:29,788 [ERROR] ConfigurationRetriever:142 - IOException on connection: Remote host terminated the handshake
2025-08-21 00:46:29,795 [ERROR] ConfigurationRetriever:142 - IOException on connection: Remote host terminated the handshake
2025-08-21 14:38:22,587 [INFO] Activator:176 - 


2025-08-21 14:38:22,588 [INFO] Activator:177 - !SESSION log4j initialized
2025-08-21 14:38:26,941 [INFO] LogOutputStream:77 - [STDOUT_REDIRECT] 
2025-08-21 14:38:28,412 [INFO] ApplicationProperties:184 - Using Application install path: /opt/st/stm32cubeide_1.19.0/plugins/com.st.stm32cube.common.mx_6.15.0.202507011659
2025-08-21 14:38:28,434 [INFO] DbMcusXml:78 - Set database path to: /opt/st/stm32cubeide_1.19.0/plugins/com.st.stm32cube.common.mx_6.15.0.202507011659//db//mcu/
2025-08-21 14:38:28,435 [INFO] ApiDb:274 - Set plugin database path to: /opt/st/stm32cubeide_1.19.0/plugins/com.st.stm32cube.common.mx_6.15.0.202507011659//db//plugins/boardmanager/
2025-08-21 14:38:28,435 [WARN] ApiDb:259 - Overriding images path with different value:  => /opt/st/stm32cubeide_1.19.0/plugins/com.st.stm32cube.common.mx_6.15.0.202507011659//db//plugins/mcufinder/images/
2025-08-21 14:38:28,445 [INFO] ApiDb:250 - Set database path to: /home/truongthinh/.stmcufinder/plugins/mcufinder//mcu/
2025-08-21 14:38:28,447 [INFO] DbMcusAds:125 - Set database path to: /home/truongthinh/.stmcufinder/plugins/mcufinder//mcu/
2025-08-21 14:38:28,450 [INFO] CrossReferenceDbSqlite:203 - Set database path to: /home/truongthinh/.stmcufinder/plugins/mcufinder//mcu/cs/
2025-08-21 14:38:28,570 [INFO] RulesReader:64 - Compatibility file has been processed (317 Rules)
2025-08-21 14:38:28,635 [INFO] DbMcusXml:78 - Set database path to: /opt/st/stm32cubeide_1.19.0/plugins/com.st.stm32cube.common.mx_6.15.0.202507011659//db//mcu/
2025-08-21 14:38:28,635 [INFO] ApiDb:274 - Set plugin database path to: /opt/st/stm32cubeide_1.19.0/plugins/com.st.stm32cube.common.mx_6.15.0.202507011659//db//plugins/boardmanager/
2025-08-21 14:38:28,635 [INFO] ApiDb:261 - Set plugin images path to: /opt/st/stm32cubeide_1.19.0/plugins/com.st.stm32cube.common.mx_6.15.0.202507011659//db//plugins/mcufinder/images/
2025-08-21 14:38:28,635 [WARN] DbFile:41 - Overriding database path with different value: /home/truongthinh/.stmcufinder/plugins/mcufinder/ => /home/truongthinh/.stmcufinder/plugins/mcufinder
2025-08-21 14:38:28,635 [INFO] ApiDb:250 - Set database path to: /home/truongthinh/.stmcufinder/plugins/mcufinder//mcu/
2025-08-21 14:38:28,635 [WARN] DbFile:41 - Overriding database path with different value: /home/truongthinh/.stmcufinder/plugins/mcufinder/ => /home/truongthinh/.stmcufinder/plugins/mcufinder
2025-08-21 14:38:28,635 [INFO] DbMcusAds:125 - Set database path to: /home/truongthinh/.stmcufinder/plugins/mcufinder//mcu/
2025-08-21 14:38:28,635 [WARN] DbFile:41 - Overriding database path with different value: /home/truongthinh/.stmcufinder/plugins/mcufinder/ => /home/truongthinh/.stmcufinder/plugins/mcufinder
2025-08-21 14:38:28,635 [WARN] DbFile:41 - Overriding database path with different value: /home/truongthinh/.stmcufinder/plugins/mcufinder/ => /home/truongthinh/.stmcufinder/plugins/mcufinder
2025-08-21 14:38:28,635 [INFO] CrossReferenceDbSqlite:203 - Set database path to: /home/truongthinh/.stmcufinder/plugins/mcufinder//mcu/cs/
2025-08-21 14:38:28,716 [INFO] MainPanel:274 - HeapMemory: 268435456
2025-08-21 14:38:28,875 [INFO] DbMcusXml:78 - Set database path to: /opt/st/stm32cubeide_1.19.0/plugins/com.st.stm32cube.common.mx_6.15.0.202507011659//db//mcu/
2025-08-21 14:38:28,876 [INFO] ApiDb:274 - Set plugin database path to: /opt/st/stm32cubeide_1.19.0/plugins/com.st.stm32cube.common.mx_6.15.0.202507011659//db//plugins/boardmanager/
2025-08-21 14:38:28,876 [INFO] ApiDb:261 - Set plugin images path to: /opt/st/stm32cubeide_1.19.0/plugins/com.st.stm32cube.common.mx_6.15.0.202507011659//db//plugins/mcufinder/images/
2025-08-21 14:38:28,876 [WARN] DbFile:41 - Overriding database path with different value: /home/truongthinh/.stmcufinder/plugins/mcufinder/ => /home/truongthinh/.stmcufinder/plugins/mcufinder
2025-08-21 14:38:28,876 [INFO] ApiDb:250 - Set database path to: /home/truongthinh/.stmcufinder/plugins/mcufinder//mcu/
2025-08-21 14:38:28,876 [WARN] DbFile:41 - Overriding database path with different value: /home/truongthinh/.stmcufinder/plugins/mcufinder/ => /home/truongthinh/.stmcufinder/plugins/mcufinder
2025-08-21 14:38:28,876 [INFO] DbMcusAds:125 - Set database path to: /home/truongthinh/.stmcufinder/plugins/mcufinder//mcu/
2025-08-21 14:38:28,877 [WARN] DbFile:41 - Overriding database path with different value: /home/truongthinh/.stmcufinder/plugins/mcufinder/ => /home/truongthinh/.stmcufinder/plugins/mcufinder
2025-08-21 14:38:28,877 [WARN] DbFile:41 - Overriding database path with different value: /home/truongthinh/.stmcufinder/plugins/mcufinder/ => /home/truongthinh/.stmcufinder/plugins/mcufinder
2025-08-21 14:38:28,877 [INFO] CrossReferenceDbSqlite:203 - Set database path to: /home/truongthinh/.stmcufinder/plugins/mcufinder//mcu/cs/
2025-08-21 14:38:28,896 [INFO] ApplicationProperties:184 - Using Application install path: /opt/st/stm32cubeide_1.19.0/plugins/com.st.stm32cube.common.mx_6.15.0.202507011659
2025-08-21 14:38:28,897 [INFO] PluginManage:196 - Search for loadable plugins [exclusion list=, ]
2025-08-21 14:38:28,898 [INFO] PluginManage:310 - Check plugin analytics
2025-08-21 14:38:29,065 [INFO] AnalyticsPlugin:253 - Accepted Software Licenses: 
2025-08-21 14:38:29,065 [INFO] AnalyticsPlugin:255 - Accepted CMSIS Pack Licenses: 
2025-08-21 14:38:29,065 [INFO] AnalyticsPlugin:257 - Accepted Firmware Licenses: FW.F4.1.28.0
2025-08-21 14:38:29,068 [INFO] PluginManage:359 - Loaded plugin analytics (category:tool,tabindex:-1)
2025-08-21 14:38:29,068 [INFO] PluginManage:310 - Check plugin cadmodel
2025-08-21 14:38:29,078 [INFO] CADModel:105 - Init CAD model plugin
2025-08-21 14:38:29,078 [INFO] PluginManage:359 - Loaded plugin cadmodel (category:power,tabindex:5)
2025-08-21 14:38:29,078 [INFO] PluginManage:310 - Check plugin clock
2025-08-21 14:38:29,093 [INFO] PluginManage:359 - Loaded plugin clock (category:base,tabindex:2)
2025-08-21 14:38:29,094 [INFO] PluginManage:310 - Check plugin ddr
2025-08-21 14:38:29,098 [INFO] PluginManage:359 - Loaded plugin ddr (category:tool,tabindex:6)
2025-08-21 14:38:29,099 [INFO] PluginManage:310 - Check plugin filemanager
2025-08-21 14:38:29,288 [INFO] PluginManage:359 - Loaded plugin filemanager (category:base,tabindex:10)
2025-08-21 14:38:29,289 [INFO] PluginManage:310 - Check plugin ipmanager
2025-08-21 14:38:29,297 [INFO] PluginManage:359 - Loaded plugin ipmanager (category:base,tabindex:5)
2025-08-21 14:38:29,297 [INFO] PluginManage:310 - Check plugin lpbam
2025-08-21 14:38:29,315 [INFO] PluginManage:359 - Loaded plugin lpbam (category:base,tabindex:0)
2025-08-21 14:38:29,315 [INFO] PluginManage:310 - Check plugin memorymap
2025-08-21 14:38:29,332 [INFO] PluginManage:359 - Loaded plugin memorymap (category:base,tabindex:4)
2025-08-21 14:38:29,332 [INFO] PluginManage:310 - Check plugin pinoutandconfiguration
2025-08-21 14:38:29,347 [INFO] PluginManage:359 - Loaded plugin pinoutandconfiguration (category:base,tabindex:1)
2025-08-21 14:38:29,347 [INFO] PluginManage:310 - Check plugin pinoutconfig
2025-08-21 14:38:29,488 [WARN] SupportedApi:132 - Cannot load RTOS API schema: s4s-elt-must-match.1: The content of 'definitions' must match (annotation?, (simpleType | complexType)?, (unique | key | keyref)*)). A problem was found starting at: attribute.
2025-08-21 14:38:29,690 [INFO] PluginManage:359 - Loaded plugin pinoutconfig (category:base,tabindex:0)
2025-08-21 14:38:29,690 [INFO] PluginManage:310 - Check plugin power
2025-08-21 14:38:29,703 [INFO] PluginManage:359 - Loaded plugin power (category:power,tabindex:4)
2025-08-21 14:38:29,704 [INFO] PluginManage:310 - Check plugin projectmanager
2025-08-21 14:38:29,720 [INFO] PluginManage:359 - Loaded plugin projectmanager (category:projectmanager,tabindex:4)
2025-08-21 14:38:29,720 [INFO] PluginManage:310 - Check plugin rif
2025-08-21 14:38:29,730 [INFO] PluginManage:359 - Loaded plugin rif (category:base,tabindex:3)
2025-08-21 14:38:29,730 [INFO] PluginManage:310 - Check plugin thirdparty
2025-08-21 14:38:29,852 [INFO] PluginManage:359 - Loaded plugin thirdparty (category:base,tabindex:-1)
2025-08-21 14:38:29,852 [WARN] IntegrityCheckThread:84 - waiting for thirdparty lock release [integrity check]
2025-08-21 14:38:29,853 [INFO] PluginManage:310 - Check plugin tools
2025-08-21 14:38:29,853 [INFO] IntegrityCheckThread:86 - entering critical section [integrity check]
2025-08-21 14:38:29,853 [INFO] ThirdPartyUpdaterWithRetryManager:70 - Updater plugin not ready yet. [1/15]
2025-08-21 14:38:29,855 [INFO] PluginManage:359 - Loaded plugin tools (category:base,tabindex:7)
2025-08-21 14:38:29,855 [INFO] PluginManage:310 - Check plugin tutovideos
2025-08-21 14:38:30,057 [INFO] PluginManage:359 - Loaded plugin tutovideos (category:base,tabindex:-1)
2025-08-21 14:38:30,057 [INFO] PluginManage:310 - Check plugin updater
2025-08-21 14:38:30,081 [INFO] PluginManage:359 - Loaded plugin updater (category:base,tabindex:12)
2025-08-21 14:38:30,081 [INFO] PluginManage:310 - Check plugin userauth
2025-08-21 14:38:30,086 [INFO] UserAuth:118 - Init User Auth plugin
2025-08-21 14:38:30,086 [INFO] PluginManage:359 - Loaded plugin userauth (category:base,tabindex:14)
2025-08-21 14:38:30,087 [INFO] PluginManage:283 - PluginManage : Loaded plugins [18]
2025-08-21 14:38:30,294 [INFO] PinOutPanel:1589 - setPackage(No Configuration,No Configuration)
2025-08-21 14:38:30,367 [INFO] CADModel:165 - CPN selected for project level
2025-08-21 14:38:30,367 [INFO] CADModel:114 - Register for checkConnection events
2025-08-21 14:38:30,379 [INFO] IPUIPlugin:80 - create IPUIPlugin
2025-08-21 14:38:30,379 [INFO] PluginManager:220 - loadIPPluginJar : add tim
2025-08-21 14:38:30,387 [INFO] IPUIPlugin:80 - create IPUIPlugin
2025-08-21 14:38:30,387 [INFO] PluginManager:220 - loadIPPluginJar : add ipddr
2025-08-21 14:38:30,394 [INFO] IPUIPlugin:80 - create IPUIPlugin
2025-08-21 14:38:30,394 [INFO] PluginManager:220 - loadIPPluginJar : add adc
2025-08-21 14:38:30,396 [INFO] IPUIPlugin:80 - create IPUIPlugin
2025-08-21 14:38:30,396 [INFO] PluginManager:220 - loadIPPluginJar : add quadspi
2025-08-21 14:38:30,400 [INFO] IPUIPlugin:80 - create IPUIPlugin
2025-08-21 14:38:30,400 [INFO] PluginManager:220 - loadIPPluginJar : add i2s
2025-08-21 14:38:30,404 [INFO] IPUIPlugin:80 - create IPUIPlugin
2025-08-21 14:38:30,404 [INFO] PluginManager:220 - loadIPPluginJar : add gfxmmu
2025-08-21 14:38:30,405 [INFO] IPUIPlugin:80 - create IPUIPlugin
2025-08-21 14:38:30,405 [INFO] PluginManager:220 - loadIPPluginJar : add ltdc
2025-08-21 14:38:30,412 [INFO] IPUIPlugin:80 - create IPUIPlugin
2025-08-21 14:38:30,412 [INFO] PluginManager:220 - loadIPPluginJar : add gpio
2025-08-21 14:38:30,414 [INFO] IPUIPlugin:80 - create IPUIPlugin
2025-08-21 14:38:30,414 [INFO] PluginManager:220 - loadIPPluginJar : add cryp
2025-08-21 14:38:30,416 [INFO] IPUIPlugin:80 - create IPUIPlugin
2025-08-21 14:38:30,416 [INFO] PluginManager:220 - loadIPPluginJar : add fatfs
2025-08-21 14:38:30,419 [INFO] IPUIPlugin:80 - create IPUIPlugin
2025-08-21 14:38:30,419 [INFO] PluginManager:220 - loadIPPluginJar : add pdm2pcm
2025-08-21 14:38:30,421 [INFO] IPUIPlugin:80 - create IPUIPlugin
2025-08-21 14:38:30,421 [INFO] PluginManager:220 - loadIPPluginJar : add genericplugin
2025-08-21 14:38:30,426 [INFO] IPUIPlugin:80 - create IPUIPlugin
2025-08-21 14:38:30,426 [INFO] PluginManager:220 - loadIPPluginJar : add nvic
2025-08-21 14:38:30,429 [INFO] IPUIPlugin:80 - create IPUIPlugin
2025-08-21 14:38:30,429 [INFO] PluginManager:220 - loadIPPluginJar : add usbx
2025-08-21 14:38:30,432 [INFO] IPUIPlugin:80 - create IPUIPlugin
2025-08-21 14:38:30,432 [INFO] PluginManager:220 - loadIPPluginJar : add gtzc
2025-08-21 14:38:30,434 [INFO] IPUIPlugin:80 - create IPUIPlugin
2025-08-21 14:38:30,434 [INFO] PluginManager:220 - loadIPPluginJar : add radio
2025-08-21 14:38:30,437 [INFO] IPUIPlugin:80 - create IPUIPlugin
2025-08-21 14:38:30,437 [INFO] PluginManager:220 - loadIPPluginJar : add i2c
2025-08-21 14:38:30,439 [INFO] IPUIPlugin:80 - create IPUIPlugin
2025-08-21 14:38:30,439 [INFO] PluginManager:220 - loadIPPluginJar : add tsc
2025-08-21 14:38:30,445 [INFO] IPUIPlugin:80 - create IPUIPlugin
2025-08-21 14:38:30,445 [INFO] PluginManager:220 - loadIPPluginJar : add dma
2025-08-21 14:38:30,447 [INFO] IPUIPlugin:80 - create IPUIPlugin
2025-08-21 14:38:30,447 [INFO] PluginManager:220 - loadIPPluginJar : add tracer_emb
2025-08-21 14:38:30,452 [INFO] IPUIPlugin:80 - create IPUIPlugin
2025-08-21 14:38:30,452 [INFO] PluginManager:220 - loadIPPluginJar : add stm32_wpan
2025-08-21 14:38:30,455 [INFO] IPUIPlugin:80 - create IPUIPlugin
2025-08-21 14:38:30,455 [INFO] PluginManager:220 - loadIPPluginJar : add touchsensing
2025-08-21 14:38:30,461 [INFO] IPUIPlugin:80 - create IPUIPlugin
2025-08-21 14:38:30,461 [INFO] PluginManager:220 - loadIPPluginJar : add resmgrutility
2025-08-21 14:38:30,466 [INFO] IPUIPlugin:80 - create IPUIPlugin
2025-08-21 14:38:30,466 [INFO] PluginManager:220 - loadIPPluginJar : add gic
2025-08-21 14:38:30,468 [INFO] IPUIPlugin:80 - create IPUIPlugin
2025-08-21 14:38:30,468 [INFO] PluginManager:220 - loadIPPluginJar : add ucpd
2025-08-21 14:38:30,474 [INFO] IPUIPlugin:80 - create IPUIPlugin
2025-08-21 14:38:30,474 [INFO] PluginManager:220 - loadIPPluginJar : add mdma
2025-08-21 14:38:30,480 [INFO] IPUIPlugin:80 - create IPUIPlugin
2025-08-21 14:38:30,480 [INFO] PluginManager:220 - loadIPPluginJar : add freertos
2025-08-21 14:38:30,482 [INFO] IPUIPlugin:80 - create IPUIPlugin
2025-08-21 14:38:30,482 [INFO] PluginManager:220 - loadIPPluginJar : add dma3
2025-08-21 14:38:30,484 [INFO] IPUIPlugin:80 - create IPUIPlugin
2025-08-21 14:38:30,485 [INFO] PluginManager:220 - loadIPPluginJar : add ts
2025-08-21 14:38:30,488 [INFO] IPUIPlugin:80 - create IPUIPlugin
2025-08-21 14:38:30,488 [INFO] PluginManager:220 - loadIPPluginJar : add fmc
2025-08-21 14:38:30,490 [INFO] IPUIPlugin:80 - create IPUIPlugin
2025-08-21 14:38:30,490 [INFO] PluginManager:220 - loadIPPluginJar : add aes
2025-08-21 14:38:30,493 [INFO] IPUIPlugin:80 - create IPUIPlugin
2025-08-21 14:38:30,493 [INFO] PluginManager:220 - loadIPPluginJar : add opamp
2025-08-21 14:38:30,495 [INFO] IPUIPlugin:80 - create IPUIPlugin
2025-08-21 14:38:30,495 [INFO] PluginManager:220 - loadIPPluginJar : add extmemmanager
2025-08-21 14:38:30,499 [INFO] IPUIPlugin:80 - create IPUIPlugin
2025-08-21 14:38:30,499 [INFO] PluginManager:220 - loadIPPluginJar : add ddr_ctrl_phy
2025-08-21 14:38:30,501 [INFO] IPUIPlugin:80 - create IPUIPlugin
2025-08-21 14:38:30,501 [INFO] PluginManager:220 - loadIPPluginJar : add lorawan
2025-08-21 14:38:30,503 [INFO] IPUIPlugin:80 - create IPUIPlugin
2025-08-21 14:38:30,503 [INFO] PluginManager:220 - loadIPPluginJar : add usart
2025-08-21 14:38:30,510 [INFO] IPUIPlugin:80 - create IPUIPlugin
2025-08-21 14:38:30,513 [INFO] PluginManager:220 - loadIPPluginJar : add plateformsettings
2025-08-21 14:38:30,515 [INFO] IPUIPlugin:80 - create IPUIPlugin
2025-08-21 14:38:30,515 [INFO] PluginManager:220 - loadIPPluginJar : add dfsdm
2025-08-21 14:38:30,518 [INFO] IPUIPlugin:80 - create IPUIPlugin
2025-08-21 14:38:30,518 [INFO] PluginManager:220 - loadIPPluginJar : add openamp
2025-08-21 14:38:30,519 [INFO] IPUIPlugin:80 - create IPUIPlugin
2025-08-21 14:38:30,520 [INFO] PluginManager:220 - loadIPPluginJar : add comp
2025-08-21 14:38:30,525 [INFO] IPUIPlugin:80 - create IPUIPlugin
2025-08-21 14:38:30,525 [INFO] PluginManager:220 - loadIPPluginJar : add linkedlist
2025-08-21 14:38:30,528 [INFO] IPUIPlugin:80 - create IPUIPlugin
2025-08-21 14:38:30,528 [INFO] PluginManager:220 - loadIPPluginJar : add i3c
2025-08-21 14:38:30,530 [INFO] IPUIPlugin:80 - create IPUIPlugin
2025-08-21 14:38:30,530 [INFO] PluginManager:220 - loadIPPluginJar : add hash
2025-08-21 14:38:30,532 [INFO] IPUIPlugin:80 - create IPUIPlugin
2025-08-21 14:38:30,532 [INFO] PluginManager:220 - loadIPPluginJar : add can
2025-08-21 14:38:30,535 [INFO] IPUIPlugin:80 - create IPUIPlugin
2025-08-21 14:38:30,535 [INFO] PluginManager:220 - loadIPPluginJar : add sai
2025-08-21 14:38:30,537 [INFO] IPUIPlugin:80 - create IPUIPlugin
2025-08-21 14:38:30,537 [INFO] PluginManager:220 - loadIPPluginJar : add spi
2025-08-21 14:38:30,636 [FATAL] Updater:351 - Updater called before beeing initialized
2025-08-21 14:38:30,664 [INFO] RulesReader:64 - Compatibility file has been processed (317 Rules)
2025-08-21 14:38:30,680 [INFO] RulesReader:64 - Compatibility file has been processed (317 Rules)
2025-08-21 14:38:30,691 [INFO] CADModel:165 - CPN selected for project level
2025-08-21 14:38:30,692 [INFO] CADModel:114 - Register for checkConnection events
2025-08-21 14:38:30,692 [FATAL] Updater:351 - Updater called before beeing initialized
2025-08-21 14:38:30,692 [ERROR] CADModel:125 - Updater not yet initialized, retry later 
2025-08-21 14:38:31,014 [FATAL] Updater:351 - Updater called before beeing initialized
2025-08-21 14:38:31,019 [INFO] CADModel:165 - CPN selected for project level
2025-08-21 14:38:31,020 [INFO] CADModel:114 - Register for checkConnection events
2025-08-21 14:38:31,020 [FATAL] Updater:351 - Updater called before beeing initialized
2025-08-21 14:38:31,020 [ERROR] CADModel:125 - Updater not yet initialized, retry later 
2025-08-21 14:38:31,030 [FATAL] Updater:351 - Updater called before beeing initialized
2025-08-21 14:38:31,217 [FATAL] Updater:351 - Updater called before beeing initialized
2025-08-21 14:38:31,223 [INFO] DbMcusAds:53 - JSON generation date=Tue Jul 08 15:14:23 ICT 2025 (1751962463582)
2025-08-21 14:38:31,223 [FATAL] Updater:351 - Updater called before beeing initialized
2025-08-21 14:38:31,257 [WARN] DetailPanel:346 - Failed to get advertising image, set to default
2025-08-21 14:38:31,312 [FATAL] Updater:351 - Updater called before beeing initialized
2025-08-21 14:38:31,313 [FATAL] Updater:351 - Updater called before beeing initialized
2025-08-21 14:38:31,314 [FATAL] Updater:351 - Updater called before beeing initialized
2025-08-21 14:38:31,314 [WARN] DetailPanel:346 - Failed to get advertising image, set to default
2025-08-21 14:38:31,314 [FATAL] Updater:351 - Updater called before beeing initialized
2025-08-21 14:38:31,342 [ERROR] Updater:1198 - MainUpdater not yet initialized. External WinMGr cannot be set.
2025-08-21 14:38:31,344 [INFO] Updater:1134 - Updater Version found : 6.15.0
2025-08-21 14:38:31,361 [INFO] ApplicationProperties:184 - Using Application install path: /opt/st/stm32cubeide_1.19.0/plugins/com.st.stm32cube.common.mx_6.15.0.202507011659
2025-08-21 14:38:31,702 [INFO] MainUpdater:2872 - connection check result : 10
2025-08-21 14:38:31,702 [INFO] MainUpdater:289 - Updater Check For Update Now.
2025-08-21 14:38:31,703 [INFO] MicroXplorer:498 - Change Database Version : DB.6.0.150
2025-08-21 14:38:31,708 [INFO] McuFinderGlobals:63 - Set McuFinder mode to 2 (CubeIDE integrated)
2025-08-21 14:38:31,710 [INFO] UserAuth:487 - Internet connection configuration mode: 1
2025-08-21 14:38:31,738 [INFO] JxBrowserEngine:152 - Initiate JxBrowser Engine with user profile folder
2025-08-21 14:38:31,966 [INFO] CheckServerUpdateThread:120 - End of CheckServer Thread
2025-08-21 14:38:33,354 [WARN] PackLoader:240 - Cannot read IP mode file for STMicroelectronics.FP-SNS-MOTENVWB1.1.4.0
2025-08-21 14:38:33,363 [WARN] PackLoader:240 - Cannot read IP mode file for STMicroelectronics.FP-ATR-ASTRA1.2.0.2
2025-08-21 14:38:33,371 [WARN] PackLoader:240 - Cannot read IP mode file for STMicroelectronics.X-CUBE-SMBUS.2.1.0
2025-08-21 14:38:33,376 [WARN] PackLoader:240 - Cannot read IP mode file for STMicroelectronics.X-CUBE-ST60.1.0.0
2025-08-21 14:38:33,411 [WARN] PackLoader:240 - Cannot read IP mode file for STMicroelectronics.X-CUBE-AZRTOS-F7.1.1.0
2025-08-21 14:38:33,445 [WARN] PackLoader:240 - Cannot read IP mode file for Infineon.AIROC-Wi-Fi-Bluetooth-STM32.1.7.1
2025-08-21 14:38:33,490 [WARN] PackLoader:240 - Cannot read IP mode file for STMicroelectronics.X-CUBE-AZRTOS-H7.3.4.0
2025-08-21 14:38:33,506 [WARN] PackLoader:240 - Cannot read IP mode file for STMicroelectronics.X-CUBE-DISPLAY.3.0.0
2025-08-21 14:38:33,526 [WARN] PackLoader:240 - Cannot read IP mode file for STMicroelectronics.X-CUBE-NFC10.1.0.0
2025-08-21 14:38:33,534 [WARN] PackLoader:240 - Cannot read IP mode file for emotas.I-CUBE-CANOPEN.1.3.0
2025-08-21 14:38:33,549 [WARN] PackLoader:240 - Cannot read IP mode file for STMicroelectronics.FP-SNS-STBOX1.2.1.0
2025-08-21 14:38:33,554 [WARN] PackLoader:240 - Cannot read IP mode file for STMicroelectronics.FP-SNS-SMARTAG2.1.2.0
2025-08-21 14:38:33,560 [WARN] PackLoader:240 - Cannot read IP mode file for STMicroelectronics.FP-SNS-FLIGHT1.5.1.0
2025-08-21 14:38:33,571 [INFO] LogOutputStream:77 - [STDOUT_REDIRECT] 1 : Invalid condition id : UX_CORESTACK_Condition cause : null
2025-08-21 14:38:33,572 [INFO] LogOutputStream:77 - [STDOUT_REDIRECT] 1 : Invalid condition id : UX_CORESTACK_Condition cause : null
2025-08-21 14:38:33,572 [INFO] LogOutputStream:77 - [STDOUT_REDIRECT] 1 : Invalid condition id : UX_CORESTACK_Condition cause : null
2025-08-21 14:38:33,573 [INFO] LogOutputStream:77 - [STDOUT_REDIRECT] 1 : Invalid condition id : UX_CORESTACK_Condition cause : null
2025-08-21 14:38:33,573 [INFO] LogOutputStream:77 - [STDOUT_REDIRECT] 1 : Invalid condition id : UX_CORESTACK_Condition cause : null
2025-08-21 14:38:33,578 [WARN] PackLoader:240 - Cannot read IP mode file for STMicroelectronics.X-CUBE-AZRTOS-WL.2.0.0
2025-08-21 14:38:33,585 [WARN] PackLoader:240 - Cannot read IP mode file for STMicroelectronics.FP-SNS-MOTENV1.5.0.0
2025-08-21 14:38:33,593 [WARN] PackLoader:240 - Cannot read IP mode file for WES.I-CUBE-Cesium.1.3.0
2025-08-21 14:38:33,600 [WARN] PackLoader:240 - Cannot read IP mode file for STMicroelectronics.X-CUBE-BLE2.3.3.0
2025-08-21 14:38:33,611 [WARN] PackLoader:240 - Cannot read IP mode file for STMicroelectronics.X-CUBE-NFC9.1.0.0
2025-08-21 14:38:33,618 [WARN] PackLoader:240 - Cannot read IP mode file for wolfSSL.I-CUBE-wolfSSL.5.8.2
2025-08-21 14:38:33,624 [WARN] PackLoader:240 - Cannot read IP mode file for STMicroelectronics.X-CUBE-BLE1.7.1.0
2025-08-21 14:38:33,629 [WARN] PackLoader:240 - Cannot read IP mode file for wolfSSL.I-CUBE-wolfMQTT.1.19.2
2025-08-21 14:38:33,635 [WARN] PackLoader:240 - Cannot read IP mode file for STMicroelectronics.X-CUBE-EEPRMA1.5.2.0
2025-08-21 14:38:33,640 [WARN] PackLoader:240 - Cannot read IP mode file for STMicroelectronics.X-CUBE-AI.10.1.0
2025-08-21 14:38:33,656 [WARN] PackLoader:240 - Cannot read IP mode file for STMicroelectronics.X-CUBE-AZRTOS-G0.1.1.0
2025-08-21 14:38:33,663 [WARN] PackLoader:240 - Cannot read IP mode file for STMicroelectronics.X-CUBE-SAFEA1.1.2.2
2025-08-21 14:38:33,671 [WARN] PackLoader:240 - Cannot read IP mode file for STMicroelectronics.X-CUBE-NFC4.3.0.0
2025-08-21 14:38:33,681 [WARN] PackLoader:240 - Cannot read IP mode file for EmbeddedOffice.I-CUBE-FS-RTOS.1.0.1
2025-08-21 14:38:33,688 [WARN] PackLoader:240 - Cannot read IP mode file for STMicroelectronics.X-CUBE-WB05N.2.0.0
2025-08-21 14:38:33,694 [WARN] PackLoader:240 - Cannot read IP mode file for wolfSSL.I-CUBE-wolfTPM.3.8.0
2025-08-21 14:38:33,700 [WARN] PackLoader:240 - Cannot read IP mode file for STMicroelectronics.X-CUBE-TCPP.4.2.0
2025-08-21 14:38:33,706 [WARN] PackLoader:240 - Cannot read IP mode file for RealThread.X-CUBE-RT-Thread_Nano.4.1.1
2025-08-21 14:38:33,713 [WARN] PackLoader:240 - Cannot read IP mode file for STMicroelectronics.FP-ATR-SIGFOX1.3.2.0
2025-08-21 14:38:33,724 [WARN] PackLoader:240 - Cannot read IP mode file for ITTIA_DB.I-CUBE-ITTIADB.8.9.0
2025-08-21 14:38:33,734 [WARN] PackLoader:240 - Cannot read IP mode file for STMicroelectronics.X-CUBE-ST67W61.1.0.0
2025-08-21 14:38:33,739 [WARN] PackLoader:240 - Cannot read IP mode file for STMicroelectronics.X-CUBE-AI.10.2.0
2025-08-21 14:38:33,801 [WARN] PackLoader:240 - Cannot read IP mode file for SEGGER.I-CUBE-embOS.1.3.1
2025-08-21 14:38:33,887 [WARN] PackLoader:240 - Cannot read IP mode file for STMicroelectronics.X-CUBE-ALGOBUILD.1.4.0
2025-08-21 14:38:33,966 [WARN] PackLoader:240 - Cannot read IP mode file for STMicroelectronics.X-CUBE-MEMS1.11.3.0
2025-08-21 14:38:34,000 [INFO] WebApp:169 - Instantiating new browser for Auth
2025-08-21 14:38:34,126 [WARN] PackLoader:240 - Cannot read IP mode file for STMicroelectronics.X-CUBE-PM33A1.1.0.0
2025-08-21 14:38:34,143 [WARN] PackLoader:240 - Cannot read IP mode file for STMicroelectronics.X-CUBE-AZRTOS-F4.1.1.0
2025-08-21 14:38:34,148 [WARN] PackLoader:240 - Cannot read IP mode file for Avnet-IotConnect.X-CUBE-IoTC-DA16k-PMOD.1.0.0
2025-08-21 14:38:34,152 [WARN] PackLoader:240 - Cannot read IP mode file for STMicroelectronics.X-CUBE-ISPU.2.1.0
2025-08-21 14:38:34,159 [WARN] PackLoader:240 - Cannot read IP mode file for STMicroelectronics.X-CUBE-NFC12.1.0.0
2025-08-21 14:38:34,177 [WARN] PackLoader:240 - Cannot read IP mode file for STMicroelectronics.X-CUBE-AZRTOS-L5.2.0.0
2025-08-21 14:38:34,184 [WARN] PackLoader:240 - Cannot read IP mode file for STMicroelectronics.X-CUBE-NFC6.3.1.0
2025-08-21 14:38:34,191 [WARN] PackLoader:240 - Cannot read IP mode file for STMicroelectronics.X-CUBE-FREERTOS.1.3.1
2025-08-21 14:38:34,195 [WARN] PackLoader:240 - Cannot read IP mode file for STMicroelectronics.FP-SNS-STAIOTCFT.1.0.0
2025-08-21 14:38:34,198 [WARN] PackLoader:240 - Cannot read IP mode file for STMicroelectronics.X-CUBE-DPower.1.3.0
2025-08-21 14:38:34,214 [WARN] ConditionMgr:438 - getConditionDescription Invalid condition id : LAN8742 Phy interface Condition cause : null
2025-08-21 14:38:34,215 [WARN] PackLoader:240 - Cannot read IP mode file for STMicroelectronics.X-CUBE-AZRTOS-L4.2.0.0
2025-08-21 14:38:34,217 [WARN] ConditionMgr:1044 - genDependencies : Invalid condition id : LAN8742 Phy interface Condition cause : null
2025-08-21 14:38:34,217 [WARN] ConditionMgr:1044 - genDependencies : Invalid condition id : LAN8742 Phy interface Condition cause : null
2025-08-21 14:38:34,218 [WARN] ConditionMgr:1044 - genDependencies : Invalid condition id : LAN8742 Phy interface Condition cause : null
2025-08-21 14:38:34,223 [WARN] PackLoader:240 - Cannot read IP mode file for STMicroelectronics.X-CUBE-SFXS2LP1.4.0.0
2025-08-21 14:38:34,232 [WARN] PackLoader:240 - Cannot read IP mode file for STMicroelectronics.X-CUBE-BLEMGR.4.1.0
2025-08-21 14:38:34,245 [WARN] ConditionMgr:438 - getConditionDescription Invalid condition id : UX DEVICE CLASS RTOS Condition cause : null
2025-08-21 14:38:34,246 [WARN] ConditionMgr:438 - getConditionDescription Invalid condition id : UX DEVICE CLASS RTOS Condition cause : null
2025-08-21 14:38:34,247 [WARN] PackLoader:240 - Cannot read IP mode file for STMicroelectronics.X-CUBE-AZRTOS-WB.2.0.0
2025-08-21 14:38:34,248 [WARN] ConditionMgr:1044 - genDependencies : Invalid condition id : UX DEVICE CLASS RTOS Condition cause : null
2025-08-21 14:38:34,248 [WARN] ConditionMgr:1044 - genDependencies : Invalid condition id : UX DEVICE CLASS RTOS Condition cause : null
2025-08-21 14:38:34,248 [WARN] ConditionMgr:1044 - genDependencies : Invalid condition id : UX DEVICE CLASS RTOS Condition cause : null
2025-08-21 14:38:34,248 [WARN] ConditionMgr:1044 - genDependencies : Invalid condition id : UX DEVICE CLASS RTOS Condition cause : null
2025-08-21 14:38:34,248 [WARN] ConditionMgr:1044 - genDependencies : Invalid condition id : UX DEVICE CLASS RTOS Condition cause : null
2025-08-21 14:38:34,252 [WARN] PackLoader:240 - Cannot read IP mode file for STMicroelectronics.X-CUBE-GNSS1.7.0.1
2025-08-21 14:38:34,255 [WARN] PackLoader:240 - Cannot read IP mode file for STMicroelectronics.X-CUBE-TOUCHGFX.4.25.0
2025-08-21 14:38:34,257 [WARN] ConditionMgr:438 - getConditionDescription Invalid condition id : Cortex-A Device cause : null
2025-08-21 14:38:34,269 [WARN] ConditionMgr:1044 - genDependencies : Invalid condition id : Cortex-A Device cause : null
2025-08-21 14:38:34,269 [WARN] ConditionMgr:1044 - genDependencies : Invalid condition id : Cortex-A Device cause : null
2025-08-21 14:38:34,269 [WARN] ConditionMgr:1044 - genDependencies : Invalid condition id : Cortex-A Device cause : null
2025-08-21 14:38:34,285 [WARN] PackLoader:240 - Cannot read IP mode file for STMicroelectronics.X-CUBE-SUBG2.5.0.0
2025-08-21 14:38:34,318 [WARN] PackLoader:240 - Cannot read IP mode file for STMicroelectronics.X-CUBE-AZRTOS-H7RS.1.1.0
2025-08-21 14:38:34,325 [WARN] PackLoader:240 - Cannot read IP mode file for Cesanta.I-CUBE-Mongoose.7.13.0
2025-08-21 14:38:34,337 [WARN] PackLoader:240 - Cannot read IP mode file for STMicroelectronics.X-CUBE-AZRTOS-G4.2.0.0
2025-08-21 14:38:34,342 [WARN] PackLoader:240 - Cannot read IP mode file for wolfSSL.I-CUBE-wolfSSH.1.4.20
2025-08-21 14:38:34,347 [WARN] PackLoader:240 - Cannot read IP mode file for STMicroelectronics.X-CUBE-NFC7.2.0.0
2025-08-21 14:38:34,358 [WARN] PackLoader:240 - Cannot read IP mode file for STMicroelectronics.X-CUBE-IPS.3.1.0
2025-08-21 14:38:34,365 [WARN] PackLoader:240 - Cannot read IP mode file for STMicroelectronics.X-CUBE-ALS.1.0.2
2025-08-21 14:38:34,373 [WARN] PackLoader:240 - Cannot read IP mode file for portGmbH.I-Cube-SoM-uGOAL.1.1.0
2025-08-21 14:38:34,386 [WARN] PackLoader:240 - Cannot read IP mode file for STMicroelectronics.X-CUBE-TOF1.3.4.3
2025-08-21 14:38:34,395 [INFO] ThirdParty:978 - Integrity check success = true
2025-08-21 14:38:34,396 [INFO] IntegrityCheckThread:100 - exiting critical section [integrity check]
2025-08-21 14:38:34,396 [INFO] IntegrityCheckThread:103 - End integrity checks thread
2025-08-21 14:38:35,746 [INFO] WebApp:463 - Apply proxy settings
2025-08-21 14:38:35,747 [INFO] WebApp:548 - Chromium requires no authentication
2025-08-21 14:38:35,769 [INFO] WebApp:491 - Direct internet connection detected
2025-08-21 14:38:35,827 [INFO] WebApp:900 - Register for checkConnection events
2025-08-21 14:38:35,827 [INFO] WebApp:463 - Apply proxy settings
2025-08-21 14:38:35,828 [INFO] WebApp:548 - Chromium requires no authentication
2025-08-21 14:38:35,830 [INFO] WebApp:491 - Direct internet connection detected
2025-08-21 14:38:36,283 [INFO] WebApp:191 - Connection restablished
2025-08-21 14:38:36,374 [INFO] WebApp:225 - Starting web application
2025-08-21 14:38:36,375 [INFO] WebApp:593 - Web application path used /opt/st/stm32cubeide_1.19.0/plugins/com.st.stm32cube.common.mx_6.15.0.202507011659/db/plugins/mcufinder/reactClient1/index.html
2025-08-21 14:38:36,517 [INFO] UserAuth:487 - Internet connection configuration mode: 1
2025-08-21 23:09:56,662 [INFO] Activator:176 - 


2025-08-21 23:09:56,664 [INFO] Activator:177 - !SESSION log4j initialized
2025-08-21 23:10:01,089 [INFO] LogOutputStream:77 - [STDOUT_REDIRECT] 
2025-08-21 23:10:02,565 [INFO] ApplicationProperties:184 - Using Application install path: /opt/st/stm32cubeide_1.19.0/plugins/com.st.stm32cube.common.mx_6.15.0.202507011659
2025-08-21 23:10:02,586 [INFO] DbMcusXml:78 - Set database path to: /opt/st/stm32cubeide_1.19.0/plugins/com.st.stm32cube.common.mx_6.15.0.202507011659//db//mcu/
2025-08-21 23:10:02,586 [INFO] ApiDb:274 - Set plugin database path to: /opt/st/stm32cubeide_1.19.0/plugins/com.st.stm32cube.common.mx_6.15.0.202507011659//db//plugins/boardmanager/
2025-08-21 23:10:02,586 [WARN] ApiDb:259 - Overriding images path with different value:  => /opt/st/stm32cubeide_1.19.0/plugins/com.st.stm32cube.common.mx_6.15.0.202507011659//db//plugins/mcufinder/images/
2025-08-21 23:10:02,596 [INFO] ApiDb:250 - Set database path to: /home/truongthinh/.stmcufinder/plugins/mcufinder//mcu/
2025-08-21 23:10:02,598 [INFO] DbMcusAds:125 - Set database path to: /home/truongthinh/.stmcufinder/plugins/mcufinder//mcu/
2025-08-21 23:10:02,602 [INFO] CrossReferenceDbSqlite:203 - Set database path to: /home/truongthinh/.stmcufinder/plugins/mcufinder//mcu/cs/
2025-08-21 23:10:02,754 [INFO] RulesReader:64 - Compatibility file has been processed (317 Rules)
2025-08-21 23:10:02,831 [INFO] DbMcusXml:78 - Set database path to: /opt/st/stm32cubeide_1.19.0/plugins/com.st.stm32cube.common.mx_6.15.0.202507011659//db//mcu/
2025-08-21 23:10:02,831 [INFO] ApiDb:274 - Set plugin database path to: /opt/st/stm32cubeide_1.19.0/plugins/com.st.stm32cube.common.mx_6.15.0.202507011659//db//plugins/boardmanager/
2025-08-21 23:10:02,831 [INFO] ApiDb:261 - Set plugin images path to: /opt/st/stm32cubeide_1.19.0/plugins/com.st.stm32cube.common.mx_6.15.0.202507011659//db//plugins/mcufinder/images/
2025-08-21 23:10:02,831 [WARN] DbFile:41 - Overriding database path with different value: /home/truongthinh/.stmcufinder/plugins/mcufinder/ => /home/truongthinh/.stmcufinder/plugins/mcufinder
2025-08-21 23:10:02,831 [INFO] ApiDb:250 - Set database path to: /home/truongthinh/.stmcufinder/plugins/mcufinder//mcu/
2025-08-21 23:10:02,831 [WARN] DbFile:41 - Overriding database path with different value: /home/truongthinh/.stmcufinder/plugins/mcufinder/ => /home/truongthinh/.stmcufinder/plugins/mcufinder
2025-08-21 23:10:02,831 [INFO] DbMcusAds:125 - Set database path to: /home/truongthinh/.stmcufinder/plugins/mcufinder//mcu/
2025-08-21 23:10:02,832 [WARN] DbFile:41 - Overriding database path with different value: /home/truongthinh/.stmcufinder/plugins/mcufinder/ => /home/truongthinh/.stmcufinder/plugins/mcufinder
2025-08-21 23:10:02,832 [WARN] DbFile:41 - Overriding database path with different value: /home/truongthinh/.stmcufinder/plugins/mcufinder/ => /home/truongthinh/.stmcufinder/plugins/mcufinder
2025-08-21 23:10:02,832 [INFO] CrossReferenceDbSqlite:203 - Set database path to: /home/truongthinh/.stmcufinder/plugins/mcufinder//mcu/cs/
2025-08-21 23:10:03,008 [INFO] MainPanel:274 - HeapMemory: 268435456
2025-08-21 23:10:03,442 [INFO] DbMcusXml:78 - Set database path to: /opt/st/stm32cubeide_1.19.0/plugins/com.st.stm32cube.common.mx_6.15.0.202507011659//db//mcu/
2025-08-21 23:10:03,443 [INFO] ApiDb:274 - Set plugin database path to: /opt/st/stm32cubeide_1.19.0/plugins/com.st.stm32cube.common.mx_6.15.0.202507011659//db//plugins/boardmanager/
2025-08-21 23:10:03,443 [INFO] ApiDb:261 - Set plugin images path to: /opt/st/stm32cubeide_1.19.0/plugins/com.st.stm32cube.common.mx_6.15.0.202507011659//db//plugins/mcufinder/images/
2025-08-21 23:10:03,444 [WARN] DbFile:41 - Overriding database path with different value: /home/truongthinh/.stmcufinder/plugins/mcufinder/ => /home/truongthinh/.stmcufinder/plugins/mcufinder
2025-08-21 23:10:03,445 [INFO] ApiDb:250 - Set database path to: /home/truongthinh/.stmcufinder/plugins/mcufinder//mcu/
2025-08-21 23:10:03,446 [WARN] DbFile:41 - Overriding database path with different value: /home/truongthinh/.stmcufinder/plugins/mcufinder/ => /home/truongthinh/.stmcufinder/plugins/mcufinder
2025-08-21 23:10:03,446 [INFO] DbMcusAds:125 - Set database path to: /home/truongthinh/.stmcufinder/plugins/mcufinder//mcu/
2025-08-21 23:10:03,446 [WARN] DbFile:41 - Overriding database path with different value: /home/truongthinh/.stmcufinder/plugins/mcufinder/ => /home/truongthinh/.stmcufinder/plugins/mcufinder
2025-08-21 23:10:03,447 [WARN] DbFile:41 - Overriding database path with different value: /home/truongthinh/.stmcufinder/plugins/mcufinder/ => /home/truongthinh/.stmcufinder/plugins/mcufinder
2025-08-21 23:10:03,447 [INFO] CrossReferenceDbSqlite:203 - Set database path to: /home/truongthinh/.stmcufinder/plugins/mcufinder//mcu/cs/
2025-08-21 23:10:03,497 [INFO] ApplicationProperties:184 - Using Application install path: /opt/st/stm32cubeide_1.19.0/plugins/com.st.stm32cube.common.mx_6.15.0.202507011659
2025-08-21 23:10:03,501 [INFO] PluginManage:196 - Search for loadable plugins [exclusion list=, ]
2025-08-21 23:10:03,504 [INFO] PluginManage:310 - Check plugin analytics
2025-08-21 23:10:03,894 [INFO] AnalyticsPlugin:253 - Accepted Software Licenses: 
2025-08-21 23:10:03,894 [INFO] AnalyticsPlugin:255 - Accepted CMSIS Pack Licenses: 
2025-08-21 23:10:03,894 [INFO] AnalyticsPlugin:257 - Accepted Firmware Licenses: FW.F4.1.28.0
2025-08-21 23:10:03,897 [INFO] PluginManage:359 - Loaded plugin analytics (category:tool,tabindex:-1)
2025-08-21 23:10:03,897 [INFO] PluginManage:310 - Check plugin cadmodel
2025-08-21 23:10:03,905 [INFO] CADModel:105 - Init CAD model plugin
2025-08-21 23:10:03,905 [INFO] PluginManage:359 - Loaded plugin cadmodel (category:power,tabindex:5)
2025-08-21 23:10:03,905 [INFO] PluginManage:310 - Check plugin clock
2025-08-21 23:10:03,916 [INFO] PluginManage:359 - Loaded plugin clock (category:base,tabindex:2)
2025-08-21 23:10:03,916 [INFO] PluginManage:310 - Check plugin ddr
2025-08-21 23:10:03,918 [INFO] PluginManage:359 - Loaded plugin ddr (category:tool,tabindex:6)
2025-08-21 23:10:03,919 [INFO] PluginManage:310 - Check plugin filemanager
2025-08-21 23:10:04,147 [INFO] PluginManage:359 - Loaded plugin filemanager (category:base,tabindex:10)
2025-08-21 23:10:04,147 [INFO] PluginManage:310 - Check plugin ipmanager
2025-08-21 23:10:04,156 [INFO] PluginManage:359 - Loaded plugin ipmanager (category:base,tabindex:5)
2025-08-21 23:10:04,156 [INFO] PluginManage:310 - Check plugin lpbam
2025-08-21 23:10:04,171 [INFO] PluginManage:359 - Loaded plugin lpbam (category:base,tabindex:0)
2025-08-21 23:10:04,172 [INFO] PluginManage:310 - Check plugin memorymap
2025-08-21 23:10:04,196 [INFO] PluginManage:359 - Loaded plugin memorymap (category:base,tabindex:4)
2025-08-21 23:10:04,197 [INFO] PluginManage:310 - Check plugin pinoutandconfiguration
2025-08-21 23:10:04,217 [INFO] PluginManage:359 - Loaded plugin pinoutandconfiguration (category:base,tabindex:1)
2025-08-21 23:10:04,218 [INFO] PluginManage:310 - Check plugin pinoutconfig
2025-08-21 23:10:04,373 [WARN] SupportedApi:132 - Cannot load RTOS API schema: s4s-elt-must-match.1: The content of 'definitions' must match (annotation?, (simpleType | complexType)?, (unique | key | keyref)*)). A problem was found starting at: attribute.
2025-08-21 23:10:04,533 [INFO] PluginManage:359 - Loaded plugin pinoutconfig (category:base,tabindex:0)
2025-08-21 23:10:04,533 [INFO] PluginManage:310 - Check plugin power
2025-08-21 23:10:04,546 [INFO] PluginManage:359 - Loaded plugin power (category:power,tabindex:4)
2025-08-21 23:10:04,546 [INFO] PluginManage:310 - Check plugin projectmanager
2025-08-21 23:10:04,567 [INFO] PluginManage:359 - Loaded plugin projectmanager (category:projectmanager,tabindex:4)
2025-08-21 23:10:04,567 [INFO] PluginManage:310 - Check plugin rif
2025-08-21 23:10:04,581 [INFO] PluginManage:359 - Loaded plugin rif (category:base,tabindex:3)
2025-08-21 23:10:04,581 [INFO] PluginManage:310 - Check plugin thirdparty
2025-08-21 23:10:04,715 [INFO] PluginManage:359 - Loaded plugin thirdparty (category:base,tabindex:-1)
2025-08-21 23:10:04,714 [WARN] IntegrityCheckThread:84 - waiting for thirdparty lock release [integrity check]
2025-08-21 23:10:04,715 [INFO] IntegrityCheckThread:86 - entering critical section [integrity check]
2025-08-21 23:10:04,715 [INFO] PluginManage:310 - Check plugin tools
2025-08-21 23:10:04,715 [INFO] ThirdPartyUpdaterWithRetryManager:70 - Updater plugin not ready yet. [1/15]
2025-08-21 23:10:04,717 [INFO] PluginManage:359 - Loaded plugin tools (category:base,tabindex:7)
2025-08-21 23:10:04,717 [INFO] PluginManage:310 - Check plugin tutovideos
2025-08-21 23:10:04,973 [INFO] PluginManage:359 - Loaded plugin tutovideos (category:base,tabindex:-1)
2025-08-21 23:10:04,973 [INFO] PluginManage:310 - Check plugin updater
2025-08-21 23:10:05,012 [INFO] PluginManage:359 - Loaded plugin updater (category:base,tabindex:12)
2025-08-21 23:10:05,013 [INFO] PluginManage:310 - Check plugin userauth
2025-08-21 23:10:05,019 [INFO] UserAuth:118 - Init User Auth plugin
2025-08-21 23:10:05,021 [INFO] PluginManage:359 - Loaded plugin userauth (category:base,tabindex:14)
2025-08-21 23:10:05,021 [INFO] PluginManage:283 - PluginManage : Loaded plugins [18]
2025-08-21 23:10:05,281 [INFO] PinOutPanel:1589 - setPackage(No Configuration,No Configuration)
2025-08-21 23:10:05,390 [INFO] CADModel:165 - CPN selected for project level
2025-08-21 23:10:05,390 [INFO] CADModel:114 - Register for checkConnection events
2025-08-21 23:10:05,405 [INFO] IPUIPlugin:80 - create IPUIPlugin
2025-08-21 23:10:05,406 [INFO] PluginManager:220 - loadIPPluginJar : add tim
2025-08-21 23:10:05,414 [INFO] IPUIPlugin:80 - create IPUIPlugin
2025-08-21 23:10:05,415 [INFO] PluginManager:220 - loadIPPluginJar : add ipddr
2025-08-21 23:10:05,424 [INFO] IPUIPlugin:80 - create IPUIPlugin
2025-08-21 23:10:05,424 [INFO] PluginManager:220 - loadIPPluginJar : add adc
2025-08-21 23:10:05,426 [INFO] IPUIPlugin:80 - create IPUIPlugin
2025-08-21 23:10:05,427 [INFO] PluginManager:220 - loadIPPluginJar : add quadspi
2025-08-21 23:10:05,430 [INFO] IPUIPlugin:80 - create IPUIPlugin
2025-08-21 23:10:05,430 [INFO] PluginManager:220 - loadIPPluginJar : add i2s
2025-08-21 23:10:05,433 [INFO] IPUIPlugin:80 - create IPUIPlugin
2025-08-21 23:10:05,433 [INFO] PluginManager:220 - loadIPPluginJar : add gfxmmu
2025-08-21 23:10:05,435 [INFO] IPUIPlugin:80 - create IPUIPlugin
2025-08-21 23:10:05,435 [INFO] PluginManager:220 - loadIPPluginJar : add ltdc
2025-08-21 23:10:05,441 [INFO] IPUIPlugin:80 - create IPUIPlugin
2025-08-21 23:10:05,442 [INFO] PluginManager:220 - loadIPPluginJar : add gpio
2025-08-21 23:10:05,445 [INFO] IPUIPlugin:80 - create IPUIPlugin
2025-08-21 23:10:05,445 [INFO] PluginManager:220 - loadIPPluginJar : add cryp
2025-08-21 23:10:05,447 [INFO] IPUIPlugin:80 - create IPUIPlugin
2025-08-21 23:10:05,447 [INFO] PluginManager:220 - loadIPPluginJar : add fatfs
2025-08-21 23:10:05,450 [INFO] IPUIPlugin:80 - create IPUIPlugin
2025-08-21 23:10:05,450 [INFO] PluginManager:220 - loadIPPluginJar : add pdm2pcm
2025-08-21 23:10:05,452 [INFO] IPUIPlugin:80 - create IPUIPlugin
2025-08-21 23:10:05,452 [INFO] PluginManager:220 - loadIPPluginJar : add genericplugin
2025-08-21 23:10:05,457 [INFO] IPUIPlugin:80 - create IPUIPlugin
2025-08-21 23:10:05,457 [INFO] PluginManager:220 - loadIPPluginJar : add nvic
2025-08-21 23:10:05,461 [INFO] IPUIPlugin:80 - create IPUIPlugin
2025-08-21 23:10:05,461 [INFO] PluginManager:220 - loadIPPluginJar : add usbx
2025-08-21 23:10:05,465 [INFO] IPUIPlugin:80 - create IPUIPlugin
2025-08-21 23:10:05,465 [INFO] PluginManager:220 - loadIPPluginJar : add gtzc
2025-08-21 23:10:05,467 [INFO] IPUIPlugin:80 - create IPUIPlugin
2025-08-21 23:10:05,468 [INFO] PluginManager:220 - loadIPPluginJar : add radio
2025-08-21 23:10:05,470 [INFO] IPUIPlugin:80 - create IPUIPlugin
2025-08-21 23:10:05,471 [INFO] PluginManager:220 - loadIPPluginJar : add i2c
2025-08-21 23:10:05,473 [INFO] IPUIPlugin:80 - create IPUIPlugin
2025-08-21 23:10:05,473 [INFO] PluginManager:220 - loadIPPluginJar : add tsc
2025-08-21 23:10:05,480 [INFO] IPUIPlugin:80 - create IPUIPlugin
2025-08-21 23:10:05,480 [INFO] PluginManager:220 - loadIPPluginJar : add dma
2025-08-21 23:10:05,483 [INFO] IPUIPlugin:80 - create IPUIPlugin
2025-08-21 23:10:05,483 [INFO] PluginManager:220 - loadIPPluginJar : add tracer_emb
2025-08-21 23:10:05,493 [INFO] IPUIPlugin:80 - create IPUIPlugin
2025-08-21 23:10:05,493 [INFO] PluginManager:220 - loadIPPluginJar : add stm32_wpan
2025-08-21 23:10:05,497 [INFO] IPUIPlugin:80 - create IPUIPlugin
2025-08-21 23:10:05,497 [INFO] PluginManager:220 - loadIPPluginJar : add touchsensing
2025-08-21 23:10:05,502 [INFO] IPUIPlugin:80 - create IPUIPlugin
2025-08-21 23:10:05,502 [INFO] PluginManager:220 - loadIPPluginJar : add resmgrutility
2025-08-21 23:10:05,510 [INFO] IPUIPlugin:80 - create IPUIPlugin
2025-08-21 23:10:05,510 [INFO] PluginManager:220 - loadIPPluginJar : add gic
2025-08-21 23:10:05,512 [INFO] IPUIPlugin:80 - create IPUIPlugin
2025-08-21 23:10:05,513 [INFO] PluginManager:220 - loadIPPluginJar : add ucpd
2025-08-21 23:10:05,520 [INFO] IPUIPlugin:80 - create IPUIPlugin
2025-08-21 23:10:05,520 [INFO] PluginManager:220 - loadIPPluginJar : add mdma
2025-08-21 23:10:05,528 [INFO] IPUIPlugin:80 - create IPUIPlugin
2025-08-21 23:10:05,529 [INFO] PluginManager:220 - loadIPPluginJar : add freertos
2025-08-21 23:10:05,531 [INFO] IPUIPlugin:80 - create IPUIPlugin
2025-08-21 23:10:05,532 [INFO] PluginManager:220 - loadIPPluginJar : add dma3
2025-08-21 23:10:05,549 [INFO] IPUIPlugin:80 - create IPUIPlugin
2025-08-21 23:10:05,549 [INFO] PluginManager:220 - loadIPPluginJar : add ts
2025-08-21 23:10:05,557 [INFO] IPUIPlugin:80 - create IPUIPlugin
2025-08-21 23:10:05,557 [INFO] PluginManager:220 - loadIPPluginJar : add fmc
2025-08-21 23:10:05,561 [INFO] IPUIPlugin:80 - create IPUIPlugin
2025-08-21 23:10:05,561 [INFO] PluginManager:220 - loadIPPluginJar : add aes
2025-08-21 23:10:05,565 [INFO] IPUIPlugin:80 - create IPUIPlugin
2025-08-21 23:10:05,565 [INFO] PluginManager:220 - loadIPPluginJar : add opamp
2025-08-21 23:10:05,569 [INFO] IPUIPlugin:80 - create IPUIPlugin
2025-08-21 23:10:05,569 [INFO] PluginManager:220 - loadIPPluginJar : add extmemmanager
2025-08-21 23:10:05,573 [INFO] IPUIPlugin:80 - create IPUIPlugin
2025-08-21 23:10:05,574 [INFO] PluginManager:220 - loadIPPluginJar : add ddr_ctrl_phy
2025-08-21 23:10:05,577 [INFO] IPUIPlugin:80 - create IPUIPlugin
2025-08-21 23:10:05,577 [INFO] PluginManager:220 - loadIPPluginJar : add lorawan
2025-08-21 23:10:05,581 [INFO] IPUIPlugin:80 - create IPUIPlugin
2025-08-21 23:10:05,581 [INFO] PluginManager:220 - loadIPPluginJar : add usart
2025-08-21 23:10:05,589 [INFO] IPUIPlugin:80 - create IPUIPlugin
2025-08-21 23:10:05,591 [INFO] PluginManager:220 - loadIPPluginJar : add plateformsettings
2025-08-21 23:10:05,594 [INFO] IPUIPlugin:80 - create IPUIPlugin
2025-08-21 23:10:05,594 [INFO] PluginManager:220 - loadIPPluginJar : add dfsdm
2025-08-21 23:10:05,597 [INFO] IPUIPlugin:80 - create IPUIPlugin
2025-08-21 23:10:05,597 [INFO] PluginManager:220 - loadIPPluginJar : add openamp
2025-08-21 23:10:05,599 [INFO] IPUIPlugin:80 - create IPUIPlugin
2025-08-21 23:10:05,599 [INFO] PluginManager:220 - loadIPPluginJar : add comp
2025-08-21 23:10:05,607 [INFO] IPUIPlugin:80 - create IPUIPlugin
2025-08-21 23:10:05,607 [INFO] PluginManager:220 - loadIPPluginJar : add linkedlist
2025-08-21 23:10:05,610 [INFO] IPUIPlugin:80 - create IPUIPlugin
2025-08-21 23:10:05,610 [INFO] PluginManager:220 - loadIPPluginJar : add i3c
2025-08-21 23:10:05,612 [INFO] IPUIPlugin:80 - create IPUIPlugin
2025-08-21 23:10:05,612 [INFO] PluginManager:220 - loadIPPluginJar : add hash
2025-08-21 23:10:05,615 [INFO] IPUIPlugin:80 - create IPUIPlugin
2025-08-21 23:10:05,615 [INFO] PluginManager:220 - loadIPPluginJar : add can
2025-08-21 23:10:05,619 [INFO] IPUIPlugin:80 - create IPUIPlugin
2025-08-21 23:10:05,619 [INFO] PluginManager:220 - loadIPPluginJar : add sai
2025-08-21 23:10:05,622 [INFO] IPUIPlugin:80 - create IPUIPlugin
2025-08-21 23:10:05,622 [INFO] PluginManager:220 - loadIPPluginJar : add spi
2025-08-21 23:10:05,743 [FATAL] Updater:351 - Updater called before beeing initialized
2025-08-21 23:10:05,779 [INFO] RulesReader:64 - Compatibility file has been processed (317 Rules)
2025-08-21 23:10:05,795 [INFO] RulesReader:64 - Compatibility file has been processed (317 Rules)
2025-08-21 23:10:05,804 [INFO] CADModel:165 - CPN selected for project level
2025-08-21 23:10:05,804 [INFO] CADModel:114 - Register for checkConnection events
2025-08-21 23:10:05,804 [FATAL] Updater:351 - Updater called before beeing initialized
2025-08-21 23:10:05,805 [ERROR] CADModel:125 - Updater not yet initialized, retry later 
2025-08-21 23:10:05,976 [FATAL] Updater:351 - Updater called before beeing initialized
2025-08-21 23:10:05,978 [INFO] CADModel:165 - CPN selected for project level
2025-08-21 23:10:05,978 [INFO] CADModel:114 - Register for checkConnection events
2025-08-21 23:10:05,978 [FATAL] Updater:351 - Updater called before beeing initialized
2025-08-21 23:10:05,978 [ERROR] CADModel:125 - Updater not yet initialized, retry later 
2025-08-21 23:10:05,981 [FATAL] Updater:351 - Updater called before beeing initialized
2025-08-21 23:10:06,097 [FATAL] Updater:351 - Updater called before beeing initialized
2025-08-21 23:10:06,101 [INFO] DbMcusAds:53 - JSON generation date=Tue Jul 08 15:14:23 ICT 2025 (1751962463582)
2025-08-21 23:10:06,102 [FATAL] Updater:351 - Updater called before beeing initialized
2025-08-21 23:10:06,155 [WARN] DetailPanel:346 - Failed to get advertising image, set to default
2025-08-21 23:10:06,271 [FATAL] Updater:351 - Updater called before beeing initialized
2025-08-21 23:10:06,273 [FATAL] Updater:351 - Updater called before beeing initialized
2025-08-21 23:10:06,273 [FATAL] Updater:351 - Updater called before beeing initialized
2025-08-21 23:10:06,273 [WARN] DetailPanel:346 - Failed to get advertising image, set to default
2025-08-21 23:10:06,274 [FATAL] Updater:351 - Updater called before beeing initialized
2025-08-21 23:10:06,303 [ERROR] Updater:1198 - MainUpdater not yet initialized. External WinMGr cannot be set.
2025-08-21 23:10:06,305 [INFO] Updater:1134 - Updater Version found : 6.15.0
2025-08-21 23:10:06,321 [INFO] ApplicationProperties:184 - Using Application install path: /opt/st/stm32cubeide_1.19.0/plugins/com.st.stm32cube.common.mx_6.15.0.202507011659
2025-08-21 23:10:06,603 [INFO] MainUpdater:2872 - connection check result : 10
2025-08-21 23:10:06,603 [INFO] MainUpdater:289 - Updater Check For Update Now.
2025-08-21 23:10:06,603 [INFO] MicroXplorer:498 - Change Database Version : DB.6.0.150
2025-08-21 23:10:06,609 [INFO] McuFinderGlobals:63 - Set McuFinder mode to 2 (CubeIDE integrated)
2025-08-21 23:10:06,611 [INFO] UserAuth:487 - Internet connection configuration mode: 1
2025-08-21 23:10:06,635 [INFO] JxBrowserEngine:152 - Initiate JxBrowser Engine with user profile folder
2025-08-21 23:10:06,837 [INFO] CheckServerUpdateThread:120 - End of CheckServer Thread
2025-08-21 23:10:08,110 [WARN] PackLoader:240 - Cannot read IP mode file for STMicroelectronics.FP-SNS-MOTENVWB1.1.4.0
2025-08-21 23:10:08,117 [WARN] PackLoader:240 - Cannot read IP mode file for STMicroelectronics.FP-ATR-ASTRA1.2.0.2
2025-08-21 23:10:08,124 [WARN] PackLoader:240 - Cannot read IP mode file for STMicroelectronics.X-CUBE-SMBUS.2.1.0
2025-08-21 23:10:08,129 [WARN] PackLoader:240 - Cannot read IP mode file for STMicroelectronics.X-CUBE-ST60.1.0.0
2025-08-21 23:10:08,163 [WARN] PackLoader:240 - Cannot read IP mode file for STMicroelectronics.X-CUBE-AZRTOS-F7.1.1.0
2025-08-21 23:10:08,213 [WARN] PackLoader:240 - Cannot read IP mode file for Infineon.AIROC-Wi-Fi-Bluetooth-STM32.1.7.1
2025-08-21 23:10:08,278 [WARN] PackLoader:240 - Cannot read IP mode file for STMicroelectronics.X-CUBE-AZRTOS-H7.3.4.0
2025-08-21 23:10:08,293 [WARN] PackLoader:240 - Cannot read IP mode file for STMicroelectronics.X-CUBE-DISPLAY.3.0.0
2025-08-21 23:10:08,313 [WARN] PackLoader:240 - Cannot read IP mode file for STMicroelectronics.X-CUBE-NFC10.1.0.0
2025-08-21 23:10:08,322 [WARN] PackLoader:240 - Cannot read IP mode file for emotas.I-CUBE-CANOPEN.1.3.0
2025-08-21 23:10:08,332 [WARN] PackLoader:240 - Cannot read IP mode file for STMicroelectronics.FP-SNS-STBOX1.2.1.0
2025-08-21 23:10:08,338 [WARN] PackLoader:240 - Cannot read IP mode file for STMicroelectronics.FP-SNS-SMARTAG2.1.2.0
2025-08-21 23:10:08,341 [WARN] PackLoader:240 - Cannot read IP mode file for STMicroelectronics.FP-SNS-FLIGHT1.5.1.0
2025-08-21 23:10:08,351 [INFO] LogOutputStream:77 - [STDOUT_REDIRECT] 1 : Invalid condition id : UX_CORESTACK_Condition cause : null
2025-08-21 23:10:08,352 [INFO] LogOutputStream:77 - [STDOUT_REDIRECT] 1 : Invalid condition id : UX_CORESTACK_Condition cause : null
2025-08-21 23:10:08,352 [INFO] LogOutputStream:77 - [STDOUT_REDIRECT] 1 : Invalid condition id : UX_CORESTACK_Condition cause : null
2025-08-21 23:10:08,352 [INFO] LogOutputStream:77 - [STDOUT_REDIRECT] 1 : Invalid condition id : UX_CORESTACK_Condition cause : null
2025-08-21 23:10:08,352 [INFO] LogOutputStream:77 - [STDOUT_REDIRECT] 1 : Invalid condition id : UX_CORESTACK_Condition cause : null
2025-08-21 23:10:08,358 [WARN] PackLoader:240 - Cannot read IP mode file for STMicroelectronics.X-CUBE-AZRTOS-WL.2.0.0
2025-08-21 23:10:08,363 [WARN] PackLoader:240 - Cannot read IP mode file for STMicroelectronics.FP-SNS-MOTENV1.5.0.0
2025-08-21 23:10:08,370 [WARN] PackLoader:240 - Cannot read IP mode file for WES.I-CUBE-Cesium.1.3.0
2025-08-21 23:10:08,374 [WARN] PackLoader:240 - Cannot read IP mode file for STMicroelectronics.X-CUBE-BLE2.3.3.0
2025-08-21 23:10:08,381 [WARN] PackLoader:240 - Cannot read IP mode file for STMicroelectronics.X-CUBE-NFC9.1.0.0
2025-08-21 23:10:08,387 [WARN] PackLoader:240 - Cannot read IP mode file for wolfSSL.I-CUBE-wolfSSL.5.8.2
2025-08-21 23:10:08,392 [WARN] PackLoader:240 - Cannot read IP mode file for STMicroelectronics.X-CUBE-BLE1.7.1.0
2025-08-21 23:10:08,396 [WARN] PackLoader:240 - Cannot read IP mode file for wolfSSL.I-CUBE-wolfMQTT.1.19.2
2025-08-21 23:10:08,400 [WARN] PackLoader:240 - Cannot read IP mode file for STMicroelectronics.X-CUBE-EEPRMA1.5.2.0
2025-08-21 23:10:08,405 [WARN] PackLoader:240 - Cannot read IP mode file for STMicroelectronics.X-CUBE-AI.10.1.0
2025-08-21 23:10:08,419 [WARN] PackLoader:240 - Cannot read IP mode file for STMicroelectronics.X-CUBE-AZRTOS-G0.1.1.0
2025-08-21 23:10:08,425 [WARN] PackLoader:240 - Cannot read IP mode file for STMicroelectronics.X-CUBE-SAFEA1.1.2.2
2025-08-21 23:10:08,431 [WARN] PackLoader:240 - Cannot read IP mode file for STMicroelectronics.X-CUBE-NFC4.3.0.0
2025-08-21 23:10:08,439 [WARN] PackLoader:240 - Cannot read IP mode file for EmbeddedOffice.I-CUBE-FS-RTOS.1.0.1
2025-08-21 23:10:08,446 [WARN] PackLoader:240 - Cannot read IP mode file for STMicroelectronics.X-CUBE-WB05N.2.0.0
2025-08-21 23:10:08,452 [WARN] PackLoader:240 - Cannot read IP mode file for wolfSSL.I-CUBE-wolfTPM.3.8.0
2025-08-21 23:10:08,461 [WARN] PackLoader:240 - Cannot read IP mode file for STMicroelectronics.X-CUBE-TCPP.4.2.0
2025-08-21 23:10:08,469 [WARN] PackLoader:240 - Cannot read IP mode file for RealThread.X-CUBE-RT-Thread_Nano.4.1.1
2025-08-21 23:10:08,473 [WARN] PackLoader:240 - Cannot read IP mode file for STMicroelectronics.FP-ATR-SIGFOX1.3.2.0
2025-08-21 23:10:08,483 [WARN] PackLoader:240 - Cannot read IP mode file for ITTIA_DB.I-CUBE-ITTIADB.8.9.0
2025-08-21 23:10:08,492 [WARN] PackLoader:240 - Cannot read IP mode file for STMicroelectronics.X-CUBE-ST67W61.1.0.0
2025-08-21 23:10:08,498 [WARN] PackLoader:240 - Cannot read IP mode file for STMicroelectronics.X-CUBE-AI.10.2.0
2025-08-21 23:10:08,524 [WARN] PackLoader:240 - Cannot read IP mode file for SEGGER.I-CUBE-embOS.1.3.1
2025-08-21 23:10:08,589 [WARN] PackLoader:240 - Cannot read IP mode file for STMicroelectronics.X-CUBE-ALGOBUILD.1.4.0
2025-08-21 23:10:08,661 [WARN] PackLoader:240 - Cannot read IP mode file for STMicroelectronics.X-CUBE-MEMS1.11.3.0
2025-08-21 23:10:08,748 [INFO] WebApp:169 - Instantiating new browser for Auth
2025-08-21 23:10:08,965 [WARN] PackLoader:240 - Cannot read IP mode file for STMicroelectronics.X-CUBE-PM33A1.1.0.0
2025-08-21 23:10:08,978 [WARN] PackLoader:240 - Cannot read IP mode file for STMicroelectronics.X-CUBE-AZRTOS-F4.1.1.0
2025-08-21 23:10:08,981 [WARN] PackLoader:240 - Cannot read IP mode file for Avnet-IotConnect.X-CUBE-IoTC-DA16k-PMOD.1.0.0
2025-08-21 23:10:08,984 [WARN] PackLoader:240 - Cannot read IP mode file for STMicroelectronics.X-CUBE-ISPU.2.1.0
2025-08-21 23:10:08,989 [WARN] PackLoader:240 - Cannot read IP mode file for STMicroelectronics.X-CUBE-NFC12.1.0.0
2025-08-21 23:10:09,003 [WARN] PackLoader:240 - Cannot read IP mode file for STMicroelectronics.X-CUBE-AZRTOS-L5.2.0.0
2025-08-21 23:10:09,011 [WARN] PackLoader:240 - Cannot read IP mode file for STMicroelectronics.X-CUBE-NFC6.3.1.0
2025-08-21 23:10:09,016 [WARN] PackLoader:240 - Cannot read IP mode file for STMicroelectronics.X-CUBE-FREERTOS.1.3.1
2025-08-21 23:10:09,019 [WARN] PackLoader:240 - Cannot read IP mode file for STMicroelectronics.FP-SNS-STAIOTCFT.1.0.0
2025-08-21 23:10:09,023 [WARN] PackLoader:240 - Cannot read IP mode file for STMicroelectronics.X-CUBE-DPower.1.3.0
2025-08-21 23:10:09,038 [WARN] ConditionMgr:438 - getConditionDescription Invalid condition id : LAN8742 Phy interface Condition cause : null
2025-08-21 23:10:09,039 [WARN] PackLoader:240 - Cannot read IP mode file for STMicroelectronics.X-CUBE-AZRTOS-L4.2.0.0
2025-08-21 23:10:09,040 [WARN] ConditionMgr:1044 - genDependencies : Invalid condition id : LAN8742 Phy interface Condition cause : null
2025-08-21 23:10:09,041 [WARN] ConditionMgr:1044 - genDependencies : Invalid condition id : LAN8742 Phy interface Condition cause : null
2025-08-21 23:10:09,041 [WARN] ConditionMgr:1044 - genDependencies : Invalid condition id : LAN8742 Phy interface Condition cause : null
2025-08-21 23:10:09,049 [WARN] PackLoader:240 - Cannot read IP mode file for STMicroelectronics.X-CUBE-SFXS2LP1.4.0.0
2025-08-21 23:10:09,060 [WARN] PackLoader:240 - Cannot read IP mode file for STMicroelectronics.X-CUBE-BLEMGR.4.1.0
2025-08-21 23:10:09,080 [WARN] ConditionMgr:438 - getConditionDescription Invalid condition id : UX DEVICE CLASS RTOS Condition cause : null
2025-08-21 23:10:09,080 [WARN] ConditionMgr:438 - getConditionDescription Invalid condition id : UX DEVICE CLASS RTOS Condition cause : null
2025-08-21 23:10:09,083 [WARN] PackLoader:240 - Cannot read IP mode file for STMicroelectronics.X-CUBE-AZRTOS-WB.2.0.0
2025-08-21 23:10:09,084 [WARN] ConditionMgr:1044 - genDependencies : Invalid condition id : UX DEVICE CLASS RTOS Condition cause : null
2025-08-21 23:10:09,084 [WARN] ConditionMgr:1044 - genDependencies : Invalid condition id : UX DEVICE CLASS RTOS Condition cause : null
2025-08-21 23:10:09,085 [WARN] ConditionMgr:1044 - genDependencies : Invalid condition id : UX DEVICE CLASS RTOS Condition cause : null
2025-08-21 23:10:09,085 [WARN] ConditionMgr:1044 - genDependencies : Invalid condition id : UX DEVICE CLASS RTOS Condition cause : null
2025-08-21 23:10:09,085 [WARN] ConditionMgr:1044 - genDependencies : Invalid condition id : UX DEVICE CLASS RTOS Condition cause : null
2025-08-21 23:10:09,091 [WARN] PackLoader:240 - Cannot read IP mode file for STMicroelectronics.X-CUBE-GNSS1.7.0.1
2025-08-21 23:10:09,096 [WARN] PackLoader:240 - Cannot read IP mode file for STMicroelectronics.X-CUBE-TOUCHGFX.4.25.0
2025-08-21 23:10:09,099 [WARN] ConditionMgr:438 - getConditionDescription Invalid condition id : Cortex-A Device cause : null
2025-08-21 23:10:09,111 [WARN] ConditionMgr:1044 - genDependencies : Invalid condition id : Cortex-A Device cause : null
2025-08-21 23:10:09,111 [WARN] ConditionMgr:1044 - genDependencies : Invalid condition id : Cortex-A Device cause : null
2025-08-21 23:10:09,111 [WARN] ConditionMgr:1044 - genDependencies : Invalid condition id : Cortex-A Device cause : null
2025-08-21 23:10:09,123 [WARN] PackLoader:240 - Cannot read IP mode file for STMicroelectronics.X-CUBE-SUBG2.5.0.0
2025-08-21 23:10:09,143 [WARN] PackLoader:240 - Cannot read IP mode file for STMicroelectronics.X-CUBE-AZRTOS-H7RS.1.1.0
2025-08-21 23:10:09,147 [WARN] PackLoader:240 - Cannot read IP mode file for Cesanta.I-CUBE-Mongoose.7.13.0
2025-08-21 23:10:09,159 [WARN] PackLoader:240 - Cannot read IP mode file for STMicroelectronics.X-CUBE-AZRTOS-G4.2.0.0
2025-08-21 23:10:09,163 [WARN] PackLoader:240 - Cannot read IP mode file for wolfSSL.I-CUBE-wolfSSH.1.4.20
2025-08-21 23:10:09,167 [WARN] PackLoader:240 - Cannot read IP mode file for STMicroelectronics.X-CUBE-NFC7.2.0.0
2025-08-21 23:10:09,178 [WARN] PackLoader:240 - Cannot read IP mode file for STMicroelectronics.X-CUBE-IPS.3.1.0
2025-08-21 23:10:09,186 [WARN] PackLoader:240 - Cannot read IP mode file for STMicroelectronics.X-CUBE-ALS.1.0.2
2025-08-21 23:10:09,191 [WARN] PackLoader:240 - Cannot read IP mode file for portGmbH.I-Cube-SoM-uGOAL.1.1.0
2025-08-21 23:10:09,201 [WARN] PackLoader:240 - Cannot read IP mode file for STMicroelectronics.X-CUBE-TOF1.3.4.3
2025-08-21 23:10:09,221 [INFO] ThirdParty:978 - Integrity check success = true
2025-08-21 23:10:09,221 [INFO] IntegrityCheckThread:100 - exiting critical section [integrity check]
2025-08-21 23:10:09,221 [INFO] IntegrityCheckThread:103 - End integrity checks thread
2025-08-21 23:10:09,877 [INFO] WebApp:463 - Apply proxy settings
2025-08-21 23:10:09,877 [INFO] WebApp:548 - Chromium requires no authentication
2025-08-21 23:10:09,886 [INFO] WebApp:491 - Direct internet connection detected
2025-08-21 23:10:09,911 [INFO] WebApp:900 - Register for checkConnection events
2025-08-21 23:10:09,911 [INFO] WebApp:463 - Apply proxy settings
2025-08-21 23:10:09,911 [INFO] WebApp:548 - Chromium requires no authentication
2025-08-21 23:10:09,912 [INFO] WebApp:491 - Direct internet connection detected
2025-08-21 23:10:10,073 [INFO] WebApp:225 - Starting web application
2025-08-21 23:10:10,073 [INFO] WebApp:593 - Web application path used /opt/st/stm32cubeide_1.19.0/plugins/com.st.stm32cube.common.mx_6.15.0.202507011659/db/plugins/mcufinder/reactClient1/index.html
2025-08-21 23:10:10,197 [INFO] WebApp:191 - Connection restablished
2025-08-21 23:10:10,217 [INFO] UserAuth:487 - Internet connection configuration mode: 1
2025-08-21 23:36:59,860 [ERROR] ConfigurationRetriever:142 - IOException on connection: Remote host terminated the handshake
2025-08-21 23:36:59,868 [ERROR] ConfigurationRetriever:142 - IOException on connection: Remote host terminated the handshake
2025-08-21 23:36:59,873 [ERROR] ConfigurationRetriever:142 - IOException on connection: Remote host terminated the handshake
2025-08-21 23:37:00,787 [ERROR] LogOutputStream:75 - [STDERR_REDIRECT] 
