2025-10-05 23:41:50,655 [INFO] Activator:176 - 


2025-10-05 23:41:50,659 [INFO] Activator:177 - !SESSION log4j initialized
2025-10-05 23:41:56,869 [INFO] LogOutputStream:77 - [STDOUT_REDIRECT] 
2025-10-05 23:41:58,796 [INFO] ApplicationProperties:184 - Using Application install path: /opt/st/stm32cubeide_1.19.0/plugins/com.st.stm32cube.common.mx_6.15.0.202507011659
2025-10-05 23:41:58,823 [INFO] DbMcusXml:78 - Set database path to: /opt/st/stm32cubeide_1.19.0/plugins/com.st.stm32cube.common.mx_6.15.0.202507011659//db//mcu/
2025-10-05 23:41:58,823 [INFO] ApiDb:274 - Set plugin database path to: /opt/st/stm32cubeide_1.19.0/plugins/com.st.stm32cube.common.mx_6.15.0.202507011659//db//plugins/boardmanager/
2025-10-05 23:41:58,824 [WARN] ApiDb:259 - Overriding images path with different value:  => /opt/st/stm32cubeide_1.19.0/plugins/com.st.stm32cube.common.mx_6.15.0.202507011659//db//plugins/mcufinder/images/
2025-10-05 23:41:58,838 [INFO] ApiDb:250 - Set database path to: /home/truongthinh/.stmcufinder/plugins/mcufinder//mcu/
2025-10-05 23:41:58,842 [INFO] DbMcusAds:125 - Set database path to: /home/truongthinh/.stmcufinder/plugins/mcufinder//mcu/
2025-10-05 23:41:58,849 [INFO] CrossReferenceDbSqlite:203 - Set database path to: /home/truongthinh/.stmcufinder/plugins/mcufinder//mcu/cs/
2025-10-05 23:41:59,175 [INFO] RulesReader:64 - Compatibility file has been processed (317 Rules)
2025-10-05 23:41:59,272 [INFO] DbMcusXml:78 - Set database path to: /opt/st/stm32cubeide_1.19.0/plugins/com.st.stm32cube.common.mx_6.15.0.202507011659//db//mcu/
2025-10-05 23:41:59,272 [INFO] ApiDb:274 - Set plugin database path to: /opt/st/stm32cubeide_1.19.0/plugins/com.st.stm32cube.common.mx_6.15.0.202507011659//db//plugins/boardmanager/
2025-10-05 23:41:59,273 [INFO] ApiDb:261 - Set plugin images path to: /opt/st/stm32cubeide_1.19.0/plugins/com.st.stm32cube.common.mx_6.15.0.202507011659//db//plugins/mcufinder/images/
2025-10-05 23:41:59,273 [WARN] DbFile:41 - Overriding database path with different value: /home/truongthinh/.stmcufinder/plugins/mcufinder/ => /home/truongthinh/.stmcufinder/plugins/mcufinder
2025-10-05 23:41:59,273 [INFO] ApiDb:250 - Set database path to: /home/truongthinh/.stmcufinder/plugins/mcufinder//mcu/
2025-10-05 23:41:59,273 [WARN] DbFile:41 - Overriding database path with different value: /home/truongthinh/.stmcufinder/plugins/mcufinder/ => /home/truongthinh/.stmcufinder/plugins/mcufinder
2025-10-05 23:41:59,273 [INFO] DbMcusAds:125 - Set database path to: /home/truongthinh/.stmcufinder/plugins/mcufinder//mcu/
2025-10-05 23:41:59,273 [WARN] DbFile:41 - Overriding database path with different value: /home/truongthinh/.stmcufinder/plugins/mcufinder/ => /home/truongthinh/.stmcufinder/plugins/mcufinder
2025-10-05 23:41:59,273 [WARN] DbFile:41 - Overriding database path with different value: /home/truongthinh/.stmcufinder/plugins/mcufinder/ => /home/truongthinh/.stmcufinder/plugins/mcufinder
2025-10-05 23:41:59,274 [INFO] CrossReferenceDbSqlite:203 - Set database path to: /home/truongthinh/.stmcufinder/plugins/mcufinder//mcu/cs/
2025-10-05 23:41:59,402 [INFO] MainPanel:274 - HeapMemory: 268435456
2025-10-05 23:41:59,793 [INFO] DbMcusXml:78 - Set database path to: /opt/st/stm32cubeide_1.19.0/plugins/com.st.stm32cube.common.mx_6.15.0.202507011659//db//mcu/
2025-10-05 23:41:59,793 [INFO] ApiDb:274 - Set plugin database path to: /opt/st/stm32cubeide_1.19.0/plugins/com.st.stm32cube.common.mx_6.15.0.202507011659//db//plugins/boardmanager/
2025-10-05 23:41:59,794 [INFO] ApiDb:261 - Set plugin images path to: /opt/st/stm32cubeide_1.19.0/plugins/com.st.stm32cube.common.mx_6.15.0.202507011659//db//plugins/mcufinder/images/
2025-10-05 23:41:59,796 [WARN] DbFile:41 - Overriding database path with different value: /home/truongthinh/.stmcufinder/plugins/mcufinder/ => /home/truongthinh/.stmcufinder/plugins/mcufinder
2025-10-05 23:41:59,796 [INFO] ApiDb:250 - Set database path to: /home/truongthinh/.stmcufinder/plugins/mcufinder//mcu/
2025-10-05 23:41:59,796 [WARN] DbFile:41 - Overriding database path with different value: /home/truongthinh/.stmcufinder/plugins/mcufinder/ => /home/truongthinh/.stmcufinder/plugins/mcufinder
2025-10-05 23:41:59,797 [INFO] DbMcusAds:125 - Set database path to: /home/truongthinh/.stmcufinder/plugins/mcufinder//mcu/
2025-10-05 23:41:59,797 [WARN] DbFile:41 - Overriding database path with different value: /home/truongthinh/.stmcufinder/plugins/mcufinder/ => /home/truongthinh/.stmcufinder/plugins/mcufinder
2025-10-05 23:41:59,797 [WARN] DbFile:41 - Overriding database path with different value: /home/truongthinh/.stmcufinder/plugins/mcufinder/ => /home/truongthinh/.stmcufinder/plugins/mcufinder
2025-10-05 23:41:59,797 [INFO] CrossReferenceDbSqlite:203 - Set database path to: /home/truongthinh/.stmcufinder/plugins/mcufinder//mcu/cs/
2025-10-05 23:41:59,832 [INFO] ApplicationProperties:184 - Using Application install path: /opt/st/stm32cubeide_1.19.0/plugins/com.st.stm32cube.common.mx_6.15.0.202507011659
2025-10-05 23:41:59,837 [INFO] PluginManage:196 - Search for loadable plugins [exclusion list=, ]
2025-10-05 23:41:59,840 [INFO] PluginManage:310 - Check plugin analytics
2025-10-05 23:42:00,212 [INFO] AnalyticsPlugin:253 - Accepted Software Licenses: 
2025-10-05 23:42:00,212 [INFO] AnalyticsPlugin:255 - Accepted CMSIS Pack Licenses: 
2025-10-05 23:42:00,213 [INFO] AnalyticsPlugin:257 - Accepted Firmware Licenses: FW.F4.1.28.0
2025-10-05 23:42:00,220 [INFO] PluginManage:359 - Loaded plugin analytics (category:tool,tabindex:-1)
2025-10-05 23:42:00,220 [INFO] PluginManage:310 - Check plugin cadmodel
2025-10-05 23:42:00,244 [INFO] CADModel:105 - Init CAD model plugin
2025-10-05 23:42:00,245 [INFO] PluginManage:359 - Loaded plugin cadmodel (category:power,tabindex:5)
2025-10-05 23:42:00,246 [INFO] PluginManage:310 - Check plugin clock
2025-10-05 23:42:00,268 [INFO] PluginManage:359 - Loaded plugin clock (category:base,tabindex:2)
2025-10-05 23:42:00,268 [INFO] PluginManage:310 - Check plugin ddr
2025-10-05 23:42:00,272 [INFO] PluginManage:359 - Loaded plugin ddr (category:tool,tabindex:6)
2025-10-05 23:42:00,273 [INFO] PluginManage:310 - Check plugin filemanager
2025-10-05 23:42:00,839 [INFO] PluginManage:359 - Loaded plugin filemanager (category:base,tabindex:10)
2025-10-05 23:42:00,839 [INFO] PluginManage:310 - Check plugin ipmanager
2025-10-05 23:42:00,860 [INFO] PluginManage:359 - Loaded plugin ipmanager (category:base,tabindex:5)
2025-10-05 23:42:00,861 [INFO] PluginManage:310 - Check plugin lpbam
2025-10-05 23:42:00,877 [INFO] PluginManage:359 - Loaded plugin lpbam (category:base,tabindex:0)
2025-10-05 23:42:00,877 [INFO] PluginManage:310 - Check plugin memorymap
2025-10-05 23:42:00,896 [INFO] PluginManage:359 - Loaded plugin memorymap (category:base,tabindex:4)
2025-10-05 23:42:00,896 [INFO] PluginManage:310 - Check plugin pinoutandconfiguration
2025-10-05 23:42:00,905 [INFO] PluginManage:359 - Loaded plugin pinoutandconfiguration (category:base,tabindex:1)
2025-10-05 23:42:00,906 [INFO] PluginManage:310 - Check plugin pinoutconfig
2025-10-05 23:42:01,032 [WARN] SupportedApi:132 - Cannot load RTOS API schema: s4s-elt-must-match.1: The content of 'definitions' must match (annotation?, (simpleType | complexType)?, (unique | key | keyref)*)). A problem was found starting at: attribute.
2025-10-05 23:42:01,287 [INFO] PluginManage:359 - Loaded plugin pinoutconfig (category:base,tabindex:0)
2025-10-05 23:42:01,288 [INFO] PluginManage:310 - Check plugin power
2025-10-05 23:42:01,304 [INFO] PluginManage:359 - Loaded plugin power (category:power,tabindex:4)
2025-10-05 23:42:01,305 [INFO] PluginManage:310 - Check plugin projectmanager
2025-10-05 23:42:01,360 [INFO] PluginManage:359 - Loaded plugin projectmanager (category:projectmanager,tabindex:4)
2025-10-05 23:42:01,360 [INFO] PluginManage:310 - Check plugin rif
2025-10-05 23:42:01,373 [INFO] PluginManage:359 - Loaded plugin rif (category:base,tabindex:3)
2025-10-05 23:42:01,373 [INFO] PluginManage:310 - Check plugin thirdparty
2025-10-05 23:42:01,602 [INFO] PluginManage:359 - Loaded plugin thirdparty (category:base,tabindex:-1)
2025-10-05 23:42:01,602 [INFO] PluginManage:310 - Check plugin tools
2025-10-05 23:42:01,602 [WARN] IntegrityCheckThread:84 - waiting for thirdparty lock release [integrity check]
2025-10-05 23:42:01,603 [INFO] IntegrityCheckThread:86 - entering critical section [integrity check]
2025-10-05 23:42:01,603 [INFO] ThirdPartyUpdaterWithRetryManager:70 - Updater plugin not ready yet. [1/15]
2025-10-05 23:42:01,607 [INFO] PluginManage:359 - Loaded plugin tools (category:base,tabindex:7)
2025-10-05 23:42:01,607 [INFO] PluginManage:310 - Check plugin tutovideos
2025-10-05 23:42:01,840 [INFO] PluginManage:359 - Loaded plugin tutovideos (category:base,tabindex:-1)
2025-10-05 23:42:01,841 [INFO] PluginManage:310 - Check plugin updater
2025-10-05 23:42:01,869 [INFO] PluginManage:359 - Loaded plugin updater (category:base,tabindex:12)
2025-10-05 23:42:01,870 [INFO] PluginManage:310 - Check plugin userauth
2025-10-05 23:42:01,875 [INFO] UserAuth:118 - Init User Auth plugin
2025-10-05 23:42:01,877 [INFO] PluginManage:359 - Loaded plugin userauth (category:base,tabindex:14)
2025-10-05 23:42:01,878 [INFO] PluginManage:283 - PluginManage : Loaded plugins [18]
2025-10-05 23:42:02,153 [INFO] PinOutPanel:1589 - setPackage(No Configuration,No Configuration)
2025-10-05 23:42:02,250 [INFO] CADModel:165 - CPN selected for project level
2025-10-05 23:42:02,250 [INFO] CADModel:114 - Register for checkConnection events
2025-10-05 23:42:02,263 [INFO] IPUIPlugin:80 - create IPUIPlugin
2025-10-05 23:42:02,263 [INFO] PluginManager:220 - loadIPPluginJar : add tim
2025-10-05 23:42:02,270 [INFO] IPUIPlugin:80 - create IPUIPlugin
2025-10-05 23:42:02,271 [INFO] PluginManager:220 - loadIPPluginJar : add ipddr
2025-10-05 23:42:02,279 [INFO] IPUIPlugin:80 - create IPUIPlugin
2025-10-05 23:42:02,280 [INFO] PluginManager:220 - loadIPPluginJar : add adc
2025-10-05 23:42:02,283 [INFO] IPUIPlugin:80 - create IPUIPlugin
2025-10-05 23:42:02,283 [INFO] PluginManager:220 - loadIPPluginJar : add quadspi
2025-10-05 23:42:02,285 [INFO] IPUIPlugin:80 - create IPUIPlugin
2025-10-05 23:42:02,286 [INFO] PluginManager:220 - loadIPPluginJar : add i2s
2025-10-05 23:42:02,289 [INFO] IPUIPlugin:80 - create IPUIPlugin
2025-10-05 23:42:02,289 [INFO] PluginManager:220 - loadIPPluginJar : add gfxmmu
2025-10-05 23:42:02,291 [INFO] IPUIPlugin:80 - create IPUIPlugin
2025-10-05 23:42:02,291 [INFO] PluginManager:220 - loadIPPluginJar : add ltdc
2025-10-05 23:42:02,299 [INFO] IPUIPlugin:80 - create IPUIPlugin
2025-10-05 23:42:02,299 [INFO] PluginManager:220 - loadIPPluginJar : add gpio
2025-10-05 23:42:02,302 [INFO] IPUIPlugin:80 - create IPUIPlugin
2025-10-05 23:42:02,302 [INFO] PluginManager:220 - loadIPPluginJar : add cryp
2025-10-05 23:42:02,304 [INFO] IPUIPlugin:80 - create IPUIPlugin
2025-10-05 23:42:02,304 [INFO] PluginManager:220 - loadIPPluginJar : add fatfs
2025-10-05 23:42:02,308 [INFO] IPUIPlugin:80 - create IPUIPlugin
2025-10-05 23:42:02,309 [INFO] PluginManager:220 - loadIPPluginJar : add pdm2pcm
2025-10-05 23:42:02,312 [INFO] IPUIPlugin:80 - create IPUIPlugin
2025-10-05 23:42:02,312 [INFO] PluginManager:220 - loadIPPluginJar : add genericplugin
2025-10-05 23:42:02,318 [INFO] IPUIPlugin:80 - create IPUIPlugin
2025-10-05 23:42:02,319 [INFO] PluginManager:220 - loadIPPluginJar : add nvic
2025-10-05 23:42:02,322 [INFO] IPUIPlugin:80 - create IPUIPlugin
2025-10-05 23:42:02,322 [INFO] PluginManager:220 - loadIPPluginJar : add usbx
2025-10-05 23:42:02,326 [INFO] IPUIPlugin:80 - create IPUIPlugin
2025-10-05 23:42:02,326 [INFO] PluginManager:220 - loadIPPluginJar : add gtzc
2025-10-05 23:42:02,329 [INFO] IPUIPlugin:80 - create IPUIPlugin
2025-10-05 23:42:02,330 [INFO] PluginManager:220 - loadIPPluginJar : add radio
2025-10-05 23:42:02,334 [INFO] IPUIPlugin:80 - create IPUIPlugin
2025-10-05 23:42:02,334 [INFO] PluginManager:220 - loadIPPluginJar : add i2c
2025-10-05 23:42:02,335 [INFO] IPUIPlugin:80 - create IPUIPlugin
2025-10-05 23:42:02,336 [INFO] PluginManager:220 - loadIPPluginJar : add tsc
2025-10-05 23:42:02,344 [INFO] IPUIPlugin:80 - create IPUIPlugin
2025-10-05 23:42:02,345 [INFO] PluginManager:220 - loadIPPluginJar : add dma
2025-10-05 23:42:02,347 [INFO] IPUIPlugin:80 - create IPUIPlugin
2025-10-05 23:42:02,347 [INFO] PluginManager:220 - loadIPPluginJar : add tracer_emb
2025-10-05 23:42:02,354 [INFO] IPUIPlugin:80 - create IPUIPlugin
2025-10-05 23:42:02,354 [INFO] PluginManager:220 - loadIPPluginJar : add stm32_wpan
2025-10-05 23:42:02,357 [INFO] IPUIPlugin:80 - create IPUIPlugin
2025-10-05 23:42:02,358 [INFO] PluginManager:220 - loadIPPluginJar : add touchsensing
2025-10-05 23:42:02,368 [INFO] IPUIPlugin:80 - create IPUIPlugin
2025-10-05 23:42:02,368 [INFO] PluginManager:220 - loadIPPluginJar : add resmgrutility
2025-10-05 23:42:02,375 [INFO] IPUIPlugin:80 - create IPUIPlugin
2025-10-05 23:42:02,376 [INFO] PluginManager:220 - loadIPPluginJar : add gic
2025-10-05 23:42:02,380 [INFO] IPUIPlugin:80 - create IPUIPlugin
2025-10-05 23:42:02,380 [INFO] PluginManager:220 - loadIPPluginJar : add ucpd
2025-10-05 23:42:02,388 [INFO] IPUIPlugin:80 - create IPUIPlugin
2025-10-05 23:42:02,389 [INFO] PluginManager:220 - loadIPPluginJar : add mdma
2025-10-05 23:42:02,397 [INFO] IPUIPlugin:80 - create IPUIPlugin
2025-10-05 23:42:02,397 [INFO] PluginManager:220 - loadIPPluginJar : add freertos
2025-10-05 23:42:02,400 [INFO] IPUIPlugin:80 - create IPUIPlugin
2025-10-05 23:42:02,401 [INFO] PluginManager:220 - loadIPPluginJar : add dma3
2025-10-05 23:42:02,403 [INFO] IPUIPlugin:80 - create IPUIPlugin
2025-10-05 23:42:02,403 [INFO] PluginManager:220 - loadIPPluginJar : add ts
2025-10-05 23:42:02,410 [INFO] IPUIPlugin:80 - create IPUIPlugin
2025-10-05 23:42:02,410 [INFO] PluginManager:220 - loadIPPluginJar : add fmc
2025-10-05 23:42:02,415 [INFO] IPUIPlugin:80 - create IPUIPlugin
2025-10-05 23:42:02,415 [INFO] PluginManager:220 - loadIPPluginJar : add aes
2025-10-05 23:42:02,420 [INFO] IPUIPlugin:80 - create IPUIPlugin
2025-10-05 23:42:02,420 [INFO] PluginManager:220 - loadIPPluginJar : add opamp
2025-10-05 23:42:02,423 [INFO] IPUIPlugin:80 - create IPUIPlugin
2025-10-05 23:42:02,423 [INFO] PluginManager:220 - loadIPPluginJar : add extmemmanager
2025-10-05 23:42:02,427 [INFO] IPUIPlugin:80 - create IPUIPlugin
2025-10-05 23:42:02,428 [INFO] PluginManager:220 - loadIPPluginJar : add ddr_ctrl_phy
2025-10-05 23:42:02,432 [INFO] IPUIPlugin:80 - create IPUIPlugin
2025-10-05 23:42:02,432 [INFO] PluginManager:220 - loadIPPluginJar : add lorawan
2025-10-05 23:42:02,436 [INFO] IPUIPlugin:80 - create IPUIPlugin
2025-10-05 23:42:02,436 [INFO] PluginManager:220 - loadIPPluginJar : add usart
2025-10-05 23:42:02,445 [INFO] IPUIPlugin:80 - create IPUIPlugin
2025-10-05 23:42:02,449 [INFO] PluginManager:220 - loadIPPluginJar : add plateformsettings
2025-10-05 23:42:02,451 [INFO] IPUIPlugin:80 - create IPUIPlugin
2025-10-05 23:42:02,452 [INFO] PluginManager:220 - loadIPPluginJar : add dfsdm
2025-10-05 23:42:02,455 [INFO] IPUIPlugin:80 - create IPUIPlugin
2025-10-05 23:42:02,455 [INFO] PluginManager:220 - loadIPPluginJar : add openamp
2025-10-05 23:42:02,457 [INFO] IPUIPlugin:80 - create IPUIPlugin
2025-10-05 23:42:02,457 [INFO] PluginManager:220 - loadIPPluginJar : add comp
2025-10-05 23:42:02,465 [INFO] IPUIPlugin:80 - create IPUIPlugin
2025-10-05 23:42:02,465 [INFO] PluginManager:220 - loadIPPluginJar : add linkedlist
2025-10-05 23:42:02,468 [INFO] IPUIPlugin:80 - create IPUIPlugin
2025-10-05 23:42:02,468 [INFO] PluginManager:220 - loadIPPluginJar : add i3c
2025-10-05 23:42:02,469 [INFO] IPUIPlugin:80 - create IPUIPlugin
2025-10-05 23:42:02,469 [INFO] PluginManager:220 - loadIPPluginJar : add hash
2025-10-05 23:42:02,472 [INFO] IPUIPlugin:80 - create IPUIPlugin
2025-10-05 23:42:02,472 [INFO] PluginManager:220 - loadIPPluginJar : add can
2025-10-05 23:42:02,475 [INFO] IPUIPlugin:80 - create IPUIPlugin
2025-10-05 23:42:02,475 [INFO] PluginManager:220 - loadIPPluginJar : add sai
2025-10-05 23:42:02,477 [INFO] IPUIPlugin:80 - create IPUIPlugin
2025-10-05 23:42:02,477 [INFO] PluginManager:220 - loadIPPluginJar : add spi
2025-10-05 23:42:02,589 [FATAL] Updater:351 - Updater called before beeing initialized
2025-10-05 23:42:02,678 [INFO] RulesReader:64 - Compatibility file has been processed (317 Rules)
2025-10-05 23:42:02,702 [INFO] RulesReader:64 - Compatibility file has been processed (317 Rules)
2025-10-05 23:42:02,717 [INFO] CADModel:165 - CPN selected for project level
2025-10-05 23:42:02,717 [INFO] CADModel:114 - Register for checkConnection events
2025-10-05 23:42:02,717 [FATAL] Updater:351 - Updater called before beeing initialized
2025-10-05 23:42:02,719 [ERROR] CADModel:125 - Updater not yet initialized, retry later 
2025-10-05 23:42:02,896 [FATAL] Updater:351 - Updater called before beeing initialized
2025-10-05 23:42:02,898 [INFO] CADModel:165 - CPN selected for project level
2025-10-05 23:42:02,899 [INFO] CADModel:114 - Register for checkConnection events
2025-10-05 23:42:02,899 [FATAL] Updater:351 - Updater called before beeing initialized
2025-10-05 23:42:02,899 [ERROR] CADModel:125 - Updater not yet initialized, retry later 
2025-10-05 23:42:02,902 [FATAL] Updater:351 - Updater called before beeing initialized
2025-10-05 23:42:03,002 [FATAL] Updater:351 - Updater called before beeing initialized
2025-10-05 23:42:03,006 [INFO] DbMcusAds:53 - JSON generation date=Tue Jul 08 15:14:23 ICT 2025 (1751962463582)
2025-10-05 23:42:03,006 [FATAL] Updater:351 - Updater called before beeing initialized
2025-10-05 23:42:03,040 [WARN] DetailPanel:346 - Failed to get advertising image, set to default
2025-10-05 23:42:03,131 [FATAL] Updater:351 - Updater called before beeing initialized
2025-10-05 23:42:03,133 [FATAL] Updater:351 - Updater called before beeing initialized
2025-10-05 23:42:03,133 [FATAL] Updater:351 - Updater called before beeing initialized
2025-10-05 23:42:03,133 [WARN] DetailPanel:346 - Failed to get advertising image, set to default
2025-10-05 23:42:03,135 [FATAL] Updater:351 - Updater called before beeing initialized
2025-10-05 23:42:03,201 [ERROR] Updater:1198 - MainUpdater not yet initialized. External WinMGr cannot be set.
2025-10-05 23:42:03,203 [INFO] Updater:1134 - Updater Version found : 6.15.0
2025-10-05 23:42:03,221 [INFO] ApplicationProperties:184 - Using Application install path: /opt/st/stm32cubeide_1.19.0/plugins/com.st.stm32cube.common.mx_6.15.0.202507011659
2025-10-05 23:42:03,608 [INFO] MainUpdater:2872 - connection check result : 10
2025-10-05 23:42:03,608 [INFO] MainUpdater:3604 - Updater definition file requires update
2025-10-05 23:42:03,609 [INFO] MainUpdater:289 - Updater Check For Update Now.
2025-10-05 23:42:03,609 [INFO] MicroXplorer:498 - Change Database Version : DB.6.0.150
2025-10-05 23:42:03,616 [INFO] McuFinderGlobals:63 - Set McuFinder mode to 2 (CubeIDE integrated)
2025-10-05 23:42:03,617 [INFO] UserAuth:487 - Internet connection configuration mode: 1
2025-10-05 23:42:03,625 [INFO] ServerAccessManage:452 - Complete download http(s) 200
2025-10-05 23:42:03,629 [INFO] ServerAccessManage:509 - Download File updaters.zip
2025-10-05 23:42:03,659 [INFO] JxBrowserEngine:152 - Initiate JxBrowser Engine with user profile folder
2025-10-05 23:42:03,728 [INFO] FileExtend:248 - Unzip File : updaters.zip
2025-10-05 23:42:03,729 [INFO] FileExtend:263 - Standard Zip Deflate
2025-10-05 23:42:03,931 [INFO] ServerAccessManage:452 - Complete download http(s) 200
2025-10-05 23:42:03,931 [INFO] ServerAccessManage:509 - Download File PacksControlFlags.xml
2025-10-05 23:42:04,011 [INFO] ServerAccessManage:452 - Complete download http(s) 200
2025-10-05 23:42:04,011 [INFO] ServerAccessManage:509 - Download File cubemx.pidx
2025-10-05 23:42:04,603 [WARN] MainUpdater:1193 - Updater busy. Cannot search thirdparties
2025-10-05 23:42:04,604 [INFO] ThirdPartyUpdaterWithRetryManager:96 - Updater plugin is busy. [1/15]
2025-10-05 23:42:05,783 [INFO] WebApp:169 - Instantiating new browser for Auth
2025-10-05 23:42:05,942 [INFO] ServerAccessManage:452 - Complete download http(s) 200
2025-10-05 23:42:05,942 [INFO] ServerAccessManage:509 - Download File STMicroelectronics.X-CUBE-TOUCHGFX.pdsc
2025-10-05 23:42:06,591 [INFO] WebApp:463 - Apply proxy settings
2025-10-05 23:42:06,592 [INFO] WebApp:548 - Chromium requires no authentication
2025-10-05 23:42:06,599 [INFO] WebApp:491 - Direct internet connection detected
2025-10-05 23:42:06,616 [INFO] WebApp:900 - Register for checkConnection events
2025-10-05 23:42:06,616 [INFO] WebApp:463 - Apply proxy settings
2025-10-05 23:42:06,616 [INFO] WebApp:548 - Chromium requires no authentication
2025-10-05 23:42:06,617 [INFO] WebApp:491 - Direct internet connection detected
2025-10-05 23:42:06,745 [INFO] WebApp:225 - Starting web application
2025-10-05 23:42:06,745 [INFO] WebApp:593 - Web application path used /opt/st/stm32cubeide_1.19.0/plugins/com.st.stm32cube.common.mx_6.15.0.202507011659/db/plugins/mcufinder/reactClient1/index.html
2025-10-05 23:42:06,842 [INFO] UserAuth:487 - Internet connection configuration mode: 1
2025-10-05 23:42:06,925 [INFO] WebApp:191 - Connection restablished
2025-10-05 23:42:07,604 [WARN] MainUpdater:1193 - Updater busy. Cannot search thirdparties
2025-10-05 23:42:07,604 [INFO] ThirdPartyUpdaterWithRetryManager:96 - Updater plugin is busy. [2/15]
2025-10-05 23:42:10,604 [WARN] MainUpdater:1193 - Updater busy. Cannot search thirdparties
2025-10-05 23:42:10,604 [INFO] ThirdPartyUpdaterWithRetryManager:96 - Updater plugin is busy. [3/15]
2025-10-05 23:42:13,605 [WARN] MainUpdater:1193 - Updater busy. Cannot search thirdparties
2025-10-05 23:42:13,605 [INFO] ThirdPartyUpdaterWithRetryManager:96 - Updater plugin is busy. [4/15]
2025-10-05 23:42:14,085 [WARN] PackLoader:240 - Cannot read IP mode file for STMicroelectronics.X-CUBE-TOUCHGFX.4.26.0
2025-10-05 23:42:14,086 [INFO] PopulateThirdPartyThread:66 - Ending populate Thread
2025-10-05 23:42:14,087 [INFO] ThirdParty:1030 - CMSIS Pack Vendor :STMicroelectronics X-CUBE-TOUCHGFX 4.26.0
2025-10-05 23:42:14,087 [INFO] LoadServerUpdatesThread:375 - End of LoadServerUpdate Thread
2025-10-05 23:42:14,209 [INFO] CheckServerUpdateThread:120 - End of CheckServer Thread
2025-10-05 23:42:16,779 [WARN] PackLoader:240 - Cannot read IP mode file for STMicroelectronics.FP-SNS-MOTENVWB1.1.4.0
2025-10-05 23:42:16,783 [WARN] PackLoader:240 - Cannot read IP mode file for STMicroelectronics.FP-ATR-ASTRA1.2.0.2
2025-10-05 23:42:16,787 [WARN] PackLoader:240 - Cannot read IP mode file for STMicroelectronics.X-CUBE-SMBUS.2.1.0
2025-10-05 23:42:16,790 [WARN] PackLoader:240 - Cannot read IP mode file for STMicroelectronics.X-CUBE-ST60.1.0.0
2025-10-05 23:42:16,808 [WARN] PackLoader:240 - Cannot read IP mode file for STMicroelectronics.X-CUBE-AZRTOS-F7.1.1.0
2025-10-05 23:42:16,828 [WARN] PackLoader:240 - Cannot read IP mode file for Infineon.AIROC-Wi-Fi-Bluetooth-STM32.1.7.1
2025-10-05 23:42:16,848 [WARN] PackLoader:240 - Cannot read IP mode file for STMicroelectronics.X-CUBE-AZRTOS-H7.3.4.0
2025-10-05 23:42:16,858 [WARN] PackLoader:240 - Cannot read IP mode file for STMicroelectronics.X-CUBE-DISPLAY.3.0.0
2025-10-05 23:42:16,869 [WARN] PackLoader:240 - Cannot read IP mode file for STMicroelectronics.X-CUBE-NFC10.1.0.0
2025-10-05 23:42:16,875 [WARN] PackLoader:240 - Cannot read IP mode file for emotas.I-CUBE-CANOPEN.1.3.0
2025-10-05 23:42:16,882 [WARN] PackLoader:240 - Cannot read IP mode file for STMicroelectronics.FP-SNS-STBOX1.2.1.0
2025-10-05 23:42:16,888 [WARN] PackLoader:240 - Cannot read IP mode file for STMicroelectronics.FP-SNS-SMARTAG2.1.2.0
2025-10-05 23:42:16,892 [WARN] PackLoader:240 - Cannot read IP mode file for STMicroelectronics.FP-SNS-FLIGHT1.5.1.0
2025-10-05 23:42:16,900 [INFO] LogOutputStream:77 - [STDOUT_REDIRECT] 1 : Invalid condition id : UX_CORESTACK_Condition cause : null
2025-10-05 23:42:16,901 [INFO] LogOutputStream:77 - [STDOUT_REDIRECT] 1 : Invalid condition id : UX_CORESTACK_Condition cause : null
2025-10-05 23:42:16,901 [INFO] LogOutputStream:77 - [STDOUT_REDIRECT] 1 : Invalid condition id : UX_CORESTACK_Condition cause : null
2025-10-05 23:42:16,901 [INFO] LogOutputStream:77 - [STDOUT_REDIRECT] 1 : Invalid condition id : UX_CORESTACK_Condition cause : null
2025-10-05 23:42:16,901 [INFO] LogOutputStream:77 - [STDOUT_REDIRECT] 1 : Invalid condition id : UX_CORESTACK_Condition cause : null
2025-10-05 23:42:16,905 [WARN] PackLoader:240 - Cannot read IP mode file for STMicroelectronics.X-CUBE-AZRTOS-WL.2.0.0
2025-10-05 23:42:16,909 [WARN] PackLoader:240 - Cannot read IP mode file for STMicroelectronics.FP-SNS-MOTENV1.5.0.0
2025-10-05 23:42:16,916 [WARN] PackLoader:240 - Cannot read IP mode file for WES.I-CUBE-Cesium.1.3.0
2025-10-05 23:42:16,920 [WARN] PackLoader:240 - Cannot read IP mode file for STMicroelectronics.X-CUBE-BLE2.3.3.0
2025-10-05 23:42:16,926 [WARN] PackLoader:240 - Cannot read IP mode file for STMicroelectronics.X-CUBE-NFC9.1.0.0
2025-10-05 23:42:16,939 [WARN] PackLoader:240 - Cannot read IP mode file for wolfSSL.I-CUBE-wolfSSL.5.8.2
2025-10-05 23:42:16,942 [WARN] PackLoader:240 - Cannot read IP mode file for STMicroelectronics.X-CUBE-BLE1.7.1.0
2025-10-05 23:42:16,944 [WARN] PackLoader:240 - Cannot read IP mode file for wolfSSL.I-CUBE-wolfMQTT.1.19.2
2025-10-05 23:42:16,948 [WARN] PackLoader:240 - Cannot read IP mode file for STMicroelectronics.X-CUBE-EEPRMA1.5.2.0
2025-10-05 23:42:16,952 [WARN] PackLoader:240 - Cannot read IP mode file for STMicroelectronics.X-CUBE-AI.10.1.0
2025-10-05 23:42:16,961 [WARN] PackLoader:240 - Cannot read IP mode file for STMicroelectronics.X-CUBE-AZRTOS-G0.1.1.0
2025-10-05 23:42:16,967 [WARN] PackLoader:240 - Cannot read IP mode file for STMicroelectronics.X-CUBE-SAFEA1.1.2.2
2025-10-05 23:42:16,970 [WARN] PackLoader:240 - Cannot read IP mode file for STMicroelectronics.X-CUBE-NFC4.3.0.0
2025-10-05 23:42:16,975 [WARN] PackLoader:240 - Cannot read IP mode file for EmbeddedOffice.I-CUBE-FS-RTOS.1.0.1
2025-10-05 23:42:16,979 [WARN] PackLoader:240 - Cannot read IP mode file for STMicroelectronics.X-CUBE-WB05N.2.0.0
2025-10-05 23:42:16,981 [WARN] PackLoader:240 - Cannot read IP mode file for wolfSSL.I-CUBE-wolfTPM.3.8.0
2025-10-05 23:42:16,985 [WARN] PackLoader:240 - Cannot read IP mode file for STMicroelectronics.X-CUBE-TCPP.4.2.0
2025-10-05 23:42:16,988 [WARN] PackLoader:240 - Cannot read IP mode file for RealThread.X-CUBE-RT-Thread_Nano.4.1.1
2025-10-05 23:42:16,990 [WARN] PackLoader:240 - Cannot read IP mode file for STMicroelectronics.FP-ATR-SIGFOX1.3.2.0
2025-10-05 23:42:16,993 [WARN] PackLoader:240 - Cannot read IP mode file for ITTIA_DB.I-CUBE-ITTIADB.8.9.0
2025-10-05 23:42:16,996 [WARN] PackLoader:240 - Cannot read IP mode file for STMicroelectronics.X-CUBE-ST67W61.1.0.0
2025-10-05 23:42:16,999 [WARN] PackLoader:240 - Cannot read IP mode file for STMicroelectronics.X-CUBE-AI.10.2.0
2025-10-05 23:42:17,015 [WARN] PackLoader:240 - Cannot read IP mode file for SEGGER.I-CUBE-embOS.1.3.1
2025-10-05 23:42:17,043 [WARN] PackLoader:240 - Cannot read IP mode file for STMicroelectronics.X-CUBE-ALGOBUILD.1.4.0
2025-10-05 23:42:17,072 [WARN] PackLoader:240 - Cannot read IP mode file for STMicroelectronics.X-CUBE-MEMS1.11.3.0
2025-10-05 23:42:17,156 [WARN] PackLoader:240 - Cannot read IP mode file for STMicroelectronics.X-CUBE-PM33A1.1.0.0
2025-10-05 23:42:17,177 [WARN] PackLoader:240 - Cannot read IP mode file for STMicroelectronics.X-CUBE-AZRTOS-F4.1.1.0
2025-10-05 23:42:17,183 [WARN] PackLoader:240 - Cannot read IP mode file for Avnet-IotConnect.X-CUBE-IoTC-DA16k-PMOD.1.0.0
2025-10-05 23:42:17,186 [WARN] PackLoader:240 - Cannot read IP mode file for STMicroelectronics.X-CUBE-ISPU.2.1.0
2025-10-05 23:42:17,190 [WARN] PackLoader:240 - Cannot read IP mode file for STMicroelectronics.X-CUBE-NFC12.1.0.0
2025-10-05 23:42:17,203 [WARN] PackLoader:240 - Cannot read IP mode file for STMicroelectronics.X-CUBE-AZRTOS-L5.2.0.0
2025-10-05 23:42:17,210 [WARN] PackLoader:240 - Cannot read IP mode file for STMicroelectronics.X-CUBE-NFC6.3.1.0
2025-10-05 23:42:17,215 [WARN] PackLoader:240 - Cannot read IP mode file for STMicroelectronics.X-CUBE-FREERTOS.1.3.1
2025-10-05 23:42:17,217 [WARN] PackLoader:240 - Cannot read IP mode file for STMicroelectronics.X-CUBE-TOUCHGFX.4.26.0
2025-10-05 23:42:17,221 [WARN] PackLoader:240 - Cannot read IP mode file for STMicroelectronics.FP-SNS-STAIOTCFT.1.0.0
2025-10-05 23:42:17,225 [WARN] PackLoader:240 - Cannot read IP mode file for STMicroelectronics.X-CUBE-DPower.1.3.0
2025-10-05 23:42:17,238 [WARN] ConditionMgr:438 - getConditionDescription Invalid condition id : LAN8742 Phy interface Condition cause : null
2025-10-05 23:42:17,238 [WARN] PackLoader:240 - Cannot read IP mode file for STMicroelectronics.X-CUBE-AZRTOS-L4.2.0.0
2025-10-05 23:42:17,239 [WARN] ConditionMgr:1044 - genDependencies : Invalid condition id : LAN8742 Phy interface Condition cause : null
2025-10-05 23:42:17,240 [WARN] ConditionMgr:1044 - genDependencies : Invalid condition id : LAN8742 Phy interface Condition cause : null
2025-10-05 23:42:17,241 [WARN] ConditionMgr:1044 - genDependencies : Invalid condition id : LAN8742 Phy interface Condition cause : null
2025-10-05 23:42:17,246 [WARN] PackLoader:240 - Cannot read IP mode file for STMicroelectronics.X-CUBE-SFXS2LP1.4.0.0
2025-10-05 23:42:17,254 [WARN] PackLoader:240 - Cannot read IP mode file for STMicroelectronics.X-CUBE-BLEMGR.4.1.0
2025-10-05 23:42:17,272 [WARN] ConditionMgr:438 - getConditionDescription Invalid condition id : UX DEVICE CLASS RTOS Condition cause : null
2025-10-05 23:42:17,272 [WARN] ConditionMgr:438 - getConditionDescription Invalid condition id : UX DEVICE CLASS RTOS Condition cause : null
2025-10-05 23:42:17,274 [WARN] PackLoader:240 - Cannot read IP mode file for STMicroelectronics.X-CUBE-AZRTOS-WB.2.0.0
2025-10-05 23:42:17,275 [WARN] ConditionMgr:1044 - genDependencies : Invalid condition id : UX DEVICE CLASS RTOS Condition cause : null
2025-10-05 23:42:17,275 [WARN] ConditionMgr:1044 - genDependencies : Invalid condition id : UX DEVICE CLASS RTOS Condition cause : null
2025-10-05 23:42:17,276 [WARN] ConditionMgr:1044 - genDependencies : Invalid condition id : UX DEVICE CLASS RTOS Condition cause : null
2025-10-05 23:42:17,276 [WARN] ConditionMgr:1044 - genDependencies : Invalid condition id : UX DEVICE CLASS RTOS Condition cause : null
2025-10-05 23:42:17,276 [WARN] ConditionMgr:1044 - genDependencies : Invalid condition id : UX DEVICE CLASS RTOS Condition cause : null
2025-10-05 23:42:17,280 [WARN] PackLoader:240 - Cannot read IP mode file for STMicroelectronics.X-CUBE-GNSS1.7.0.1
2025-10-05 23:42:17,283 [WARN] PackLoader:240 - Cannot read IP mode file for STMicroelectronics.X-CUBE-TOUCHGFX.4.25.0
2025-10-05 23:42:17,285 [WARN] ConditionMgr:438 - getConditionDescription Invalid condition id : Cortex-A Device cause : null
2025-10-05 23:42:17,292 [WARN] ConditionMgr:1044 - genDependencies : Invalid condition id : Cortex-A Device cause : null
2025-10-05 23:42:17,293 [WARN] ConditionMgr:1044 - genDependencies : Invalid condition id : Cortex-A Device cause : null
2025-10-05 23:42:17,293 [WARN] ConditionMgr:1044 - genDependencies : Invalid condition id : Cortex-A Device cause : null
2025-10-05 23:42:17,304 [WARN] PackLoader:240 - Cannot read IP mode file for STMicroelectronics.X-CUBE-SUBG2.5.0.0
2025-10-05 23:42:17,318 [WARN] PackLoader:240 - Cannot read IP mode file for STMicroelectronics.X-CUBE-AZRTOS-H7RS.1.1.0
2025-10-05 23:42:17,321 [WARN] PackLoader:240 - Cannot read IP mode file for Cesanta.I-CUBE-Mongoose.7.13.0
2025-10-05 23:42:17,330 [WARN] PackLoader:240 - Cannot read IP mode file for STMicroelectronics.X-CUBE-AZRTOS-G4.2.0.0
2025-10-05 23:42:17,333 [WARN] PackLoader:240 - Cannot read IP mode file for wolfSSL.I-CUBE-wolfSSH.1.4.20
2025-10-05 23:42:17,335 [WARN] PackLoader:240 - Cannot read IP mode file for STMicroelectronics.X-CUBE-NFC7.2.0.0
2025-10-05 23:42:17,342 [WARN] PackLoader:240 - Cannot read IP mode file for STMicroelectronics.X-CUBE-IPS.3.1.0
2025-10-05 23:42:17,348 [WARN] PackLoader:240 - Cannot read IP mode file for STMicroelectronics.X-CUBE-ALS.1.0.2
2025-10-05 23:42:17,352 [WARN] PackLoader:240 - Cannot read IP mode file for STMicroelectronics.X-CUBE-STSE01.1.0.0
2025-10-05 23:42:17,356 [WARN] PackLoader:240 - Cannot read IP mode file for portGmbH.I-Cube-SoM-uGOAL.1.1.0
2025-10-05 23:42:17,363 [WARN] PackLoader:240 - Cannot read IP mode file for STMicroelectronics.X-CUBE-TOF1.3.4.3
2025-10-05 23:42:17,369 [INFO] ThirdParty:978 - Integrity check success = true
2025-10-05 23:42:17,370 [INFO] IntegrityCheckThread:100 - exiting critical section [integrity check]
2025-10-05 23:42:17,370 [INFO] IntegrityCheckThread:103 - End integrity checks thread
2025-10-05 23:50:22,341 [ERROR] LogOutputStream:75 - [STDERR_REDIRECT] 
